XT01-ALPHA-BETA-ON
XT01-02-[50, 10, 48, 10, 48, 32, 48, 10, 56, 32, 56, 10, 48, 32, 48, 32, 48, 32, 48, 32, 48, 32, 48, 32, 48, 32, 48, 10, 48, 32, 48, 32, 48, 32, 48, 32, 48, 32, 48, 32, 48, 32, 48, 10, 48, 32, 48, 32, 48, 32, 48, 32, 48, 32, 48, 32, 48, 32, 48, 10, 48, 32, 48, 32, 48, 32, 49, 32, 50, 32, 48, 32, 48, 32, 48, 10, 48, 32, 48, 32, 48, 32, 50, 32, 49, 32, 48, 32, 48, 32, 48, 10, 48, 32, 48, 32, 48, 32, 48, 32, 48, 32, 48, 32, 48, 32, 48, 10, 48, 32, 48, 32, 48, 32, 48, 32, 48, 32, 48, 32, 48, 32, 48, 10, 48, 32, 48, 32, 48, 32, 48, 32, 48, 32, 48, 32, 48, 32, 48]
XT01-03-PL-01
[MAP]
0 0 0 0 0 0 0 0 
0 0 0 0 0 0 0 0 
0 0 0 0 0'0 0 0 
0 0 0 1 2 0'0 0 
0 0 0'2 1 0 0 0 
0 0 0 0'0 0 0 0 
0 0 0 0 0 0 0 0 
0 0 0 0 0 0 0 0 
[END]
XT01-98-AM-214
XT01-05-PL-01-04-02-SF-00
XT01-PL-01-1620472817692
XT01-06-PL-01-04-02-SF-00
XT01-PL-02-1620472817855
[MAP]
0 0 0 0 0 0 0 0 
0 0 0 0 0 0 0 0 
0 0 0 0'1 0'0 0 
0 0 0 1 1 0 0 0 
0 0 0 2 1 0'0 0 
0 0 0 0 0 0 0 0 
0 0 0 0 0 0 0 0 
0 0 0 0 0 0 0 0 
[END]
XT01-06-PL-02-05-04-SF-00
[MAP]
0 0 0 0 0 0 0 0 
0 0 0 0 0 0 0 0 
0 0 0 0 1 0 0 0 
0 0 0 1 1 0 0 0 
0 0 0 2 2 2 0 0 
0 0 0'0'0'0'0'0 
0 0 0 0 0 0 0 0 
0 0 0 0 0 0 0 0 
[END]
XT01-98-AM-348
XT01-05-PL-01-03-05-SF-00
XT01-PL-01-1620472817976
XT01-06-PL-01-03-05-SF-00
XT01-PL-02-1620472818163
[MAP]
0 0 0 0 0 0 0 0 
0 0 0 0 0'0 0 0 
0 0 0'0'1 0 0 0 
0 0 0 1 1 0 0 0 
0 0 0'1 2 2 0 0 
0 0 0 1 0 0 0 0 
0 0 0'0 0 0 0 0 
0 0 0 0 0 0 0 0 
[END]
XT01-06-PL-02-03-02-SF-00
[MAP]
0 0 0 0 0 0 0 0 
0 0 0 0'0 0 0 0 
0 0 0'2 1 0'0 0 
0 0 0 1 2 0'0 0 
0 0 0 1 2 2 0'0 
0 0 0 1 0'0'0 0 
0 0 0 0 0 0 0 0 
0 0 0 0 0 0 0 0 
[END]
XT01-98-AM-1142
XT01-05-PL-01-06-04-SF-00
XT01-PL-01-1620472818340
XT01-06-PL-01-06-04-SF-00
XT01-PL-02-1620472818563
[MAP]
0 0 0 0 0 0 0 0 
0 0 0 0 0'0 0 0 
0 0 0 2 1 0'0 0 
0 0 0'1 2 0 0 0 
0 0 0 1 1 1 1 0 
0 0 0'1 0'0 0'0 
0 0 0 0'0 0 0 0 
0 0 0 0 0 0 0 0 
[END]
XT01-06-PL-02-03-06-SF-00
[MAP]
0 0 0 0 0 0 0 0 
0 0 0'0 0 0 0 0 
0 0 0'2 1 0 0 0 
0 0 0 2 2 0 0 0 
0 0 0'2 1 1 1 0 
0 0 0 2 0 0 0 0 
0 0 0'2 0 0 0 0 
0 0 0 0 0 0 0 0 
[END]
XT01-98-AM-1151
XT01-05-PL-01-02-04-SF-00
XT01-PL-01-1620472818731
XT01-06-PL-01-02-04-SF-00
XT01-PL-02-1620472818984
[MAP]
0 0 0 0 0 0 0 0 
0 0 0 0 0'0 0 0 
0 0 0 2 1 0'0 0 
0 0'0'1 2 0'0 0 
0 0 1 1 1 1 1 0 
0 0 0'2 0'0 0'0 
0 0 0 2 0 0 0 0 
0 0 0 0 0 0 0 0 
[END]
XT01-06-PL-02-01-03-SF-00
[MAP]
0 0 0 0 0 0 0 0 
0 0 0'0'0 0 0 0 
0 0 0'2 1 0'0 0 
0 2 0 1 2 0'0 0 
0 0'2 1 1 1 1 0 
0 0'0 2 0 0 0 0 
0 0 0'2 0 0 0 0 
0 0 0 0'0 0 0 0 
[END]
XT01-98-AM-3060
XT01-05-PL-01-03-07-SF-00
XT01-PL-01-1620472819219
XT01-06-PL-01-03-07-SF-00
XT01-PL-02-1620472819457
[MAP]
0 0 0 0 0 0 0 0 
0 0 0 0 0'0'0 0 
0 0 0 2 1 0'0 0 
0 2 0'1 2 0 0 0 
0 0 2 1 1 1 1 0'
0 0 0'1 0'0 0'0 
0 0 0 1 0'0 0 0 
0 0 0 1 0 0 0 0 
[END]
XT01-06-PL-02-07-04-SF-00
[MAP]
0 0 0 0 0 0 0 0 
0 0 0 0'0 0 0 0 
0'0 0'2 1 0 0 0 
0 2 0 1 2 0'0 0 
0 0 2 2 2 2 2 2 
0 0'0 1 0'0'0 0 
0 0 0 1 0 0 0 0 
0 0 0 1 0 0 0 0 
[END]
XT01-98-AM-1263
XT01-05-PL-01-04-05-SF-00
XT01-PL-01-1620472819599
XT01-06-PL-01-04-05-SF-00
XT01-PL-02-1620472819802
[MAP]
0 0 0 0 0 0 0 0 
0 0 0 0 0 0'0 0 
0 0 0 2 1 0'0 0 
0 2 0 1 1 0 0 0 
0 0 2 2 1 2 2 2 
0 0 0 1 1 0 0 0 
0 0 0 1 0'0'0 0 
0 0 0'1 0 0 0 0 
[END]
XT01-06-PL-02-05-01-SF-00
[MAP]
0 0 0 0 0 0 0 0 
0 0 0'0'0'2 0 0 
0'0 0'2 2 0 0 0 
0 2 0'2 1 0 0'0 
0 0'2 2 1 2 2 2 
0 0 0'1 1 0 0'0 
0 0 0 1 0 0 0 0 
0 0 0 1 0 0 0 0 
[END]
XT01-98-AM-2047
XT01-05-PL-01-00-02-SF-00
XT01-PL-01-1620472819962
XT01-06-PL-01-00-02-SF-00
XT01-PL-02-1620472820195
[MAP]
0 0 0 0 0 0 0 0 
0 0 0 0 0 2 0 0 
1 0 0 2 2 0'0 0 
0 1 0 2 1 0'0 0 
0 0'1 2 1 2 2 2 
0 0'0 1 1 0'0 0 
0 0 0 1 0'0'0 0 
0 0 0'1 0 0 0 0 
[END]
XT01-06-PL-02-01-05-SF-00
[MAP]
0 0 0 0 0 0 0 0 
0 0 0'0'0'2 0 0 
1 0 0'2 2 0 0 0 
0 1 0'2 1 0 0'0 
0 0'2 2 1 2 2 2 
0 2 0'1 1 0 0'0 
0 0 0 1 0 0 0 0 
0 0 0 1 0 0 0 0 
[END]
XT01-98-AM-1740
XT01-05-PL-01-03-01-SF-00
XT01-PL-01-1620472820348
XT01-06-PL-01-03-01-SF-00
XT01-PL-02-1620472820542
[MAP]
0 0 0'0 0 0 0 0 
0 0 0'1 0 2 0 0 
1 0 0'1 2 0 0 0 
0 1 0 1 1 0 0 0 
0 0 2 1 1 2 2 2 
0 2 0 1 1 0 0 0 
0 0 0 1 0'0 0 0 
0 0 0'1 0 0 0 0 
[END]
XT01-06-PL-02-02-07-SF-00
[MAP]
0 0 0 0 0 0 0'0 
0 0 0 1 0'2 0 0 
1 0 0 1 2 0'0 0 
0 1 0 1 1 0'0 0 
0 0'2 1 1 2 2 2 
0 2 0 1 2 0'0'0 
0'0 0 2 0'0'0 0 
0 0'2 1 0 0 0 0 
[END]
XT01-98-AM-1752
XT01-05-PL-01-06-00-SF-00
XT01-PL-01-1620472820694
XT01-06-PL-01-06-00-SF-00
XT01-PL-02-1620472820913
[MAP]
0 0 0 0'0 0 1 0 
0 0 0'1 0'1 0 0 
1 0 0 1 1 0 0 0 
0 1 0'1 1 0 0 0 
0 0 2 1 1 2 2 2 
0 2 0'1 2 0 0 0 
0 0 0 2 0'0 0 0 
0 0 2 1 0'0 0 0 
[END]
XT01-06-PL-02-03-00-SF-00
[MAP]
0 0 0'2 0 0 1 0 
0 0 0'2 0 1 0 0 
1 0 0'2 1 0 0 0 
0 1 0'2 1 0 0 0 
0 0'2 2 1 2 2 2 
0 2 0'2 2 0 0'0 
0'0 0'2 0'0 0 0 
0 0'2 1 0 0 0 0 
[END]
XT01-98-AM-1624
XT01-05-PL-01-02-05-SF-00
XT01-PL-01-1620472821055
XT01-06-PL-01-02-05-SF-00
XT01-PL-02-1620472821354
[MAP]
0 0 0 2 0 0 1 0 
0 0 0 2 0'1 0 0 
1 0 0 2 1 0'0 0 
0 1 0'2 1 0'0 0 
0 0'2 1 1 2 2 2 
0 2 1 2 2 0'0 0 
0 0 0'2 0 0 0 0 
0 0 2 1 0'0 0 0 
[END]
XT01-06-PL-02-04-07-SF-00
[MAP]
0 0 0'2 0 0 1 0 
0 0 0'2 0 1 0 0 
1 0 0'2 1 0 0 0 
0 1 0'2 1 0 0 0 
0 0'2 1 1 2 2 2 
0'2 1 2 2 0'0'0 
0'0 0'2 0'0'0 0 
0 0 2 2 2 0 0 0 
[END]
XT01-98-AM-1835
XT01-05-PL-01-02-02-SF-00
XT01-PL-01-1620472821505
XT01-06-PL-01-02-02-SF-00
XT01-PL-02-1620472821768
[MAP]
0 0 0 2 0 0 1 0 
0 0 0'2 0'1 0 0 
1 0 1 1 1 0 0 0 
0 1 0'1 1 0'0 0 
0'0'2 1 1 2 2 2 
0 2 1 2 2 0 0 0 
0 0 0'2 0 0 0 0 
0 0 2 2 2 0 0 0 
[END]
XT01-06-PL-02-00-04-SF-00
[MAP]
0 0 0'2 0 0 1 0 
0 0'0 2 0 1 0 0 
1 0'2 1 1 0 0 0 
0 2 0'1 1 0 0 0 
2 0'2 1 1 2 2 2 
0'2 1 2 2 0'0'0 
0'0 0'2 0'0'0 0 
0 0 2 2 2 0 0 0 
[END]
XT01-98-AM-2691
XT01-05-PL-01-01-04-SF-00
XT01-PL-01-1620472821933
XT01-06-PL-01-01-04-SF-00
XT01-PL-02-1620472822194
[MAP]
0 0 0 2 0 0 1 0 
0 0 0'2 0'1 0 0 
1 0 2 1 1 0'0 0 
0'2 0'1 1 0'0 0 
2 1 1 1 1 2 2 2 
0 2 1 2 2 0'0 0 
0 0 0 2 0 0 0 0 
0 0 2 2 2 0 0 0 
[END]
XT01-06-PL-02-04-01-SF-00
[MAP]
0 0 0 2 0 0'1 0 
0 0'0'2 2 1 0 0 
1 0'2 1 2 0'0 0 
0 2 0 1 2 0'0 0 
2 1 1 1 2 2 2 2 
0'2 1 2 2 0'0'0 
0'0'0 2 0'0'0 0 
0 0 2 2 2 0 0 0 
[END]
XT01-98-AM-4030
XT01-05-PL-01-05-02-SF-00
XT01-PL-01-1620472822385
XT01-06-PL-01-05-02-SF-00
XT01-PL-02-1620472822706
[MAP]
0 0 0 2 0 0 1 0 
0 0 0'2 2 1 0'0 
1 0 2 1 1 1 0'0 
0'2 0'1 1 0'0'0 
2 1 1 1 2 2 2 2 
0 2 1 2 2 0 0 0 
0 0 0 2 0 0 0 0 
0 0 2 2 2 0 0 0 
[END]
XT01-06-PL-02-02-03-SF-00
[MAP]
0 0 0'2 0'0'1 0 
0 0'0'2 2 1 0 0 
1 0'2 2 1 1 0 0 
0'2 2 1 1 0 0 0 
2 1 1 2 2 2 2 2 
0'2 1 2 2 0'0'0 
0'0'0 2 0'0 0 0 
0 0 2 2 2 0 0 0 
[END]
XT01-98-AM-5512
XT01-05-PL-01-04-06-SF-00
XT01-PL-01-1620472822916
XT01-06-PL-01-04-06-SF-00
XT01-PL-02-1620472823359
[MAP]
0 0 0 2 0 0 1 0 
0 0 0 2 2 1 0'0 
1 0 2 2 1 1 0'0 
0'2 2 1 1 0'0'0 
2 1 1 2 1 2 2 2 
0'2 1 1 1 0'0 0 
0 0'0'2 1 0'0 0 
0 0 2 2 2 0'0 0 
[END]
XT01-06-PL-02-05-05-SF-00
[MAP]
0 0 0'2 0'0'1 0 
0 0 0'2 2 1 0 0 
1 0'2 2 1 1 0 0 
0'2 2 2 1 0 0 0 
2 1 1 2 2 2 2 2 
0 2 2 2 2 2 0'0 
0'0'0'2 2 0 0 0 
0 0 2 2 2 0'0 0 
[END]
XT01-98-AM-3832
XT01-05-PL-01-05-07-SF-00
XT01-PL-01-1620472823586
XT01-06-PL-01-05-07-SF-00
XT01-PL-02-1620472823937
[MAP]
0 0 0 2 0 0 1 0 
0 0 0 2 2 1 0'0 
1 0 2 2 1 1 0'0 
0'2 2 2 1 0'0'0 
2 1 1 2 2 2 2 2 
0'2 2 1 2 2 0 0 
0 0 0'2 1 0'0 0 
0 0 2 2 2 1 0'0 
[END]
XT01-06-PL-02-06-07-SF-00
[MAP]
0 0 0'2 0'0'1 0 
0 0 0'2 2 1 0 0 
1 0'2 2 1 1 0 0 
0'2 2 2 1 0'0 0'
2 1 1 2 2 2 2 2 
0'2 2 1 2 2 0'0 
0'0'0'2 1 0 0 0 
0 0 2 2 2 2 2 0 
[END]
XT01-98-AM-5750
XT01-05-PL-01-05-03-SF-00
XT01-PL-01-1620472824145
XT01-06-PL-01-05-03-SF-00
XT01-PL-02-1620472824463
[MAP]
0 0 0 2 0 0'1 0 
0 0 0 2 2 1 0'0 
1 0 2 2 1 1 0'0 
0'2 2 2 1 1 0'0 
2 1 1 2 1 2 2 2 
0'2 2 1 2 2 0 0 
0 0 0 2 1 0'0 0 
0 0 2 2 2 2 2 0 
[END]
XT01-06-PL-02-05-00-SF-00
[MAP]
0 0 0'2 0'2 1 0 
0 0'0'2 2 2 0'0 
1 0'2 2 1 2 0'0 
0'2 2 2 1 2 0'0'
2 1 1 2 1 2 2 2 
0'2 2 1 2 2 0'0'
0'0'0'2 1 0 0'0 
0 0 2 2 2 2 2 0 
[END]
XT01-98-AM-3393
XT01-05-PL-01-04-00-SF-00
XT01-PL-01-1620472824630
XT01-06-PL-01-04-00-SF-00
XT01-PL-02-1620472824848
[MAP]
0 0 0 2 1 1 1 0'
0 0 0 2 1 2 0 0 
1 0 2 2 1 2 0 0 
0'2 2 2 1 2 0 0 
2 1 1 2 1 2 2 2 
0'2 2 1 2 2 0 0 
0 0 0'2 1 0'0 0 
0 0 2 2 2 2 2 0 
[END]
XT01-06-PL-02-07-00-SF-00
[MAP]
0 0 0'2 2 2 2 2 
0 0'0'2 1 2 0'0 
1 0'2 2 1 2 0'0 
0'2 2 2 1 2 0'0'
2 1 1 2 1 2 2 2 
0'2 2 1 2 2 0'0'
0'0'0'2 1 0 0'0 
0 0 2 2 2 2 2 0 
[END]
XT01-98-AM-4256
XT01-05-PL-01-00-03-SF-00
XT01-PL-01-1620472825021
XT01-06-PL-01-00-03-SF-00
XT01-PL-02-1620472825224
[MAP]
0 0 0 2 2 2 2 2 
0'0 0 2 1 2 0 0 
1 0'2 2 1 2 0 0 
1 1 1 1 1 2 0 0 
2 1 1 2 1 2 2 2 
0'2 2 1 2 2 0 0 
0 0 0'2 1 0'0 0 
0 0 2 2 2 2 2 0 
[END]
XT01-06-PL-02-00-01-SF-00
[MAP]
0 0 0'2 2 2 2 2 
2 0'0'2 1 2 0'0 
2 0'2 2 1 2 0'0 
2 1 1 1 1 2 0'0'
2 1 1 2 1 2 2 2 
0'2 2 1 2 2 0'0'
0'0'0'2 1 0'0'0 
0 0 2 2 2 2 2 0 
[END]
XT01-98-AM-3710
XT01-05-PL-01-02-06-SF-00
XT01-PL-01-1620472825387
XT01-06-PL-01-02-06-SF-00
XT01-PL-02-1620472825566
[MAP]
0 0 0 2 2 2 2 2 
2 0 0 2 1 2 0 0 
2 0'2 2 1 2 0 0 
2 1 1 1 1 2 0 0 
2 1 1 2 1 2 2 2 
0'2 1 1 2 2 0 0 
0 0'1 1 1 0 0 0 
0 0'2 2 2 2 2 0 
[END]
XT01-06-PL-02-01-07-SF-00
[MAP]
0 0 0'2 2 2 2 2 
2 0'0'2 1 2 0'0 
2 0'2 2 1 2 0'0 
2 1 1 1 1 2 0'0'
2 1 1 2 2 2 2 2 
0'2 1 2 2 2 0'0'
0'0'2 1 1 0'0'0 
0 2 2 2 2 2 2 0 
[END]
XT01-98-AM-4171
XT01-05-PL-01-01-06-SF-00
XT01-PL-01-1620472825736
XT01-06-PL-01-01-06-SF-00
XT01-PL-02-1620472825890
[MAP]
0 0 0 2 2 2 2 2 
2 0 0 2 1 2 0 0 
2 0'2 2 1 2 0 0 
2 1 1 1 1 2 0 0 
2 1 1 2 2 2 2 2 
0'1 1 2 2 2 0 0 
0'1 1 1 1 0 0 0 
0'2 2 2 2 2 2 0 
[END]
XT01-06-PL-02-00-07-SF-00
[MAP]
0 0 0'2 2 2 2 2 
2 0'0'2 1 2 0'0 
2 0'2 2 1 2 0'0 
2 1 1 1 1 2 0'0'
2 1 1 2 2 2 2 2 
0 1 2 2 2 2 0'0'
0'2 1 1 1 0'0'0 
2 2 2 2 2 2 2 0 
[END]
XT01-98-AM-4711
XT01-05-PL-01-00-06-SF-00
XT01-PL-01-1620472826064
XT01-06-PL-01-00-06-SF-00
XT01-PL-02-1620472826188
[MAP]
0 0 0 2 2 2 2 2 
2 0 0 2 1 2 0 0 
2 0'2 2 1 2 0 0 
2 1 1 1 1 2 0 0 
2 1 1 2 2 2 2 2 
0'1 2 2 2 2 0 0 
1 1 1 1 1 0 0 0 
2 2 2 2 2 2 2 0 
[END]
XT01-06-PL-02-00-05-SF-00
[MAP]
0 0 0'2 2 2 2 2 
2 0'0'2 1 2 0'0 
2 0'2 2 1 2 0'0 
2 1 2 1 1 2 0'0'
2 2 1 2 2 2 2 2 
2 2 2 2 2 2 0'0'
2 2 1 1 1 0 0'0 
2 2 2 2 2 2 2 0 
[END]
XT01-98-AM-1966
XT01-05-PL-01-02-00-SF-00
XT01-PL-01-1620472826318
XT01-06-PL-01-02-00-SF-00
XT01-PL-02-1620472826454
[MAP]
0 0'1 2 2 2 2 2 
2 0 0'1 1 2 0 0 
2 0'2 2 1 2 0 0 
2 1 2 1 1 2 0 0 
2 2 1 2 2 2 2 2 
2 2 2 2 2 2 0 0 
2 2 1 1 1 0'0 0 
2 2 2 2 2 2 2 0 
[END]
XT01-06-PL-02-01-00-SF-00
[MAP]
0 2 2 2 2 2 2 2 
2 0'0'1 1 2 0'0 
2 0'2 2 1 2 0'0 
2 1 2 1 1 2 0'0'
2 2 1 2 2 2 2 2 
2 2 2 2 2 2 0'0'
2 2 1 1 1 0 0'0 
2 2 2 2 2 2 2 0 
[END]
XT01-98-AM-760
XT01-05-PL-01-01-01-SF-00
XT01-PL-01-1620472826573
XT01-06-PL-01-01-01-SF-00
XT01-PL-02-1620472826693
[MAP]
0'2 2 2 2 2 2 2 
2 1 0'1 1 2 0 0 
2 0'1 2 1 2 0 0 
2 1 2 1 1 2 0 0 
2 2 1 2 2 2 2 2 
2 2 2 2 2 2 0 0 
2 2 1 1 1 0'0 0 
2 2 2 2 2 2 2 0 
[END]
XT01-06-PL-02-00-00-SF-00
[MAP]
2 2 2 2 2 2 2 2 
2 2 0'1 1 2 0'0 
2 0'2 2 1 2 0'0 
2 1 2 2 1 2 0'0'
2 2 1 2 2 2 2 2 
2 2 2 2 2 2 0'0'
2 2 1 1 1 0 0 0 
2 2 2 2 2 2 2 0 
[END]
XT01-98-AM-823
XT01-05-PL-01-06-05-SF-00
XT01-PL-01-1620472826811
XT01-06-PL-01-06-05-SF-00
XT01-PL-02-1620472826944
[MAP]
2 2 2 2 2 2 2 2 
2 2 0'1 1 2 0 0 
2 0'2 2 1 2 0 0 
2 1 2 2 1 2 0'0 
2 2 1 2 2 1 2 2 
2 2 2 2 2 2 1 0'
2 2 1 1 1 0'0'0'
2 2 2 2 2 2 2 0 
[END]
XT01-06-PL-02-05-06-SF-00
[MAP]
2 2 2 2 2 2 2 2 
2 2 0'1 1 2 0'0 
2 0'2 2 1 2 0'0 
2 1 2 2 1 2 0'0 
2 2 1 2 2 1 2 2 
2 2 2 2 2 2 2 0'
2 2 2 2 2 2 0 0'
2 2 2 2 2 2 2 0 
[END]
XT01-98-AM-323
XT01-05-PL-01-01-02-SF-00
XT01-PL-01-1620472827052
XT01-06-PL-01-01-02-SF-00
XT01-PL-02-1620472827159
[MAP]
2 2 2 2 2 2 2 2 
2 2 0'1 1 2 0 0 
2 1 1 1 1 2 0 0 
2 1 2 2 1 2 0'0 
2 2 1 2 2 1 2 2 
2 2 2 2 2 2 2 0 
2 2 2 2 2 2 0 0 
2 2 2 2 2 2 2 0 
[END]
XT01-06-PL-02-02-01-SF-00
[MAP]
2 2 2 2 2 2 2 2 
2 2 2 2 2 2 0 0 
2 2 2 2 1 2 0'0 
2 1 2 2 2 2 0'0 
2 2 1 2 2 2 2 2 
2 2 2 2 2 2 2 0'
2 2 2 2 2 2 0 0 
2 2 2 2 2 2 2 0 
[END]
XT01-98-AM-142
XT01-05-PL-01-06-03-SF-00
XT01-PL-01-1620472827264
XT01-06-PL-01-06-03-SF-00
XT01-PL-02-1620472827369
[MAP]
2 2 2 2 2 2 2 2 
2 2 2 2 2 2 0 0 
2 2 2 2 1 2 0'0'
2 1 1 1 1 1 1 0'
2 2 1 2 2 2 2 2 
2 2 2 2 2 2 2 0 
2 2 2 2 2 2 0 0 
2 2 2 2 2 2 2 0 
[END]
XT01-06-PL-02-07-03-SF-00
[MAP]
2 2 2 2 2 2 2 2 
2 2 2 2 2 2 0 0 
2 2 2 2 1 2 0'0 
2 2 2 2 2 2 2 2 
2 2 1 2 2 2 2 2 
2 2 2 2 2 2 2 0'
2 2 2 2 2 2 0 0 
2 2 2 2 2 2 2 0 
[END]
XT01-98-AM-33
XT01-05-PL-01-07-05-SF-00
XT01-PL-01-1620472827472
XT01-06-PL-01-07-05-SF-00
XT01-PL-02-1620472827576
[MAP]
2 2 2 2 2 2 2 2 
2 2 2 2 2 2 0 0 
2 2 2 2 1 2 0'0 
2 2 2 2 2 1 2 2 
2 2 1 2 2 2 1 2 
2 2 2 2 2 2 2 1 
2 2 2 2 2 2 0 0'
2 2 2 2 2 2 2 0 
[END]
XT01-06-PL-02-06-02-SF-00
[MAP]
2 2 2 2 2 2 2 2 
2 2 2 2 2 2 0'0 
2 2 2 2 1 2 2 0'
2 2 2 2 2 2 2 2 
2 2 1 2 2 2 1 2 
2 2 2 2 2 2 2 1 
2 2 2 2 2 2 0'0 
2 2 2 2 2 2 2 0 
[END]
XT01-98-AM-44
XT01-05-PL-01-07-02-SF-00
XT01-PL-01-1620472827678
XT01-06-PL-01-07-02-SF-00
XT01-PL-02-1620472827780
[MAP]
2 2 2 2 2 2 2 2 
2 2 2 2 2 2 0'0'
2 2 2 2 1 1 1 1 
2 2 2 2 2 2 2 1 
2 2 1 2 2 2 1 1 
2 2 2 2 2 2 2 1 
2 2 2 2 2 2 0 0 
2 2 2 2 2 2 2 0 
[END]
XT01-06-PL-02-06-01-SF-00
[MAP]
2 2 2 2 2 2 2 2 
2 2 2 2 2 2 2 0 
2 2 2 2 1 2 2 1 
2 2 2 2 2 2 2 1 
2 2 1 2 2 2 1 1 
2 2 2 2 2 2 2 1 
2 2 2 2 2 2 0'0 
2 2 2 2 2 2 2 0 
[END]
XT01-05-PL-01-06-06-SF-00
XT01-PL-01-1620472827886
XT01-06-PL-01-06-06-SF-00
XT01-PL-02-1620472827989
[MAP]
2 2 2 2 2 2 2 2 
2 2 2 2 2 2 2 0 
2 2 2 2 1 2 2 1 
2 2 2 2 2 2 2 1 
2 2 1 2 2 2 1 1 
2 2 2 2 2 2 1 1 
2 2 2 2 2 2 1 0'
2 2 2 2 2 2 2 0'
[END]
XT01-06-PL-02-07-06-SF-00
[MAP]
2 2 2 2 2 2 2 2 
2 2 2 2 2 2 2 0 
2 2 2 2 1 2 2 1 
2 2 2 2 2 2 2 1 
2 2 1 2 2 2 1 1 
2 2 2 2 2 2 2 1 
2 2 2 2 2 2 2 2 
2 2 2 2 2 2 2 0'
[END]
XT01-05-PL-01-07-07-SF-00
XT01-PL-01-1620472828093
XT01-06-PL-01-07-07-SF-00
XT01-08
XT01-09
[MAP]
2 2 2 2 2 2 2 2 
2 2 2 2 2 2 2 0 
2 2 2 2 1 2 2 1 
2 2 2 2 2 2 2 1 
2 2 1 2 2 2 1 1 
2 2 2 2 2 2 2 1 
2 2 2 2 2 2 2 1 
2 2 2 2 2 2 2 1 
[END]