XT01-ALPHA-BETA-OFF
XT01-02-[50, 10, 48, 10, 48, 32, 48, 10, 56, 32, 56, 10, 48, 32, 48, 32, 48, 32, 48, 32, 48, 32, 48, 32, 48, 32, 48, 10, 48, 32, 48, 32, 48, 32, 48, 32, 48, 32, 48, 32, 48, 32, 48, 10, 48, 32, 48, 32, 48, 32, 48, 32, 48, 32, 48, 32, 48, 32, 48, 10, 48, 32, 48, 32, 48, 32, 49, 32, 50, 32, 48, 32, 48, 32, 48, 10, 48, 32, 48, 32, 48, 32, 50, 32, 49, 32, 48, 32, 48, 32, 48, 10, 48, 32, 48, 32, 48, 32, 48, 32, 48, 32, 48, 32, 48, 32, 48, 10, 48, 32, 48, 32, 48, 32, 48, 32, 48, 32, 48, 32, 48, 32, 48, 10, 48, 32, 48, 32, 48, 32, 48, 32, 48, 32, 48, 32, 48, 32, 48]
XT01-03-PL-02
XT01-PL-01-1620472817682
[MAP]
0 0 0 0 0 0 0 0 
0 0 0 0 0 0 0 0 
0 0 0 0 0'0 0 0 
0 0 0 1 2 0'0 0 
0 0 0'2 1 0 0 0 
0 0 0 0'0 0 0 0 
0 0 0 0 0 0 0 0 
0 0 0 0 0 0 0 0 
[END]
XT01-06-PL-01-04-02-SF-00
[MAP]
0 0 0 0 0 0 0 0 
0 0 0 0 0 0 0 0 
0 0 0 0'1 0'0 0 
0 0 0 1 1 0 0 0 
0 0 0 2 1 0'0 0 
0 0 0 0 0 0 0 0 
0 0 0 0 0 0 0 0 
0 0 0 0 0 0 0 0 
[END]
XT01-98-AM-427
XT01-05-PL-02-05-04-SF-00
XT01-PL-02-1620472817856
XT01-06-PL-02-05-04-SF-00
XT01-PL-01-1620472817976
[MAP]
0 0 0 0 0 0 0 0 
0 0 0 0 0 0 0 0 
0 0 0 0 1 0 0 0 
0 0 0 1 1 0 0 0 
0 0 0 2 2 2 0 0 
0 0 0'0'0'0'0'0 
0 0 0 0 0 0 0 0 
0 0 0 0 0 0 0 0 
[END]
XT01-06-PL-01-03-05-SF-00
[MAP]
0 0 0 0 0 0 0 0 
0 0 0 0 0'0 0 0 
0 0 0'0'1 0 0 0 
0 0 0 1 1 0 0 0 
0 0 0'1 2 2 0 0 
0 0 0 1 0 0 0 0 
0 0 0'0 0 0 0 0 
0 0 0 0 0 0 0 0 
[END]
XT01-98-AM-1428
XT01-05-PL-02-03-02-SF-00
XT01-PL-02-1620472818163
XT01-06-PL-02-03-02-SF-00
XT01-PL-01-1620472818339
[MAP]
0 0 0 0 0 0 0 0 
0 0 0 0'0 0 0 0 
0 0 0'2 1 0'0 0 
0 0 0 1 2 0'0 0 
0 0 0 1 2 2 0'0 
0 0 0 1 0'0'0 0 
0 0 0 0 0 0 0 0 
0 0 0 0 0 0 0 0 
[END]
XT01-06-PL-01-06-04-SF-00
[MAP]
0 0 0 0 0 0 0 0 
0 0 0 0 0'0 0 0 
0 0 0 2 1 0'0 0 
0 0 0'1 2 0 0 0 
0 0 0 1 1 1 1 0 
0 0 0'1 0'0 0'0 
0 0 0 0'0 0 0 0 
0 0 0 0 0 0 0 0 
[END]
XT01-98-AM-2368
XT01-05-PL-02-03-06-SF-00
XT01-PL-02-1620472818563
XT01-06-PL-02-03-06-SF-00
XT01-PL-01-1620472818731
[MAP]
0 0 0 0 0 0 0 0 
0 0 0'0 0 0 0 0 
0 0 0'2 1 0 0 0 
0 0 0 2 2 0 0 0 
0 0 0'2 1 1 1 0 
0 0 0 2 0 0 0 0 
0 0 0'2 0 0 0 0 
0 0 0 0 0 0 0 0 
[END]
XT01-06-PL-01-02-04-SF-00
[MAP]
0 0 0 0 0 0 0 0 
0 0 0 0 0'0 0 0 
0 0 0 2 1 0'0 0 
0 0'0'1 2 0'0 0 
0 0 1 1 1 1 1 0 
0 0 0'2 0'0 0'0 
0 0 0 2 0 0 0 0 
0 0 0 0 0 0 0 0 
[END]
XT01-98-AM-5570
XT01-05-PL-02-01-03-SF-00
XT01-PL-02-1620472818984
XT01-06-PL-02-01-03-SF-00
XT01-PL-01-1620472819219
[MAP]
0 0 0 0 0 0 0 0 
0 0 0'0'0 0 0 0 
0 0 0'2 1 0'0 0 
0 2 0 1 2 0'0 0 
0 0'2 1 1 1 1 0 
0 0'0 2 0 0 0 0 
0 0 0'2 0 0 0 0 
0 0 0 0'0 0 0 0 
[END]
XT01-06-PL-01-03-07-SF-00
[MAP]
0 0 0 0 0 0 0 0 
0 0 0 0 0'0'0 0 
0 0 0 2 1 0'0 0 
0 2 0'1 2 0 0 0 
0 0 2 1 1 1 1 0'
0 0 0'1 0'0 0'0 
0 0 0 1 0'0 0 0 
0 0 0 1 0 0 0 0 
[END]
XT01-98-AM-5962
XT01-05-PL-02-07-04-SF-00
XT01-PL-02-1620472819458
XT01-06-PL-02-07-04-SF-00
XT01-PL-01-1620472819598
[MAP]
0 0 0 0 0 0 0 0 
0 0 0 0'0 0 0 0 
0'0 0'2 1 0 0 0 
0 2 0 1 2 0'0 0 
0 0 2 2 2 2 2 2 
0 0'0 1 0'0'0 0 
0 0 0 1 0 0 0 0 
0 0 0 1 0 0 0 0 
[END]
XT01-06-PL-01-04-05-SF-00
[MAP]
0 0 0 0 0 0 0 0 
0 0 0 0 0 0'0 0 
0 0 0 2 1 0'0 0 
0 2 0 1 1 0 0 0 
0 0 2 2 1 2 2 2 
0 0 0 1 1 0 0 0 
0 0 0 1 0'0'0 0 
0 0 0'1 0 0 0 0 
[END]
XT01-98-AM-4410
XT01-05-PL-02-05-01-SF-00
XT01-PL-02-1620472819803
XT01-06-PL-02-05-01-SF-00
XT01-PL-01-1620472819961
[MAP]
0 0 0 0 0 0 0 0 
0 0 0'0'0'2 0 0 
0'0 0'2 2 0 0 0 
0 2 0'2 1 0 0'0 
0 0'2 2 1 2 2 2 
0 0 0'1 1 0 0'0 
0 0 0 1 0 0 0 0 
0 0 0 1 0 0 0 0 
[END]
XT01-06-PL-01-00-02-SF-00
[MAP]
0 0 0 0 0 0 0 0 
0 0 0 0 0 2 0 0 
1 0 0 2 2 0'0 0 
0 1 0 2 1 0'0 0 
0 0'1 2 1 2 2 2 
0 0'0 1 1 0'0 0 
0 0 0 1 0'0'0 0 
0 0 0'1 0 0 0 0 
[END]
XT01-98-AM-5719
XT01-05-PL-02-01-05-SF-00
XT01-PL-02-1620472820195
XT01-06-PL-02-01-05-SF-00
XT01-PL-01-1620472820348
[MAP]
0 0 0 0 0 0 0 0 
0 0 0'0'0'2 0 0 
1 0 0'2 2 0 0 0 
0 1 0'2 1 0 0'0 
0 0'2 2 1 2 2 2 
0 2 0'1 1 0 0'0 
0 0 0 1 0 0 0 0 
0 0 0 1 0 0 0 0 
[END]
XT01-06-PL-01-03-01-SF-00
[MAP]
0 0 0'0 0 0 0 0 
0 0 0'1 0 2 0 0 
1 0 0'1 2 0 0 0 
0 1 0 1 1 0 0 0 
0 0 2 1 1 2 2 2 
0 2 0 1 1 0 0 0 
0 0 0 1 0'0 0 0 
0 0 0'1 0 0 0 0 
[END]
XT01-98-AM-3883
XT01-05-PL-02-02-07-SF-00
XT01-PL-02-1620472820543
XT01-06-PL-02-02-07-SF-00
XT01-PL-01-1620472820693
[MAP]
0 0 0 0 0 0 0'0 
0 0 0 1 0'2 0 0 
1 0 0 1 2 0'0 0 
0 1 0 1 1 0'0 0 
0 0'2 1 1 2 2 2 
0 2 0 1 2 0'0'0 
0'0 0 2 0'0'0 0 
0 0'2 1 0 0 0 0 
[END]
XT01-06-PL-01-06-00-SF-00
[MAP]
0 0 0 0'0 0 1 0 
0 0 0'1 0'1 0 0 
1 0 0 1 1 0 0 0 
0 1 0'1 1 0 0 0 
0 0 2 1 1 2 2 2 
0 2 0'1 2 0 0 0 
0 0 0 2 0'0 0 0 
0 0 2 1 0'0 0 0 
[END]
XT01-98-AM-4938
XT01-05-PL-02-03-00-SF-00
XT01-PL-02-1620472820913
XT01-06-PL-02-03-00-SF-00
XT01-PL-01-1620472821055
[MAP]
0 0 0'2 0 0 1 0 
0 0 0'2 0 1 0 0 
1 0 0'2 1 0 0 0 
0 1 0'2 1 0 0 0 
0 0'2 2 1 2 2 2 
0 2 0'2 2 0 0'0 
0'0 0'2 0'0 0 0 
0 0'2 1 0 0 0 0 
[END]
XT01-06-PL-01-02-05-SF-00
[MAP]
0 0 0 2 0 0 1 0 
0 0 0 2 0'1 0 0 
1 0 0 2 1 0'0 0 
0 1 0'2 1 0'0 0 
0 0'2 1 1 2 2 2 
0 2 1 2 2 0'0 0 
0 0 0'2 0 0 0 0 
0 0 2 1 0'0 0 0 
[END]
XT01-98-AM-9453
XT01-05-PL-02-04-07-SF-00
XT01-PL-02-1620472821355
XT01-06-PL-02-04-07-SF-00
XT01-PL-01-1620472821505
[MAP]
0 0 0'2 0 0 1 0 
0 0 0'2 0 1 0 0 
1 0 0'2 1 0 0 0 
0 1 0'2 1 0 0 0 
0 0'2 1 1 2 2 2 
0'2 1 2 2 0'0'0 
0'0 0'2 0'0'0 0 
0 0 2 2 2 0 0 0 
[END]
XT01-06-PL-01-02-02-SF-00
[MAP]
0 0 0 2 0 0 1 0 
0 0 0'2 0'1 0 0 
1 0 1 1 1 0 0 0 
0 1 0'1 1 0'0 0 
0'0'2 1 1 2 2 2 
0 2 1 2 2 0 0 0 
0 0 0'2 0 0 0 0 
0 0 2 2 2 0 0 0 
[END]
XT01-98-AM-7982
XT01-05-PL-02-00-04-SF-00
XT01-PL-02-1620472821768
XT01-06-PL-02-00-04-SF-00
XT01-PL-01-1620472821933
[MAP]
0 0 0'2 0 0 1 0 
0 0'0 2 0 1 0 0 
1 0'2 1 1 0 0 0 
0 2 0'1 1 0 0 0 
2 0'2 1 1 2 2 2 
0'2 1 2 2 0'0'0 
0'0 0'2 0'0'0 0 
0 0 2 2 2 0 0 0 
[END]
XT01-06-PL-01-01-04-SF-00
[MAP]
0 0 0 2 0 0 1 0 
0 0 0'2 0'1 0 0 
1 0 2 1 1 0'0 0 
0'2 0'1 1 0'0 0 
2 1 1 1 1 2 2 2 
0 2 1 2 2 0'0 0 
0 0 0 2 0 0 0 0 
0 0 2 2 2 0 0 0 
[END]
XT01-98-AM-7895
XT01-05-PL-02-04-01-SF-00
XT01-PL-02-1620472822195
XT01-06-PL-02-04-01-SF-00
XT01-PL-01-1620472822385
[MAP]
0 0 0 2 0 0'1 0 
0 0'0'2 2 1 0 0 
1 0'2 1 2 0'0 0 
0 2 0 1 2 0'0 0 
2 1 1 1 2 2 2 2 
0'2 1 2 2 0'0'0 
0'0'0 2 0'0'0 0 
0 0 2 2 2 0 0 0 
[END]
XT01-06-PL-01-05-02-SF-00
[MAP]
0 0 0 2 0 0 1 0 
0 0 0'2 2 1 0'0 
1 0 2 1 1 1 0'0 
0'2 0'1 1 0'0'0 
2 1 1 1 2 2 2 2 
0 2 1 2 2 0 0 0 
0 0 0 2 0 0 0 0 
0 0 2 2 2 0 0 0 
[END]
XT01-98-AM-11362
XT01-05-PL-02-02-03-SF-00
XT01-PL-02-1620472822706
XT01-06-PL-02-02-03-SF-00
XT01-PL-01-1620472822916
[MAP]
0 0 0'2 0'0'1 0 
0 0'0'2 2 1 0 0 
1 0'2 2 1 1 0 0 
0'2 2 1 1 0 0 0 
2 1 1 2 2 2 2 2 
0'2 1 2 2 0'0'0 
0'0'0 2 0'0 0 0 
0 0 2 2 2 0 0 0 
[END]
XT01-06-PL-01-04-06-SF-00
[MAP]
0 0 0 2 0 0 1 0 
0 0 0 2 2 1 0'0 
1 0 2 2 1 1 0'0 
0'2 2 1 1 0'0'0 
2 1 1 2 1 2 2 2 
0'2 1 1 1 0'0 0 
0 0'0'2 1 0'0 0 
0 0 2 2 2 0'0 0 
[END]
XT01-98-AM-19589
XT01-05-PL-02-05-05-SF-00
XT01-PL-02-1620472823359
XT01-06-PL-02-05-05-SF-00
XT01-PL-01-1620472823585
[MAP]
0 0 0'2 0'0'1 0 
0 0 0'2 2 1 0 0 
1 0'2 2 1 1 0 0 
0'2 2 2 1 0 0 0 
2 1 1 2 2 2 2 2 
0 2 2 2 2 2 0'0 
0'0'0'2 2 0 0 0 
0 0 2 2 2 0'0 0 
[END]
XT01-06-PL-01-05-07-SF-00
[MAP]
0 0 0 2 0 0 1 0 
0 0 0 2 2 1 0'0 
1 0 2 2 1 1 0'0 
0'2 2 2 1 0'0'0 
2 1 1 2 2 2 2 2 
0'2 2 1 2 2 0 0 
0 0 0'2 1 0'0 0 
0 0 2 2 2 1 0'0 
[END]
XT01-98-AM-15217
XT01-05-PL-02-06-07-SF-00
XT01-PL-02-1620472823937
XT01-06-PL-02-06-07-SF-00
XT01-PL-01-1620472824145
[MAP]
0 0 0'2 0'0'1 0 
0 0 0'2 2 1 0 0 
1 0'2 2 1 1 0 0 
0'2 2 2 1 0'0 0'
2 1 1 2 2 2 2 2 
0'2 2 1 2 2 0'0 
0'0'0'2 1 0 0 0 
0 0 2 2 2 2 2 0 
[END]
XT01-06-PL-01-05-03-SF-00
[MAP]
0 0 0 2 0 0'1 0 
0 0 0 2 2 1 0'0 
1 0 2 2 1 1 0'0 
0'2 2 2 1 1 0'0 
2 1 1 2 1 2 2 2 
0'2 2 1 2 2 0 0 
0 0 0 2 1 0'0 0 
0 0 2 2 2 2 2 0 
[END]
XT01-98-AM-12937
XT01-05-PL-02-05-00-SF-00
XT01-PL-02-1620472824463
XT01-06-PL-02-05-00-SF-00
XT01-PL-01-1620472824630
[MAP]
0 0 0'2 0'2 1 0 
0 0'0'2 2 2 0'0 
1 0'2 2 1 2 0'0 
0'2 2 2 1 2 0'0'
2 1 1 2 1 2 2 2 
0'2 2 1 2 2 0'0'
0'0'0'2 1 0 0'0 
0 0 2 2 2 2 2 0 
[END]
XT01-06-PL-01-04-00-SF-00
[MAP]
0 0 0 2 1 1 1 0'
0 0 0 2 1 2 0 0 
1 0 2 2 1 2 0 0 
0'2 2 2 1 2 0 0 
2 1 1 2 1 2 2 2 
0'2 2 1 2 2 0 0 
0 0 0'2 1 0'0 0 
0 0 2 2 2 2 2 0 
[END]
XT01-98-AM-6893
XT01-05-PL-02-07-00-SF-00
XT01-PL-02-1620472824848
XT01-06-PL-02-07-00-SF-00
XT01-PL-01-1620472825021
[MAP]
0 0 0'2 2 2 2 2 
0 0'0'2 1 2 0'0 
1 0'2 2 1 2 0'0 
0'2 2 2 1 2 0'0'
2 1 1 2 1 2 2 2 
0'2 2 1 2 2 0'0'
0'0'0'2 1 0 0'0 
0 0 2 2 2 2 2 0 
[END]
XT01-06-PL-01-00-03-SF-00
[MAP]
0 0 0 2 2 2 2 2 
0'0 0 2 1 2 0 0 
1 0'2 2 1 2 0 0 
1 1 1 1 1 2 0 0 
2 1 1 2 1 2 2 2 
0'2 2 1 2 2 0 0 
0 0 0'2 1 0'0 0 
0 0 2 2 2 2 2 0 
[END]
XT01-98-AM-6215
XT01-05-PL-02-00-01-SF-00
XT01-PL-02-1620472825224
XT01-06-PL-02-00-01-SF-00
XT01-PL-01-1620472825387
[MAP]
0 0 0'2 2 2 2 2 
2 0'0'2 1 2 0'0 
2 0'2 2 1 2 0'0 
2 1 1 1 1 2 0'0'
2 1 1 2 1 2 2 2 
0'2 2 1 2 2 0'0'
0'0'0'2 1 0'0'0 
0 0 2 2 2 2 2 0 
[END]
XT01-06-PL-01-02-06-SF-00
[MAP]
0 0 0 2 2 2 2 2 
2 0 0 2 1 2 0 0 
2 0'2 2 1 2 0 0 
2 1 1 1 1 2 0 0 
2 1 1 2 1 2 2 2 
0'2 1 1 2 2 0 0 
0 0'1 1 1 0 0 0 
0 0'2 2 2 2 2 0 
[END]
XT01-98-AM-4539
XT01-05-PL-02-01-07-SF-00
XT01-PL-02-1620472825566
XT01-06-PL-02-01-07-SF-00
XT01-PL-01-1620472825736
[MAP]
0 0 0'2 2 2 2 2 
2 0'0'2 1 2 0'0 
2 0'2 2 1 2 0'0 
2 1 1 1 1 2 0'0'
2 1 1 2 2 2 2 2 
0'2 1 2 2 2 0'0'
0'0'2 1 1 0'0'0 
0 2 2 2 2 2 2 0 
[END]
XT01-06-PL-01-01-06-SF-00
[MAP]
0 0 0 2 2 2 2 2 
2 0 0 2 1 2 0 0 
2 0'2 2 1 2 0 0 
2 1 1 1 1 2 0 0 
2 1 1 2 2 2 2 2 
0'1 1 2 2 2 0 0 
0'1 1 1 1 0 0 0 
0'2 2 2 2 2 2 0 
[END]
XT01-98-AM-3077
XT01-05-PL-02-00-07-SF-00
XT01-PL-02-1620472825890
XT01-06-PL-02-00-07-SF-00
XT01-PL-01-1620472826064
[MAP]
0 0 0'2 2 2 2 2 
2 0'0'2 1 2 0'0 
2 0'2 2 1 2 0'0 
2 1 1 1 1 2 0'0'
2 1 1 2 2 2 2 2 
0 1 2 2 2 2 0'0'
0'2 1 1 1 0'0'0 
2 2 2 2 2 2 2 0 
[END]
XT01-06-PL-01-00-06-SF-00
[MAP]
0 0 0 2 2 2 2 2 
2 0 0 2 1 2 0 0 
2 0'2 2 1 2 0 0 
2 1 1 1 1 2 0 0 
2 1 1 2 2 2 2 2 
0'1 2 2 2 2 0 0 
1 1 1 1 1 0 0 0 
2 2 2 2 2 2 2 0 
[END]
XT01-98-AM-1303
XT01-05-PL-02-00-05-SF-00
XT01-PL-02-1620472826188
XT01-06-PL-02-00-05-SF-00
XT01-PL-01-1620472826318
[MAP]
0 0 0'2 2 2 2 2 
2 0'0'2 1 2 0'0 
2 0'2 2 1 2 0'0 
2 1 2 1 1 2 0'0'
2 2 1 2 2 2 2 2 
2 2 2 2 2 2 0'0'
2 2 1 1 1 0 0'0 
2 2 2 2 2 2 2 0 
[END]
XT01-06-PL-01-02-00-SF-00
[MAP]
0 0'1 2 2 2 2 2 
2 0 0'1 1 2 0 0 
2 0'2 2 1 2 0 0 
2 1 2 1 1 2 0 0 
2 2 1 2 2 2 2 2 
2 2 2 2 2 2 0 0 
2 2 1 1 1 0'0 0 
2 2 2 2 2 2 2 0 
[END]
XT01-98-AM-2097
XT01-05-PL-02-01-00-SF-00
XT01-PL-02-1620472826454
XT01-06-PL-02-01-00-SF-00
XT01-PL-01-1620472826572
[MAP]
0 2 2 2 2 2 2 2 
2 0'0'1 1 2 0'0 
2 0'2 2 1 2 0'0 
2 1 2 1 1 2 0'0'
2 2 1 2 2 2 2 2 
2 2 2 2 2 2 0'0'
2 2 1 1 1 0 0'0 
2 2 2 2 2 2 2 0 
[END]
XT01-06-PL-01-01-01-SF-00
[MAP]
0'2 2 2 2 2 2 2 
2 1 0'1 1 2 0 0 
2 0'1 2 1 2 0 0 
2 1 2 1 1 2 0 0 
2 2 1 2 2 2 2 2 
2 2 2 2 2 2 0 0 
2 2 1 1 1 0'0 0 
2 2 2 2 2 2 2 0 
[END]
XT01-98-AM-1492
XT01-05-PL-02-00-00-SF-00
XT01-PL-02-1620472826693
XT01-06-PL-02-00-00-SF-00
XT01-PL-01-1620472826811
[MAP]
2 2 2 2 2 2 2 2 
2 2 0'1 1 2 0'0 
2 0'2 2 1 2 0'0 
2 1 2 2 1 2 0'0'
2 2 1 2 2 2 2 2 
2 2 2 2 2 2 0'0'
2 2 1 1 1 0 0 0 
2 2 2 2 2 2 2 0 
[END]
XT01-06-PL-01-06-05-SF-00
[MAP]
2 2 2 2 2 2 2 2 
2 2 0'1 1 2 0 0 
2 0'2 2 1 2 0 0 
2 1 2 2 1 2 0'0 
2 2 1 2 2 1 2 2 
2 2 2 2 2 2 1 0'
2 2 1 1 1 0'0'0'
2 2 2 2 2 2 2 0 
[END]
XT01-98-AM-2238
XT01-05-PL-02-05-06-SF-00
XT01-PL-02-1620472826944
XT01-06-PL-02-05-06-SF-00
XT01-PL-01-1620472827052
[MAP]
2 2 2 2 2 2 2 2 
2 2 0'1 1 2 0'0 
2 0'2 2 1 2 0'0 
2 1 2 2 1 2 0'0 
2 2 1 2 2 1 2 2 
2 2 2 2 2 2 2 0'
2 2 2 2 2 2 0 0'
2 2 2 2 2 2 2 0 
[END]
XT01-06-PL-01-01-02-SF-00
[MAP]
2 2 2 2 2 2 2 2 
2 2 0'1 1 2 0 0 
2 1 1 1 1 2 0 0 
2 1 2 2 1 2 0'0 
2 2 1 2 2 1 2 2 
2 2 2 2 2 2 2 0 
2 2 2 2 2 2 0 0 
2 2 2 2 2 2 2 0 
[END]
XT01-98-AM-183
XT01-05-PL-02-02-01-SF-00
XT01-PL-02-1620472827159
XT01-06-PL-02-02-01-SF-00
XT01-PL-01-1620472827263
[MAP]
2 2 2 2 2 2 2 2 
2 2 2 2 2 2 0 0 
2 2 2 2 1 2 0'0 
2 1 2 2 2 2 0'0 
2 2 1 2 2 2 2 2 
2 2 2 2 2 2 2 0'
2 2 2 2 2 2 0 0 
2 2 2 2 2 2 2 0 
[END]
XT01-06-PL-01-06-03-SF-00
[MAP]
2 2 2 2 2 2 2 2 
2 2 2 2 2 2 0 0 
2 2 2 2 1 2 0'0'
2 1 1 1 1 1 1 0'
2 2 1 2 2 2 2 2 
2 2 2 2 2 2 2 0 
2 2 2 2 2 2 0 0 
2 2 2 2 2 2 2 0 
[END]
XT01-98-AM-189
XT01-05-PL-02-07-03-SF-00
XT01-PL-02-1620472827369
XT01-06-PL-02-07-03-SF-00
XT01-PL-01-1620472827472
[MAP]
2 2 2 2 2 2 2 2 
2 2 2 2 2 2 0 0 
2 2 2 2 1 2 0'0 
2 2 2 2 2 2 2 2 
2 2 1 2 2 2 2 2 
2 2 2 2 2 2 2 0'
2 2 2 2 2 2 0 0 
2 2 2 2 2 2 2 0 
[END]
XT01-06-PL-01-07-05-SF-00
[MAP]
2 2 2 2 2 2 2 2 
2 2 2 2 2 2 0 0 
2 2 2 2 1 2 0'0 
2 2 2 2 2 1 2 2 
2 2 1 2 2 2 1 2 
2 2 2 2 2 2 2 1 
2 2 2 2 2 2 0 0'
2 2 2 2 2 2 2 0 
[END]
XT01-98-AM-42
XT01-05-PL-02-06-02-SF-00
XT01-PL-02-1620472827576
XT01-06-PL-02-06-02-SF-00
XT01-PL-01-1620472827678
[MAP]
2 2 2 2 2 2 2 2 
2 2 2 2 2 2 0'0 
2 2 2 2 1 2 2 0'
2 2 2 2 2 2 2 2 
2 2 1 2 2 2 1 2 
2 2 2 2 2 2 2 1 
2 2 2 2 2 2 0'0 
2 2 2 2 2 2 2 0 
[END]
XT01-06-PL-01-07-02-SF-00
[MAP]
2 2 2 2 2 2 2 2 
2 2 2 2 2 2 0'0'
2 2 2 2 1 1 1 1 
2 2 2 2 2 2 2 1 
2 2 1 2 2 2 1 1 
2 2 2 2 2 2 2 1 
2 2 2 2 2 2 0 0 
2 2 2 2 2 2 2 0 
[END]
XT01-98-AM-18
XT01-05-PL-02-06-01-SF-00
XT01-PL-02-1620472827780
XT01-06-PL-02-06-01-SF-00
XT01-PL-01-1620472827886
[MAP]
2 2 2 2 2 2 2 2 
2 2 2 2 2 2 2 0 
2 2 2 2 1 2 2 1 
2 2 2 2 2 2 2 1 
2 2 1 2 2 2 1 1 
2 2 2 2 2 2 2 1 
2 2 2 2 2 2 0'0 
2 2 2 2 2 2 2 0 
[END]
XT01-06-PL-01-06-06-SF-00
[MAP]
2 2 2 2 2 2 2 2 
2 2 2 2 2 2 2 0 
2 2 2 2 1 2 2 1 
2 2 2 2 2 2 2 1 
2 2 1 2 2 2 1 1 
2 2 2 2 2 2 1 1 
2 2 2 2 2 2 1 0'
2 2 2 2 2 2 2 0'
[END]
XT01-98-AM-5
XT01-05-PL-02-07-06-SF-00
XT01-PL-02-1620472827989
XT01-06-PL-02-07-06-SF-00
XT01-PL-01-1620472828093
[MAP]
2 2 2 2 2 2 2 2 
2 2 2 2 2 2 2 0 
2 2 2 2 1 2 2 1 
2 2 2 2 2 2 2 1 
2 2 1 2 2 2 1 1 
2 2 2 2 2 2 2 1 
2 2 2 2 2 2 2 2 
2 2 2 2 2 2 2 0'
[END]
XT01-06-PL-01-07-07-SF-00
XT01-08
XT01-09
[MAP]
2 2 2 2 2 2 2 2 
2 2 2 2 2 2 2 0 
2 2 2 2 1 2 2 1 
2 2 2 2 2 2 2 1 
2 2 1 2 2 2 1 1 
2 2 2 2 2 2 2 1 
2 2 2 2 2 2 2 1 
2 2 2 2 2 2 2 1 
[END]