XT01-ALPHA-BETA-ON
XT01-02-[50, 10, 52, 10, 48, 32, 48, 10, 50, 53, 32, 50, 53, 10, 45, 32, 45, 32, 45, 32, 45, 32, 45, 32, 45, 32, 45, 32, 48, 32, 45, 32, 48, 32, 45, 32, 48, 32, 45, 32, 48, 32, 45, 32, 48, 32, 45, 32, 48, 32, 45, 32, 45, 32, 45, 32, 45, 32, 45, 32, 45, 32, 45, 32, 10, 45, 32, 48, 32, 48, 32, 48, 32, 48, 32, 48, 32, 45, 32, 48, 32, 48, 32, 45, 32, 45, 32, 45, 32, 45, 32, 45, 32, 48, 32, 45, 32, 48, 32, 48, 32, 45, 32, 48, 32, 48, 32, 48, 32, 48, 32, 48, 32, 45, 32, 10, 45, 32, 48, 32, 45, 32, 45, 32, 45, 32, 48, 32, 45, 32, 48, 32, 45, 32, 45, 32, 45, 32, 48, 32, 48, 32, 48, 32, 48, 32, 45, 32, 48, 32, 48, 32, 45, 32, 48, 32, 45, 32, 45, 32, 45, 32, 48, 32, 45, 32, 10, 45, 32, 48, 32, 45, 32, 45, 32, 45, 32, 48, 32, 45, 32, 48, 32, 45, 32, 45, 32, 45, 32, 48, 32, 45, 32, 45, 32, 45, 32, 45, 32, 45, 32, 48, 32, 45, 32, 48, 32, 45, 32, 45, 32, 45, 32, 48, 32, 45, 32, 10, 45, 32, 48, 32, 45, 32, 45, 32, 45, 32, 48, 32, 45, 32, 48, 32, 45, 32, 48, 32, 48, 32, 45, 32, 45, 32, 48, 32, 48, 32, 45, 32, 48, 32, 48, 32, 45, 32, 48, 32, 45, 32, 45, 32, 45, 32, 48, 32, 45, 32, 10, 45, 32, 48, 32, 48, 32, 48, 32, 48, 32, 48, 32, 45, 32, 48, 32, 48, 32, 48, 32, 45, 32, 45, 32, 48, 32, 48, 32, 45, 32, 45, 32, 45, 32, 48, 32, 45, 32, 48, 32, 48, 32, 48, 32, 48, 32, 48, 32, 45, 32, 10, 45, 32, 45, 32, 45, 32, 45, 32, 45, 32, 45, 32, 45, 32, 48, 32, 45, 32, 48, 32, 45, 32, 48, 32, 45, 32, 48, 32, 45, 32, 48, 32, 45, 32, 48, 32, 45, 32, 45, 32, 45, 32, 45, 32, 45, 32, 45, 32, 45, 32, 10, 48, 32, 48, 32, 48, 32, 48, 32, 48, 32, 48, 32, 48, 32, 48, 32, 48, 32, 48, 32, 45, 32, 48, 32, 45, 32, 48, 32, 45, 32, 45, 32, 45, 32, 48, 32, 48, 32, 48, 32, 48, 32, 48, 32, 48, 32, 48, 32, 48, 32, 10, 45, 32, 45, 32, 45, 32, 45, 32, 48, 32, 48, 32, 45, 32, 48, 32, 45, 32, 48, 32, 45, 32, 45, 32, 48, 32, 48, 32, 48, 32, 48, 32, 48, 32, 45, 32, 48, 32, 48, 32, 45, 32, 45, 32, 45, 32, 48, 32, 45, 32, 10, 48, 32, 45, 32, 48, 32, 45, 32, 45, 32, 45, 32, 48, 32, 48, 32, 48, 32, 48, 32, 45, 32, 48, 32, 45, 32, 48, 32, 45, 32, 48, 32, 48, 32, 45, 32, 48, 32, 45, 32, 45, 32, 48, 32, 48, 32, 48, 32, 45, 32, 10, 45, 32, 49, 32, 50, 32, 48, 32, 48, 32, 45, 32, 45, 32, 45, 32, 48, 32, 45, 32, 45, 32, 45, 32, 48, 32, 45, 32, 48, 32, 48, 32, 45, 32, 48, 32, 48, 32, 48, 32, 48, 32, 45, 32, 45, 32, 45, 32, 45, 32, 10, 48, 32, 50, 32, 49, 32, 48, 32, 45, 32, 45, 32, 48, 32, 48, 32, 48, 32, 45, 32, 45, 32, 48, 32, 49, 32, 50, 32, 48, 32, 45, 32, 48, 32, 48, 32, 45, 32, 45, 32, 48, 32, 45, 32, 45, 32, 48, 32, 45, 32, 10, 45, 32, 48, 32, 48, 32, 45, 32, 48, 32, 48, 32, 45, 32, 45, 32, 48, 32, 45, 32, 45, 32, 48, 32, 50, 32, 49, 32, 48, 32, 45, 32, 45, 32, 45, 32, 48, 32, 45, 32, 45, 32, 45, 32, 48, 32, 45, 32, 45, 32, 10, 48, 32, 48, 32, 45, 32, 45, 32, 48, 32, 45, 32, 48, 32, 48, 32, 45, 32, 48, 32, 48, 32, 48, 32, 45, 32, 48, 32, 45, 32, 48, 32, 45, 32, 48, 32, 48, 32, 45, 32, 48, 32, 45, 32, 48, 32, 48, 32, 48, 32, 10, 48, 32, 45, 32, 48, 32, 48, 32, 48, 32, 48, 32, 45, 32, 48, 32, 48, 32, 48, 32, 45, 32, 45, 32, 48, 32, 48, 32, 45, 32, 48, 32, 48, 32, 45, 32, 48, 32, 45, 32, 45, 32, 45, 32, 48, 32, 48, 32, 45, 32, 10, 45, 32, 48, 32, 45, 32, 45, 32, 48, 32, 48, 32, 48, 32, 48, 32, 45, 32, 45, 32, 45, 32, 45, 32, 45, 32, 48, 32, 48, 32, 48, 32, 45, 32, 48, 32, 48, 32, 48, 32, 48, 32, 48, 32, 48, 32, 45, 32, 45, 32, 10, 48, 32, 48, 32, 45, 32, 48, 32, 48, 32, 45, 32, 45, 32, 45, 32, 48, 32, 48, 32, 45, 32, 45, 32, 45, 32, 48, 32, 48, 32, 48, 32, 45, 32, 45, 32, 45, 32, 45, 32, 45, 32, 48, 32, 48, 32, 45, 32, 48, 32, 10, 48, 32, 48, 32, 48, 32, 48, 32, 48, 32, 48, 32, 48, 32, 48, 32, 45, 32, 45, 32, 48, 32, 48, 32, 45, 32, 45, 32, 45, 32, 45, 32, 45, 32, 48, 32, 48, 32, 48, 32, 45, 32, 45, 32, 45, 32, 48, 32, 48, 32, 10, 45, 32, 45, 32, 45, 32, 45, 32, 45, 32, 45, 32, 45, 32, 48, 32, 48, 32, 48, 32, 45, 32, 45, 32, 45, 32, 45, 32, 48, 32, 48, 32, 45, 32, 48, 32, 45, 32, 48, 32, 45, 32, 48, 32, 45, 32, 45, 32, 45, 32, 10, 45, 32, 48, 32, 48, 32, 48, 32, 48, 32, 48, 32, 45, 32, 49, 32, 50, 32, 45, 32, 45, 32, 48, 32, 45, 32, 45, 32, 45, 32, 48, 32, 45, 32, 48, 32, 48, 32, 48, 32, 45, 32, 48, 32, 48, 32, 45, 32, 45, 10, 45, 32, 48, 32, 45, 32, 45, 32, 45, 32, 48, 32, 45, 32, 50, 32, 49, 32, 48, 32, 48, 32, 48, 32, 45, 32, 48, 32, 45, 32, 45, 32, 45, 32, 45, 32, 45, 32, 45, 32, 45, 32, 48, 32, 45, 32, 48, 32, 45, 32, 10, 45, 32, 48, 32, 45, 32, 45, 32, 45, 32, 48, 32, 45, 32, 48, 32, 45, 32, 48, 32, 45, 32, 45, 32, 48, 32, 48, 32, 48, 32, 45, 32, 45, 32, 48, 32, 45, 32, 48, 32, 45, 32, 48, 32, 48, 32, 45, 32, 45, 32, 10, 45, 32, 48, 32, 45, 32, 45, 32, 45, 32, 48, 32, 45, 32, 48, 32, 45, 32, 45, 32, 48, 32, 48, 32, 48, 32, 45, 32, 48, 32, 45, 32, 48, 32, 48, 32, 48, 32, 48, 32, 48, 32, 45, 32, 45, 32, 45, 32, 48, 32, 10, 45, 32, 48, 32, 48, 32, 48, 32, 48, 32, 48, 32, 45, 32, 48, 32, 45, 32, 48, 32, 48, 32, 45, 32, 45, 32, 45, 32, 48, 32, 48, 32, 48, 32, 45, 32, 48, 32, 48, 32, 45, 32, 48, 32, 45, 32, 45, 32, 45, 32, 10, 45, 32, 45, 32, 45, 32, 45, 32, 45, 32, 45, 32, 45, 32, 48, 32, 45, 32, 48, 32, 48, 32, 48, 32, 48, 32, 45, 32, 48, 32, 45, 32, 48, 32, 45, 32, 48, 32, 48, 32, 48, 32, 48, 32, 45, 32, 45, 32, 45, 32, 10, 55, 32, 48, 32, 48, 32, 60, 45, 62, 32, 55, 32, 50, 52, 32, 52, 10, 48, 32, 55, 32, 54, 32, 60, 45, 62, 32, 50, 52, 32, 55, 32, 50, 10, 49, 32, 49, 32, 48, 32, 60, 45, 62, 32, 49, 32, 49, 32, 54, 10, 53, 32, 49, 32, 48, 32, 60, 45, 62, 32, 53, 32, 49, 32, 50, 10, 49, 32, 53, 32, 52, 32, 60, 45, 62, 32, 49, 32, 53, 32, 54, 10, 53, 32, 53, 32, 52, 32, 60, 45, 62, 32, 52, 32, 49, 50, 32, 48, 10, 52, 32, 49, 55, 32, 52, 32, 60, 45, 62, 32, 53, 32, 49, 57, 32, 48, 10, 49, 32, 49, 57, 32, 48, 32, 60, 45, 62, 32, 49, 32, 49, 57, 32, 54, 10, 49, 32, 50, 51, 32, 52, 32, 60, 45, 62, 32, 49, 32, 50, 51, 32, 54, 10, 53, 32, 50, 51, 32, 50, 32, 60, 45, 62, 32, 53, 32, 50, 51, 32, 52, 10, 49, 55, 32, 50, 49, 32, 48, 32, 60, 45, 62, 32, 49, 55, 32, 49, 57, 32, 52, 10, 49, 57, 32, 50, 49, 32, 48, 32, 60, 45, 62, 32, 49, 57, 32, 49, 57, 32, 52, 10, 50, 48, 32, 49, 51, 32, 50, 32, 60, 45, 62, 32, 50, 50, 32, 49, 51, 32, 54, 10, 50, 48, 32, 49, 51, 32, 52, 32, 60, 45, 62, 32, 50, 48, 32, 49, 53, 32, 48, 10, 50, 48, 32, 49, 51, 32, 54, 32, 60, 45, 62, 32, 49, 56, 32, 49, 51, 32, 50, 10, 50, 48, 32, 49, 51, 32, 48, 32, 60, 45, 62, 32, 50, 48, 32, 49, 49, 32, 52, 10, 55, 32, 49, 55, 32, 50, 32, 60, 45, 62, 32, 55, 32, 49, 55, 32, 48, 10, 49, 55, 32, 50, 50, 32, 52, 32, 60, 45, 62, 32, 49, 56, 32, 50, 52, 32, 54, 10, 50, 49, 32, 50, 52, 32, 50, 32, 60, 45, 62, 32, 49, 57, 32, 50, 52, 32, 52, 10, 49, 57, 32, 49, 55, 32, 50, 32, 60, 45, 62, 32, 49, 57, 32, 49, 55, 32, 48, 10, 49, 55, 32, 49, 55, 32, 54, 32, 60, 45, 62, 32, 49, 55, 32, 49, 55, 32, 48, 10, 49, 54, 32, 50, 52, 32, 52, 32, 60, 45, 62, 32, 49, 55, 32, 50, 50, 32, 55, 10]
XT01-03-PL-02
XT01-PL-01-1621185734288
XT01-06-PL-01-02-09-SF-00
Analyzed Maps: 370
XT01-98-AM-370
XT01-05-PL-02-07-18-SF-00
XT01-PL-02-1621185734557
XT01-06-PL-02-07-18-SF-00
XT01-PL-01-1621185736283
XT01-06-PL-01-14-11-SF-00
Analyzed Maps: 364
XT01-98-AM-364
XT01-05-PL-02-14-10-SF-00
XT01-PL-02-1621185736539
XT01-06-PL-02-14-10-SF-00
XT01-PL-01-1621185737782
XT01-06-PL-01-11-12-SF-00
Analyzed Maps: 429
XT01-98-AM-429
XT01-05-PL-02-11-13-SF-00
XT01-PL-02-1621185737965
XT01-06-PL-02-11-13-SF-00
XT01-PL-01-1621185738568
XT01-06-PL-01-08-18-SF-00
Analyzed Maps: 891
XT01-98-AM-891
XT01-05-PL-02-09-18-SF-00
XT01-PL-02-1621185738802
XT01-06-PL-02-09-18-SF-00
XT01-PL-01-1621185738959
XT01-06-PL-01-00-11-SF-00
Analyzed Maps: 134
XT01-98-AM-134
XT01-05-PL-02-09-20-SF-00
XT01-PL-02-1621185739097
XT01-06-PL-02-09-20-SF-00
XT01-PL-01-1621185739203
XT01-06-PL-01-13-12-SF-00
Analyzed Maps: 174
XT01-98-AM-174
XT01-05-PL-02-14-12-SF-00
XT01-PL-02-1621185739333
XT01-06-PL-02-14-12-SF-00
XT01-PL-01-1621185739472
XT01-06-PL-01-15-09-SF-00
Analyzed Maps: 82
XT01-98-AM-82
XT01-05-PL-02-16-08-SF-00
XT01-PL-02-1621185739595
XT01-06-PL-02-16-08-SF-00
XT01-PL-01-1621185739698
XT01-06-PL-01-15-10-SF-00
Analyzed Maps: 50
XT01-98-AM-50
XT01-05-PL-02-13-13-SF-00
XT01-PL-02-1621185739814
XT01-06-PL-02-13-13-SF-00
XT01-PL-01-1621185739918
XT01-06-PL-01-15-08-SF-00
Analyzed Maps: 159
XT01-98-AM-159
XT01-05-PL-02-14-08-SF-00
XT01-PL-02-1621185740049
XT01-06-PL-02-14-08-SF-00
XT01-PL-01-1621185740197
XT01-06-PL-01-17-07-SF-00
Analyzed Maps: 100
XT01-98-AM-100
XT01-05-PL-02-12-10-SF-00
XT01-PL-02-1621185740319
XT01-06-PL-02-12-10-SF-00
XT01-PL-01-1621185740466
XT01-06-PL-01-11-11-SF-00
XT01-05-PL-02-16-09-SF-00
XT01-PL-02-1621185740570
XT01-06-PL-02-16-09-SF-00
XT01-PL-01-1621185740743
XT01-06-PL-01-13-08-SF-00
XT01-05-PL-02-11-11-SF-00
XT01-PL-02-1621185740850
XT01-06-PL-02-11-11-SF-00
XT01-PL-01-1621185740953
XT01-06-PL-01-17-10-SF-00
XT01-05-PL-02-17-07-SF-00
XT01-PL-02-1621185741056
XT01-06-PL-02-17-07-SF-00
XT01-PL-01-1621185741158
XT01-06-PL-01-13-12-SF-00
Analyzed Maps: 30
XT01-98-AM-30
XT01-05-PL-02-13-07-SF-00
XT01-PL-02-1621185741270
XT01-06-PL-02-13-07-SF-00
XT01-PL-01-1621185741390
XT01-06-PL-01-13-06-SF-00
XT01-05-PL-02-12-08-SF-00
XT01-PL-02-1621185741497
XT01-06-PL-02-12-08-SF-00
XT01-PL-01-1621185741619
XT01-06-PL-01-13-09-SF-00
XT01-05-PL-02-14-08-SF-00
XT01-PL-02-1621185741721
XT01-06-PL-02-14-08-SF-00
XT01-PL-01-1621185741834
XT01-06-PL-01-11-09-SF-00
Analyzed Maps: 13
XT01-98-AM-13
XT01-05-PL-02-13-05-SF-00
XT01-PL-02-1621185741938
XT01-06-PL-02-13-05-SF-00
XT01-PL-01-1621185742051
XT01-06-PL-01-15-13-SF-00
XT01-05-PL-02-11-07-SF-00
XT01-PL-02-1621185742157
XT01-06-PL-02-11-07-SF-00
XT01-PL-01-1621185742261
XT01-06-PL-01-13-14-SF-00
XT01-05-PL-02-14-12-SF-00
XT01-PL-02-1621185742369
XT01-06-PL-02-14-12-SF-00
XT01-PL-01-1621185742471
XT01-06-PL-01-17-07-SF-00
Analyzed Maps: 29
XT01-98-AM-29
XT01-05-PL-02-13-15-SF-00
XT01-PL-02-1621185742582
XT01-06-PL-02-13-15-SF-00
XT01-PL-01-1621185742683
XT01-06-PL-01-13-16-SF-00
Analyzed Maps: 11
XT01-98-AM-11
XT01-05-PL-02-12-14-SF-00
XT01-PL-02-1621185742790
XT01-06-PL-02-12-14-SF-00
XT01-PL-01-1621185742892
XT01-06-PL-01-12-08-SF-00
Analyzed Maps: 18
XT01-98-AM-18
XT01-05-PL-02-16-14-SF-00
XT01-PL-02-1621185743000
XT01-06-PL-02-16-14-SF-00
XT01-PL-01-1621185743112
XT01-06-PL-01-13-04-SF-00
XT01-05-PL-02-14-16-SF-00
XT01-PL-02-1621185743218
XT01-06-PL-02-14-16-SF-00
XT01-PL-01-1621185743322
XT01-06-PL-01-17-15-SF-00
XT01-PL-01-1621185743424
XT01-06-PL-01-15-16-SF-00
XT01-08
XT01-09