XT01-ALPHA-BETA-ON
XT01-02-[50, 10, 48, 10, 48, 32, 48, 10, 56, 32, 56, 10, 48, 32, 48, 32, 48, 32, 48, 32, 48, 32, 48, 32, 48, 32, 48, 10, 48, 32, 48, 32, 48, 32, 48, 32, 48, 32, 48, 32, 48, 32, 48, 10, 48, 32, 48, 32, 48, 32, 48, 32, 48, 32, 48, 32, 48, 32, 48, 10, 48, 32, 48, 32, 48, 32, 49, 32, 50, 32, 48, 32, 48, 32, 48, 10, 48, 32, 48, 32, 48, 32, 50, 32, 49, 32, 48, 32, 48, 32, 48, 10, 48, 32, 48, 32, 48, 32, 48, 32, 48, 32, 48, 32, 48, 32, 48, 10, 48, 32, 48, 32, 48, 32, 48, 32, 48, 32, 48, 32, 48, 32, 48, 10, 48, 32, 48, 32, 48, 32, 48, 32, 48, 32, 48, 32, 48, 32, 48]
XT01-03-PL-01
[MAP]
0 0 0 0 0 0 0 0 
0 0 0 0 0 0 0 0 
0 0 0 0 0'0 0 0 
0 0 0 1 2 0'0 0 
0 0 0'2 1 0 0 0 
0 0 0 0'0 0 0 0 
0 0 0 0 0 0 0 0 
0 0 0 0 0 0 0 0 
[END]
XT01-98-AM-11180
XT01-05-PL-01-04-02-SF-00
XT01-PL-01-1620474607584
XT01-06-PL-01-04-02-SF-00
XT01-PL-02-1620474610113
[MAP]
0 0 0 0 0 0 0 0 
0 0 0 0 0 0 0 0 
0 0 0 0'1 0'0 0 
0 0 0 1 1 0 0 0 
0 0 0 2 1 0'0 0 
0 0 0 0 0 0 0 0 
0 0 0 0 0 0 0 0 
0 0 0 0 0 0 0 0 
[END]
XT01-06-PL-02-05-02-SF-00
[MAP]
0 0 0 0 0 0 0 0 
0 0 0 0 0 0 0 0 
0 0 0 0 1 2 0'0 
0 0 0 1 2 0'0 0 
0 0 0'2 1 0 0 0 
0 0 0 0'0 0 0 0 
0 0 0 0 0 0 0 0 
0 0 0 0 0 0 0 0 
[END]
XT01-98-AM-19383
XT01-05-PL-01-03-05-SF-00
XT01-PL-01-1620474610632
XT01-06-PL-01-03-05-SF-00
XT01-PL-02-1620474619195
[MAP]
0 0 0 0 0 0 0 0 
0 0 0 0 0'0 0 0 
0 0 0 0'1 2 0 0 
0 0 0'1 2 0 0 0 
0 0 0 1 1 0 0 0 
0 0 0'1 0'0 0 0 
0 0 0 0 0 0 0 0 
0 0 0 0 0 0 0 0 
[END]
XT01-06-PL-02-03-02-SF-00
[MAP]
0 0 0 0 0 0 0 0 
0 0 0 0'0'0'0'0 
0 0 0 2 2 2 0 0 
0 0 0 1 2 0'0 0 
0 0 0 1 1 0 0 0 
0 0 0 1 0 0 0 0 
0 0 0 0 0 0 0 0 
0 0 0 0 0 0 0 0 
[END]
XT01-98-AM-54007
XT01-05-PL-01-04-01-SF-00
XT01-PL-01-1620474620418
XT01-06-PL-01-04-01-SF-00
XT01-PL-02-1620474645922
[MAP]
0 0 0 0'0 0'0 0 
0 0 0 0 1 0 0 0 
0 0 0 2 1 2 0 0 
0 0 0 1 1 0 0 0 
0 0 0 1 1 0'0 0 
0 0 0'1 0 0 0 0 
0 0 0 0'0 0 0 0 
0 0 0 0 0 0 0 0 
[END]
XT01-06-PL-02-03-00-SF-00
[MAP]
0 0 0 2 0'0 0 0 
0 0 0'0'2 0 0'0 
0 0 0'2 1 2 0'0 
0 0 0 1 1 0 0 0 
0 0 0 1 1 0 0 0 
0 0 0 1 0 0 0 0 
0 0 0 0 0 0 0 0 
0 0 0 0 0 0 0 0 
[END]
XT01-98-AM-41374
XT01-05-PL-01-02-01-SF-00
XT01-PL-01-1620474646852
XT01-06-PL-01-02-01-SF-00
XT01-PL-02-1620474678291
[MAP]
0 0 0 2 0 0 0 0 
0 0 1 0 2 0 0 0 
0 0'0'1 1 2 0 0 
0 0 0'1 1 0 0 0 
0 0 0 1 1 0 0 0 
0 0 0'1 0'0 0 0 
0 0 0 0 0 0 0 0 
0 0 0 0 0 0 0 0 
[END]
XT01-06-PL-02-02-02-SF-00
[MAP]
0 0 0 2 0'0 0 0 
0 0'1 0'2 0'0'0 
0 0 2 2 2 2 0 0 
0 0 0'1 1 0 0 0 
0 0 0 1 1 0 0 0 
0 0 0 1 0 0 0 0 
0 0 0 0 0 0 0 0 
0 0 0 0 0 0 0 0 
[END]
XT01-98-AM-134522
XT01-05-PL-01-02-03-SF-00
XT01-PL-01-1620474681188
XT01-06-PL-01-02-03-SF-00
XT01-PL-02-1620474803228
[MAP]
0 0'0 2 0 0 0 0 
0 0 1 0 2 0 0 0 
0 0'1 2 2 2 0 0 
0 0 1 1 1 0 0 0 
0 0'0'1 1 0'0 0 
0 0 0'1 0'0 0 0 
0 0 0 0'0 0 0 0 
0 0 0 0 0 0 0 0 
[END]
XT01-06-PL-02-02-04-SF-00
[MAP]
0 0 0 2 0'0'0 0 
0 0 1 0'2 0 0'0 
0 0 1 2 2 2 0'0 
0 0'1 2 1 0 0 0 
0 0'2 1 1 0 0 0 
0 0 0'1 0 0 0 0 
0 0 0 0 0 0 0 0 
0 0 0 0 0 0 0 0 
[END]
XT01-98-AM-203375
XT01-05-PL-01-05-00-SF-00
XT01-PL-01-1620474807259
XT01-06-PL-01-05-00-SF-00
XT01-PL-02-1620475127221
[MAP]
0 0 0'2 0'1 0 0 
0 0'1 0'1 0 0 0 
0 0'1 1 2 2 0 0 
0 0'1 2 1 0'0 0 
0 0 2 1 1 0'0 0 
0 0 0'1 0'0'0 0 
0 0 0 0'0'0 0 0 
0 0 0 0 0 0 0 0 
[END]
XT01-06-PL-02-02-00-SF-00
[MAP]
0 0'2 2 0 1 0 0 
0 0'2 0 1 0 0'0 
0 0'2 1 2 2 0'0 
0 0'2 2 1 0 0'0 
0 0'2 1 1 0 0 0 
0 0 0 1 0 0 0 0 
0 0 0 0 0 0 0 0 
0 0 0 0 0 0 0 0 
[END]
XT01-98-AM-197573
XT01-05-PL-01-01-03-SF-00
XT01-PL-01-1620475131202
XT01-06-PL-01-01-03-SF-00
XT01-PL-02-1620475303277
[MAP]
0 0 2 2 0'1 0 0 
0 0 2 0 1 0 0 0 
0 0 2 1 2 2 0 0 
0 1 1 1 1 0 0 0 
0'0 1 1 1 0'0 0 
0 0'0'1 0'0'0 0 
0 0 0 0 0 0 0 0 
0 0 0 0 0 0 0 0 
[END]
XT01-06-PL-02-05-04-SF-00
[MAP]
0 0 2 2 0 1 0 0 
0 0'2 0'1 0'0'0 
0 0 2 2 2 2 0 0 
0 1 1 1 2 0'0'0 
0 0 1 1 1 2 0'0 
0 0 0 1 0 0 0 0 
0 0 0 0 0 0 0 0 
0 0 0 0 0 0 0 0 
[END]
XT01-98-AM-216641
XT01-05-PL-01-03-01-SF-00
XT01-PL-01-1620475307573
XT01-06-PL-01-03-01-SF-00
XT01-PL-02-1620475618694
[MAP]
0 0 2 2 0'1 0 0 
0 0 2 1 1 0'0 0 
0 0'1 1 2 2 0 0 
0'1 1 1 2 0 0 0 
0 0'1 1 1 2 0 0 
0 0'0'1 0'0 0 0 
0 0 0 0'0 0 0 0 
0 0 0 0 0 0 0 0 
[END]
XT01-06-PL-02-02-05-SF-00
[MAP]
0 0'2 2 0 1 0 0 
0 0'2 1 1 0'0 0 
0 0'2 1 2 2 0'0 
0 1 2 1 2 0'0'0 
0 0'2 2 1 2 0'0 
0 0'2 1 0 0 0'0 
0 0 0 0 0 0 0 0 
0 0 0 0 0 0 0 0 
[END]
XT01-98-AM-395267
XT01-05-PL-01-01-02-SF-00
XT01-PL-01-1620475626754
XT01-06-PL-01-01-02-SF-00
XT01-PL-02-1620475898366
[MAP]
0 0 2 2 0'1 0 0 
0'0 2 1 1 0'0 0 
0'1 1 1 2 2 0 0 
0'1 2 1 2 0 0 0 
0 0 2 2 1 2 0 0 
0 0 2 1 0'0 0 0 
0 0 0 0'0'0 0 0 
0 0 0 0 0 0 0 0 
[END]
XT01-06-PL-02-05-01-SF-00
[MAP]
0 0'2 2 0'1 0'0 
0 0 2 2 2 2 0 0 
0 1 1 1 2 2 0'0 
0 1 2 1 2 0'0 0 
0 0'2 2 1 2 0'0 
0 0'2 1 0'0 0'0 
0 0 0'0 0 0 0 0 
0 0 0 0 0 0 0 0 
[END]
XT01-98-AM-163750
XT01-05-PL-01-06-00-SF-00
XT01-PL-01-1620475901846
XT01-06-PL-01-06-00-SF-00
XT01-PL-02-1620476182464
[MAP]
0 0 2 2 0 1 1 0 
0'0 2 2 2 1 0'0 
0'1 1 1 1 2 0 0 
0'1 2 1 2 0'0 0 
0'0 2 2 1 2 0 0 
0 0 2 1 0'0 0 0 
0 0 0 0'0'0 0 0 
0 0 0 0 0 0 0 0 
[END]
XT01-06-PL-02-00-02-SF-00
[MAP]
0 0 2 2 0'1 1 0 
0 0'2 2 2 1 0 0 
2 2 2 2 2 2 0 0 
0'2 2 1 2 0'0 0 
0 0'2 2 1 2 0'0 
0 0'2 1 0 0 0 0 
0 0 0 0 0 0 0 0 
0 0 0 0 0 0 0 0 
[END]
XT01-98-AM-120943
XT01-05-PL-01-01-04-SF-00
XT01-PL-01-1620476184997
XT01-06-PL-01-01-04-SF-00
XT01-PL-02-1620476508900
[MAP]
0 0 2 2 0'1 1 0 
0 0 2 2 1 1 0'0 
2 2 2 1 2 2 0 0 
0'2 1 1 2 0 0 0 
0'1 1 1 1 2 0 0 
0 0'2 1 0'0'0 0 
0 0 0 0'0'0 0 0 
0 0 0 0 0 0 0 0 
[END]
XT01-06-PL-02-04-05-SF-00
[MAP]
0 0'2 2 0 1 1 0 
0 0'2 2 1 1 0 0 
2 2 2 1 2 2 0'0 
0'2 2 1 2 0'0'0 
0 1 1 2 2 2 0'0 
0 0 2 2 2 0'0'0 
0 0 0'0'0'0 0 0 
0 0 0 0 0 0 0 0 
[END]
XT01-98-AM-291548
XT01-05-PL-01-00-03-SF-00
XT01-PL-01-1620476514843
XT01-06-PL-01-00-03-SF-00
XT01-PL-02-1620476587505
[MAP]
0 0 2 2 0'1 1 0 
0 0 2 2 1 1 0'0 
2 2 2 1 2 2 0 0 
1 1 1 1 2 0 0 0 
0'1 1 2 2 2 0 0 
0 0'2 2 2 0 0 0 
0 0 0 0 0 0 0 0 
0 0 0 0 0 0 0 0 
[END]
XT01-06-PL-02-00-04-SF-00
[MAP]
0 0'2 2 0 1 1 0 
0'0'2 2 1 1 0 0 
2 2 2 1 2 2 0'0 
2 2 1 1 2 0'0'0 
2 2 2 2 2 2 0 0 
0'0'2 2 2 0'0'0 
0 0 0'0'0'0'0 0 
0 0 0 0 0 0 0 0 
[END]
XT01-98-AM-204717
XT01-05-PL-01-05-03-SF-00
XT01-PL-01-1620476591372
XT01-06-PL-01-05-03-SF-00
XT01-PL-02-1620476656044
[MAP]
0 0 2 2 0'1 1 0 
0 0 2 2 1 1 0'0 
2 2 2 1 2 1 0'0 
2 2 1 1 1 1 0'0 
2 2 2 2 2 2 0'0 
0 0 2 2 2 0 0 0 
0 0 0 0 0 0 0 0 
0 0 0 0 0 0 0 0 
[END]
XT01-06-PL-02-06-04-SF-00
[MAP]
0 0'2 2 0 1 1 0 
0'0'2 2 1 1 0 0 
2 2 2 1 2 1 0 0 
2 2 1 1 1 2 0'0 
2 2 2 2 2 2 2 0 
0'0'2 2 2 0'0'0 
0 0'0'0'0'0'0 0 
0 0 0 0 0 0 0 0 
[END]
XT01-98-AM-213119
XT01-05-PL-01-01-06-SF-00
XT01-PL-01-1620476660084
XT01-06-PL-01-01-06-SF-00
XT01-PL-02-1620476849757
[MAP]
0 0 2 2 0'1 1 0 
0 0 2 2 1 1 0'0 
2 2 2 1 2 1 0'0 
2 2 1 1 1 2 0'0 
2 2 2 1 2 2 2 0 
0 0'1 2 2 0 0 0 
0 1 0'0'0 0 0 0 
0 0 0 0 0 0 0 0 
[END]
XT01-06-PL-02-03-06-SF-00
[MAP]
0 0'2 2 0 1 1 0 
0'0'2 2 1 1 0 0 
2 2 2 1 2 1 0 0 
2 2 1 1 1 2 0'0 
2 2 2 1 2 2 2 0'
0'0'2 2 2 0'0'0 
0 1 0'2 0'0'0 0 
0 0 0 0'0 0 0 0 
[END]
XT01-98-AM-325136
XT01-05-PL-01-02-06-SF-00
XT01-PL-01-1620476855366
XT01-06-PL-01-02-06-SF-00
XT01-PL-02-1620477104561
[MAP]
0 0 2 2 0'1 1 0 
0 0 2 2 1 1 0'0 
2 2 2 1 2 1 0'0 
2 2 1 1 1 2 0'0 
2 2 1 1 2 2 2 0 
0 0'1 2 2 0 0 0 
0'1 1 2 0 0 0 0 
0 0'0'0 0 0 0 0 
[END]
XT01-06-PL-02-06-01-SF-00
[MAP]
0 0'2 2 0'1 1 0'
0'0'2 2 2 2 2 0 
2 2 2 1 2 1 0'0'
2 2 1 1 1 2 0'0 
2 2 1 1 2 2 2 0'
0'0 1 2 2 0'0'0 
0 1 1 2 0'0'0 0 
0 0 0 0'0'0 0 0 
[END]
XT01-98-AM-128178
XT01-05-PL-01-00-05-SF-00
XT01-PL-01-1620477106884
XT01-06-PL-01-00-05-SF-00
XT01-PL-02-1620477260463
[MAP]
0 0 2 2 0 1 1 0 
0 0 2 2 2 2 2 0 
2 2 2 1 2 1 0'0 
2 2 1 1 1 2 0'0 
2 1 1 1 2 2 2 0 
1 0'1 2 2 0 0 0 
0'1 1 2 0 0 0 0 
0'0'0'0 0 0 0 0 
[END]
XT01-06-PL-02-00-07-SF-00
[MAP]
0 0'2 2 0 1 1 0 
0'0'2 2 2 2 2 0 
2 2 2 1 2 2 0'0'
2 2 1 1 2 2 0'0 
2 1 1 2 2 2 2 0'
1 0 2 2 2 0'0'0 
0'2 1 2 0'0'0 0 
2 0 0'0'0'0 0 0 
[END]
XT01-98-AM-105217
XT01-05-PL-01-00-01-SF-00
XT01-PL-01-1620477262305
XT01-06-PL-01-00-01-SF-00
XT01-PL-02-1620477303944
[MAP]
0 0 2 2 0 1 1 0 
1 0'2 2 2 2 2 0 
1 1 2 1 2 2 0 0 
1 2 1 1 2 2 0 0 
1 1 1 2 2 2 2 0 
1 0'2 2 2 0 0 0 
0 2 1 2 0 0 0 0 
2 0'0'0 0 0 0 0 
[END]
XT01-06-PL-02-01-07-SF-00
[MAP]
0 0'2 2 0'1 1 0 
1 0'2 2 2 2 2 0 
1 1 2 1 2 2 0'0'
1 2 1 1 2 2 0'0 
1 1 1 2 2 2 2 0'
1 0 2 2 2 0'0'0 
0 2 2 2 0'0'0 0 
2 2 0'0'0'0 0 0 
[END]
XT01-98-AM-179733
XT01-05-PL-01-03-07-SF-00
XT01-PL-01-1620477306767
XT01-06-PL-01-03-07-SF-00
XT01-PL-02-1620477352290
[MAP]
0 0 2 2 0 1 1 0 
1 0'2 2 2 2 2 0 
1 1 2 1 2 2 0 0 
1 2 1 1 2 2 0 0 
1 1 1 1 2 2 2 0 
1 0'2 1 2 0 0 0 
0 2 2 1 0'0 0 0 
2 2 0'1 0'0 0 0 
[END]
XT01-06-PL-02-02-07-SF-00
[MAP]
0 0'2 2 0'1 1 0'
1 0'2 2 2 2 2 0 
1 1 2 1 2 2 0'0'
1 2 1 1 2 2 0'0 
1 1 1 1 2 2 2 0'
1 0'2 1 2 0'0'0 
0 2 2 2 0 0'0 0 
2 2 2 1 0'0 0 0 
[END]
XT01-98-AM-101294
XT01-05-PL-01-07-00-SF-00
XT01-PL-01-1620477353794
XT01-06-PL-01-07-00-SF-00
XT01-PL-02-1620477398191
[MAP]
0 0 2 2 0 1 1 1 
1 0'2 2 2 2 1 0'
1 1 2 1 2 1 0'0 
1 2 1 1 1 2 0'0 
1 1 1 1 2 2 2 0 
1 0'2 1 2 0 0 0 
0 2 2 2 0'0 0 0 
2 2 2 1 0'0 0 0 
[END]
XT01-06-PL-02-01-05-SF-00
[MAP]
0 0'2 2 0'1 1 1 
1 0'2 2 2 2 1 0 
1 1 2 1 2 1 0'0 
1 2 1 2 1 2 0'0 
1 2 2 1 2 2 2 0'
1 2 2 1 2 0'0'0 
0'2 2 2 0'0'0 0 
2 2 2 1 0'0 0 0 
[END]
XT01-98-AM-114074
XT01-05-PL-01-04-07-SF-00
XT01-PL-01-1620477399750
XT01-06-PL-01-04-07-SF-00
XT01-PL-02-1620477420091
[MAP]
0 0 2 2 0 1 1 1 
1 0'2 2 2 2 1 0'
1 1 2 1 2 1 0'0 
1 2 1 2 1 2 0'0 
1 1 2 1 2 2 2 0 
1 2 1 1 2 0 0 0 
0 2 2 1 0'0 0 0 
2 2 2 1 1 0'0 0 
[END]
XT01-06-PL-02-04-06-SF-00
[MAP]
0 0'2 2 0'1 1 1 
1 0'2 2 2 2 1 0 
1 1 2 1 2 1 0 0 
1 2 1 2 1 2 0'0 
1 1 2 1 2 2 2 0'
1 2 1 2 2 0'0'0 
0'2 2 2 2 0'0 0 
2 2 2 1 1 0'0 0 
[END]
XT01-98-AM-63709
XT01-05-PL-01-05-07-SF-00
XT01-PL-01-1620477420925
XT01-06-PL-01-05-07-SF-00
XT01-PL-02-1620477433554
[MAP]
0 0 2 2 0 1 1 1 
1 0'2 2 2 2 1 0'
1 1 2 1 2 1 0'0 
1 1 1 2 1 2 0'0 
1 1 1 1 2 2 2 0 
1 2 1 1 2 0 0 0 
0 2 2 2 1 0'0 0 
2 2 2 1 1 1 0'0 
[END]
XT01-06-PL-02-05-06-SF-00
[MAP]
0 0'2 2 0'1 1 1 
1 0'2 2 2 2 1 0 
1 1 2 1 2 1 0'0 
1 1 1 2 1 2 0'0 
1 1 1 1 2 2 2 0'
1 2 1 1 2 0'0'0 
0'2 2 2 2 2 0 0 
2 2 2 1 1 1 0'0 
[END]
XT01-98-AM-40710
XT01-05-PL-01-04-00-SF-00
XT01-PL-01-1620477434079
XT01-06-PL-01-04-00-SF-00
XT01-PL-02-1620477437739
[MAP]
0 0 2 2 1 1 1 1 
1 0'2 1 1 2 1 0'
1 1 1 1 1 1 0 0 
1 1 1 2 1 2 0'0 
1 1 1 1 2 2 2 0 
1 2 1 1 2 0 0 0 
0 2 2 2 2 2 0 0 
2 2 2 1 1 1 0'0 
[END]
XT01-06-PL-02-06-03-SF-00
[MAP]
0 0'2 2 1 1 1 1 
1 0'2 1 2 2 1 0 
1 1 1 1 1 2 0'0 
1 1 1 2 1 2 2 0'
1 1 1 1 2 2 2 0'
1 2 1 1 2 0'0'0'
0'2 2 2 2 2 0 0 
2 2 2 1 1 1 0'0 
[END]
XT01-98-AM-13342
XT01-05-PL-01-06-02-SF-00
XT01-PL-01-1620477437974
XT01-06-PL-01-06-02-SF-00
XT01-PL-02-1620477440051
[MAP]
0 0 2 2 1 1 1 1 
1 0'2 1 2 1 1 0'
1 1 1 1 1 1 1 0 
1 1 1 2 1 1 2 0 
1 1 1 1 1 2 2 0 
1 2 1 1 2 0'0 0 
0 2 2 2 2 2 0 0 
2 2 2 1 1 1 0'0 
[END]
XT01-06-PL-02-05-05-SF-00
[MAP]
0 0'2 2 1 1 1 1 
1 0'2 1 2 1 1 0 
1 1 1 1 1 1 1 0 
1 1 1 2 1 1 2 0'
1 1 1 1 2 2 2 0'
1 2 1 1 2 2 0'0'
0'2 2 2 2 2 0'0 
2 2 2 1 1 1 0'0 
[END]
XT01-98-AM-17745
XT01-05-PL-01-06-06-SF-00
XT01-PL-01-1620477440304
XT01-06-PL-01-06-06-SF-00
XT01-PL-02-1620477442373
[MAP]
0 0 2 2 1 1 1 1 
1 0'2 1 2 1 1 0'
1 1 1 1 1 1 1 0 
1 1 1 1 1 1 2 0 
1 1 1 1 1 2 2 0 
1 2 1 1 2 1 0'0 
0 2 2 2 2 2 1 0'
2 2 2 1 1 1 0'0 
[END]
XT01-06-PL-02-06-07-SF-00
[MAP]
0 0'2 2 1 1 1 1 
1 0'2 1 2 1 1 0 
1 1 1 1 1 1 1 0 
1 1 1 1 1 1 2 0'
1 1 1 1 1 2 2 0'
1 2 1 1 2 1 0'0'
0'2 2 2 2 2 1 0 
2 2 2 2 2 2 2 0 
[END]
XT01-98-AM-3616
XT01-05-PL-01-01-01-SF-00
XT01-PL-01-1620477442513
XT01-06-PL-01-01-01-SF-00
XT01-PL-02-1620477443075
[MAP]
0 0'2 2 1 1 1 1 
1 1 1 1 2 1 1 0'
1 1 1 1 1 1 1 0 
1 1 1 1 1 1 2 0 
1 1 1 1 1 2 2 0 
1 2 1 1 2 1 0'0'
0 2 2 2 2 2 1 0'
2 2 2 2 2 2 2 0 
[END]
XT01-06-PL-02-07-05-SF-00
[MAP]
0 0'2 2 1 1 1 1 
1 1 1 1 2 1 1 0 
1 1 1 1 1 1 1 0 
1 1 1 1 1 1 2 0'
1 1 1 1 1 2 2 0'
1 2 1 1 2 1 0'2 
0'2 2 2 2 2 2 0 
2 2 2 2 2 2 2 0'
[END]
XT01-98-AM-4125
XT01-05-PL-01-01-00-SF-00
XT01-PL-01-1620477443211
XT01-06-PL-01-01-00-SF-00
XT01-PL-02-1620477443350
[MAP]
0'1 1 1 1 1 1 1 
1 1 1 1 2 1 1 0'
1 1 1 1 1 1 1 0 
1 1 1 1 1 1 2 0 
1 1 1 1 1 2 2 0 
1 2 1 1 2 1 0'2 
0 2 2 2 2 2 2 0 
2 2 2 2 2 2 2 0 
[END]
XT01-06-PL-02-06-05-SF-00
[MAP]
0 1 1 1 1 1 1 1 
1 1 1 1 2 1 1 0 
1 1 1 1 1 1 1 0 
1 1 1 1 1 1 2 0'
1 1 1 1 1 2 2 0'
1 2 1 1 2 2 2 2 
0'2 2 2 2 2 2 0'
2 2 2 2 2 2 2 0'
[END]
XT01-98-AM-796
XT01-05-PL-01-07-07-SF-00
XT01-PL-01-1620477443458
XT01-06-PL-01-07-07-SF-00
XT01-PL-02-1620477443565
[MAP]
0 1 1 1 1 1 1 1 
1 1 1 1 2 1 1 0'
1 1 1 1 1 1 1 0 
1 1 1 1 1 1 2 0 
1 1 1 1 1 2 2 0 
1 2 1 1 2 1 2 2 
0 2 2 2 2 2 1 0'
2 2 2 2 2 2 2 1 
[END]
XT01-06-PL-02-07-06-SF-00
[MAP]
0 1 1 1 1 1 1 1 
1 1 1 1 2 1 1 0 
1 1 1 1 1 1 1 0 
1 1 1 1 1 1 2 0'
1 1 1 1 1 2 2 0'
1 2 1 1 2 1 2 2 
0'2 2 2 2 2 2 2 
2 2 2 2 2 2 2 1 
[END]
XT01-98-AM-73
XT01-05-PL-01-07-03-SF-00
XT01-PL-01-1620477443670
XT01-06-PL-01-07-03-SF-00
XT01-PL-02-1620477443774
[MAP]
0'1 1 1 1 1 1 1 
1 1 1 1 2 1 1 0'
1 1 1 1 1 1 1 0'
1 1 1 1 1 1 1 1 
1 1 1 1 1 2 1 0'
1 2 1 1 2 1 2 2 
0 2 2 2 2 2 2 2 
2 2 2 2 2 2 2 1 
[END]
XT01-06-PL-02-00-00-SF-00
[MAP]
2 1 1 1 1 1 1 1 
1 2 1 1 2 1 1 0 
1 1 2 1 1 1 1 0 
1 1 1 2 1 1 1 1 
1 1 1 1 2 2 1 0'
1 2 1 1 2 2 2 2 
0'2 2 2 2 2 2 2 
2 2 2 2 2 2 2 1 
[END]
XT01-98-AM-20
XT01-05-PL-01-07-04-SF-00
XT01-PL-01-1620477443878
XT01-06-PL-01-07-04-SF-00
XT01-PL-02-1620477443983
[MAP]
2 1 1 1 1 1 1 1 
1 2 1 1 2 1 1 0'
1 1 2 1 1 1 1 0'
1 1 1 2 1 1 1 1 
1 1 1 1 2 2 1 1 
1 2 1 1 2 2 2 1 
0'2 2 2 2 2 2 1 
2 2 2 2 2 2 2 1 
[END]
XT01-06-PL-02-07-01-SF-00
[MAP]
2 1 1 1 1 1 1 1 
1 2 1 1 2 2 2 2 
1 1 2 1 1 1 2 0'
1 1 1 2 1 2 1 1 
1 1 1 1 2 2 1 1 
1 2 1 1 2 2 2 1 
0'2 2 2 2 2 2 1 
2 2 2 2 2 2 2 1 
[END]
XT01-98-AM-4
XT01-05-PL-01-07-02-SF-00
XT01-PL-01-1620477444088
XT01-06-PL-01-07-02-SF-00
XT01-PL-02-1620477444193
[MAP]
2 1 1 1 1 1 1 1 
1 2 1 1 2 2 1 1 
1 1 2 1 1 1 1 1 
1 1 1 2 1 2 1 1 
1 1 1 1 2 2 1 1 
1 2 1 1 2 2 2 1 
0'2 2 2 2 2 2 1 
2 2 2 2 2 2 2 1 
[END]
XT01-06-PL-02-00-06-SF-00
XT01-08
XT01-09
[MAP]
2 1 1 1 1 1 1 1 
2 2 1 1 2 2 1 1 
2 1 2 1 1 1 1 1 
2 1 1 2 1 2 1 1 
2 1 1 1 2 2 1 1 
2 2 1 1 2 2 2 1 
2 2 2 2 2 2 2 1 
2 2 2 2 2 2 2 1 
[END]