XT01-ALPHA-BETA-OFF
XT01-02-[50, 10, 48, 10, 48, 32, 48, 10, 56, 32, 56, 10, 48, 32, 48, 32, 48, 32, 48, 32, 48, 32, 48, 32, 48, 32, 48, 10, 48, 32, 48, 32, 48, 32, 48, 32, 48, 32, 48, 32, 48, 32, 48, 10, 48, 32, 48, 32, 48, 32, 48, 32, 48, 32, 48, 32, 48, 32, 48, 10, 48, 32, 48, 32, 48, 32, 49, 32, 50, 32, 48, 32, 48, 32, 48, 10, 48, 32, 48, 32, 48, 32, 50, 32, 49, 32, 48, 32, 48, 32, 48, 10, 48, 32, 48, 32, 48, 32, 48, 32, 48, 32, 48, 32, 48, 32, 48, 10, 48, 32, 48, 32, 48, 32, 48, 32, 48, 32, 48, 32, 48, 32, 48, 10, 48, 32, 48, 32, 48, 32, 48, 32, 48, 32, 48, 32, 48, 32, 48]
XT01-03-PL-01
[MAP]
0 0 0 0 0 0 0 0
0 0 0 0 0 0 0 0
0 0 0 0 0'0 0 0
0 0 0 1 2 0'0 0
0 0 0'2 1 0 0 0
0 0 0 0'0 0 0 0
0 0 0 0 0 0 0 0
0 0 0 0 0 0 0 0
[END]
XT01-98-AM-455220
XT01-05-PL-01-04-02-SF-00
XT01-PL-01-1620552017559
XT01-06-PL-01-04-02-SF-00
XT01-PL-02-1620552018938
[MAP]
0 0 0 0 0 0 0 0
0 0 0 0 0 0 0 0
0 0 0 0'1 0'0 0
0 0 0 1 1 0 0 0
0 0 0 2 1 0'0 0
0 0 0 0 0 0 0 0
0 0 0 0 0 0 0 0
0 0 0 0 0 0 0 0
[END]
XT01-06-PL-02-05-02-SF-00
[MAP]
0 0 0 0 0 0 0 0
0 0 0 0 0 0 0 0
0 0 0 0 1 2 0'0
0 0 0 1 2 0'0 0
0 0 0'2 1 0 0 0
0 0 0 0'0 0 0 0
0 0 0 0 0 0 0 0
0 0 0 0 0 0 0 0
[END]
XT01-98-AM-1873061
XT01-05-PL-01-06-02-SF-00
XT01-PL-01-1620552054929
XT01-06-PL-01-06-02-SF-00
XT01-PL-02-1620552057146
[MAP]
0 0 0 0 0 0 0 0
0 0 0 0 0'0 0'0
0 0 0 0'1 1 1 0
0 0 0'1 2 0 0 0
0 0 0 2 1 0'0 0
0 0 0 0 0'0 0 0
0 0 0 0 0 0 0 0
0 0 0 0 0 0 0 0
[END]
XT01-06-PL-02-03-02-SF-00
[MAP]
0 0 0 0 0 0 0 0
0 0 0 0 0 0 0 0
0 0 0'2 1 1 1 0
0 0 0 2 2 0 0 0
0 0 0'2 1 0 0 0
0 0 0'0 0 0 0 0
0 0 0 0 0 0 0 0
0 0 0 0 0 0 0 0
[END]
XT01-98-AM-3371708
XT01-05-PL-01-02-02-SF-00
XT01-PL-01-1620552122143
XT01-06-PL-01-02-02-SF-00
XT01-PL-02-1620552125006
[MAP]
0 0 0 0 0 0 0 0
0 0 0'0'0'0 0'0
0 0 1 1 1 1 1 0
0 0 0'1 2 0 0 0
0 0 0 2 1 0'0 0
0 0 0 0 0'0 0 0
0 0 0 0 0 0 0 0
0 0 0 0 0 0 0 0
[END]
XT01-06-PL-02-03-01-SF-00
[MAP]
0 0 0'0 0'0 0 0
0 0 0 2 0 0 0 0
0 0 1 2 1 1 1 0
0 0 0 2 2 0 0 0
0 0 0'2 1 0 0 0
0 0 0'0 0 0 0 0
0 0 0 0 0 0 0 0
0 0 0 0 0 0 0 0
[END]
XT01-98-AM-10782803
XT01-05-PL-01-02-05-SF-00
XT01-PL-01-1620552329347
XT01-06-PL-01-02-05-SF-00
XT01-PL-02-1620552332614
[MAP]
0 0 0 0 0 0 0 0
0 0'0 2 0 0'0 0
0 0'1 2 1 1 1 0'
0 0'0 2 1 0'0 0
0 0 0 1 1 0'0 0
0 0 1 0'0 0'0 0
0 0 0 0 0 0 0 0
0 0 0 0 0 0 0 0
[END]
XT01-06-PL-02-07-02-SF-00
[MAP]
0 0 0 0'0'0 0 0
0 0 0'2 0'0 0'0
0 0 1 2 2 2 2 2
0 0 0'2 1 0 0 0
0 0 0 1 1 0 0 0
0 0 1 0 0 0 0 0
0 0 0 0 0 0 0 0
0 0 0 0 0 0 0 0
[END]
XT01-98-AM-23822024
XT01-05-PL-01-03-00-SF-00
XT01-PL-01-1620552773555
XT01-06-PL-01-03-00-SF-00
XT01-PL-02-1620552778920
[MAP]
0 0 0'1 0 0 0 0
0 0 0 1 0 0 0 0
0 0'1 1 2 2 2 2
0 0 0 1 1 0 0 0
0 0 0'1 1 0 0 0
0 0 1 0 0'0 0 0
0 0'0 0 0 0 0 0
0 0 0 0 0 0 0 0
[END]
XT01-06-PL-02-02-04-SF-00
[MAP]
0 0 0 1 0 0 0 0
0 0 0 1 0'0 0'0
0 0 1 1 2 2 2 2
0 0 0'2 1 0'0 0
0 0'2 1 1 0 0 0
0 0 1 0 0 0 0 0
0 0 0 0 0 0 0 0
0 0 0 0 0 0 0 0
[END]
XT01-98-AM-27901725
XT01-05-PL-01-02-03-SF-00
XT01-PL-01-1620553292604
XT01-06-PL-01-02-03-SF-00
XT01-PL-02-1620553303276
[MAP]
0 0 0'1 0 0 0 0
0 0 0 1 0 0 0 0
0 0'1 1 2 2 2 2
0 0 1 1 1 0 0 0
0 0 1 1 1 0 0 0
0 0'1 0 0'0 0 0
0 0'0 0 0 0 0 0
0 0 0 0 0 0 0 0
[END]
XT01-06-PL-02-04-05-SF-00
[MAP]
0 0 0 1 0 0 0 0
0 0 0 1 0 0'0'0
0 0 1 1 2 2 2 2
0 0 1 1 2 0'0 0
0 0 1 1 2 0'0 0
0 0 1 0 2 0'0 0
0 0 0 0 0 0'0 0
0 0 0 0 0 0 0 0
[END]
XT01-98-AM-56231284
XT01-05-PL-01-05-04-SF-00
XT01-PL-01-1620554327215
XT01-06-PL-01-05-04-SF-00
XT01-PL-02-1620554339247
[MAP]
0 0 0'1 0 0 0 0
0 0 0 1 0 0 0 0
0 0'1 1 2 2 2 2
0 0 1 1 1 0 0'0
0 0 1 1 1 1 0 0
0 0'1 0 2 0 0 0
0 0'0 0 0 0 0 0
0 0 0 0 0 0 0 0
[END]
XT01-06-PL-02-06-03-SF-00
[MAP]
0 0 0 1 0 0 0 0
0 0 0 1 0'0'0'0
0 0 1 1 2 2 2 2
0 0 1 1 1 0'2 0
0 0 1 1 1 2 0'0
0 0 1 0 2 0 0'0
0 0 0 0 0'0'0 0
0 0 0 0 0 0 0 0
[END]
XT01-98-AM-80509193
XT01-05-PL-01-04-01-SF-00
XT01-PL-01-1620555864106
XT01-06-PL-01-04-01-SF-00
XT01-PL-02-1620555878953
[MAP]
0 0 0 1 0'0 0 0
0 0 0'1 1 0 0 0
0 0'1 1 1 2 2 2
0 0 1 1 1 0 2 0
0 0'1 1 1 2 0 0
0 0 1 0 2 0 0 0
0 0'0 0 0 0 0 0
0 0 0 0 0 0 0 0
[END]
XT01-06-PL-02-01-02-SF-00
[MAP]
0 0 0 1 0 0 0 0
0 0'0'1 1 0'0'0
0 2 2 2 2 2 2 2
0 0'2 1 1 0'2 0
0 0'1 2 1 2 0'0'
0 0 1 0'2 0 0'0
0 0 0 0 0'0 0 0
0 0 0 0 0 0 0 0
[END]
XT01-98-AM-313689323
XT01-05-PL-01-07-04-SF-00
XT01-PL-01-1620561576178
XT01-06-PL-01-07-04-SF-00
XT01-PL-02-1620561606915
[MAP]
0 0 0'1 0'0'0 0
0 0 0 1 1 0 0'0
0 2 2 2 2 1 2 2
0 0 2 1 1 0'1 0
0 0'1 2 1 2 0'1
0 0'1 0 2 0'0 0
0 0'0'0 0 0 0 0
0 0 0 0 0 0 0 0
[END]
XT01-06-PL-02-05-05-SF-00
[MAP]
0 0 0 1 0 0 0 0
0 0 0'1 1 0'0'0
0'2 2 2 2 1 2 2
0 0'2 2 1 0'1 0
0 0'1 2 2 2 0'1
0 0 1 0'2 2 0'0
0 0 0 0'0'0 0 0
0 0 0 0 0 0 0 0
[END]
XT01-98-AM-485188812
XT01-05-PL-01-00-02-SF-00
XT01-PL-01-1620570300130
XT01-06-PL-01-00-02-SF-00
XT01-PL-02-1620570323520
[MAP]
0 0 0 1 0'0'0 0
0'0'0'1 1 0'0'0
1 1 1 1 1 1 2 2
0 0 2 2 1 0'1 0
0 0'1 2 2 2 0'1
0 0'1 0 2 2 0 0
0 0'0'0 0 0 0 0
0 0 0 0 0 0 0 0
[END]
XT01-06-PL-02-06-04-SF-00
[MAP]
0 0 0 1 0 0 0 0
0 0 0 1 1 0 0 0
1 1 1 1 1 1 2 2
0 0'2 2 1 0 2 0
0 0'1 2 2 2 2 1
0 0 1 0'2 2 0'0
0 0 0 0 0'0'0'0
0 0 0 0 0 0 0 0
[END]
XT01-98-AM-133757275
XT01-05-PL-01-06-05-SF-00
XT01-PL-01-1620572660743
XT01-06-PL-01-06-05-SF-00
XT01-PL-02-1620572693114
[MAP]
0 0 0 1 0'0'0 0
0'0'0'1 1 0'0'0
1 1 1 1 1 1 2 2
0 0 2 2 1 0'2 0
0 0'1 2 2 1 2 1
0 0'1 0 2 2 1 0'
0 0'0'0 0 0 0'0
0 0 0 0 0 0 0 0
[END]
XT01-06-PL-02-00-01-SF-00
[MAP]
0'0 0 1 0 0 0 0
2 0 0 1 1 0 0'0
1 2 1 1 1 1 2 2
0 0'2 2 1 0 2 0
0 0'1 2 2 1 2 1
0 0 1 0'2 2 1 0
0 0 0 0'0'0'0'0
0 0 0 0 0 0 0 0
[END]
XT01-98-AM-307202179
XT01-05-PL-01-00-00-SF-00
XT01-PL-01-1620577894783
XT01-06-PL-01-00-00-SF-00
XT01-PL-02-1620577920431
[MAP]
1 0 0 1 0'0'0 0
1 0'0'1 1 0'0'0
1 2 1 1 1 1 2 2
0 0 2 2 1 0'2 0
0 0'1 2 2 1 2 1
0 0'1 0 2 2 1 0'
0 0'0'0 0 0 0'0
0 0 0 0 0 0 0 0
[END]
XT01-06-PL-02-05-03-SF-00
[MAP]
1 0 0 1 0 0 0 0
1 0 0 1 1 0 0'0
1 2 1 1 1 1 2 2
0 0 2 2 2 2 2 0
0 0'1 2 2 2 2 1
0 0 1 0'2 2 1 0'
0 0 0 0 0'0'0'0
0 0 0 0 0 0 0 0
[END]
XT01-98-AM-280431350
XT01-05-PL-01-07-05-SF-00
XT01-PL-01-1620582435731
XT01-06-PL-01-07-05-SF-00
XT01-PL-02-1620582459321
[MAP]
1 0 0 1 0'0'0 0
1 0'0'1 1 0'0'0
1 2 1 1 1 1 2 2
0 0 2 2 2 1 2 0'
0 0'1 2 2 2 1 1
0 0'1 0 2 2 1 1
0 0'0'0 0 0 0'0'
0 0 0 0 0 0 0 0
[END]
XT01-06-PL-02-05-00-SF-00
[MAP]
1 0 0 1 0'2 0 0
1 0 0'1 2 0'0'0'
1 2 1 2 1 1 2 2
0 0'2 2 2 1 2 0'
0 0 1 2 2 2 1 1
0 0 1 0'2 2 1 1
0 0 0 0 0'0'0'0
0 0 0 0 0 0 0 0
[END]
XT01-98-AM-264645480
XT01-05-PL-01-06-06-SF-00
XT01-PL-01-1620586458250
XT01-06-PL-01-06-06-SF-00
XT01-PL-02-1620586470204
[MAP]
1 0 0 1 0 2 0 0
1 0 0'1 2 0'0'0
1 2 1 2 1 1 2 2
0 0 2 1 2 1 2 0
0 0'1 2 1 2 1 1
0 0 1 0'2 1 1 1
0 0'0'0 0 0'1 0'
0 0 0 0 0 0 0'0
[END]
XT01-06-PL-02-05-01-SF-00
[MAP]
1 0 0 1 0'2 0'0
1 0 0'1 2 2 0'0'
1 2 1 2 1 2 2 2
0 0'2 1 2 2 2 0'
0 0 1 2 1 2 1 1
0 0 1 0'2 1 1 1
0 0 0 0 0'0'1 0
0 0 0 0 0 0 0 0
[END]
XT01-98-AM-186463191
XT01-05-PL-01-02-01-SF-00
XT01-PL-01-1620589145471
XT01-06-PL-01-02-01-SF-00
XT01-PL-02-1620589152217
[MAP]
1 0 0'1 0 2 0 0
1 0'1 1 2 2 0 0
1 2 1 1 1 2 2 2
0 0 2 1 1 2 2 0
0 0'1 2 1 1 1 1
0 0'1 0'2 1 1 1
0 0'0'0 0 0'1 0
0 0 0 0 0 0 0'0
[END]
XT01-06-PL-02-05-06-SF-00
[MAP]
1 0 0 1 0'2 0'0
1 0 1 1 2 2 0'0'
1 2 1 1 1 2 2 2
0'0'2 1 1 2 2 0'
0 0'1 2 1 2 1 1
0 0 1 0'2 2 1 1
0 0 0 0 0'2 1 0
0 0 0 0 0'0 0'0
[END]
XT01-98-AM-334927262
XT01-05-PL-01-04-00-SF-00
XT01-PL-01-1620593669093
XT01-06-PL-01-04-00-SF-00
XT01-PL-02-1620593677166
[MAP]
1 0'0'1 1 2 0 0
1 0'1 1 1 2 0 0
1 2 1 1 1 2 2 2
0 0 2 1 1 2 2 0'
0 0'1 2 1 2 1 1
0 0'1 0'2 2 1 1
0 0'0'0 0 2 1 0'
0 0 0 0 0 0 0'0'
[END]
XT01-06-PL-02-07-07-SF-00
[MAP]
1 0 0 1 1 2 0'0
1 0 1 1 1 2 0'0'
1 2 1 1 1 2 2 2
0'0'2 1 1 2 2 0'
0 0'1 2 1 2 1 1
0 0 1 0'2 2 1 1
0 0 0 0 0'2 2 0
0 0 0 0 0'0'0'2
[END]
XT01-98-AM-186994701
XT01-05-PL-01-03-05-SF-00
XT01-PL-01-1620595769649
XT01-06-PL-01-03-05-SF-00
XT01-PL-02-1620595773882
[MAP]
1 0'0'1 1 2 0 0
1 0'1 1 1 2 0 0
1 2 1 1 1 2 2 2
0 0 2 1 1 2 2 0
0 0'1 1 1 2 1 1
0 0'1 1 1 1 1 1
0 0'0'0'0 2 2 0'
0 0 0 0 0 0 0 2
[END]
XT01-06-PL-02-01-01-SF-00
[MAP]
1 0'0'1 1 2 0'0
1 2 2 2 2 2 0'0'
1 2 2 1 1 2 2 2
0'0'2 2 1 2 2 0'
0 0'1 1 2 2 1 1
0 0 1 1 1 2 1 1
0 0 0 0 0'2 2 0
0 0 0 0 0'0'0'2
[END]
XT01-98-AM-177384858
XT01-05-PL-01-01-00-SF-00
XT01-PL-01-1620597560523
XT01-06-PL-01-01-00-SF-00
XT01-PL-02-1620597562987
[MAP]
1 1 0'1 1 2 0 0
1 2 1 2 2 2 0 0
1 2 2 1 1 2 2 2
0 0 2 2 1 2 2 0'
0 0'1 1 2 2 1 1
0 0'1 1 1 2 1 1
0 0'0'0'0'2 2 0'
0 0 0 0 0 0 0 2
[END]
XT01-06-PL-02-07-03-SF-00
[MAP]
1 1 0'1 1 2 0'0
1 2 1 2 2 2 0'0'
1 2 2 1 1 2 2 2
0'0'2 2 1 2 2 2
0 0'1 1 2 2 2 1
0 0 1 1 1 2 1 1
0 0 0 0 0 2 2 0
0 0 0 0 0'0'0'2
[END]
XT01-98-AM-57939340
XT01-05-PL-01-02-00-SF-00
XT01-PL-01-1620598098841
XT01-06-PL-01-02-00-SF-00
XT01-PL-02-1620598102406
[MAP]
1 1 1 1 1 2 0 0
1 1 1 1 2 2 0 0
1 2 2 1 1 2 2 2
0 0 2 2 1 2 2 2
0 0'1 1 2 2 2 1
0 0'1 1 1 2 1 1
0 0'0'0'0'2 2 0'
0 0 0 0 0 0 0 2
[END]
XT01-06-PL-02-07-06-SF-00
[MAP]
1 1 1 1 1 2 0'0
1 1 1 1 2 2 0'0'
1 2 2 1 1 2 2 2
0'0'2 2 1 2 2 2
0 0'1 1 2 2 2 2
0 0 1 1 1 2 2 2
0 0 0 0 0 2 2 2
0 0 0 0 0 0 0'2
[END]
XT01-98-AM-10630342
XT01-05-PL-01-06-00-SF-00
XT01-PL-01-1620598189350
XT01-06-PL-01-06-00-SF-00
XT01-PL-02-1620598189804
[MAP]
1 1 1 1 1 1 1 0
1 1 1 1 2 1 0'0
1 2 2 1 1 2 2 2
0 0 2 2 1 2 2 2
0 0'1 1 2 2 2 2
0 0'1 1 1 2 2 2
0 0'0'0'0'2 2 2
0 0 0 0 0 0 0 2
[END]
XT01-06-PL-02-01-04-SF-00
[MAP]
1 1 1 1 1 1 1 0
1 1 1 1 2 1 0'0'
1 2 2 1 1 2 2 2
0'0'2 2 1 2 2 2
0 2 2 2 2 2 2 2
0'0'1 1 1 2 2 2
0 0 0 0 0 2 2 2
0 0 0 0 0 0'0'2
[END]
XT01-98-AM-11845287
XT01-05-PL-01-07-01-SF-00
XT01-PL-01-1620598280534
XT01-06-PL-01-07-01-SF-00
XT01-PL-02-1620598280821
[MAP]
1 1 1 1 1 1 1 0'
1 1 1 1 2 1 0'1
1 2 2 1 1 2 1 2
0 0 2 2 1 1 2 2
0 2 2 2 1 2 2 2
0 0'1 1 1 2 2 2
0 0'0'0'0'2 2 2
0 0 0 0 0 0 0 2
[END]
XT01-06-PL-02-04-06-SF-00
[MAP]
1 1 1 1 1 1 1 0
1 1 1 1 2 1 0'1
1 2 2 1 2 2 1 2
0'0'2 2 2 1 2 2
0 2 2 2 2 2 2 2
0'0'1 2 2 2 2 2
0 0 0'0'2 2 2 2
0 0 0 0 0'0'0'2
[END]
XT01-98-AM-14518285
XT01-05-PL-01-06-01-SF-00
XT01-PL-01-1620598380821
XT01-06-PL-01-06-01-SF-00
XT01-PL-02-1620598381168
[MAP]
1 1 1 1 1 1 1 0'
1 1 1 1 2 1 1 1
1 2 2 1 2 1 1 2
0 0 2 2 1 1 2 2
0 2 2 1 2 2 2 2
0 0'1 2 2 2 2 2
0 0 0'0'2 2 2 2
0 0 0 0 0 0 0 2
[END]
XT01-06-PL-02-03-06-SF-00
[MAP]
1 1 1 1 1 1 1 0
1 1 1 1 2 1 1 1
1 2 2 1 2 1 1 2
0'0'2 2 1 1 2 2
0'2 2 1 2 2 2 2
0'0'2 2 2 2 2 2
0 0'0'2 2 2 2 2
0 0 0 0'0'0'0'2
[END]
XT01-98-AM-2859722
XT01-05-PL-01-00-03-SF-00
XT01-PL-01-1620598398342
XT01-06-PL-01-00-03-SF-00
XT01-PL-02-1620598398444
[MAP]
1 1 1 1 1 1 1 0'
1 1 1 1 2 1 1 1
1 1 2 1 2 1 1 2
1 0 2 2 1 1 2 2
0 2 2 1 2 2 2 2
0 0 2 2 2 2 2 2
0 0 0 2 2 2 2 2
0 0 0 0 0 0 0 2
[END]
XT01-06-PL-02-07-00-SF-00
[MAP]
1 1 1 1 1 1 1 2
1 1 1 1 2 1 2 2
1 1 2 1 2 2 1 2
1 0'2 2 2 1 2 2
0 2 2 2 2 2 2 2
0'0'2 2 2 2 2 2
0 0 0'2 2 2 2 2
0 0 0 0'0'0'0'2
[END]
XT01-98-AM-953851
XT01-05-PL-01-00-05-SF-00
XT01-PL-01-1620598403463
XT01-06-PL-01-00-05-SF-00
XT01-PL-02-1620598403595
[MAP]
1 1 1 1 1 1 1 2
1 1 1 1 2 1 2 2
1 1 2 1 2 2 1 2
1 0'1 2 2 1 2 2
0'1 2 2 2 2 2 2
1 0 2 2 2 2 2 2
0 0 0 2 2 2 2 2
0 0 0 0 0 0 0 2
[END]
XT01-06-PL-02-01-03-SF-00
[MAP]
1 1 1 1 1 1 1 2
1 1 1 1 2 1 2 2
1 1 2 1 2 2 1 2
1 2 2 2 2 1 2 2
0'1 2 2 2 2 2 2
1 0'2 2 2 2 2 2
0 0 0'2 2 2 2 2
0 0 0 0'0'0'0'2
[END]
XT01-98-AM-421286
XT01-05-PL-01-00-04-SF-00
XT01-PL-01-1620598405511
XT01-06-PL-01-00-04-SF-00
[MAP]
1 1 1 1 1 1 1 2
1 1 1 1 2 1 2 2
1 1 1 1 2 2 1 2
1 1 2 2 2 1 2 2
1 1 2 2 2 2 2 2
1 0'2 2 2 2 2 2
0 0 0'2 2 2 2 2
0 0 0 0'0'0'0'2
[END]
XT01-98-AM-109405
XT01-05-PL-01-02-06-SF-00
XT01-PL-01-1620598406054
XT01-06-PL-01-02-06-SF-00
XT01-PL-02-1620598406177
[MAP]
1 1 1 1 1 1 1 2
1 1 1 1 2 1 2 2
1 1 1 1 2 2 1 2
1 1 1 2 2 1 2 2
1 1 1 2 1 2 2 2
1 0'1 1 2 2 2 2
0 0'1 2 2 2 2 2
0 0'0 0 0 0 0 2
[END]
XT01-06-PL-02-01-06-SF-00
[MAP]
1 1 1 1 1 1 1 2
1 1 1 1 2 1 2 2
1 1 1 1 2 2 1 2
1 1 1 2 2 1 2 2
1 1 1 2 1 2 2 2
1 0'2 1 2 2 2 2
0 2 2 2 2 2 2 2
0 0'0'0'0'0'0'2
[END]
XT01-98-AM-36827
XT01-05-PL-01-01-05-SF-00
XT01-PL-01-1620598406377
XT01-06-PL-01-01-05-SF-00
XT01-PL-02-1620598406480
[MAP]
1 1 1 1 1 1 1 2
1 1 1 1 2 1 2 2
1 1 1 1 2 2 1 2
1 1 1 2 2 1 2 2
1 1 1 2 1 2 2 2
1 1 1 1 2 2 2 2
0'2 2 2 2 2 2 2
0 0 0 0 0 0 0 2
[END]
XT01-06-PL-02-00-06-SF-00
[MAP]
1 1 1 1 1 1 1 2
1 1 1 1 2 1 2 2
1 1 1 1 2 2 1 2
1 1 1 2 2 1 2 2
1 1 2 2 1 2 2 2
1 2 1 1 2 2 2 2
2 2 2 2 2 2 2 2
0'0'0'0'0'0'0'2
[END]
XT01-98-AM-2786
XT01-05-PL-01-00-07-SF-00
XT01-PL-01-1620598406589
XT01-06-PL-01-00-07-SF-00
XT01-PL-02-1620598406692
[MAP]
1 1 1 1 1 1 1 2
1 1 1 1 2 1 2 2
1 1 1 1 2 2 1 2
1 1 1 2 2 1 2 2
1 1 2 2 1 2 2 2
1 2 1 1 2 2 2 2
1 1 2 2 2 2 2 2
1 0'0 0 0 0 0 2
[END]
XT01-06-PL-02-01-07-SF-00
[MAP]
1 1 1 1 1 1 1 2
1 1 1 1 2 1 2 2
1 1 1 1 2 2 1 2
1 1 1 2 2 1 2 2
1 1 2 2 1 2 2 2
1 2 1 1 2 2 2 2
1 2 2 2 2 2 2 2
1 2 0'0'0'0'0'2
[END]
XT01-98-AM-143
XT01-05-PL-01-02-07-SF-00
XT01-PL-01-1620598406796
XT01-06-PL-01-02-07-SF-00
XT01-PL-02-1620598406899
[MAP]
1 1 1 1 1 1 1 2
1 1 1 1 2 1 2 2
1 1 1 1 2 2 1 2
1 1 1 2 2 1 2 2
1 1 2 2 1 2 2 2
1 2 1 1 2 2 2 2
1 1 1 2 2 2 2 2
1 1 1 0'0 0 0 2
[END]
XT01-06-PL-02-03-07-SF-00
[MAP]
1 1 1 1 1 1 1 2
1 1 1 1 2 1 2 2
1 1 1 1 2 2 1 2
1 1 1 2 2 1 2 2
1 1 2 2 1 2 2 2
1 2 1 1 2 2 2 2
1 1 2 2 2 2 2 2
1 1 1 2 0'0'0'2
[END]
XT01-98-AM-13
XT01-05-PL-01-04-07-SF-00
XT01-PL-01-1620598407045
XT01-06-PL-01-04-07-SF-00
XT01-PL-02-1620598407105
[MAP]
1 1 1 1 1 1 1 2
1 1 1 1 2 1 2 2
1 1 1 1 2 2 1 2
1 1 1 2 2 1 2 2
1 1 2 2 1 2 2 2
1 2 1 1 1 2 2 2
1 1 2 1 1 2 2 2
1 1 1 1 1 0'0 2
[END]
XT01-06-PL-02-05-07-SF-00
[MAP]
1 1 1 1 1 1 1 2
1 1 1 1 2 1 2 2
1 1 1 1 2 2 1 2
1 1 1 2 2 1 2 2
1 1 2 2 1 2 2 2
1 2 1 2 1 2 2 2
1 1 2 1 2 2 2 2
1 1 1 1 1 2 0'2
[END]
XT01-05-PL-01-06-07-SF-00
XT01-PL-01-1620598407208
XT01-06-PL-01-06-07-SF-00
XT01-08
XT01-09
[MAP]
1 1 1 1 1 1 1 2
1 1 1 1 2 1 2 2
1 1 1 1 2 2 1 2
1 1 1 2 2 1 1 2
1 1 2 2 1 2 1 2
1 2 1 2 1 2 1 2
1 1 2 1 2 1 1 2
1 1 1 1 1 1 1 2
[END]