XT01-ALPHA-BETA-ON
XT01-02-[50, 10, 48, 10, 48, 32, 48, 10, 56, 32, 56, 10, 48, 32, 48, 32, 48, 32, 48, 32, 48, 32, 48, 32, 48, 32, 48, 10, 48, 32, 48, 32, 48, 32, 48, 32, 48, 32, 48, 32, 48, 32, 48, 10, 48, 32, 48, 32, 48, 32, 48, 32, 48, 32, 48, 32, 48, 32, 48, 10, 48, 32, 48, 32, 48, 32, 49, 32, 50, 32, 48, 32, 48, 32, 48, 10, 48, 32, 48, 32, 48, 32, 50, 32, 49, 32, 48, 32, 48, 32, 48, 10, 48, 32, 48, 32, 48, 32, 48, 32, 48, 32, 48, 32, 48, 32, 48, 10, 48, 32, 48, 32, 48, 32, 48, 32, 48, 32, 48, 32, 48, 32, 48, 10, 48, 32, 48, 32, 48, 32, 48, 32, 48, 32, 48, 32, 48, 32, 48]
XT01-03-PL-02
XT01-PL-01-1620477532659
[MAP]
0 0 0 0 0 0 0 0 
0 0 0 0 0 0 0 0 
0 0 0 0 0'0 0 0 
0 0 0 1 2 0'0 0 
0 0 0'2 1 0 0 0 
0 0 0 0'0 0 0 0 
0 0 0 0 0 0 0 0 
0 0 0 0 0 0 0 0 
[END]
XT01-06-PL-01-04-02-SF-00
[MAP]
0 0 0 0 0 0 0 0 
0 0 0 0 0 0 0 0 
0 0 0 0'1 0'0 0 
0 0 0 1 1 0 0 0 
0 0 0 2 1 0'0 0 
0 0 0 0 0 0 0 0 
0 0 0 0 0 0 0 0 
0 0 0 0 0 0 0 0 
[END]
XT01-98-AM-13637
XT01-05-PL-02-05-02-SF-00
XT01-PL-02-1620477533242
XT01-06-PL-02-05-02-SF-00
XT01-PL-01-1620477538342
[MAP]
0 0 0 0 0 0 0 0 
0 0 0 0 0 0 0 0 
0 0 0 0 1 2 0'0 
0 0 0 1 2 0'0 0 
0 0 0'2 1 0 0 0 
0 0 0 0'0 0 0 0 
0 0 0 0 0 0 0 0 
0 0 0 0 0 0 0 0 
[END]
XT01-06-PL-01-03-05-SF-00
[MAP]
0 0 0 0 0 0 0 0 
0 0 0 0 0'0 0 0 
0 0 0 0'1 2 0 0 
0 0 0'1 2 0 0 0 
0 0 0 1 1 0 0 0 
0 0 0'1 0'0 0 0 
0 0 0 0 0 0 0 0 
0 0 0 0 0 0 0 0 
[END]
XT01-98-AM-21688
XT01-05-PL-02-03-02-SF-00
XT01-PL-02-1620477538913
XT01-06-PL-02-03-02-SF-00
XT01-PL-01-1620477558117
[MAP]
0 0 0 0 0 0 0 0 
0 0 0 0'0'0'0'0 
0 0 0 2 2 2 0 0 
0 0 0 1 2 0'0 0 
0 0 0 1 1 0 0 0 
0 0 0 1 0 0 0 0 
0 0 0 0 0 0 0 0 
0 0 0 0 0 0 0 0 
[END]
XT01-06-PL-01-04-01-SF-00
[MAP]
0 0 0 0'0 0'0 0 
0 0 0 0 1 0 0 0 
0 0 0 2 1 2 0 0 
0 0 0 1 1 0 0 0 
0 0 0 1 1 0'0 0 
0 0 0'1 0 0 0 0 
0 0 0 0'0 0 0 0 
0 0 0 0 0 0 0 0 
[END]
XT01-98-AM-55844
XT01-05-PL-02-03-00-SF-00
XT01-PL-02-1620477559376
XT01-06-PL-02-03-00-SF-00
XT01-PL-01-1620477580183
[MAP]
0 0 0 2 0'0 0 0 
0 0 0'0'2 0 0'0 
0 0 0'2 1 2 0'0 
0 0 0 1 1 0 0 0 
0 0 0 1 1 0 0 0 
0 0 0 1 0 0 0 0 
0 0 0 0 0 0 0 0 
0 0 0 0 0 0 0 0 
[END]
XT01-06-PL-01-02-01-SF-00
[MAP]
0 0 0 2 0 0 0 0 
0 0 1 0 2 0 0 0 
0 0'0'1 1 2 0 0 
0 0 0'1 1 0 0 0 
0 0 0 1 1 0 0 0 
0 0 0'1 0'0 0 0 
0 0 0 0 0 0 0 0 
0 0 0 0 0 0 0 0 
[END]
XT01-98-AM-65769
XT01-05-PL-02-02-02-SF-00
XT01-PL-02-1620477581635
XT01-06-PL-02-02-02-SF-00
XT01-PL-01-1620477661981
[MAP]
0 0 0 2 0'0 0 0 
0 0'1 0'2 0'0'0 
0 0 2 2 2 2 0 0 
0 0 0'1 1 0 0 0 
0 0 0 1 1 0 0 0 
0 0 0 1 0 0 0 0 
0 0 0 0 0 0 0 0 
0 0 0 0 0 0 0 0 
[END]
XT01-06-PL-01-02-03-SF-00
[MAP]
0 0'0 2 0 0 0 0 
0 0 1 0 2 0 0 0 
0 0'1 2 2 2 0 0 
0 0 1 1 1 0 0 0 
0 0'0'1 1 0'0 0 
0 0 0'1 0'0 0 0 
0 0 0 0'0 0 0 0 
0 0 0 0 0 0 0 0 
[END]
XT01-98-AM-159850
XT01-05-PL-02-02-04-SF-00
XT01-PL-02-1620477665346
XT01-06-PL-02-02-04-SF-00
XT01-PL-01-1620477930845
[MAP]
0 0 0 2 0'0'0 0 
0 0 1 0'2 0 0'0 
0 0 1 2 2 2 0'0 
0 0'1 2 1 0 0 0 
0 0'2 1 1 0 0 0 
0 0 0'1 0 0 0 0 
0 0 0 0 0 0 0 0 
0 0 0 0 0 0 0 0 
[END]
XT01-06-PL-01-05-00-SF-00
[MAP]
0 0 0'2 0'1 0 0 
0 0'1 0'1 0 0 0 
0 0'1 1 2 2 0 0 
0 0'1 2 1 0'0 0 
0 0 2 1 1 0'0 0 
0 0 0'1 0'0'0 0 
0 0 0 0'0'0 0 0 
0 0 0 0 0 0 0 0 
[END]
XT01-98-AM-161928
XT01-05-PL-02-02-00-SF-00
XT01-PL-02-1620477934245
XT01-06-PL-02-02-00-SF-00
XT01-PL-01-1620478108981
[MAP]
0 0'2 2 0 1 0 0 
0 0'2 0 1 0 0'0 
0 0'2 1 2 2 0'0 
0 0'2 2 1 0 0'0 
0 0'2 1 1 0 0 0 
0 0 0 1 0 0 0 0 
0 0 0 0 0 0 0 0 
0 0 0 0 0 0 0 0 
[END]
XT01-06-PL-01-01-03-SF-00
[MAP]
0 0 2 2 0'1 0 0 
0 0 2 0 1 0 0 0 
0 0 2 1 2 2 0 0 
0 1 1 1 1 0 0 0 
0'0 1 1 1 0'0 0 
0 0'0'1 0'0'0 0 
0 0 0 0 0 0 0 0 
0 0 0 0 0 0 0 0 
[END]
XT01-98-AM-296556
XT01-05-PL-02-05-04-SF-00
XT01-PL-02-1620478114632
XT01-06-PL-02-05-04-SF-00
XT01-PL-01-1620478320514
[MAP]
0 0 2 2 0 1 0 0 
0 0'2 0'1 0'0'0 
0 0 2 2 2 2 0 0 
0 1 1 1 2 0'0'0 
0 0 1 1 1 2 0'0 
0 0 0 1 0 0 0 0 
0 0 0 0 0 0 0 0 
0 0 0 0 0 0 0 0 
[END]
XT01-06-PL-01-03-01-SF-00
[MAP]
0 0 2 2 0'1 0 0 
0 0 2 1 1 0'0 0 
0 0'1 1 2 2 0 0 
0'1 1 1 2 0 0 0 
0 0'1 1 1 2 0 0 
0 0'0'1 0'0 0 0 
0 0 0 0'0 0 0 0 
0 0 0 0 0 0 0 0 
[END]
XT01-98-AM-375224
XT01-05-PL-02-02-05-SF-00
XT01-PL-02-1620478327657
XT01-06-PL-02-02-05-SF-00
XT01-PL-01-1620478891749
[MAP]
0 0'2 2 0 1 0 0 
0 0'2 1 1 0'0 0 
0 0'2 1 2 2 0'0 
0 1 2 1 2 0'0'0 
0 0'2 2 1 2 0'0 
0 0'2 1 0 0 0'0 
0 0 0 0 0 0 0 0 
0 0 0 0 0 0 0 0 
[END]
XT01-06-PL-01-01-02-SF-00
[MAP]
0 0 2 2 0'1 0 0 
0'0 2 1 1 0'0 0 
0'1 1 1 2 2 0 0 
0'1 2 1 2 0 0 0 
0 0 2 2 1 2 0 0 
0 0 2 1 0'0 0 0 
0 0 0 0'0'0 0 0 
0 0 0 0 0 0 0 0 
[END]
XT01-98-AM-197466
XT01-05-PL-02-05-01-SF-00
XT01-PL-02-1620478895620
XT01-06-PL-02-05-01-SF-00
XT01-PL-01-1620479342486
[MAP]
0 0'2 2 0'1 0'0 
0 0 2 2 2 2 0 0 
0 1 1 1 2 2 0'0 
0 1 2 1 2 0'0 0 
0 0'2 2 1 2 0'0 
0 0'2 1 0'0 0'0 
0 0 0'0 0 0 0 0 
0 0 0 0 0 0 0 0 
[END]
XT01-06-PL-01-06-00-SF-00
[MAP]
0 0 2 2 0 1 1 0 
0'0 2 2 2 1 0'0 
0'1 1 1 1 2 0 0 
0'1 2 1 2 0'0 0 
0'0 2 2 1 2 0 0 
0 0 2 1 0'0 0 0 
0 0 0 0'0'0 0 0 
0 0 0 0 0 0 0 0 
[END]
XT01-98-AM-101906
XT01-05-PL-02-00-02-SF-00
XT01-PL-02-1620479344497
XT01-06-PL-02-00-02-SF-00
XT01-PL-01-1620479470294
[MAP]
0 0 2 2 0'1 1 0 
0 0'2 2 2 1 0 0 
2 2 2 2 2 2 0 0 
0'2 2 1 2 0'0 0 
0 0'2 2 1 2 0'0 
0 0'2 1 0 0 0 0 
0 0 0 0 0 0 0 0 
0 0 0 0 0 0 0 0 
[END]
XT01-06-PL-01-01-04-SF-00
[MAP]
0 0 2 2 0'1 1 0 
0 0 2 2 1 1 0'0 
2 2 2 1 2 2 0 0 
0'2 1 1 2 0 0 0 
0'1 1 1 1 2 0 0 
0 0'2 1 0'0'0 0 
0 0 0 0'0'0 0 0 
0 0 0 0 0 0 0 0 
[END]
XT01-98-AM-276953
XT01-05-PL-02-04-05-SF-00
XT01-PL-02-1620479475356
XT01-06-PL-02-04-05-SF-00
XT01-PL-01-1620479855797
[MAP]
0 0'2 2 0 1 1 0 
0 0'2 2 1 1 0 0 
2 2 2 1 2 2 0'0 
0'2 2 1 2 0'0'0 
0 1 1 2 2 2 0'0 
0 0 2 2 2 0'0'0 
0 0 0'0'0'0 0 0 
0 0 0 0 0 0 0 0 
[END]
XT01-06-PL-01-00-03-SF-00
[MAP]
0 0 2 2 0'1 1 0 
0 0 2 2 1 1 0'0 
2 2 2 1 2 2 0 0 
1 1 1 1 2 0 0 0 
0'1 1 2 2 2 0 0 
0 0'2 2 2 0 0 0 
0 0 0 0 0 0 0 0 
0 0 0 0 0 0 0 0 
[END]
XT01-98-AM-105944
XT01-05-PL-02-00-04-SF-00
XT01-PL-02-1620479857656
XT01-06-PL-02-00-04-SF-00
XT01-PL-01-1620480045508
[MAP]
0 0'2 2 0 1 1 0 
0'0'2 2 1 1 0 0 
2 2 2 1 2 2 0'0 
2 2 1 1 2 0'0'0 
2 2 2 2 2 2 0 0 
0'0'2 2 2 0'0'0 
0 0 0'0'0'0'0 0 
0 0 0 0 0 0 0 0 
[END]
XT01-06-PL-01-05-03-SF-00
[MAP]
0 0 2 2 0'1 1 0 
0 0 2 2 1 1 0'0 
2 2 2 1 2 1 0'0 
2 2 1 1 1 1 0'0 
2 2 2 2 2 2 0'0 
0 0 2 2 2 0 0 0 
0 0 0 0 0 0 0 0 
0 0 0 0 0 0 0 0 
[END]
XT01-98-AM-121856
XT01-05-PL-02-06-04-SF-00
XT01-PL-02-1620480047555
XT01-06-PL-02-06-04-SF-00
XT01-PL-01-1620480331156
[MAP]
0 0'2 2 0 1 1 0 
0'0'2 2 1 1 0 0 
2 2 2 1 2 1 0 0 
2 2 1 1 1 2 0'0 
2 2 2 2 2 2 2 0 
0'0'2 2 2 0'0'0 
0 0'0'0'0'0'0 0 
0 0 0 0 0 0 0 0 
[END]
XT01-06-PL-01-01-06-SF-00
[MAP]
0 0 2 2 0'1 1 0 
0 0 2 2 1 1 0'0 
2 2 2 1 2 1 0'0 
2 2 1 1 1 2 0'0 
2 2 2 1 2 2 2 0 
0 0'1 2 2 0 0 0 
0 1 0'0'0 0 0 0 
0 0 0 0 0 0 0 0 
[END]
XT01-98-AM-308808
XT01-05-PL-02-03-06-SF-00
XT01-PL-02-1620480336133
XT01-06-PL-02-03-06-SF-00
XT01-PL-01-1620480667157
[MAP]
0 0'2 2 0 1 1 0 
0'0'2 2 1 1 0 0 
2 2 2 1 2 1 0 0 
2 2 1 1 1 2 0'0 
2 2 2 1 2 2 2 0'
0'0'2 2 2 0'0'0 
0 1 0'2 0'0'0 0 
0 0 0 0'0 0 0 0 
[END]
XT01-06-PL-01-02-06-SF-00
[MAP]
0 0 2 2 0'1 1 0 
0 0 2 2 1 1 0'0 
2 2 2 1 2 1 0'0 
2 2 1 1 1 2 0'0 
2 2 1 1 2 2 2 0 
0 0'1 2 2 0 0 0 
0'1 1 2 0 0 0 0 
0 0'0'0 0 0 0 0 
[END]
XT01-98-AM-443807
XT01-05-PL-02-06-01-SF-00
XT01-PL-02-1620480673991
XT01-06-PL-02-06-01-SF-00
XT01-PL-01-1620481259745
[MAP]
0 0'2 2 0'1 1 0'
0'0'2 2 2 2 2 0 
2 2 2 1 2 1 0'0'
2 2 1 1 1 2 0'0 
2 2 1 1 2 2 2 0'
0'0 1 2 2 0'0'0 
0 1 1 2 0'0'0 0 
0 0 0 0'0'0 0 0 
[END]
XT01-06-PL-01-00-05-SF-00
[MAP]
0 0 2 2 0 1 1 0 
0 0 2 2 2 2 2 0 
2 2 2 1 2 1 0'0 
2 2 1 1 1 2 0'0 
2 1 1 1 2 2 2 0 
1 0'1 2 2 0 0 0 
0'1 1 2 0 0 0 0 
0'0'0'0 0 0 0 0 
[END]
XT01-98-AM-134260
XT01-05-PL-02-00-07-SF-00
XT01-PL-02-1620481261787
XT01-06-PL-02-00-07-SF-00
XT01-PL-01-1620481526316
[MAP]
0 0'2 2 0 1 1 0 
0'0'2 2 2 2 2 0 
2 2 2 1 2 2 0'0'
2 2 1 1 2 2 0'0 
2 1 1 2 2 2 2 0'
1 0 2 2 2 0'0'0 
0'2 1 2 0'0'0 0 
2 0 0'0'0'0 0 0 
[END]
XT01-06-PL-01-00-01-SF-00
[MAP]
0 0 2 2 0 1 1 0 
1 0'2 2 2 2 2 0 
1 1 2 1 2 2 0 0 
1 2 1 1 2 2 0 0 
1 1 1 2 2 2 2 0 
1 0'2 2 2 0 0 0 
0 2 1 2 0 0 0 0 
2 0'0'0 0 0 0 0 
[END]
XT01-98-AM-167867
XT01-05-PL-02-01-07-SF-00
XT01-PL-02-1620481528663
XT01-06-PL-02-01-07-SF-00
XT01-PL-01-1620481628517
[MAP]
0 0'2 2 0'1 1 0 
1 0'2 2 2 2 2 0 
1 1 2 1 2 2 0'0'
1 2 1 1 2 2 0'0 
1 1 1 2 2 2 2 0'
1 0 2 2 2 0'0'0 
0 2 2 2 0'0'0 0 
2 2 0'0'0'0 0 0 
[END]
XT01-06-PL-01-03-07-SF-00
[MAP]
0 0 2 2 0 1 1 0 
1 0'2 2 2 2 2 0 
1 1 2 1 2 2 0 0 
1 2 1 1 2 2 0 0 
1 1 1 1 2 2 2 0 
1 0'2 1 2 0 0 0 
0 2 2 1 0'0 0 0 
2 2 0'1 0'0 0 0 
[END]
XT01-98-AM-88345
XT01-05-PL-02-02-07-SF-00
XT01-PL-02-1620481629752
XT01-06-PL-02-02-07-SF-00
XT01-PL-01-1620481725744
[MAP]
0 0'2 2 0'1 1 0'
1 0'2 2 2 2 2 0 
1 1 2 1 2 2 0'0'
1 2 1 1 2 2 0'0 
1 1 1 1 2 2 2 0'
1 0'2 1 2 0'0'0 
0 2 2 2 0 0'0 0 
2 2 2 1 0'0 0 0 
[END]
XT01-06-PL-01-07-00-SF-00
[MAP]
0 0 2 2 0 1 1 1 
1 0'2 2 2 2 1 0'
1 1 2 1 2 1 0'0 
1 2 1 1 1 2 0'0 
1 1 1 1 2 2 2 0 
1 0'2 1 2 0 0 0 
0 2 2 2 0'0 0 0 
2 2 2 1 0'0 0 0 
[END]
XT01-98-AM-92703
XT01-05-PL-02-01-05-SF-00
XT01-PL-02-1620481726952
XT01-06-PL-02-01-05-SF-00
XT01-PL-01-1620481787311
[MAP]
0 0'2 2 0'1 1 1 
1 0'2 2 2 2 1 0 
1 1 2 1 2 1 0'0 
1 2 1 2 1 2 0'0 
1 2 2 1 2 2 2 0'
1 2 2 1 2 0'0'0 
0'2 2 2 0'0'0 0 
2 2 2 1 0'0 0 0 
[END]
XT01-06-PL-01-04-07-SF-00
[MAP]
0 0 2 2 0 1 1 1 
1 0'2 2 2 2 1 0'
1 1 2 1 2 1 0'0 
1 2 1 2 1 2 0'0 
1 1 2 1 2 2 2 0 
1 2 1 1 2 0 0 0 
0 2 2 1 0'0 0 0 
2 2 2 1 1 0'0 0 
[END]
XT01-98-AM-65742
XT01-05-PL-02-04-06-SF-00
XT01-PL-02-1620481788176
XT01-06-PL-02-04-06-SF-00
XT01-PL-01-1620481812545
[MAP]
0 0'2 2 0'1 1 1 
1 0'2 2 2 2 1 0 
1 1 2 1 2 1 0 0 
1 2 1 2 1 2 0'0 
1 1 2 1 2 2 2 0'
1 2 1 2 2 0'0'0 
0'2 2 2 2 0'0 0 
2 2 2 1 1 0'0 0 
[END]
XT01-06-PL-01-05-07-SF-00
[MAP]
0 0 2 2 0 1 1 1 
1 0'2 2 2 2 1 0'
1 1 2 1 2 1 0'0 
1 1 1 2 1 2 0'0 
1 1 1 1 2 2 2 0 
1 2 1 1 2 0 0 0 
0 2 2 2 1 0'0 0 
2 2 2 1 1 1 0'0 
[END]
XT01-98-AM-34365
XT01-05-PL-02-05-06-SF-00
XT01-PL-02-1620481813042
XT01-06-PL-02-05-06-SF-00
XT01-PL-01-1620481829395
[MAP]
0 0'2 2 0'1 1 1 
1 0'2 2 2 2 1 0 
1 1 2 1 2 1 0'0 
1 1 1 2 1 2 0'0 
1 1 1 1 2 2 2 0'
1 2 1 1 2 0'0'0 
0'2 2 2 2 2 0 0 
2 2 2 1 1 1 0'0 
[END]
XT01-06-PL-01-04-00-SF-00
[MAP]
0 0 2 2 1 1 1 1 
1 0'2 1 1 2 1 0'
1 1 1 1 1 1 0 0 
1 1 1 2 1 2 0'0 
1 1 1 1 2 2 2 0 
1 2 1 1 2 0 0 0 
0 2 2 2 2 2 0 0 
2 2 2 1 1 1 0'0 
[END]
XT01-98-AM-15513
XT01-05-PL-02-06-03-SF-00
XT01-PL-02-1620481829650
XT01-06-PL-02-06-03-SF-00
XT01-PL-01-1620481836263
[MAP]
0 0'2 2 1 1 1 1 
1 0'2 1 2 2 1 0 
1 1 1 1 1 2 0'0 
1 1 1 2 1 2 2 0'
1 1 1 1 2 2 2 0'
1 2 1 1 2 0'0'0'
0'2 2 2 2 2 0 0 
2 2 2 1 1 1 0'0 
[END]
XT01-06-PL-01-06-02-SF-00
[MAP]
0 0 2 2 1 1 1 1 
1 0'2 1 2 1 1 0'
1 1 1 1 1 1 1 0 
1 1 1 2 1 1 2 0 
1 1 1 1 1 2 2 0 
1 2 1 1 2 0'0 0 
0 2 2 2 2 2 0 0 
2 2 2 1 1 1 0'0 
[END]
XT01-98-AM-13748
XT01-05-PL-02-05-05-SF-00
XT01-PL-02-1620481836504
XT01-06-PL-02-05-05-SF-00
XT01-PL-01-1620481839973
[MAP]
0 0'2 2 1 1 1 1 
1 0'2 1 2 1 1 0 
1 1 1 1 1 1 1 0 
1 1 1 2 1 1 2 0'
1 1 1 1 2 2 2 0'
1 2 1 1 2 2 0'0'
0'2 2 2 2 2 0'0 
2 2 2 1 1 1 0'0 
[END]
XT01-06-PL-01-06-06-SF-00
[MAP]
0 0 2 2 1 1 1 1 
1 0'2 1 2 1 1 0'
1 1 1 1 1 1 1 0 
1 1 1 1 1 1 2 0 
1 1 1 1 1 2 2 0 
1 2 1 1 2 1 0'0 
0 2 2 2 2 2 1 0'
2 2 2 1 1 1 0'0 
[END]
XT01-98-AM-27887
XT01-05-PL-02-06-07-SF-00
XT01-PL-02-1620481840304
XT01-06-PL-02-06-07-SF-00
XT01-PL-01-1620481841519
[MAP]
0 0'2 2 1 1 1 1 
1 0'2 1 2 1 1 0 
1 1 1 1 1 1 1 0 
1 1 1 1 1 1 2 0'
1 1 1 1 1 2 2 0'
1 2 1 1 2 1 0'0'
0'2 2 2 2 2 1 0 
2 2 2 2 2 2 2 0 
[END]
XT01-06-PL-01-01-01-SF-00
[MAP]
0 0'2 2 1 1 1 1 
1 1 1 1 2 1 1 0'
1 1 1 1 1 1 1 0 
1 1 1 1 1 1 2 0 
1 1 1 1 1 2 2 0 
1 2 1 1 2 1 0'0'
0 2 2 2 2 2 1 0'
2 2 2 2 2 2 2 0 
[END]
XT01-98-AM-4481
XT01-05-PL-02-07-05-SF-00
XT01-PL-02-1620481841661
XT01-06-PL-02-07-05-SF-00
XT01-PL-01-1620481841959
[MAP]
0 0'2 2 1 1 1 1 
1 1 1 1 2 1 1 0 
1 1 1 1 1 1 1 0 
1 1 1 1 1 1 2 0'
1 1 1 1 1 2 2 0'
1 2 1 1 2 1 0'2 
0'2 2 2 2 2 2 0 
2 2 2 2 2 2 2 0'
[END]
XT01-06-PL-01-01-00-SF-00
[MAP]
0'1 1 1 1 1 1 1 
1 1 1 1 2 1 1 0'
1 1 1 1 1 1 1 0 
1 1 1 1 1 1 2 0 
1 1 1 1 1 2 2 0 
1 2 1 1 2 1 0'2 
0 2 2 2 2 2 2 0 
2 2 2 2 2 2 2 0 
[END]
XT01-98-AM-2129
XT01-05-PL-02-06-05-SF-00
XT01-PL-02-1620481842085
XT01-06-PL-02-06-05-SF-00
XT01-PL-01-1620481842212
[MAP]
0 1 1 1 1 1 1 1 
1 1 1 1 2 1 1 0 
1 1 1 1 1 1 1 0 
1 1 1 1 1 1 2 0'
1 1 1 1 1 2 2 0'
1 2 1 1 2 2 2 2 
0'2 2 2 2 2 2 0'
2 2 2 2 2 2 2 0'
[END]
XT01-06-PL-01-07-07-SF-00
[MAP]
0 1 1 1 1 1 1 1 
1 1 1 1 2 1 1 0'
1 1 1 1 1 1 1 0 
1 1 1 1 1 1 2 0 
1 1 1 1 1 2 2 0 
1 2 1 1 2 1 2 2 
0 2 2 2 2 2 1 0'
2 2 2 2 2 2 2 1 
[END]
XT01-98-AM-452
XT01-05-PL-02-07-06-SF-00
XT01-PL-02-1620481842339
XT01-06-PL-02-07-06-SF-00
XT01-PL-01-1620481842449
[MAP]
0 1 1 1 1 1 1 1 
1 1 1 1 2 1 1 0 
1 1 1 1 1 1 1 0 
1 1 1 1 1 1 2 0'
1 1 1 1 1 2 2 0'
1 2 1 1 2 1 2 2 
0'2 2 2 2 2 2 2 
2 2 2 2 2 2 2 1 
[END]
XT01-06-PL-01-07-03-SF-00
[MAP]
0'1 1 1 1 1 1 1 
1 1 1 1 2 1 1 0'
1 1 1 1 1 1 1 0'
1 1 1 1 1 1 1 1 
1 1 1 1 1 2 1 0'
1 2 1 1 2 1 2 2 
0 2 2 2 2 2 2 2 
2 2 2 2 2 2 2 1 
[END]
XT01-98-AM-50
XT01-05-PL-02-00-00-SF-00
XT01-PL-02-1620481842586
XT01-06-PL-02-00-00-SF-00
XT01-PL-01-1620481842694
[MAP]
2 1 1 1 1 1 1 1 
1 2 1 1 2 1 1 0 
1 1 2 1 1 1 1 0 
1 1 1 2 1 1 1 1 
1 1 1 1 2 2 1 0'
1 2 1 1 2 2 2 2 
0'2 2 2 2 2 2 2 
2 2 2 2 2 2 2 1 
[END]
XT01-06-PL-01-07-04-SF-00
[MAP]
2 1 1 1 1 1 1 1 
1 2 1 1 2 1 1 0'
1 1 2 1 1 1 1 0'
1 1 1 2 1 1 1 1 
1 1 1 1 2 2 1 1 
1 2 1 1 2 2 2 1 
0'2 2 2 2 2 2 1 
2 2 2 2 2 2 2 1 
[END]
XT01-98-AM-13
XT01-05-PL-02-07-01-SF-00
XT01-PL-02-1620481842836
XT01-06-PL-02-07-01-SF-00
XT01-PL-01-1620481842941
[MAP]
2 1 1 1 1 1 1 1 
1 2 1 1 2 2 2 2 
1 1 2 1 1 1 2 0'
1 1 1 2 1 2 1 1 
1 1 1 1 2 2 1 1 
1 2 1 1 2 2 2 1 
0'2 2 2 2 2 2 1 
2 2 2 2 2 2 2 1 
[END]
XT01-06-PL-01-07-02-SF-00
[MAP]
2 1 1 1 1 1 1 1 
1 2 1 1 2 2 1 1 
1 1 2 1 1 1 1 1 
1 1 1 2 1 2 1 1 
1 1 1 1 2 2 1 1 
1 2 1 1 2 2 2 1 
0'2 2 2 2 2 2 1 
2 2 2 2 2 2 2 1 
[END]
XT01-05-PL-02-00-06-SF-00
XT01-PL-02-1620481843043
XT01-06-PL-02-00-06-SF-00
XT01-08
XT01-09
[MAP]
2 1 1 1 1 1 1 1 
2 2 1 1 2 2 1 1 
2 1 2 1 1 1 1 1 
2 1 1 2 1 2 1 1 
2 1 1 1 2 2 1 1 
2 2 1 1 2 2 2 1 
2 2 2 2 2 2 2 1 
2 2 2 2 2 2 2 1 
[END]