XT01-ALPHA-BETA-OFF
XT01-02-[56, 10, 53, 10, 48, 32, 48, 10, 49, 55, 32, 49, 55, 10, 48, 32, 48, 32, 48, 32, 48, 32, 48, 32, 48, 32, 48, 32, 48, 32, 45, 32, 48, 32, 48, 32, 48, 32, 48, 32, 48, 32, 48, 32, 48, 32, 48, 10, 48, 32, 48, 32, 48, 32, 48, 32, 48, 32, 48, 32, 48, 32, 48, 32, 45, 32, 48, 32, 48, 32, 48, 32, 48, 32, 48, 32, 48, 32, 48, 32, 48, 10, 48, 32, 48, 32, 48, 32, 48, 32, 48, 32, 48, 32, 48, 32, 48, 32, 45, 32, 48, 32, 48, 32, 48, 32, 48, 32, 48, 32, 48, 32, 48, 32, 48, 10, 48, 32, 48, 32, 48, 32, 49, 32, 50, 32, 48, 32, 48, 32, 48, 32, 45, 32, 48, 32, 48, 32, 48, 32, 51, 32, 52, 32, 48, 32, 48, 32, 48, 10, 48, 32, 48, 32, 48, 32, 50, 32, 49, 32, 48, 32, 48, 32, 48, 32, 45, 32, 48, 32, 48, 32, 48, 32, 52, 32, 51, 32, 48, 32, 48, 32, 48, 10, 48, 32, 48, 32, 48, 32, 48, 32, 48, 32, 48, 32, 48, 32, 48, 32, 45, 32, 48, 32, 48, 32, 48, 32, 48, 32, 48, 32, 48, 32, 48, 32, 48, 10, 48, 32, 48, 32, 48, 32, 48, 32, 48, 32, 48, 32, 48, 32, 48, 32, 48, 32, 48, 32, 48, 32, 48, 32, 48, 32, 48, 32, 48, 32, 48, 32, 48, 10, 48, 32, 48, 32, 48, 32, 48, 32, 48, 32, 48, 32, 48, 32, 98, 32, 48, 32, 98, 32, 48, 32, 48, 32, 48, 32, 48, 32, 48, 32, 48, 32, 48, 10, 45, 32, 45, 32, 45, 32, 45, 32, 45, 32, 45, 32, 48, 32, 48, 32, 99, 32, 48, 32, 48, 32, 45, 32, 45, 32, 45, 32, 45, 32, 45, 32, 45, 10, 48, 32, 48, 32, 48, 32, 48, 32, 48, 32, 48, 32, 48, 32, 98, 32, 48, 32, 98, 32, 48, 32, 48, 32, 48, 32, 48, 32, 48, 32, 48, 32, 48, 10, 48, 32, 48, 32, 48, 32, 48, 32, 48, 32, 48, 32, 48, 32, 48, 32, 48, 32, 48, 32, 48, 32, 48, 32, 48, 32, 48, 32, 48, 32, 48, 32, 48, 10, 48, 32, 48, 32, 48, 32, 48, 32, 48, 32, 48, 32, 48, 32, 48, 32, 45, 32, 48, 32, 48, 32, 48, 32, 48, 32, 48, 32, 48, 32, 48, 32, 48, 10, 48, 32, 48, 32, 48, 32, 53, 32, 54, 32, 48, 32, 48, 32, 48, 32, 45, 32, 48, 32, 48, 32, 48, 32, 55, 32, 56, 32, 48, 32, 48, 32, 48, 10, 48, 32, 48, 32, 48, 32, 54, 32, 53, 32, 48, 32, 48, 32, 48, 32, 45, 32, 48, 32, 48, 32, 48, 32, 56, 32, 55, 32, 48, 32, 48, 32, 48, 10, 48, 32, 48, 32, 48, 32, 48, 32, 48, 32, 48, 32, 48, 32, 48, 32, 45, 32, 48, 32, 48, 32, 48, 32, 48, 32, 48, 32, 48, 32, 48, 32, 48, 10, 48, 32, 48, 32, 48, 32, 48, 32, 48, 32, 48, 32, 48, 32, 48, 32, 45, 32, 48, 32, 48, 32, 48, 32, 48, 32, 48, 32, 48, 32, 48, 32, 48, 10, 48, 32, 48, 32, 48, 32, 48, 32, 48, 32, 48, 32, 48, 32, 48, 32, 45, 32, 48, 32, 48, 32, 48, 32, 48, 32, 48, 32, 48, 32, 48, 32, 48]
XT01-03-PL-01
Analyzed Maps: 208
XT01-98-AM-208
XT01-05-PL-01-02-04-SF-00
XT01-PL-01-1621602671468
XT01-06-PL-01-02-04-SF-00
XT01-PL-02-1621602671654
XT01-06-PL-02-02-05-SF-00
XT01-PL-03-1621602671760
XT01-06-PL-03-12-05-SF-00
XT01-PL-04-1621602671863
XT01-06-PL-04-13-05-SF-00
XT01-PL-05-1621602671969
XT01-06-PL-05-03-14-SF-00
XT01-PL-06-1621602672073
XT01-06-PL-06-04-14-SF-00
XT01-PL-07-1621602672177
XT01-06-PL-07-12-14-SF-00
XT01-PL-08-1621602672280
XT01-06-PL-08-13-14-SF-00
Analyzed Maps: 508
XT01-98-AM-508
XT01-05-PL-01-03-05-SF-00
XT01-PL-01-1621602672582
XT01-06-PL-01-03-05-SF-00
XT01-PL-02-1621602672767
XT01-06-PL-02-02-03-SF-00
XT01-PL-03-1621602672869
XT01-06-PL-03-14-05-SF-00
XT01-PL-04-1621602672973
XT01-06-PL-04-13-06-SF-00
XT01-PL-05-1621602673080
XT01-06-PL-05-05-14-SF-00
XT01-PL-06-1621602673183
XT01-06-PL-06-04-15-SF-00
XT01-PL-07-1621602673291
XT01-06-PL-07-14-14-SF-00
XT01-PL-08-1621602673398
XT01-06-PL-08-13-15-SF-00
Analyzed Maps: 3018
XT01-98-AM-3018
XT01-05-PL-01-01-02-SF-00
XT01-PL-01-1621602674170
XT01-06-PL-01-01-02-SF-00
XT01-PL-02-1621602674415
XT01-06-PL-02-03-06-SF-00
XT01-PL-03-1621602674527
XT01-06-PL-03-14-03-SF-00
XT01-PL-04-1621602674640
XT01-06-PL-04-13-02-SF-00
XT01-PL-05-1621602674750
XT01-06-PL-05-05-12-SF-00
XT01-PL-06-1621602674857
XT01-06-PL-06-04-11-SF-00
XT01-PL-07-1621602674964
XT01-06-PL-07-14-12-SF-00
XT01-PL-08-1621602675078
XT01-06-PL-08-13-11-SF-00
Analyzed Maps: 3350
XT01-98-AM-3350
XT01-05-PL-01-02-06-SF-00
XT01-PL-01-1621602675937
XT01-06-PL-01-02-06-SF-00
XT01-PL-02-1621602676192
XT01-06-PL-02-01-04-SF-00
XT01-PL-03-1621602676319
XT01-06-PL-03-14-04-SF-00
XT01-PL-04-1621602676438
XT01-06-PL-04-15-03-SF-00
XT01-PL-05-1621602676556
XT01-06-PL-05-05-13-SF-00
XT01-PL-06-1621602676667
XT01-06-PL-06-06-12-SF-00
XT01-PL-07-1621602676787
XT01-06-PL-07-14-13-SF-00
XT01-PL-08-1621602676916
XT01-06-PL-08-15-12-SF-00
Analyzed Maps: 10271
XT01-98-AM-10271
XT01-05-PL-01-00-04-SF-00
XT01-PL-01-1621602679262
XT01-06-PL-01-00-04-SF-00
XT01-PL-02-1621602679606
XT01-06-PL-02-02-02-SF-00
XT01-PL-03-1621602679737
XT01-06-PL-03-16-03-SF-00
XT01-PL-04-1621602679875
XT01-06-PL-04-11-04-SF-00
XT01-PL-05-1621602679989
XT01-06-PL-05-07-12-SF-00
XT01-PL-06-1621602680103
XT01-06-PL-06-02-13-SF-00
XT01-PL-07-1621602680218
XT01-06-PL-07-16-12-SF-00
XT01-PL-08-1621602680340
XT01-06-PL-08-11-13-SF-00
Analyzed Maps: 11511
XT01-98-AM-11511
XT01-05-PL-01-02-01-SF-00
XT01-PL-01-1621602682985
XT01-06-PL-01-02-01-SF-00
XT01-PL-02-1621602683353
XT01-06-PL-02-01-06-SF-00
XT01-PL-03-1621602683529
XT01-06-PL-03-11-05-SF-00
XT01-PL-04-1621602683678
XT01-06-PL-04-16-03-SF-00
XT01-PL-05-1621602683812
XT01-06-PL-05-02-14-SF-00
XT01-PL-06-1621602683929
XT01-06-PL-06-07-12-SF-00
XT01-PL-07-1621602684060
XT01-06-PL-07-11-14-SF-00
XT01-PL-08-1621602684187
XT01-06-PL-08-16-12-SF-00
Analyzed Maps: 9554
XT01-98-AM-9554
XT01-05-PL-01-02-07-SF-00
XT01-PL-01-1621602686387
XT01-06-PL-01-02-07-SF-00
XT01-PL-02-1621602686862
XT01-06-PL-02-00-03-SF-00
XT01-PL-03-1621602687050
XT01-06-PL-03-16-02-SF-00
XT01-PL-04-1621602687259
XT01-06-PL-04-10-06-SF-00
XT01-PL-05-1621602687398
XT01-06-PL-05-07-11-SF-00
XT01-PL-06-1621602687517
XT01-06-PL-06-01-15-SF-00
XT01-PL-07-1621602687652
XT01-06-PL-07-16-11-SF-00
XT01-PL-08-1621602687777
XT01-06-PL-08-10-15-SF-00
Analyzed Maps: 13684
XT01-98-AM-13684
XT01-05-PL-01-01-05-SF-00
XT01-PL-01-1621602690934
XT01-06-PL-01-01-05-SF-00
XT01-PL-02-1621602691478
XT01-06-PL-02-00-06-SF-00
XT01-PL-03-1621602691679
XT01-06-PL-03-11-03-SF-00
XT01-PL-04-1621602691851
XT01-06-PL-04-10-03-SF-00
XT01-PL-05-1621602691994
XT01-06-PL-05-02-12-SF-00
XT01-PL-06-1621602692117
XT01-06-PL-06-01-12-SF-00
XT01-PL-07-1621602692271
XT01-06-PL-07-11-12-SF-00
XT01-PL-08-1621602692404
XT01-06-PL-08-10-12-SF-00
Analyzed Maps: 19892
XT01-98-AM-19892
XT01-05-PL-01-00-05-SF-00
XT01-PL-01-1621602696917
XT01-06-PL-01-00-05-SF-00
XT01-PL-02-1621602697549
XT01-06-PL-02-00-01-SF-00
XT01-PL-03-1621602697746
XT01-06-PL-03-13-01-SF-00
XT01-PL-04-1621602697969
XT01-06-PL-04-13-00-SF-00
XT01-PL-05-1621602698110
XT01-06-PL-05-04-10-SF-00
XT01-PL-06-1621602698241
XT01-06-PL-06-04-09-SF-00
XT01-PL-07-1621602698391
XT01-06-PL-07-13-10-SF-00
XT01-PL-08-1621602698525
XT01-06-PL-08-13-09-SF-00
Analyzed Maps: 12700
XT01-98-AM-12700
XT01-05-PL-01-05-02-SF-00
XT01-PL-01-1621602701456
XT01-06-PL-01-05-02-SF-00
XT01-PL-02-1621602702050
XT01-06-PL-02-05-03-SF-00
XT01-PL-03-1621602702436
XT01-06-PL-03-14-02-SF-00
XT01-PL-04-1621602702702
XT01-06-PL-04-15-03-SF-00
XT01-PL-05-1621602702865
XT01-06-PL-05-05-11-SF-00
XT01-PL-06-1621602703007
XT01-06-PL-06-06-10-SF-00
XT01-PL-07-1621602703188
XT01-06-PL-07-14-11-SF-00
XT01-PL-08-1621602703333
XT01-06-PL-08-15-12-SF-00
Analyzed Maps: 20135
XT01-98-AM-20135
XT01-05-PL-01-00-02-SF-00
XT01-PL-01-1621602707950
XT01-06-PL-01-00-02-SF-00
XT01-PL-02-1621602708584
XT01-06-PL-02-00-07-SF-00
XT01-PL-03-1621602708782
XT01-06-PL-03-14-01-SF-00
XT01-PL-04-1621602709124
XT01-06-PL-04-15-04-SF-00
XT01-PL-05-1621602709288
XT01-06-PL-05-01-13-SF-00
XT01-PL-06-1621602709426
XT01-06-PL-06-05-15-SF-00
XT01-PL-07-1621602709562
XT01-06-PL-07-14-10-SF-00
XT01-PL-08-1621602709707
XT01-06-PL-08-15-13-SF-00
Analyzed Maps: 16283
XT01-98-AM-16283
XT01-05-PL-01-04-02-SF-00
XT01-PL-01-1621602713485
XT01-06-PL-01-04-02-SF-00
XT01-PL-02-1621602714288
XT01-06-PL-02-05-01-SF-00
XT01-PL-03-1621602714718
XT01-06-PL-03-10-05-SF-00
XT01-PL-04-1621602715044
XT01-06-PL-04-11-06-SF-00
XT01-PL-05-1621602715192
XT01-06-PL-05-03-15-SF-00
XT01-PL-06-1621602715344
XT01-06-PL-06-02-15-SF-00
XT01-PL-07-1621602715527
XT01-06-PL-07-10-14-SF-00
XT01-PL-08-1621602715683
XT01-06-PL-08-11-15-SF-00
Analyzed Maps: 25518
XT01-98-AM-25518
XT01-05-PL-01-01-03-SF-00
XT01-PL-01-1621602721659
XT01-06-PL-01-01-03-SF-00
XT01-PL-02-1621602722645
XT01-06-PL-02-01-01-SF-00
XT01-PL-03-1621602723291
XT01-06-PL-03-14-06-SF-00
XT01-PL-04-1621602727053
XT01-06-PL-04-15-00-SF-00
XT01-PL-05-1621602727311
XT01-06-PL-05-04-16-SF-00
XT01-PL-06-1621602727481
XT01-06-PL-06-05-15-SF-00
XT01-PL-07-1621602727718
XT01-06-PL-07-12-15-SF-00
XT01-PL-08-1621602728012
XT01-06-PL-08-13-13-SF-00
Analyzed Maps: 25571
XT01-98-AM-25571
XT01-05-PL-01-04-07-SF-00
XT01-PL-01-1621602733983
XT01-06-PL-01-04-07-SF-00
XT01-PL-02-1621602735378
XT01-06-PL-02-03-07-SF-00
XT01-PL-03-1621602735965
XT01-06-PL-03-15-00-SF-00
XT01-PL-04-1621602739282
XT01-06-PL-04-10-04-SF-00
XT01-PL-05-1621602739456
XT01-06-PL-05-04-09-SF-00
XT01-PL-06-1621602739632
XT01-06-PL-06-08-10-SF-00
XT01-PL-07-1621602739813
XT01-06-PL-07-14-14-SF-00
XT01-PL-08-1621602740193
XT01-06-PL-08-13-12-SF-00
Analyzed Maps: 19592
XT01-98-AM-19592
XT01-05-PL-01-01-07-SF-00
XT01-PL-01-1621602744672
XT01-06-PL-01-01-07-SF-00
XT01-PL-02-1621602745501
XT01-06-PL-02-03-02-SF-00
XT01-PL-03-1621602745928
XT01-06-PL-03-09-07-SF-21
XT01-PL-04-1621602751578
XT01-06-PL-04-15-00-SF-00
XT01-PL-05-1621602751760
XT01-06-PL-05-06-14-SF-00
XT01-PL-06-1621602751947
XT01-06-PL-06-05-16-SF-00
XT01-PL-07-1621602752144
XT01-06-PL-07-12-11-SF-00
XT01-PL-08-1621602752341
XT01-06-PL-08-15-10-SF-00
Analyzed Maps: 17586
XT01-98-AM-17586
XT01-05-PL-01-06-02-SF-00
XT01-PL-01-1621602756311
XT01-06-PL-01-06-02-SF-00
XT01-PL-02-1621602757229
XT01-06-PL-02-06-03-SF-00
XT01-PL-03-1621602758049
XT01-06-PL-03-10-02-SF-00
XT01-PL-04-1621602762997
XT01-06-PL-04-14-07-SF-00
XT01-PL-05-1621602763207
XT01-06-PL-05-09-09-SF-21
XT01-PL-06-1621602763409
XT01-06-PL-06-10-08-SF-00
XT01-PL-07-1621602763707
XT01-06-PL-07-14-09-SF-00
XT01-PL-08-1621602763921
XT01-06-PL-08-12-10-SF-00
Analyzed Maps: 16387
XT01-98-AM-16387
XT01-05-PL-01-07-03-SF-00
XT01-PL-01-1621602767617
XT01-06-PL-01-07-03-SF-00
XT01-PL-02-1621602768173
XT01-06-PL-02-06-01-SF-00
XT01-PL-03-1621602769589
XT01-06-PL-03-15-01-SF-00
XT01-PL-04-1621602777652
XT01-06-PL-04-09-01-SF-00
XT01-PL-05-1621602777980
XT01-06-PL-05-04-16-SF-00
XT01-PL-06-1621602778220
XT01-06-PL-06-06-15-SF-00
XT01-PL-07-1621602778470
XT01-06-PL-07-10-13-SF-00
XT01-PL-08-1621602778704
XT01-06-PL-08-09-13-SF-00
Analyzed Maps: 18759
XT01-98-AM-18759
XT01-05-PL-01-07-00-SF-00
XT01-PL-01-1621602782850
XT01-06-PL-01-07-00-SF-00
XT01-PL-02-1621602784164
XT01-06-PL-02-03-01-SF-00
XT01-PL-03-1621602785325
XT01-06-PL-03-16-04-SF-00
XT01-PL-04-1621602797237
XT01-06-PL-04-10-05-SF-00
XT01-PL-05-1621602797497
XT01-06-PL-05-11-07-SF-00
XT01-PL-06-1621602797718
XT01-06-PL-06-12-06-SF-00
XT01-PL-07-1621602797943
XT01-06-PL-07-09-15-SF-00
XT01-PL-08-1621602798169
XT01-06-PL-08-14-09-SF-00
Analyzed Maps: 14710
XT01-98-AM-14710
XT01-05-PL-01-04-00-SF-00
XT01-PL-01-1621602801394
XT01-06-PL-01-04-00-SF-00
XT01-PL-02-1621602802148
XT01-06-PL-02-07-02-SF-00
XT01-PL-03-1621602802998
XT01-06-PL-03-02-16-SF-00
XT01-PL-04-1621602803445
XT01-06-PL-04-08-08-SF-01
XT01-PL-05-1621602803700
XT01-06-PL-05-04-14-SF-00
XT01-PL-06-1621602804003
XT01-06-PL-06-05-12-SF-00
XT01-PL-07-1621602804190
XT01-06-PL-07-14-09-SF-00
XT01-PL-08-1621602804397
XT01-06-PL-08-15-11-SF-00
Analyzed Maps: 23628
XT01-98-AM-23628
XT01-05-PL-01-16-00-SF-00
XT01-PL-01-1621602809265
XT01-06-PL-01-16-00-SF-00
XT01-PL-02-1621602811898
XT01-06-PL-02-04-05-SF-00
XT01-PL-03-1621602813311
XT01-06-PL-03-07-11-SF-00
XT01-PL-04-1621602813694
XT01-06-PL-04-03-07-SF-00
XT01-PL-05-1621602813974
XT01-06-PL-05-06-13-SF-00
XT01-PL-06-1621602814343
XT01-06-PL-06-05-15-SF-00
XT01-PL-07-1621602814515
XT01-06-PL-07-12-11-SF-00
XT01-PL-08-1621602814696
XT01-06-PL-08-11-16-SF-00
Analyzed Maps: 13596
XT01-98-AM-13596
XT01-05-PL-01-10-10-SF-00
XT01-PL-01-1621602817519
XT01-06-PL-01-10-10-SF-00
XT01-PL-02-1621602818300
XT01-06-PL-02-05-07-SF-00
XT01-PL-03-1621602818757
XT01-06-PL-03-06-12-SF-00
XT01-PL-04-1621602819141
XT01-06-PL-04-05-04-SF-00
XT01-PL-05-1621602819505
XT01-06-PL-05-04-13-SF-00
XT01-PL-06-1621602819818
XT01-06-PL-06-03-14-SF-00
XT01-PL-07-1621602819995
XT01-06-PL-07-10-13-SF-00
XT01-PL-08-1621602820218
XT01-06-PL-08-16-09-SF-00
Analyzed Maps: 12150
XT01-98-AM-12150
XT01-05-PL-01-11-09-SF-00
XT01-PL-01-1621602822736
XT01-06-PL-01-11-09-SF-00
XT01-PL-02-1621602823599
XT01-06-PL-02-04-06-SF-00
XT01-PL-03-1621602823770
XT01-06-PL-03-11-03-SF-00
XT01-PL-04-1621602823987
XT01-06-PL-04-02-00-SF-00
XT01-PL-05-1621602824141
XT01-06-PL-05-16-02-SF-00
XT01-PL-06-1621602824702
XT01-06-PL-06-07-13-SF-00
XT01-PL-07-1621602824923
XT01-06-PL-07-16-09-SF-00
XT01-PL-08-1621602825209
XT01-06-PL-08-09-14-SF-00
Analyzed Maps: 14344
XT01-98-AM-14344
XT01-05-PL-01-16-14-SF-00
XT01-PL-01-1621602828175
XT01-06-PL-01-16-14-SF-00
XT01-PL-02-1621602829309
XT01-06-PL-02-01-00-SF-00
XT01-PL-03-1621602829434
XT01-06-PL-03-16-02-SF-00
XT01-PL-04-1621602829571
XT01-06-PL-04-00-00-SF-00
XT01-PL-05-1621602829687
XT01-06-PL-05-07-13-SF-00
XT01-PL-06-1621602829842
XT01-06-PL-06-06-11-SF-00
XT01-PL-07-1621602830114
XT01-06-PL-07-14-15-SF-00
XT01-PL-08-1621602830499
XT01-06-PL-08-13-16-SF-00
Analyzed Maps: 24362
XT01-98-AM-24362
XT01-05-PL-01-12-16-SF-00
XT01-PL-01-1621602835174
XT01-06-PL-01-12-16-SF-00
XT01-PL-02-1621602835984
XT01-06-PL-02-07-04-SF-00
XT01-PL-03-1621602836100
XT01-06-PL-03-16-14-SF-00
XT01-PL-04-1621602836219
XT01-06-PL-04-06-08-SF-00
XT01-PL-05-1621602836335
XT01-06-PL-05-07-14-SF-00
XT01-PL-06-1621602836457
XT01-06-PL-06-05-10-SF-00
XT01-PL-07-1621602836784
XT01-06-PL-07-09-12-SF-00
XT01-PL-08-1621602837003
XT01-06-PL-08-14-16-SF-00
Analyzed Maps: 37040
XT01-98-AM-37040
XT01-05-PL-01-16-10-SF-00
XT01-PL-01-1621602843523
XT01-06-PL-01-16-10-SF-00
XT01-PL-02-1621602844167
XT01-06-PL-02-07-09-SF-21
XT01-PL-03-1621602844282
XT01-06-PL-03-00-16-SF-00
XT01-PL-04-1621602844398
XT01-06-PL-04-09-11-SF-00
XT01-PL-05-1621602844513
XT01-06-PL-05-07-10-SF-00
XT01-PL-06-1621602844659
XT01-06-PL-06-08-09-SF-00
XT01-PL-07-1621602844824
XT01-06-PL-07-15-14-SF-00
XT01-PL-08-1621602845025
XT01-06-PL-08-11-11-SF-00
Analyzed Maps: 53682
XT01-98-AM-53682
XT01-05-PL-01-07-07-SF-21
XT01-PL-01-1621602853938
XT01-06-PL-01-07-07-SF-21
XT01-PL-02-1621602855324
XT01-06-PL-02-05-06-SF-00
XT01-PL-03-1621602855447
XT01-06-PL-03-10-01-SF-00
XT01-PL-04-1621602855568
XT01-06-PL-04-09-16-SF-00
XT01-PL-05-1621602855681
XT01-06-PL-05-03-11-SF-00
XT01-PL-06-1621602855802
XT01-06-PL-06-03-10-SF-00
XT01-PL-07-1621602855978
XT01-06-PL-07-06-06-SF-00
XT01-PL-08-1621602856170
XT01-06-PL-08-16-13-SF-00
Analyzed Maps: 39328
XT01-98-AM-39328
XT01-05-PL-01-12-09-SF-00
XT01-PL-01-1621602862563
XT01-06-PL-01-12-09-SF-00
XT01-PL-02-1621602863294
XT01-06-PL-02-06-07-SF-00
XT01-PL-03-1621602863421
XT01-06-PL-03-15-06-SF-00
XT01-PL-04-1621602863536
XT01-06-PL-04-15-09-SF-00
XT01-PL-05-1621602863657
XT01-06-PL-05-02-11-SF-00
XT01-PL-06-1621602863772
XT01-06-PL-06-02-10-SF-00
XT01-PL-07-1621602863942
XT01-06-PL-07-15-15-SF-00
XT01-PL-08-1621602864232
XT01-06-PL-08-10-09-SF-00
Analyzed Maps: 41447
XT01-98-AM-41447
XT01-05-PL-01-15-07-SF-00
XT01-PL-01-1621602870551
XT01-06-PL-01-15-07-SF-00
XT01-PL-02-1621602871196
XT01-06-PL-02-08-07-SF-00
XT01-PL-03-1621602871316
XT01-06-PL-03-02-09-SF-00
XT01-PL-04-1621602871433
XT01-06-PL-04-05-05-SF-00
XT01-PL-05-1621602871541
XT01-06-PL-05-03-16-SF-00
XT01-PL-06-1621602871650
XT01-06-PL-06-01-16-SF-00
XT01-PL-07-1621602871840
XT01-06-PL-07-11-10-SF-00
XT01-PL-08-1621602872139
XT01-06-PL-08-10-11-SF-00
Analyzed Maps: 51556
XT01-98-AM-51556
XT01-05-PL-01-09-10-SF-00
XT01-PL-01-1621602879145
XT01-06-PL-01-09-10-SF-00
XT01-PL-02-1621602880372
XT01-06-PL-02-06-05-SF-00
XT01-PL-03-1621602880500
XT01-06-PL-03-06-16-SF-00
XT01-PL-04-1621602880615
XT01-06-PL-04-10-07-SF-00
XT01-PL-05-1621602880723
XT01-06-PL-05-01-14-SF-00
XT01-PL-06-1621602880838
XT01-06-PL-06-15-16-SF-00
XT01-PL-07-1621602881029
XT01-06-PL-07-10-00-SF-00
XT01-PL-08-1621602881844
XT01-06-PL-08-09-08-SF-00
Analyzed Maps: 39450
XT01-98-AM-39450
XT01-05-PL-01-01-10-SF-00
XT01-PL-01-1621602886902
XT01-06-PL-01-01-10-SF-00
XT01-PL-02-1621602887486
XT01-06-PL-02-16-16-SF-00
XT01-PL-03-1621602887601
XT01-06-PL-03-08-06-SF-00
XT01-PL-04-1621602887716
XT01-06-PL-04-16-15-SF-00
XT01-PL-05-1621602887836
XT01-06-PL-05-00-13-SF-00
XT01-PL-06-1621602888112
XT01-06-PL-06-00-12-SF-00
XT01-PL-07-1621602888567
XT01-06-PL-07-06-09-SF-00
Analyzed Maps: 48792
XT01-98-AM-48792
XT01-05-PL-01-07-15-SF-00
XT01-PL-01-1621602894205
XT01-06-PL-01-07-15-SF-00
XT01-PL-02-1621602894851
XT01-06-PL-02-12-07-SF-00
XT01-PL-03-1621602894969
XT01-06-PL-03-10-16-SF-00
XT01-PL-04-1621602895087
XT01-06-PL-04-07-08-SF-00
XT01-PL-05-1621602895238
XT01-06-PL-05-06-04-SF-00
XT01-PL-06-1621602896202
XT01-06-PL-06-15-02-SF-00
XT01-PL-07-1621602897708
XT01-06-PL-07-16-06-SF-00
Analyzed Maps: 45174
XT01-98-AM-45174
XT01-05-PL-01-06-00-SF-00
XT01-PL-01-1621602902103
XT01-06-PL-01-06-00-SF-00
XT01-PL-02-1621602902395
XT01-06-PL-02-07-16-SF-00
XT01-PL-03-1621602902505
XT01-06-PL-03-16-01-SF-00
XT01-PL-04-1621602902615
XT01-06-PL-04-07-06-SF-00
XT01-PL-05-1621602902759
XT01-06-PL-05-00-15-SF-00
XT01-PL-06-1621602903414
XT01-06-PL-06-09-06-SF-00
XT01-PL-07-1621602906643
XT01-06-PL-07-15-05-SF-00
Analyzed Maps: 23875
XT01-98-AM-23875
XT01-05-PL-01-00-14-SF-00
XT01-PL-01-1621602908402
XT01-06-PL-01-00-14-SF-00
XT01-PL-02-1621602908588
XT01-06-PL-02-11-02-SF-00
XT01-PL-03-1621602908693
XT01-06-PL-03-01-11-SF-00
XT01-PL-04-1621602908795
XT01-06-PL-04-00-10-SF-00
XT01-PL-05-1621602908909
XT01-06-PL-05-03-09-SF-00
XT01-PL-06-1621602909738
XT01-06-PL-06-07-05-SF-00
XT01-PL-07-1621602916032
XT01-06-PL-07-05-09-SF-00
Analyzed Maps: 10973
XT01-98-AM-10973
XT01-05-PL-01-16-05-SF-00
XT01-PL-01-1621602916725
XT01-06-PL-01-16-05-SF-00
XT01-PL-02-1621602916871
XT01-06-PL-02-01-09-SF-00
XT01-PL-03-1621602916975
XT01-06-PL-03-00-11-SF-00
XT01-PL-04-1621602917083
XT01-06-PL-04-07-01-SF-00
XT01-PL-05-1621602917193
XT01-06-PL-05-00-09-SF-00
XT01-PL-06-1621602917652
XT01-06-PL-06-13-07-SF-00
XT01-PL-07-1621602919239
XT01-06-PL-07-09-05-SF-00
Analyzed Maps: 1792
XT01-98-AM-1792
XT01-05-PL-01-16-07-SF-00
XT01-PL-01-1621602919418
XT01-06-PL-01-16-07-SF-00
XT01-PL-02-1621602919535
XT01-06-PL-02-09-02-SF-00
XT01-PL-03-1621602919641
XT01-06-PL-03-12-02-SF-00
XT01-PL-04-1621602919760
XT01-06-PL-04-04-01-SF-00
XT01-PL-06-1621602920402
XT01-06-PL-06-11-01-SF-00
XT01-PL-07-1621602921273
XT01-06-PL-07-12-01-SF-00
Analyzed Maps: 190
XT01-98-AM-190
XT01-05-PL-01-09-03-SF-00
XT01-PL-01-1621602921382
XT01-06-PL-01-09-03-SF-00
XT01-PL-02-1621602921491
XT01-06-PL-02-12-00-SF-00
XT01-PL-03-1621602921599
XT01-06-PL-03-09-00-SF-00
XT01-PL-04-1621602921704
XT01-06-PL-04-09-04-SF-00
XT01-PL-06-1621602921930
XT01-06-PL-06-11-00-SF-00
XT01-PL-07-1621602922504
XT01-06-PL-07-14-00-SF-00
XT01-05-PL-01-09-07-SF-00
XT01-PL-01-1621602922611
XT01-06-PL-01-09-07-SF-00
XT01-PL-02-1621602922718
XT01-06-PL-02-03-00-SF-00
XT01-PL-04-1621602936818
XT01-06-PL-04-05-00-SF-00
XT01-05-PL-01-16-16-SF-00
XT01-PL-01-1621602936926
XT01-06-PL-01-16-16-SF-00
XT01-PL-02-1621602937035
XT01-06-PL-02-10-10-SF-00
XT01-05-PL-01-09-16-SF-00
XT01-PL-01-1621602937143
XT01-06-PL-01-09-16-SF-00
XT01-PL-02-1621602937250
XT01-06-PL-02-00-09-SF-00
XT01-05-PL-01-10-01-SF-00
XT01-PL-01-1621602937359
XT01-06-PL-01-10-01-SF-00
XT01-PL-02-1621602937467
XT01-06-PL-02-00-16-SF-00
XT01-05-PL-01-04-10-SF-00
XT01-PL-01-1621602937572
XT01-06-PL-01-04-10-SF-00
XT01-PL-02-1621602937680
XT01-06-PL-02-12-10-SF-00
XT01-05-PL-01-00-10-SF-00
XT01-PL-01-1621602937788
XT01-06-PL-01-00-10-SF-00
XT01-PL-02-1621602937894
XT01-06-PL-02-03-12-SF-00
XT01-PL-02-1621602938000
XT01-06-PL-02-16-15-SF-00
XT01-08
XT01-09