XT01-ALPHA-BETA-ON
XT01-02-[56, 10, 53, 10, 48, 32, 48, 10, 49, 55, 32, 49, 55, 10, 48, 32, 48, 32, 48, 32, 48, 32, 48, 32, 48, 32, 48, 32, 48, 32, 45, 32, 48, 32, 48, 32, 48, 32, 48, 32, 48, 32, 48, 32, 48, 32, 48, 10, 48, 32, 48, 32, 48, 32, 48, 32, 48, 32, 48, 32, 48, 32, 48, 32, 45, 32, 48, 32, 48, 32, 48, 32, 48, 32, 48, 32, 48, 32, 48, 32, 48, 10, 48, 32, 48, 32, 48, 32, 48, 32, 48, 32, 48, 32, 48, 32, 48, 32, 45, 32, 48, 32, 48, 32, 48, 32, 48, 32, 48, 32, 48, 32, 48, 32, 48, 10, 48, 32, 48, 32, 48, 32, 49, 32, 50, 32, 48, 32, 48, 32, 48, 32, 45, 32, 48, 32, 48, 32, 48, 32, 51, 32, 52, 32, 48, 32, 48, 32, 48, 10, 48, 32, 48, 32, 48, 32, 50, 32, 49, 32, 48, 32, 48, 32, 48, 32, 45, 32, 48, 32, 48, 32, 48, 32, 52, 32, 51, 32, 48, 32, 48, 32, 48, 10, 48, 32, 48, 32, 48, 32, 48, 32, 48, 32, 48, 32, 48, 32, 48, 32, 45, 32, 48, 32, 48, 32, 48, 32, 48, 32, 48, 32, 48, 32, 48, 32, 48, 10, 48, 32, 48, 32, 48, 32, 48, 32, 48, 32, 48, 32, 48, 32, 48, 32, 48, 32, 48, 32, 48, 32, 48, 32, 48, 32, 48, 32, 48, 32, 48, 32, 48, 10, 48, 32, 48, 32, 48, 32, 48, 32, 48, 32, 48, 32, 48, 32, 98, 32, 48, 32, 98, 32, 48, 32, 48, 32, 48, 32, 48, 32, 48, 32, 48, 32, 48, 10, 45, 32, 45, 32, 45, 32, 45, 32, 45, 32, 45, 32, 48, 32, 48, 32, 99, 32, 48, 32, 48, 32, 45, 32, 45, 32, 45, 32, 45, 32, 45, 32, 45, 10, 48, 32, 48, 32, 48, 32, 48, 32, 48, 32, 48, 32, 48, 32, 98, 32, 48, 32, 98, 32, 48, 32, 48, 32, 48, 32, 48, 32, 48, 32, 48, 32, 48, 10, 48, 32, 48, 32, 48, 32, 48, 32, 48, 32, 48, 32, 48, 32, 48, 32, 48, 32, 48, 32, 48, 32, 48, 32, 48, 32, 48, 32, 48, 32, 48, 32, 48, 10, 48, 32, 48, 32, 48, 32, 48, 32, 48, 32, 48, 32, 48, 32, 48, 32, 45, 32, 48, 32, 48, 32, 48, 32, 48, 32, 48, 32, 48, 32, 48, 32, 48, 10, 48, 32, 48, 32, 48, 32, 53, 32, 54, 32, 48, 32, 48, 32, 48, 32, 45, 32, 48, 32, 48, 32, 48, 32, 55, 32, 56, 32, 48, 32, 48, 32, 48, 10, 48, 32, 48, 32, 48, 32, 54, 32, 53, 32, 48, 32, 48, 32, 48, 32, 45, 32, 48, 32, 48, 32, 48, 32, 56, 32, 55, 32, 48, 32, 48, 32, 48, 10, 48, 32, 48, 32, 48, 32, 48, 32, 48, 32, 48, 32, 48, 32, 48, 32, 45, 32, 48, 32, 48, 32, 48, 32, 48, 32, 48, 32, 48, 32, 48, 32, 48, 10, 48, 32, 48, 32, 48, 32, 48, 32, 48, 32, 48, 32, 48, 32, 48, 32, 45, 32, 48, 32, 48, 32, 48, 32, 48, 32, 48, 32, 48, 32, 48, 32, 48, 10, 48, 32, 48, 32, 48, 32, 48, 32, 48, 32, 48, 32, 48, 32, 48, 32, 45, 32, 48, 32, 48, 32, 48, 32, 48, 32, 48, 32, 48, 32, 48, 32, 48]
XT01-03-PL-01
Analyzed Maps: 64
XT01-98-AM-64
XT01-05-PL-01-02-04-SF-00
XT01-PL-01-1621601998694
XT01-06-PL-01-02-04-SF-00
XT01-PL-02-1621601998939
XT01-06-PL-02-02-05-SF-00
XT01-PL-03-1621601999042
XT01-06-PL-03-12-05-SF-00
XT01-PL-04-1621601999144
XT01-06-PL-04-13-05-SF-00
XT01-PL-05-1621601999250
XT01-06-PL-05-03-14-SF-00
XT01-PL-06-1621601999354
XT01-06-PL-06-04-14-SF-00
XT01-PL-07-1621601999456
XT01-06-PL-07-12-14-SF-00
XT01-PL-08-1621601999563
XT01-06-PL-08-13-14-SF-00
Analyzed Maps: 69
XT01-98-AM-69
XT01-05-PL-01-03-05-SF-00
XT01-PL-01-1621601999724
XT01-06-PL-01-03-05-SF-00
XT01-PL-02-1621601999973
XT01-06-PL-02-02-03-SF-00
XT01-PL-03-1621602000080
XT01-06-PL-03-14-05-SF-00
XT01-PL-04-1621602000186
XT01-06-PL-04-13-06-SF-00
XT01-PL-05-1621602000289
XT01-06-PL-05-05-14-SF-00
XT01-PL-06-1621602000397
XT01-06-PL-06-04-15-SF-00
XT01-PL-07-1621602000502
XT01-06-PL-07-14-14-SF-00
XT01-PL-08-1621602000612
XT01-06-PL-08-13-15-SF-00
Analyzed Maps: 390
XT01-98-AM-390
XT01-05-PL-01-01-02-SF-00
XT01-PL-01-1621602000892
XT01-06-PL-01-01-02-SF-00
XT01-PL-02-1621602001587
XT01-06-PL-02-03-06-SF-00
XT01-PL-03-1621602001696
XT01-06-PL-03-14-03-SF-00
XT01-PL-04-1621602001803
XT01-06-PL-04-13-02-SF-00
XT01-PL-05-1621602001908
XT01-06-PL-05-05-12-SF-00
XT01-PL-06-1621602002016
XT01-06-PL-06-04-11-SF-00
XT01-PL-07-1621602002121
XT01-06-PL-07-14-12-SF-00
XT01-PL-08-1621602002235
XT01-06-PL-08-13-11-SF-00
Analyzed Maps: 629
XT01-98-AM-629
XT01-05-PL-01-02-06-SF-00
XT01-PL-01-1621602002502
XT01-06-PL-01-02-06-SF-00
XT01-PL-02-1621602003826
XT01-06-PL-02-01-04-SF-00
XT01-PL-03-1621602003949
XT01-06-PL-03-14-04-SF-00
XT01-PL-04-1621602004068
XT01-06-PL-04-15-03-SF-00
XT01-PL-05-1621602004185
XT01-06-PL-05-05-13-SF-00
XT01-PL-06-1621602004292
XT01-06-PL-06-06-12-SF-00
XT01-PL-07-1621602004405
XT01-06-PL-07-14-13-SF-00
XT01-PL-08-1621602004526
XT01-06-PL-08-15-12-SF-00
Analyzed Maps: 761
XT01-98-AM-761
XT01-05-PL-01-00-04-SF-00
XT01-PL-01-1621602004831
XT01-06-PL-01-00-04-SF-00
XT01-PL-02-1621602006873
XT01-06-PL-02-02-02-SF-00
XT01-PL-03-1621602007007
XT01-06-PL-03-16-03-SF-00
XT01-PL-04-1621602007146
XT01-06-PL-04-11-04-SF-00
XT01-PL-05-1621602007262
XT01-06-PL-05-07-12-SF-00
XT01-PL-06-1621602007377
XT01-06-PL-06-02-13-SF-00
XT01-PL-07-1621602007495
XT01-06-PL-07-16-12-SF-00
XT01-PL-08-1621602007615
XT01-06-PL-08-11-13-SF-00
Analyzed Maps: 741
XT01-98-AM-741
XT01-05-PL-01-02-01-SF-00
XT01-PL-01-1621602007918
XT01-06-PL-01-02-01-SF-00
XT01-PL-02-1621602009958
XT01-06-PL-02-01-06-SF-00
XT01-PL-03-1621602010140
XT01-06-PL-03-11-05-SF-00
XT01-PL-04-1621602010290
XT01-06-PL-04-16-03-SF-00
XT01-PL-05-1621602010424
XT01-06-PL-05-02-14-SF-00
XT01-PL-06-1621602010541
XT01-06-PL-06-07-12-SF-00
XT01-PL-07-1621602010668
XT01-06-PL-07-11-14-SF-00
XT01-PL-08-1621602010796
XT01-06-PL-08-16-12-SF-00
Analyzed Maps: 953
XT01-98-AM-953
XT01-05-PL-01-02-07-SF-00
XT01-PL-01-1621602011143
XT01-06-PL-01-02-07-SF-00
XT01-PL-02-1621602014457
XT01-06-PL-02-00-03-SF-00
XT01-PL-03-1621602014650
XT01-06-PL-03-16-02-SF-00
XT01-PL-04-1621602014865
XT01-06-PL-04-10-06-SF-00
XT01-PL-05-1621602015004
XT01-06-PL-05-07-11-SF-00
XT01-PL-06-1621602015117
XT01-06-PL-06-01-15-SF-00
XT01-PL-07-1621602015248
XT01-06-PL-07-16-11-SF-00
XT01-PL-08-1621602015368
XT01-06-PL-08-10-15-SF-00
Analyzed Maps: 2485
XT01-98-AM-2485
XT01-05-PL-01-01-05-SF-00
XT01-PL-01-1621602016080
XT01-06-PL-01-01-05-SF-00
XT01-PL-02-1621602020803
XT01-06-PL-02-00-06-SF-00
XT01-PL-03-1621602021004
XT01-06-PL-03-11-03-SF-00
XT01-PL-04-1621602021180
XT01-06-PL-04-10-03-SF-00
XT01-PL-05-1621602021319
XT01-06-PL-05-02-12-SF-00
XT01-PL-06-1621602021444
XT01-06-PL-06-01-12-SF-00
XT01-PL-07-1621602021594
XT01-06-PL-07-11-12-SF-00
XT01-PL-08-1621602021729
XT01-06-PL-08-10-12-SF-00
Analyzed Maps: 1445
XT01-98-AM-1445
XT01-05-PL-01-00-05-SF-00
XT01-PL-01-1621602022212
XT01-06-PL-01-00-05-SF-00
XT01-PL-02-1621602027634
XT01-06-PL-02-00-01-SF-00
XT01-PL-03-1621602027831
XT01-06-PL-03-13-01-SF-00
XT01-PL-04-1621602028057
XT01-06-PL-04-13-00-SF-00
XT01-PL-05-1621602028202
XT01-06-PL-05-04-10-SF-00
XT01-PL-06-1621602028336
XT01-06-PL-06-04-09-SF-00
XT01-PL-07-1621602028476
XT01-06-PL-07-13-10-SF-00
XT01-PL-08-1621602028611
XT01-06-PL-08-13-09-SF-00
Analyzed Maps: 3541
XT01-98-AM-3541
XT01-05-PL-01-05-02-SF-00
XT01-PL-01-1621602029537
XT01-06-PL-01-05-02-SF-00
XT01-PL-02-1621602034098
XT01-06-PL-02-05-03-SF-00
XT01-PL-03-1621602034491
XT01-06-PL-03-14-02-SF-00
XT01-PL-04-1621602034770
XT01-06-PL-04-15-03-SF-00
XT01-PL-05-1621602034927
XT01-06-PL-05-05-11-SF-00
XT01-PL-06-1621602035070
XT01-06-PL-06-06-10-SF-00
XT01-PL-07-1621602035252
XT01-06-PL-07-14-11-SF-00
XT01-PL-08-1621602035393
XT01-06-PL-08-15-12-SF-00
Analyzed Maps: 2690
XT01-98-AM-2690
XT01-05-PL-01-00-02-SF-00
XT01-PL-01-1621602036156
XT01-06-PL-01-00-02-SF-00
XT01-PL-02-1621602041621
XT01-06-PL-02-00-07-SF-00
XT01-PL-03-1621602041819
XT01-06-PL-03-14-01-SF-00
XT01-PL-04-1621602042164
XT01-06-PL-04-15-04-SF-00
XT01-PL-05-1621602042333
XT01-06-PL-05-01-13-SF-00
XT01-PL-06-1621602042469
XT01-06-PL-06-05-15-SF-00
XT01-PL-07-1621602042607
XT01-06-PL-07-14-10-SF-00
XT01-PL-08-1621602042748
XT01-06-PL-08-15-13-SF-00
Analyzed Maps: 1347
XT01-98-AM-1347
XT01-05-PL-01-04-02-SF-00
XT01-PL-01-1621602043188
XT01-06-PL-01-04-02-SF-00
XT01-PL-02-1621602049819
XT01-06-PL-02-05-01-SF-00
XT01-PL-03-1621602050268
XT01-06-PL-03-10-05-SF-00
XT01-PL-04-1621602050608
XT01-06-PL-04-11-06-SF-00
XT01-PL-05-1621602050756
XT01-06-PL-05-03-15-SF-00
XT01-PL-06-1621602050910
XT01-06-PL-06-02-15-SF-00
XT01-PL-07-1621602051100
XT01-06-PL-07-10-14-SF-00
XT01-PL-08-1621602051260
XT01-06-PL-08-11-15-SF-00
Analyzed Maps: 3404
XT01-98-AM-3404
XT01-05-PL-01-01-03-SF-00
XT01-PL-01-1621602052212
XT01-06-PL-01-01-03-SF-00
XT01-PL-02-1621602058940
XT01-06-PL-02-01-01-SF-00
XT01-PL-03-1621602059600
XT01-06-PL-03-14-06-SF-00
XT01-PL-04-1621602063498
XT01-06-PL-04-15-00-SF-00
XT01-PL-05-1621602063752
XT01-06-PL-05-04-16-SF-00
XT01-PL-06-1621602063917
XT01-06-PL-06-05-15-SF-00
XT01-PL-07-1621602064158
XT01-06-PL-07-12-15-SF-00
XT01-PL-08-1621602064444
XT01-06-PL-08-13-13-SF-00
Analyzed Maps: 1987
XT01-98-AM-1987
XT01-05-PL-01-04-07-SF-00
XT01-PL-01-1621602065039
XT01-06-PL-01-04-07-SF-00
XT01-PL-02-1621602071768
XT01-06-PL-02-03-07-SF-00
XT01-PL-03-1621602072362
XT01-06-PL-03-15-00-SF-00
XT01-PL-04-1621602075818
XT01-06-PL-04-10-04-SF-00
XT01-PL-05-1621602075990
XT01-06-PL-05-04-09-SF-00
XT01-PL-06-1621602076169
XT01-06-PL-06-08-10-SF-00
XT01-PL-07-1621602076354
XT01-06-PL-07-14-14-SF-00
XT01-PL-08-1621602076729
XT01-06-PL-08-13-12-SF-00
Analyzed Maps: 1505
XT01-98-AM-1505
XT01-05-PL-01-01-07-SF-00
XT01-PL-01-1621602077196
XT01-06-PL-01-01-07-SF-00
XT01-PL-02-1621602083255
XT01-06-PL-02-03-02-SF-00
XT01-PL-03-1621602083688
XT01-06-PL-03-09-07-SF-21
XT01-PL-04-1621602089464
XT01-06-PL-04-15-00-SF-00
XT01-PL-05-1621602089640
XT01-06-PL-05-06-14-SF-00
XT01-PL-06-1621602089827
XT01-06-PL-06-05-16-SF-00
XT01-PL-07-1621602090019
XT01-06-PL-07-12-11-SF-00
XT01-PL-08-1621602090220
XT01-06-PL-08-15-10-SF-00
Analyzed Maps: 2628
XT01-98-AM-2628
XT01-05-PL-01-06-02-SF-00
XT01-PL-01-1621602090923
XT01-06-PL-01-06-02-SF-00
XT01-PL-02-1621602096510
XT01-06-PL-02-06-03-SF-00
XT01-PL-03-1621602097325
XT01-06-PL-03-10-02-SF-00
XT01-PL-04-1621602102513
XT01-06-PL-04-14-07-SF-00
XT01-PL-05-1621602102722
XT01-06-PL-05-09-09-SF-21
XT01-PL-06-1621602102925
XT01-06-PL-06-10-08-SF-00
XT01-PL-07-1621602103244
XT01-06-PL-07-14-09-SF-00
XT01-PL-08-1621602103468
XT01-06-PL-08-12-10-SF-00
Analyzed Maps: 2007
XT01-98-AM-2007
XT01-05-PL-01-07-03-SF-00
XT01-PL-01-1621602104070
XT01-06-PL-01-07-03-SF-00
XT01-PL-02-1621602107034
XT01-06-PL-02-06-01-SF-00
XT01-PL-03-1621602108491
XT01-06-PL-03-15-01-SF-00
XT01-PL-04-1621602116827
XT01-06-PL-04-09-01-SF-00
XT01-PL-05-1621602117157
XT01-06-PL-05-04-16-SF-00
XT01-PL-06-1621602117387
XT01-06-PL-06-06-15-SF-00
XT01-PL-07-1621602117641
XT01-06-PL-07-10-13-SF-00
XT01-PL-08-1621602117873
XT01-06-PL-08-09-13-SF-00
Analyzed Maps: 1247
XT01-98-AM-1247
XT01-05-PL-01-07-00-SF-00
XT01-PL-01-1621602118276
XT01-06-PL-01-07-00-SF-00
XT01-PL-02-1621602122739
XT01-06-PL-02-03-01-SF-00
XT01-PL-03-1621602123889
XT01-06-PL-03-16-04-SF-00
XT01-PL-04-1621602136010
XT01-06-PL-04-10-05-SF-00
XT01-PL-05-1621602136272
XT01-06-PL-05-11-07-SF-00
XT01-PL-06-1621602136488
XT01-06-PL-06-12-06-SF-00
XT01-PL-07-1621602136709
XT01-06-PL-07-09-15-SF-00
XT01-PL-08-1621602136932
XT01-06-PL-08-14-09-SF-00
Analyzed Maps: 2789
XT01-98-AM-2789
XT01-05-PL-01-04-00-SF-00
XT01-PL-01-1621602137643
XT01-06-PL-01-04-00-SF-00
XT01-PL-02-1621602142863
XT01-06-PL-02-07-02-SF-00
XT01-PL-03-1621602143705
XT01-06-PL-03-02-16-SF-00
XT01-PL-04-1621602144146
XT01-06-PL-04-08-08-SF-01
XT01-PL-05-1621602144407
XT01-06-PL-05-04-14-SF-00
XT01-PL-06-1621602144701
XT01-06-PL-06-05-12-SF-00
XT01-PL-07-1621602144891
XT01-06-PL-07-14-09-SF-00
XT01-PL-08-1621602145100
XT01-06-PL-08-15-11-SF-00
Analyzed Maps: 6652
XT01-98-AM-6652
XT01-05-PL-01-16-00-SF-00
XT01-PL-01-1621602146565
XT01-06-PL-01-16-00-SF-00
XT01-PL-02-1621602154887
XT01-06-PL-02-04-05-SF-00
XT01-PL-03-1621602156307
XT01-06-PL-03-07-11-SF-00
XT01-PL-04-1621602156693
XT01-06-PL-04-03-07-SF-00
XT01-PL-05-1621602156966
XT01-06-PL-05-06-13-SF-00
XT01-PL-06-1621602157337
XT01-06-PL-06-05-15-SF-00
XT01-PL-07-1621602157507
XT01-06-PL-07-12-11-SF-00
XT01-PL-08-1621602157690
XT01-06-PL-08-11-16-SF-00
Analyzed Maps: 2396
XT01-98-AM-2396
XT01-05-PL-01-10-10-SF-00
XT01-PL-01-1621602158301
XT01-06-PL-01-10-10-SF-00
XT01-PL-02-1621602164511
XT01-06-PL-02-05-07-SF-00
XT01-PL-03-1621602164971
XT01-06-PL-03-06-12-SF-00
XT01-PL-04-1621602165360
XT01-06-PL-04-05-04-SF-00
XT01-PL-05-1621602165725
XT01-06-PL-05-04-13-SF-00
XT01-PL-06-1621602166037
XT01-06-PL-06-03-14-SF-00
XT01-PL-07-1621602166213
XT01-06-PL-07-10-13-SF-00
XT01-PL-08-1621602166440
XT01-06-PL-08-16-09-SF-00
Analyzed Maps: 5295
XT01-98-AM-5295
XT01-05-PL-01-11-09-SF-00
XT01-PL-01-1621602167607
XT01-06-PL-01-11-09-SF-00
XT01-PL-02-1621602174080
XT01-06-PL-02-04-06-SF-00
XT01-PL-03-1621602174248
XT01-06-PL-03-11-03-SF-00
XT01-PL-04-1621602174459
XT01-06-PL-04-02-00-SF-00
XT01-PL-05-1621602174612
XT01-06-PL-05-16-02-SF-00
XT01-PL-06-1621602175149
XT01-06-PL-06-07-13-SF-00
XT01-PL-07-1621602175368
XT01-06-PL-07-16-09-SF-00
XT01-PL-08-1621602175652
XT01-06-PL-08-09-14-SF-00
Analyzed Maps: 2721
XT01-98-AM-2721
XT01-05-PL-01-16-14-SF-00
XT01-PL-01-1621602176300
XT01-06-PL-01-16-14-SF-00
XT01-PL-02-1621602186316
XT01-06-PL-02-01-00-SF-00
XT01-PL-03-1621602186437
XT01-06-PL-03-16-02-SF-00
XT01-PL-04-1621602186571
XT01-06-PL-04-00-00-SF-00
XT01-PL-05-1621602186690
XT01-06-PL-05-07-13-SF-00
XT01-PL-06-1621602186842
XT01-06-PL-06-06-11-SF-00
XT01-PL-07-1621602187106
XT01-06-PL-07-14-15-SF-00
XT01-PL-08-1621602187480
XT01-06-PL-08-13-16-SF-00
Analyzed Maps: 2620
XT01-98-AM-2620
XT01-05-PL-01-12-16-SF-00
XT01-PL-01-1621602188086
XT01-06-PL-01-12-16-SF-00
XT01-PL-02-1621602193529
XT01-06-PL-02-07-04-SF-00
XT01-PL-03-1621602193647
XT01-06-PL-03-16-14-SF-00
XT01-PL-04-1621602193766
XT01-06-PL-04-06-08-SF-00
XT01-PL-05-1621602193883
XT01-06-PL-05-07-14-SF-00
XT01-PL-06-1621602194011
XT01-06-PL-06-05-10-SF-00
XT01-PL-07-1621602194324
XT01-06-PL-07-09-12-SF-00
XT01-PL-08-1621602194531
XT01-06-PL-08-14-16-SF-00
Analyzed Maps: 7414
XT01-98-AM-7414
XT01-05-PL-01-16-10-SF-00
XT01-PL-01-1621602195903
XT01-06-PL-01-16-10-SF-00
XT01-PL-02-1621602200992
XT01-06-PL-02-07-09-SF-21
XT01-PL-03-1621602201108
XT01-06-PL-03-00-16-SF-00
XT01-PL-04-1621602201220
XT01-06-PL-04-09-11-SF-00
XT01-PL-05-1621602201335
XT01-06-PL-05-07-10-SF-00
XT01-PL-06-1621602201485
XT01-06-PL-06-08-09-SF-00
XT01-PL-07-1621602201656
XT01-06-PL-07-15-14-SF-00
XT01-PL-08-1621602201855
XT01-06-PL-08-11-11-SF-00
Analyzed Maps: 2851
XT01-98-AM-2851
XT01-05-PL-01-07-07-SF-21
XT01-PL-01-1621602202511
XT01-06-PL-01-07-07-SF-21
XT01-PL-02-1621602208237
XT01-06-PL-02-05-06-SF-00
XT01-PL-03-1621602208365
XT01-06-PL-03-10-01-SF-00
XT01-PL-04-1621602208487
XT01-06-PL-04-09-16-SF-00
XT01-PL-05-1621602208601
XT01-06-PL-05-03-11-SF-00
XT01-PL-06-1621602208723
XT01-06-PL-06-03-10-SF-00
XT01-PL-07-1621602208901
XT01-06-PL-07-06-06-SF-00
XT01-PL-08-1621602209088
XT01-06-PL-08-16-13-SF-00
Analyzed Maps: 11590
XT01-98-AM-11590
XT01-05-PL-01-12-09-SF-00
XT01-PL-01-1621602211075
XT01-06-PL-01-12-09-SF-00
XT01-PL-02-1621602216766
XT01-06-PL-02-06-07-SF-00
XT01-PL-03-1621602216889
XT01-06-PL-03-15-06-SF-00
XT01-PL-04-1621602217003
XT01-06-PL-04-15-09-SF-00
XT01-PL-05-1621602217122
XT01-06-PL-05-02-11-SF-00
XT01-PL-06-1621602217238
XT01-06-PL-06-02-10-SF-00
XT01-PL-07-1621602217405
XT01-06-PL-07-15-15-SF-00
XT01-PL-08-1621602217691
XT01-06-PL-08-10-09-SF-00
Analyzed Maps: 4936
XT01-98-AM-4936
XT01-05-PL-01-15-07-SF-00
XT01-PL-01-1621602218582
XT01-06-PL-01-15-07-SF-00
XT01-PL-02-1621602224742
XT01-06-PL-02-08-07-SF-00
XT01-PL-03-1621602224863
XT01-06-PL-03-02-09-SF-00
XT01-PL-04-1621602224979
XT01-06-PL-04-05-05-SF-00
XT01-PL-05-1621602225086
XT01-06-PL-05-03-16-SF-00
XT01-PL-06-1621602225197
XT01-06-PL-06-01-16-SF-00
XT01-PL-07-1621602225391
XT01-06-PL-07-11-10-SF-00
XT01-PL-08-1621602225690
XT01-06-PL-08-10-11-SF-00
Analyzed Maps: 2360
XT01-98-AM-2360
XT01-05-PL-01-09-10-SF-00
XT01-PL-01-1621602226146
XT01-06-PL-01-09-10-SF-00
XT01-PL-02-1621602231343
XT01-06-PL-02-06-05-SF-00
XT01-PL-03-1621602231471
XT01-06-PL-03-06-16-SF-00
XT01-PL-04-1621602231585
XT01-06-PL-04-10-07-SF-00
XT01-PL-05-1621602231696
XT01-06-PL-05-01-14-SF-00
XT01-PL-06-1621602231806
XT01-06-PL-06-15-16-SF-00
XT01-PL-07-1621602231994
XT01-06-PL-07-10-00-SF-00
XT01-PL-08-1621602232829
XT01-06-PL-08-09-08-SF-00
Analyzed Maps: 2169
XT01-98-AM-2169
XT01-05-PL-01-01-10-SF-00
XT01-PL-01-1621602233228
XT01-06-PL-01-01-10-SF-00
XT01-PL-02-1621602237061
XT01-06-PL-02-16-16-SF-00
XT01-PL-03-1621602237176
XT01-06-PL-03-08-06-SF-00
XT01-PL-04-1621602237292
XT01-06-PL-04-16-15-SF-00
XT01-PL-05-1621602237413
XT01-06-PL-05-00-13-SF-00
XT01-PL-06-1621602237681
XT01-06-PL-06-00-12-SF-00
XT01-PL-07-1621602238128
XT01-06-PL-07-06-09-SF-00
Analyzed Maps: 4464
XT01-98-AM-4464
XT01-05-PL-01-07-15-SF-00
XT01-PL-01-1621602238738
XT01-06-PL-01-07-15-SF-00
XT01-PL-02-1621602241625
XT01-06-PL-02-12-07-SF-00
XT01-PL-03-1621602241744
XT01-06-PL-03-10-16-SF-00
XT01-PL-04-1621602241861
XT01-06-PL-04-07-08-SF-00
XT01-PL-05-1621602242014
XT01-06-PL-05-06-04-SF-00
XT01-PL-06-1621602242946
XT01-06-PL-06-15-02-SF-00
XT01-PL-07-1621602244393
XT01-06-PL-07-16-06-SF-00
Analyzed Maps: 4752
XT01-98-AM-4752
XT01-05-PL-01-06-00-SF-00
XT01-PL-01-1621602244954
XT01-06-PL-01-06-00-SF-00
XT01-PL-02-1621602247476
XT01-06-PL-02-07-16-SF-00
XT01-PL-03-1621602247584
XT01-06-PL-03-16-01-SF-00
XT01-PL-04-1621602247697
XT01-06-PL-04-07-06-SF-00
XT01-PL-05-1621602247840
XT01-06-PL-05-00-15-SF-00
XT01-PL-06-1621602248486
XT01-06-PL-06-09-06-SF-00
XT01-PL-07-1621602251657
XT01-06-PL-07-15-05-SF-00
Analyzed Maps: 3360
XT01-98-AM-3360
XT01-05-PL-01-00-14-SF-00
XT01-PL-01-1621602252024
XT01-06-PL-01-00-14-SF-00
XT01-PL-02-1621602252794
XT01-06-PL-02-11-02-SF-00
XT01-PL-03-1621602252898
XT01-06-PL-03-01-11-SF-00
XT01-PL-04-1621602253001
XT01-06-PL-04-00-10-SF-00
XT01-PL-05-1621602253114
XT01-06-PL-05-03-09-SF-00
XT01-PL-06-1621602253955
XT01-06-PL-06-07-05-SF-00
XT01-PL-07-1621602260187
XT01-06-PL-07-05-09-SF-00
Analyzed Maps: 1841
XT01-98-AM-1841
XT01-05-PL-01-16-05-SF-00
XT01-PL-01-1621602260408
XT01-06-PL-01-16-05-SF-00
XT01-PL-02-1621602260693
XT01-06-PL-02-01-09-SF-00
XT01-PL-03-1621602260798
XT01-06-PL-03-00-11-SF-00
XT01-PL-04-1621602260911
XT01-06-PL-04-07-01-SF-00
XT01-PL-05-1621602261016
XT01-06-PL-05-00-09-SF-00
XT01-PL-06-1621602261477
XT01-06-PL-06-13-07-SF-00
XT01-PL-07-1621602263050
XT01-06-PL-07-09-05-SF-00
Analyzed Maps: 544
XT01-98-AM-544
XT01-05-PL-01-16-07-SF-00
XT01-PL-01-1621602263185
XT01-06-PL-01-16-07-SF-00
XT01-PL-02-1621602263322
XT01-06-PL-02-09-02-SF-00
XT01-PL-03-1621602263428
XT01-06-PL-03-12-02-SF-00
XT01-PL-04-1621602263542
XT01-06-PL-04-04-01-SF-00
XT01-PL-06-1621602264176
XT01-06-PL-06-11-01-SF-00
XT01-PL-07-1621602265036
XT01-06-PL-07-12-01-SF-00
Analyzed Maps: 51
XT01-98-AM-51
XT01-05-PL-01-09-03-SF-00
XT01-PL-01-1621602265143
XT01-06-PL-01-09-03-SF-00
XT01-PL-02-1621602265250
XT01-06-PL-02-12-00-SF-00
XT01-PL-03-1621602265358
XT01-06-PL-03-09-00-SF-00
XT01-PL-04-1621602265467
XT01-06-PL-04-09-04-SF-00
XT01-PL-06-1621602265694
XT01-06-PL-06-11-00-SF-00
XT01-PL-07-1621602266254
XT01-06-PL-07-14-00-SF-00
XT01-05-PL-01-09-07-SF-00
XT01-PL-01-1621602266362
XT01-06-PL-01-09-07-SF-00
XT01-PL-02-1621602266464
XT01-06-PL-02-03-00-SF-00
XT01-PL-04-1621602280522
XT01-06-PL-04-05-00-SF-00
XT01-05-PL-01-16-16-SF-00
XT01-PL-01-1621602280631
XT01-06-PL-01-16-16-SF-00
XT01-PL-02-1621602280738
XT01-06-PL-02-10-10-SF-00
XT01-05-PL-01-09-16-SF-00
XT01-PL-01-1621602280845
XT01-06-PL-01-09-16-SF-00
XT01-PL-02-1621602280950
XT01-06-PL-02-00-09-SF-00
XT01-05-PL-01-10-01-SF-00
XT01-PL-01-1621602281059
XT01-06-PL-01-10-01-SF-00
XT01-PL-02-1621602281163
XT01-06-PL-02-00-16-SF-00
XT01-05-PL-01-04-10-SF-00
XT01-PL-01-1621602281272
XT01-06-PL-01-04-10-SF-00
XT01-PL-02-1621602281381
XT01-06-PL-02-12-10-SF-00
XT01-05-PL-01-00-10-SF-00
XT01-PL-01-1621602281487
XT01-06-PL-01-00-10-SF-00
XT01-PL-02-1621602281593
XT01-06-PL-02-03-12-SF-00
XT01-PL-02-1621602281699
XT01-06-PL-02-16-15-SF-00
XT01-08
XT01-09