XT01-ALPHA-BETA-OFF
XT01-02-[50, 10, 51, 10, 48, 32, 48, 10, 50, 54, 32, 50, 51, 10, 48, 32, 48, 32, 48, 32, 48, 32, 48, 32, 48, 32, 48, 32, 48, 32, 48, 32, 48, 32, 48, 32, 48, 32, 48, 32, 48, 32, 48, 32, 48, 32, 48, 32, 48, 32, 48, 32, 48, 32, 48, 32, 48, 32, 48, 32, 10, 48, 32, 48, 32, 48, 32, 48, 32, 48, 32, 48, 32, 48, 32, 45, 32, 45, 32, 45, 32, 45, 32, 48, 32, 48, 32, 48, 32, 48, 32, 48, 32, 48, 32, 48, 32, 48, 32, 48, 32, 48, 32, 48, 32, 48, 32, 10, 48, 32, 48, 32, 48, 32, 48, 32, 48, 32, 45, 32, 45, 32, 48, 32, 48, 32, 48, 32, 48, 32, 45, 32, 45, 32, 48, 32, 48, 32, 48, 32, 48, 32, 48, 32, 48, 32, 48, 32, 48, 32, 48, 32, 48, 32, 10, 48, 32, 48, 32, 48, 32, 48, 32, 45, 32, 48, 32, 48, 32, 48, 32, 48, 32, 98, 32, 48, 32, 48, 32, 48, 32, 45, 32, 48, 32, 48, 32, 48, 32, 48, 32, 48, 32, 48, 32, 48, 32, 48, 32, 48, 32, 10, 48, 32, 48, 32, 48, 32, 48, 32, 45, 32, 48, 32, 48, 32, 48, 32, 48, 32, 48, 32, 48, 32, 48, 32, 48, 32, 48, 32, 45, 32, 48, 32, 48, 32, 48, 32, 48, 32, 48, 32, 48, 32, 48, 32, 48, 32, 10, 48, 32, 48, 32, 48, 32, 45, 32, 48, 32, 48, 32, 48, 32, 48, 32, 48, 32, 48, 32, 48, 32, 45, 32, 48, 32, 48, 32, 48, 32, 45, 32, 48, 32, 48, 32, 48, 32, 48, 32, 48, 32, 48, 32, 48, 32, 10, 48, 32, 48, 32, 48, 32, 45, 32, 48, 32, 49, 32, 50, 32, 48, 32, 48, 32, 48, 32, 48, 32, 45, 32, 48, 32, 48, 32, 48, 32, 45, 32, 48, 32, 48, 32, 48, 32, 48, 32, 48, 32, 48, 32, 48, 32, 10, 48, 32, 48, 32, 48, 32, 45, 32, 48, 32, 50, 32, 49, 32, 48, 32, 48, 32, 48, 32, 45, 32, 48, 32, 48, 32, 48, 32, 48, 32, 45, 32, 48, 32, 48, 32, 48, 32, 48, 32, 48, 32, 48, 32, 48, 32, 10, 48, 32, 48, 32, 45, 32, 48, 32, 48, 32, 48, 32, 48, 32, 48, 32, 48, 32, 48, 32, 45, 32, 48, 32, 48, 32, 48, 32, 45, 32, 48, 32, 48, 32, 48, 32, 48, 32, 48, 32, 48, 32, 48, 32, 48, 32, 10, 48, 32, 45, 32, 45, 32, 48, 32, 48, 32, 48, 32, 48, 32, 48, 32, 48, 32, 45, 32, 48, 32, 48, 32, 48, 32, 48, 32, 45, 32, 48, 32, 48, 32, 48, 32, 48, 32, 48, 32, 48, 32, 48, 32, 48, 32, 10, 48, 32, 45, 32, 45, 32, 48, 32, 48, 32, 48, 32, 48, 32, 48, 32, 48, 32, 45, 32, 48, 32, 48, 32, 48, 32, 45, 32, 45, 32, 48, 32, 48, 32, 48, 32, 48, 32, 48, 32, 48, 32, 48, 32, 48, 32, 10, 48, 32, 45, 32, 48, 32, 48, 32, 48, 32, 48, 32, 48, 32, 48, 32, 48, 32, 45, 32, 48, 32, 48, 32, 48, 32, 45, 32, 48, 32, 45, 32, 48, 32, 48, 32, 48, 32, 48, 32, 48, 32, 48, 32, 48, 32, 10, 48, 32, 48, 32, 45, 32, 48, 32, 48, 32, 48, 32, 48, 32, 45, 32, 48, 32, 48, 32, 45, 32, 45, 32, 45, 32, 48, 32, 48, 32, 45, 32, 48, 32, 48, 32, 48, 32, 48, 32, 48, 32, 48, 32, 48, 32, 10, 48, 32, 48, 32, 48, 32, 45, 32, 45, 32, 45, 32, 45, 32, 48, 32, 45, 32, 48, 32, 48, 32, 48, 32, 48, 32, 48, 32, 48, 32, 48, 32, 45, 32, 45, 32, 48, 32, 48, 32, 48, 32, 48, 32, 48, 32, 10, 48, 32, 48, 32, 48, 32, 48, 32, 48, 32, 48, 32, 48, 32, 48, 32, 45, 32, 48, 32, 48, 32, 48, 32, 48, 32, 48, 32, 48, 32, 48, 32, 48, 32, 48, 32, 45, 32, 48, 32, 48, 32, 48, 32, 48, 32, 10, 48, 32, 48, 32, 48, 32, 48, 32, 48, 32, 48, 32, 48, 32, 45, 32, 48, 32, 48, 32, 48, 32, 120, 32, 48, 32, 48, 32, 48, 32, 48, 32, 48, 32, 48, 32, 48, 32, 45, 32, 48, 32, 48, 32, 48, 32, 10, 48, 32, 48, 32, 48, 32, 48, 32, 48, 32, 48, 32, 48, 32, 45, 32, 48, 32, 48, 32, 48, 32, 48, 32, 48, 32, 48, 32, 48, 32, 48, 32, 48, 32, 48, 32, 48, 32, 45, 32, 48, 32, 48, 32, 48, 32, 10, 48, 32, 48, 32, 48, 32, 48, 32, 48, 32, 48, 32, 48, 32, 45, 32, 48, 32, 48, 32, 48, 32, 48, 32, 48, 32, 48, 32, 48, 32, 99, 32, 48, 32, 48, 32, 48, 32, 48, 32, 45, 32, 48, 32, 48, 32, 10, 48, 32, 48, 32, 48, 32, 48, 32, 48, 32, 48, 32, 48, 32, 45, 32, 48, 32, 48, 32, 48, 32, 48, 32, 48, 32, 48, 32, 48, 32, 48, 32, 48, 32, 48, 32, 48, 32, 48, 32, 45, 32, 48, 32, 48, 32, 10, 48, 32, 48, 32, 48, 32, 48, 32, 48, 32, 48, 32, 48, 32, 48, 32, 45, 32, 48, 32, 48, 32, 48, 32, 48, 32, 48, 32, 48, 32, 48, 32, 48, 32, 48, 32, 48, 32, 48, 32, 48, 32, 45, 32, 48, 32, 10, 48, 32, 48, 32, 48, 32, 48, 32, 48, 32, 48, 32, 48, 32, 48, 32, 45, 32, 48, 32, 48, 32, 48, 32, 45, 32, 48, 32, 48, 32, 48, 32, 48, 32, 48, 32, 48, 32, 48, 32, 48, 32, 45, 32, 48, 32, 10, 48, 32, 48, 32, 48, 32, 48, 32, 48, 32, 48, 32, 48, 32, 48, 32, 45, 32, 48, 32, 48, 32, 48, 32, 45, 32, 45, 32, 48, 32, 48, 32, 48, 32, 48, 32, 45, 32, 48, 32, 48, 32, 45, 32, 48, 32, 10, 48, 32, 48, 32, 48, 32, 48, 32, 48, 32, 48, 32, 48, 32, 45, 32, 48, 32, 48, 32, 48, 32, 45, 32, 45, 32, 48, 32, 45, 32, 45, 32, 45, 32, 45, 32, 48, 32, 48, 32, 48, 32, 45, 32, 48, 32, 10, 48, 32, 48, 32, 48, 32, 48, 32, 48, 32, 48, 32, 45, 32, 105, 32, 48, 32, 48, 32, 45, 32, 48, 32, 48, 32, 45, 32, 48, 32, 48, 32, 48, 32, 48, 32, 48, 32, 48, 32, 45, 32, 48, 32, 48, 32, 10, 48, 32, 48, 32, 48, 32, 48, 32, 48, 32, 48, 32, 45, 32, 45, 32, 45, 32, 45, 32, 48, 32, 45, 32, 45, 32, 45, 32, 45, 32, 45, 32, 45, 32, 45, 32, 45, 32, 45, 32, 48, 32, 48, 32, 48, 32, 10, 48, 32, 48, 32, 48, 32, 48, 32, 48, 32, 48, 32, 48, 32, 48, 32, 48, 32, 48, 32, 48, 32, 48, 32, 48, 32, 48, 32, 48, 32, 48, 32, 48, 32, 48, 32, 48, 32, 48, 32, 48, 32, 48, 32, 48, 32, 10, 50, 32, 49, 49, 32, 54, 32, 60, 45, 62, 32, 49, 52, 32, 50, 51, 32, 54, 10, 49, 57, 32, 50, 51, 32, 50, 32, 60, 45, 62, 32, 49, 57, 32, 50, 51, 32, 52, 10, 57, 32, 55, 32, 50, 32, 60, 45, 62, 32, 49, 49, 32, 55, 32, 54, 10, 49, 48, 32, 54, 32, 50, 32, 60, 45, 62, 32, 49, 50, 32, 54, 32, 54, 10, 49, 48, 32, 53, 32, 50, 32, 60, 45, 62, 32, 49, 50, 32, 53, 32, 54, 10, 56, 32, 57, 32, 50, 32, 60, 45, 62, 32, 49, 48, 32, 57, 32, 54, 10, 56, 32, 49, 48, 32, 50, 32, 60, 45, 62, 32, 49, 48, 32, 49, 48, 32, 54, 10, 56, 32, 49, 49, 32, 50, 32, 60, 45, 62, 32, 49, 48, 32, 49, 49, 32, 54, 10, 49, 48, 32, 49, 49, 32, 52, 32, 60, 45, 62, 32, 49, 48, 32, 49, 51, 32, 48, 10, 49, 49, 32, 49, 49, 32, 52, 32, 60, 45, 62, 32, 49, 49, 32, 49, 51, 32, 48, 10, 49, 50, 32, 49, 49, 32, 52, 32, 60, 45, 62, 32, 49, 50, 32, 49, 51, 32, 48, 10, 49, 49, 32, 50, 51, 32, 54, 32, 60, 45, 62, 32, 57, 32, 50, 51, 32, 50, 10, 49, 50, 32, 50, 51, 32, 53, 32, 60, 45, 62, 32, 49, 57, 32, 49, 55, 32, 48, 10]
XT01-03-PL-02
XT01-PL-01-1621186005558
XT01-06-PL-01-07-06-SF-00
Analyzed Maps: 1938
XT01-98-AM-1938
XT01-05-PL-02-07-05-SF-00
XT01-PL-02-1621186006148
XT01-06-PL-02-07-05-SF-00
XT01-PL-01-1621186006432
XT01-06-PL-01-04-07-SF-00
Analyzed Maps: 5083
XT01-98-AM-5083
XT01-05-PL-02-04-08-SF-00
XT01-PL-02-1621186007514
XT01-06-PL-02-04-08-SF-00
XT01-PL-01-1621186007702
XT01-06-PL-01-06-05-SF-00
Analyzed Maps: 9136
XT01-98-AM-9136
XT01-05-PL-02-05-05-SF-00
XT01-PL-02-1621186009332
XT01-06-PL-02-05-05-SF-00
XT01-PL-01-1621186009723
XT01-06-PL-01-03-09-SF-00
Analyzed Maps: 21482
XT01-98-AM-21482
XT01-05-PL-02-03-08-SF-00
XT01-PL-02-1621186013771
XT01-06-PL-02-03-08-SF-00
XT01-PL-01-1621186014121
XT01-06-PL-01-04-06-SF-00
Analyzed Maps: 14048
XT01-98-AM-14048
XT01-05-PL-02-05-08-SF-00
XT01-PL-02-1621186016657
XT01-06-PL-02-05-08-SF-00
XT01-PL-01-1621186017208
XT01-06-PL-01-04-09-SF-00
Analyzed Maps: 44747
XT01-98-AM-44747
XT01-05-PL-02-06-08-SF-00
XT01-PL-02-1621186026420
XT01-06-PL-02-06-08-SF-00
XT01-PL-01-1621186026998
XT01-06-PL-01-02-07-SF-00
Analyzed Maps: 39341
XT01-98-AM-39341
XT01-05-PL-02-04-05-SF-00
XT01-PL-02-1621186034387
XT01-06-PL-02-04-05-SF-00
XT01-PL-01-1621186034707
XT01-06-PL-01-08-04-SF-00
Analyzed Maps: 43865
XT01-98-AM-43865
XT01-05-PL-02-07-07-SF-00
XT01-PL-02-1621186043143
XT01-06-PL-02-07-07-SF-00
XT01-PL-01-1621186043615
XT01-06-PL-01-07-04-SF-00
Analyzed Maps: 66222
XT01-98-AM-66222
XT01-05-PL-02-04-10-SF-00
XT01-PL-02-1621186056502
XT01-06-PL-02-04-10-SF-00
XT01-PL-01-1621186058067
XT01-06-PL-01-03-10-SF-00
Analyzed Maps: 118226
XT01-98-AM-118226
XT01-05-PL-02-09-03-SF-21
XT01-PL-02-1621186079220
XT01-06-PL-02-09-03-SF-21
XT01-PL-01-1621186080004
XT01-06-PL-01-03-04-SF-00
Analyzed Maps: 61657
XT01-98-AM-61657
XT01-05-PL-02-08-06-SF-00
XT01-PL-02-1621186090531
XT01-06-PL-02-08-06-SF-00
XT01-PL-01-1621186091384
XT01-06-PL-01-10-02-SF-00
Analyzed Maps: 144847
XT01-98-AM-144847
XT01-05-PL-02-05-09-SF-00
XT01-PL-02-1621186119100
XT01-06-PL-02-05-09-SF-00
XT01-PL-01-1621186120396
XT01-06-PL-01-09-07-SF-00
Analyzed Maps: 180925
XT01-98-AM-180925
XT01-05-PL-02-05-04-SF-00
XT01-PL-02-1621186153665
XT01-06-PL-02-05-04-SF-00
XT01-PL-01-1621186155458
XT01-06-PL-01-08-08-SF-00
Analyzed Maps: 157767
XT01-98-AM-157767
XT01-05-PL-02-07-08-SF-00
XT01-PL-02-1621186184582
XT01-06-PL-02-07-08-SF-00
XT01-PL-01-1621186185622
XT01-06-PL-01-08-09-SF-00
Analyzed Maps: 164412
XT01-98-AM-164412
XT01-05-PL-02-09-08-SF-00
XT01-PL-02-1621186215684
XT01-06-PL-02-09-08-SF-00
XT01-PL-01-1621186216922
XT01-06-PL-01-08-07-SF-00
Analyzed Maps: 215247
XT01-98-AM-215247
XT01-05-PL-02-11-07-SF-00
XT01-PL-02-1621186256313
XT01-06-PL-02-11-07-SF-00
XT01-PL-01-1621186257689
XT01-06-PL-01-10-06-SF-00
Analyzed Maps: 219200
XT01-98-AM-219200
XT01-05-PL-02-09-05-SF-00
XT01-PL-02-1621186297453
XT01-06-PL-02-09-05-SF-00
XT01-PL-01-1621186299315
XT01-06-PL-01-05-03-SF-00
Analyzed Maps: 223579
XT01-98-AM-223579
XT01-05-PL-02-07-09-SF-00
XT01-PL-02-1621186339771
XT01-06-PL-02-07-09-SF-00
XT01-PL-01-1621186341121
XT01-06-PL-01-10-09-SF-00
Analyzed Maps: 170984
XT01-98-AM-170984
XT01-05-PL-02-06-04-SF-00
XT01-PL-02-1621186372272
XT01-06-PL-02-06-04-SF-00
XT01-PL-01-1621186373606
XT01-06-PL-01-08-05-SF-00
Analyzed Maps: 255249
XT01-98-AM-255249
XT01-05-PL-02-09-06-SF-00
XT01-PL-02-1621186419488
XT01-06-PL-02-09-06-SF-00
XT01-PL-01-1621186421424
XT01-06-PL-01-07-10-SF-00
Analyzed Maps: 412692
XT01-98-AM-412692
XT01-05-PL-02-06-09-SF-00
XT01-PL-02-1621186495546
XT01-06-PL-02-06-09-SF-00
XT01-PL-01-1621186497334
XT01-06-PL-01-12-06-SF-00
Analyzed Maps: 713235
XT01-98-AM-713235
XT01-05-PL-02-09-04-SF-00
XT01-PL-02-1621186625626
XT01-06-PL-02-09-04-SF-00
XT01-PL-01-1621186626490
XT01-06-PL-01-10-03-SF-00
Analyzed Maps: 553126
XT01-98-AM-553126
XT01-05-PL-02-09-02-SF-00
XT01-PL-02-1621186725108
XT01-06-PL-02-09-02-SF-00
XT01-PL-01-1621186726524
XT01-06-PL-01-08-02-SF-00
Analyzed Maps: 530970
XT01-98-AM-530970
XT01-05-PL-02-11-03-SF-00
XT01-PL-02-1621186820671
XT01-06-PL-02-11-03-SF-00
XT01-PL-01-1621186822597
XT01-06-PL-01-11-04-SF-00
Analyzed Maps: 556555
XT01-98-AM-556555
XT01-05-PL-02-10-05-SF-00
XT01-PL-02-1621186920947
XT01-06-PL-02-10-05-SF-00
XT01-PL-01-1621186922588
XT01-06-PL-01-08-03-SF-00
Analyzed Maps: 712669
XT01-98-AM-712669
XT01-05-PL-02-12-03-SF-00
XT01-PL-02-1621187047008
XT01-06-PL-02-12-03-SF-00
XT01-PL-01-1621187049151
XT01-06-PL-01-07-03-SF-00
Analyzed Maps: 372506
XT01-98-AM-372506
XT01-05-PL-02-02-11-SF-00
XT01-PL-02-1621187114197
XT01-06-PL-02-02-11-SF-00
XT01-PL-01-1621187115093
XT01-06-PL-01-05-10-SF-00
Analyzed Maps: 429213
XT01-98-AM-429213
XT01-05-PL-02-04-02-SF-00
XT01-PL-02-1621187190260
XT01-06-PL-02-04-02-SF-00
XT01-PL-01-1621187191335
XT01-06-PL-01-06-10-SF-00
Analyzed Maps: 375198
XT01-98-AM-375198
XT01-05-PL-02-06-11-SF-00
XT01-PL-02-1621187256217
XT01-06-PL-02-06-11-SF-00
XT01-PL-01-1621187257308
XT01-06-PL-01-13-02-SF-00
Analyzed Maps: 421240
XT01-98-AM-421240
XT01-05-PL-02-06-03-SF-00
XT01-PL-02-1621187330691
XT01-06-PL-02-06-03-SF-00
XT01-PL-01-1621187331309
XT01-06-PL-01-10-04-SF-00
Analyzed Maps: 355496
XT01-98-AM-355496
XT01-05-PL-02-05-11-SF-00
XT01-PL-02-1621187392160
XT01-06-PL-02-05-11-SF-00
XT01-PL-01-1621187392776
XT01-06-PL-01-07-02-SF-00
Analyzed Maps: 269191
XT01-98-AM-269191
XT01-05-PL-02-14-01-SF-00
XT01-PL-02-1621187438595
XT01-06-PL-02-14-01-SF-00
XT01-PL-01-1621187439478
XT01-06-PL-01-06-12-SF-00
Analyzed Maps: 295744
XT01-98-AM-295744
XT01-05-PL-02-06-01-SF-00
XT01-PL-02-1621187489475
XT01-06-PL-02-06-01-SF-00
XT01-PL-01-1621187490295
XT01-06-PL-01-03-11-SF-00
Analyzed Maps: 229539
XT01-98-AM-229539
XT01-05-PL-02-02-03-SF-00
XT01-PL-02-1621187529313
XT01-06-PL-02-02-03-SF-00
XT01-PL-01-1621187530235
XT01-06-PL-01-04-11-SF-00
Analyzed Maps: 163205
XT01-98-AM-163205
XT01-05-PL-02-04-12-SF-00
XT01-PL-02-1621187557788
XT01-06-PL-02-04-12-SF-00
XT01-PL-01-1621187559177
XT01-06-PL-01-12-05-SF-00
Analyzed Maps: 240851
XT01-98-AM-240851
XT01-05-PL-02-12-04-SF-00
XT01-PL-02-1621187599558
XT01-06-PL-02-12-04-SF-00
XT01-PL-01-1621187600447
XT01-06-PL-01-15-00-SF-00
Analyzed Maps: 218278
XT01-98-AM-218278
XT01-05-PL-02-08-11-SF-00
XT01-PL-02-1621187636855
XT01-06-PL-02-08-11-SF-00
XT01-PL-01-1621187638152
XT01-06-PL-01-08-10-SF-00
Analyzed Maps: 197125
XT01-98-AM-197125
XT01-05-PL-02-07-11-SF-00
XT01-PL-02-1621187670891
XT01-06-PL-02-07-11-SF-00
XT01-PL-01-1621187671667
XT01-06-PL-01-05-00-SF-00
Analyzed Maps: 132649
XT01-98-AM-132649
XT01-05-PL-02-07-13-SF-00
XT01-PL-02-1621187693530
XT01-06-PL-02-07-13-SF-00
XT01-PL-01-1621187694314
XT01-06-PL-01-13-04-SF-00
Analyzed Maps: 64466
XT01-98-AM-64466
XT01-05-PL-02-13-06-SF-00
XT01-PL-02-1621187705002
XT01-06-PL-02-13-06-SF-00
XT01-PL-01-1621187705606
XT01-06-PL-01-14-06-SF-00
Analyzed Maps: 44695
XT01-98-AM-44695
XT01-05-PL-02-13-05-SF-00
XT01-PL-02-1621187713013
XT01-06-PL-02-13-05-SF-00
XT01-PL-01-1621187713469
XT01-06-PL-01-14-05-SF-00
Analyzed Maps: 24383
XT01-98-AM-24383
XT01-05-PL-02-01-06-SF-00
XT01-PL-02-1621187717518
XT01-06-PL-02-01-06-SF-00
XT01-PL-01-1621187717972
XT01-06-PL-01-00-05-SF-00
Analyzed Maps: 13166
XT01-98-AM-13166
XT01-05-PL-02-10-10-SF-00
XT01-PL-02-1621187720174
XT01-06-PL-02-10-10-SF-00
XT01-PL-01-1621187720645
XT01-06-PL-01-03-12-SF-00
Analyzed Maps: 12755
XT01-98-AM-12755
XT01-05-PL-02-11-10-SF-00
XT01-PL-02-1621187722792
XT01-06-PL-02-11-10-SF-00
XT01-PL-01-1621187723269
XT01-06-PL-01-05-12-SF-00
Analyzed Maps: 5041
XT01-98-AM-5041
XT01-05-PL-02-11-01-SF-00
XT01-PL-02-1621187724163
XT01-06-PL-02-11-01-SF-00
XT01-PL-01-1621187724659
XT01-06-PL-01-12-00-SF-00
XT01-05-PL-02-02-13-SF-00
XT01-PL-02-1621187724777
XT01-06-PL-02-02-13-SF-00
XT01-PL-01-1621187725392
XT01-06-PL-01-08-12-SF-00
Analyzed Maps: 3582
XT01-98-AM-3582
XT01-05-PL-02-10-11-SF-00
XT01-PL-02-1621187726089
XT01-06-PL-02-10-11-SF-00
XT01-PL-01-1621187726666
XT01-06-PL-01-01-14-SF-00
XT01-05-PL-02-09-13-SF-00
XT01-PL-02-1621187726777
XT01-06-PL-02-09-13-SF-00
XT01-PL-01-1621187727352
XT01-06-PL-01-01-02-SF-00
XT01-05-PL-02-07-03-SF-00
XT01-PL-02-1621187727479
XT01-06-PL-02-07-03-SF-00
XT01-PL-01-1621187727875
XT01-06-PL-01-10-14-SF-00
Analyzed Maps: 12166
XT01-98-AM-12166
XT01-05-PL-02-00-15-SF-00
XT01-PL-02-1621187729905
XT01-06-PL-02-00-15-SF-00
XT01-PL-01-1621187730334
XT01-06-PL-01-06-14-SF-00
Analyzed Maps: 5983
XT01-98-AM-5983
XT01-05-PL-02-00-01-SF-00
XT01-PL-02-1621187731466
XT01-06-PL-02-00-01-SF-00
XT01-PL-01-1621187731836
XT01-06-PL-01-12-16-SF-00
XT01-05-PL-02-14-07-SF-00
XT01-PL-02-1621187731976
XT01-06-PL-02-14-07-SF-00
XT01-PL-01-1621187732356
XT01-06-PL-01-15-08-SF-00
XT01-05-PL-02-03-09-SF-00
XT01-PL-02-1621187732477
XT01-06-PL-02-03-09-SF-00
XT01-PL-01-1621187732769
XT01-06-PL-01-01-12-SF-00
Analyzed Maps: 5608
XT01-98-AM-5608
XT01-05-PL-02-13-17-SF-00
XT01-PL-02-1621187733836
XT01-06-PL-02-13-17-SF-00
XT01-PL-01-1621187734190
XT01-06-PL-01-03-14-SF-00
Analyzed Maps: 1681
XT01-98-AM-1681
XT01-05-PL-02-14-23-SF-00
XT01-PL-02-1621187734613
XT01-06-PL-02-14-23-SF-00
XT01-PL-01-1621187734888
XT01-06-PL-01-11-09-SF-00
Analyzed Maps: 7573
XT01-98-AM-7573
XT01-05-PL-02-12-09-SF-00
XT01-PL-02-1621187736283
XT01-06-PL-02-12-09-SF-00
XT01-PL-01-1621187736612
XT01-06-PL-01-13-09-SF-00
Analyzed Maps: 10478
XT01-98-AM-10478
XT01-05-PL-02-11-08-SF-00
XT01-PL-02-1621187738470
XT01-06-PL-02-11-08-SF-00
XT01-PL-01-1621187738789
XT01-06-PL-01-12-10-SF-00
Analyzed Maps: 7641
XT01-98-AM-7641
XT01-05-PL-02-05-15-SF-00
XT01-PL-02-1621187740127
XT01-06-PL-02-05-15-SF-00
XT01-PL-01-1621187740383
XT01-06-PL-01-10-13-SF-00
Analyzed Maps: 7917
XT01-98-AM-7917
XT01-05-PL-02-12-11-SF-00
XT01-PL-02-1621187741790
XT01-06-PL-02-12-11-SF-00
XT01-PL-01-1621187742105
XT01-06-PL-01-13-12-SF-00
Analyzed Maps: 3651
XT01-98-AM-3651
XT01-05-PL-02-11-11-SF-00
XT01-PL-02-1621187742817
XT01-06-PL-02-11-11-SF-00
XT01-PL-01-1621187743037
XT01-06-PL-01-09-12-SF-00
Analyzed Maps: 3674
XT01-98-AM-3674
XT01-05-PL-02-11-14-SF-00
XT01-PL-02-1621187743757
XT01-06-PL-02-11-14-SF-00
XT01-PL-01-1621187744001
XT01-06-PL-01-15-23-SF-00
Analyzed Maps: 6442
XT01-98-AM-6442
XT01-05-PL-02-16-23-SF-00
XT01-PL-02-1621187745144
XT01-06-PL-02-16-23-SF-00
XT01-PL-01-1621187745402
XT01-06-PL-01-11-13-SF-00
Analyzed Maps: 9186
XT01-98-AM-9186
XT01-05-PL-02-12-13-SF-00
XT01-PL-02-1621187746959
XT01-06-PL-02-12-13-SF-00
XT01-PL-01-1621187747387
XT01-06-PL-01-12-14-SF-00
Analyzed Maps: 35484
XT01-98-AM-35484
XT01-05-PL-02-13-08-SF-00
XT01-PL-02-1621187753102
XT01-06-PL-02-13-08-SF-00
XT01-PL-01-1621187753685
XT01-06-PL-01-12-08-SF-00
Analyzed Maps: 32555
XT01-98-AM-32555
XT01-05-PL-02-14-13-SF-00
XT01-PL-02-1621187758894
XT01-06-PL-02-14-13-SF-00
XT01-PL-01-1621187759354
XT01-06-PL-01-17-23-SF-00
Analyzed Maps: 39903
XT01-98-AM-39903
XT01-05-PL-02-12-07-SF-00
XT01-PL-02-1621187765642
XT01-06-PL-02-12-07-SF-00
XT01-PL-01-1621187766039
XT01-06-PL-01-12-15-SF-00
Analyzed Maps: 67963
XT01-98-AM-67963
XT01-05-PL-02-13-14-SF-00
XT01-PL-02-1621187776660
XT01-06-PL-02-13-14-SF-00
XT01-PL-01-1621187777187
XT01-06-PL-01-13-07-SF-00
Analyzed Maps: 48582
XT01-98-AM-48582
XT01-05-PL-02-13-13-SF-00
XT01-PL-02-1621187784750
XT01-06-PL-02-13-13-SF-00
XT01-PL-01-1621187785199
XT01-06-PL-01-03-01-SF-00
Analyzed Maps: 29222
XT01-98-AM-29222
XT01-05-PL-02-18-23-SF-00
XT01-PL-02-1621187789787
XT01-06-PL-02-18-23-SF-00
XT01-PL-01-1621187790174
XT01-06-PL-01-09-14-SF-00
Analyzed Maps: 22520
XT01-98-AM-22520
XT01-05-PL-02-13-16-SF-00
XT01-PL-02-1621187793718
XT01-06-PL-02-13-16-SF-00
XT01-PL-01-1621187794189
XT01-06-PL-01-12-17-SF-00
Analyzed Maps: 78205
XT01-98-AM-78205
XT01-05-PL-02-13-15-SF-00
XT01-PL-02-1621187806265
XT01-06-PL-02-13-15-SF-00
XT01-PL-01-1621187806762
XT01-06-PL-01-19-23-SF-00
Analyzed Maps: 49990
XT01-98-AM-49990
XT01-05-PL-02-00-13-SF-00
XT01-PL-02-1621187814525
XT01-06-PL-02-00-13-SF-00
XT01-PL-01-1621187814990
XT01-06-PL-01-00-11-SF-00
Analyzed Maps: 44800
XT01-98-AM-44800
XT01-05-PL-02-11-16-SF-00
XT01-PL-02-1621187822142
XT01-06-PL-02-11-16-SF-00
XT01-PL-01-1621187822552
XT01-06-PL-01-11-17-SF-00
Analyzed Maps: 100622
XT01-98-AM-100622
XT01-05-PL-02-10-15-SF-00
XT01-PL-02-1621187838275
XT01-06-PL-02-10-15-SF-00
XT01-PL-01-1621187838688
XT01-06-PL-01-14-14-SF-00
Analyzed Maps: 147126
XT01-98-AM-147126
XT01-05-PL-02-10-16-SF-00
XT01-PL-02-1621187861590
XT01-06-PL-02-10-16-SF-00
XT01-PL-01-1621187862168
XT01-06-PL-01-14-18-SF-00
Analyzed Maps: 156988
XT01-98-AM-156988
XT01-05-PL-02-15-19-SF-00
XT01-PL-02-1621187886707
XT01-06-PL-02-15-19-SF-00
XT01-PL-01-1621187887261
XT01-06-PL-01-16-20-SF-00
Analyzed Maps: 174775
XT01-98-AM-174775
XT01-05-PL-02-17-21-SF-00
XT01-PL-02-1621187914693
XT01-06-PL-02-17-21-SF-00
XT01-PL-01-1621187915660
XT01-06-PL-01-14-12-SF-00
Analyzed Maps: 179068
XT01-98-AM-179068
XT01-05-PL-02-15-14-SF-00
XT01-PL-02-1621187943436
XT01-06-PL-02-15-14-SF-00
XT01-PL-01-1621187944264
XT01-06-PL-01-15-13-SF-00
Analyzed Maps: 182373
XT01-98-AM-182373
XT01-05-PL-02-14-15-SF-00
XT01-PL-02-1621187972583
XT01-06-PL-02-14-15-SF-00
XT01-PL-01-1621187973158
XT01-06-PL-01-14-16-SF-00
Analyzed Maps: 217551
XT01-98-AM-217551
XT01-05-PL-02-15-16-SF-00
XT01-PL-02-1621188006975
XT01-06-PL-02-15-16-SF-00
XT01-PL-01-1621188007422
XT01-06-PL-01-18-22-SF-00
Analyzed Maps: 125563
XT01-98-AM-125563
XT01-05-PL-02-14-11-SF-00
XT01-PL-02-1621188026873
XT01-06-PL-02-14-11-SF-00
XT01-PL-01-1621188027483
XT01-06-PL-01-09-16-SF-00
Analyzed Maps: 334314
XT01-98-AM-334314
XT01-05-PL-02-08-17-SF-00
XT01-PL-02-1621188079269
XT01-06-PL-02-08-17-SF-00
XT01-PL-01-1621188079763
XT01-06-PL-01-08-16-SF-00
Analyzed Maps: 324662
XT01-98-AM-324662
XT01-05-PL-02-20-24-SF-00
XT01-PL-02-1621188129906
XT01-06-PL-02-20-24-SF-00
XT01-PL-01-1621188130461
XT01-06-PL-01-08-18-SF-00
Analyzed Maps: 194639
XT01-98-AM-194639
XT01-05-PL-02-09-15-SF-00
XT01-PL-02-1621188160186
XT01-06-PL-02-09-15-SF-00
XT01-PL-01-1621188160749
XT01-06-PL-01-19-21-SF-00
Analyzed Maps: 146098
XT01-98-AM-146098
XT01-05-PL-02-13-18-SF-00
XT01-PL-02-1621188183040
XT01-06-PL-02-13-18-SF-00
XT01-PL-01-1621188183694
XT01-06-PL-01-15-10-SF-00
Analyzed Maps: 147315
XT01-98-AM-147315
XT01-05-PL-02-09-17-SF-00
XT01-PL-02-1621188206058
XT01-06-PL-02-09-17-SF-00
XT01-PL-01-1621188207503
XT01-06-PL-01-10-17-SF-00
Analyzed Maps: 202788
XT01-98-AM-202788
XT01-05-PL-02-09-18-SF-00
XT01-PL-02-1621188238134
XT01-06-PL-02-09-18-SF-00
XT01-PL-01-1621188239020
XT01-06-PL-01-08-15-SF-00
Analyzed Maps: 181645
XT01-98-AM-181645
XT01-05-PL-02-07-14-SF-00
XT01-PL-02-1621188266189
XT01-06-PL-02-07-14-SF-00
XT01-PL-01-1621188266937
XT01-06-PL-01-09-19-SF-00
Analyzed Maps: 130769
XT01-98-AM-130769
XT01-05-PL-02-07-19-SF-00
XT01-PL-02-1621188286393
XT01-06-PL-02-07-19-SF-00
XT01-PL-01-1621188287377
XT01-06-PL-01-10-18-SF-00
Analyzed Maps: 123701
XT01-98-AM-123701
XT01-05-PL-02-16-12-SF-00
XT01-PL-02-1621188305760
XT01-06-PL-02-16-12-SF-00
XT01-PL-01-1621188306464
XT01-06-PL-01-19-22-SF-00
Analyzed Maps: 104707
XT01-98-AM-104707
XT01-05-PL-02-10-19-SF-00
XT01-PL-02-1621188322043
XT01-06-PL-02-10-19-SF-00
XT01-PL-01-1621188323460
XT01-06-PL-01-11-20-SF-00
Analyzed Maps: 125035
XT01-98-AM-125035
XT01-05-PL-02-19-20-SF-00
XT01-PL-02-1621188342422
XT01-06-PL-02-19-20-SF-00
XT01-PL-01-1621188343472
XT01-06-PL-01-19-19-SF-00
Analyzed Maps: 124619
XT01-98-AM-124619
XT01-05-PL-02-09-20-SF-00
XT01-PL-02-1621188362009
XT01-06-PL-02-09-20-SF-00
XT01-PL-01-1621188362913
XT01-06-PL-01-09-21-SF-00
Analyzed Maps: 95519
XT01-98-AM-95519
XT01-05-PL-02-10-20-SF-00
XT01-PL-02-1621188377050
XT01-06-PL-02-10-20-SF-00
XT01-PL-01-1621188378451
XT01-06-PL-01-21-25-SF-00
Analyzed Maps: 121815
XT01-98-AM-121815
XT01-05-PL-02-12-18-SF-00
XT01-PL-02-1621188396390
XT01-06-PL-02-12-18-SF-00
XT01-PL-01-1621188397988
XT01-06-PL-01-15-15-SF-00
Analyzed Maps: 126066
XT01-98-AM-126066
XT01-05-PL-02-09-22-SF-00
XT01-PL-02-1621188416474
XT01-06-PL-02-09-22-SF-00
XT01-PL-01-1621188418383
XT01-06-PL-01-16-15-SF-00
Analyzed Maps: 117577
XT01-98-AM-117577
XT01-05-PL-02-16-14-SF-00
XT01-PL-02-1621188435776
XT01-06-PL-02-16-14-SF-00
XT01-PL-01-1621188436651
XT01-06-PL-01-17-14-SF-00
Analyzed Maps: 88077
XT01-98-AM-88077
XT01-05-PL-02-17-15-SF-00
XT01-PL-02-1621188449635
XT01-06-PL-02-17-15-SF-00
XT01-PL-01-1621188451091
XT01-06-PL-01-17-11-SF-00
Analyzed Maps: 74347
XT01-98-AM-74347
XT01-05-PL-02-18-13-SF-00
XT01-PL-02-1621188462036
XT01-06-PL-02-18-13-SF-00
XT01-PL-01-1621188463573
XT01-06-PL-01-06-20-SF-00
Analyzed Maps: 72564
XT01-98-AM-72564
XT01-05-PL-02-05-21-SF-00
XT01-PL-02-1621188474298
XT01-06-PL-02-05-21-SF-00
XT01-PL-01-1621188475971
XT01-06-PL-01-09-23-SF-00
Analyzed Maps: 82091
XT01-98-AM-82091
XT01-05-PL-02-08-22-SF-00
XT01-PL-02-1621188488127
XT01-06-PL-02-08-22-SF-00
XT01-PL-01-1621188489896
XT01-06-PL-01-11-19-SF-00
Analyzed Maps: 146771
XT01-98-AM-146771
XT01-05-PL-02-11-18-SF-00
XT01-PL-02-1621188511471
XT01-06-PL-02-11-18-SF-00
XT01-PL-01-1621188512943
XT01-06-PL-01-11-21-SF-00
Analyzed Maps: 111249
XT01-98-AM-111249
XT01-05-PL-02-10-24-SF-00
XT01-PL-02-1621188529175
XT01-06-PL-02-10-24-SF-00
XT01-PL-01-1621188530024
XT01-06-PL-01-14-19-SF-00
Analyzed Maps: 111982
XT01-98-AM-111982
XT01-05-PL-02-10-22-SF-00
XT01-PL-02-1621188546502
XT01-06-PL-02-10-22-SF-00
XT01-PL-01-1621188547400
XT01-06-PL-01-13-19-SF-00
Analyzed Maps: 103472
XT01-98-AM-103472
XT01-05-PL-02-18-10-SF-00
XT01-PL-02-1621188562490
XT01-06-PL-02-18-10-SF-00
XT01-PL-01-1621188563073
XT01-06-PL-01-19-09-SF-00
Analyzed Maps: 103559
XT01-98-AM-103559
XT01-05-PL-02-13-20-SF-00
XT01-PL-02-1621188578309
XT01-06-PL-02-13-20-SF-00
XT01-PL-01-1621188578950
XT01-06-PL-01-14-20-SF-00
Analyzed Maps: 134684
XT01-98-AM-134684
XT01-05-PL-02-20-08-SF-00
XT01-PL-02-1621188598619
XT01-06-PL-02-20-08-SF-00
XT01-PL-01-1621188599339
XT01-06-PL-01-12-19-SF-00
Analyzed Maps: 77894
XT01-98-AM-77894
XT01-05-PL-02-15-04-SF-00
XT01-PL-02-1621188610742
XT01-06-PL-02-15-04-SF-00
XT01-PL-01-1621188611528
XT01-06-PL-01-16-03-SF-00
Analyzed Maps: 47595
XT01-98-AM-47595
XT01-05-PL-02-15-18-SF-00
XT01-PL-02-1621188618531
XT01-06-PL-02-15-18-SF-00
XT01-PL-01-1621188619084
XT01-06-PL-01-14-21-SF-00
Analyzed Maps: 16143
XT01-98-AM-16143
XT01-05-PL-02-15-21-SF-00
XT01-PL-02-1621188621562
XT01-06-PL-02-15-21-SF-00
XT01-PL-01-1621188622043
XT01-06-PL-01-16-21-SF-00
Analyzed Maps: 8557
XT01-98-AM-8557
XT01-05-PL-02-10-21-SF-00
XT01-PL-02-1621188623416
XT01-06-PL-02-10-21-SF-00
XT01-PL-01-1621188623898
XT01-06-PL-01-21-07-SF-00
XT01-05-PL-02-19-18-SF-00
XT01-PL-02-1621188624017
XT01-06-PL-02-19-18-SF-00
XT01-PL-01-1621188624767
XT01-06-PL-01-20-20-SF-00
XT01-05-PL-02-12-15-SF-00
XT01-PL-02-1621188624877
XT01-06-PL-02-12-15-SF-00
XT01-PL-01-1621188625629
XT01-06-PL-01-17-19-SF-00
Analyzed Maps: 26234
XT01-98-AM-26234
XT01-05-PL-02-22-06-SF-00
XT01-PL-02-1621188629509
XT01-06-PL-02-22-06-SF-00
XT01-PL-01-1621188630043
XT01-06-PL-01-18-20-SF-00
Analyzed Maps: 11365
XT01-98-AM-11365
XT01-05-PL-02-16-09-SF-00
XT01-PL-02-1621188631790
XT01-06-PL-02-16-09-SF-00
XT01-PL-01-1621188632426
XT01-06-PL-01-17-08-SF-00
XT01-05-PL-02-17-02-SF-00
XT01-PL-02-1621188632568
XT01-06-PL-02-17-02-SF-00
XT01-PL-01-1621188633103
XT01-06-PL-01-18-01-SF-00
XT01-05-PL-02-09-18-SF-00
XT01-PL-02-1621188633221
XT01-06-PL-02-09-18-SF-00
XT01-PL-01-1621188633702
XT01-06-PL-01-15-20-SF-00
Analyzed Maps: 6775
XT01-98-AM-6775
XT01-05-PL-02-14-17-SF-00
XT01-PL-02-1621188634834
XT01-06-PL-02-14-17-SF-00
XT01-PL-01-1621188635273
XT01-06-PL-01-04-22-SF-00
Analyzed Maps: 6338
XT01-98-AM-6338
XT01-05-PL-02-03-23-SF-00
XT01-PL-02-1621188636354
XT01-06-PL-02-03-23-SF-00
XT01-PL-01-1621188636758
XT01-06-PL-01-02-24-SF-00
Analyzed Maps: 6470
XT01-98-AM-6470
XT01-05-PL-02-01-25-SF-00
XT01-PL-02-1621188637812
XT01-06-PL-02-01-25-SF-00
XT01-PL-01-1621188638248
XT01-06-PL-01-17-16-SF-00
Analyzed Maps: 17057
XT01-98-AM-17057
XT01-05-PL-02-18-17-SF-00
XT01-PL-02-1621188640826
XT01-06-PL-02-18-17-SF-00
XT01-PL-01-1621188641310
XT01-06-PL-01-20-19-SF-00
Analyzed Maps: 20035
XT01-98-AM-20035
XT01-05-PL-02-16-16-SF-00
XT01-PL-02-1621188644282
XT01-06-PL-02-16-16-SF-00
XT01-PL-01-1621188644747
XT01-06-PL-01-18-15-SF-00
Analyzed Maps: 20850
XT01-98-AM-20850
XT01-05-PL-02-17-17-SF-00
XT01-PL-02-1621188647848
XT01-06-PL-02-17-17-SF-00
XT01-PL-01-1621188648258
XT01-06-PL-01-18-19-SF-00
Analyzed Maps: 15229
XT01-98-AM-15229
XT01-05-PL-02-19-14-SF-00
XT01-PL-02-1621188650565
XT01-06-PL-02-19-14-SF-00
XT01-PL-01-1621188651056
XT01-06-PL-01-16-18-SF-00
Analyzed Maps: 19105
XT01-98-AM-19105
XT01-05-PL-02-17-18-SF-00
XT01-PL-02-1621188653910
XT01-06-PL-02-17-18-SF-00
XT01-PL-01-1621188654498
XT01-06-PL-01-20-22-SF-00
Analyzed Maps: 29300
XT01-98-AM-29300
XT01-05-PL-02-18-07-SF-00
XT01-PL-02-1621188658816
XT01-06-PL-02-18-07-SF-00
XT01-PL-01-1621188659655
XT01-06-PL-01-19-12-SF-00
Analyzed Maps: 50416
XT01-98-AM-50416
XT01-05-PL-02-20-11-SF-00
XT01-PL-02-1621188666893
XT01-06-PL-02-20-11-SF-00
XT01-PL-01-1621188667525
XT01-06-PL-01-17-10-SF-00
Analyzed Maps: 53987
XT01-98-AM-53987
XT01-05-PL-02-17-20-SF-00
XT01-PL-02-1621188675336
XT01-06-PL-02-17-20-SF-00
XT01-PL-01-1621188676633
XT01-06-PL-01-19-10-SF-00
Analyzed Maps: 81862
XT01-98-AM-81862
XT01-05-PL-02-17-09-SF-00
XT01-PL-02-1621188688270
XT01-06-PL-02-17-09-SF-00
XT01-PL-01-1621188693450
XT01-06-PL-01-19-06-SF-00
Analyzed Maps: 194336
XT01-98-AM-194336
XT01-05-PL-02-20-05-SF-00
XT01-PL-02-1621188721171
XT01-06-PL-02-20-05-SF-00
XT01-PL-01-1621188724846
XT01-06-PL-01-21-12-SF-00
Analyzed Maps: 104745
XT01-98-AM-104745
XT01-05-PL-02-19-17-SF-00
XT01-PL-02-1621188739737
XT01-06-PL-02-19-17-SF-00
XT01-PL-01-1621188741101
XT01-06-PL-01-18-11-SF-00
Analyzed Maps: 134876
XT01-98-AM-134876
XT01-05-PL-02-19-11-SF-00
XT01-PL-02-1621188759992
XT01-06-PL-02-19-11-SF-00
XT01-PL-01-1621188766796
XT01-06-PL-01-16-11-SF-00
Analyzed Maps: 422423
XT01-98-AM-422423
XT01-05-PL-02-21-18-SF-00
XT01-PL-02-1621188825463
XT01-06-PL-02-21-18-SF-00
XT01-PL-01-1621188838721
XT01-06-PL-01-19-13-SF-00
Analyzed Maps: 467518
XT01-98-AM-467518
XT01-05-PL-02-21-23-SF-00
XT01-PL-02-1621188903366
XT01-06-PL-02-21-23-SF-00
XT01-PL-01-1621188916741
XT01-06-PL-01-20-09-SF-00
Analyzed Maps: 699323
XT01-98-AM-699323
XT01-05-PL-02-21-09-SF-00
XT01-PL-02-1621189013866
XT01-06-PL-02-21-09-SF-00
XT01-PL-01-1621189029003
XT01-06-PL-01-19-08-SF-00
Analyzed Maps: 1141642
XT01-98-AM-1141642
XT01-05-PL-02-20-10-SF-00
XT01-PL-02-1621189185993
XT01-06-PL-02-20-10-SF-00
XT01-PL-01-1621189231177
XT01-06-PL-01-17-07-SF-00
Analyzed Maps: 1620308
XT01-98-AM-1620308
XT01-05-PL-02-20-13-SF-00
XT01-PL-02-1621189453354
XT01-06-PL-02-20-13-SF-00
XT01-PL-01-1621189520187
XT01-06-PL-01-22-09-SF-00
Analyzed Maps: 2169782
XT01-98-AM-2169782
XT01-05-PL-02-22-11-SF-00
XT01-PL-02-1621189818043
XT01-06-PL-02-22-11-SF-00
XT01-PL-01-1621189854417
XT01-06-PL-01-21-14-SF-00
Analyzed Maps: 1932401
XT01-98-AM-1932401
XT01-05-PL-02-20-21-SF-00
XT01-PL-02-1621190119086
XT01-06-PL-02-20-21-SF-00
XT01-PL-01-1621190151669
XT01-06-PL-01-22-22-SF-00
Analyzed Maps: 1263244
XT01-98-AM-1263244
XT01-05-PL-02-20-12-SF-00
XT01-PL-02-1621190323988
XT01-06-PL-02-20-12-SF-00
XT01-PL-01-1621190348535
XT01-06-PL-01-21-04-SF-00
Analyzed Maps: 1178822
XT01-98-AM-1178822
XT01-05-PL-02-16-08-SF-00
XT01-PL-02-1621190508841
XT01-06-PL-02-16-08-SF-00
XT01-PL-01-1621190550894
XT01-06-PL-01-21-08-SF-00
Analyzed Maps: 1616383
XT01-98-AM-1616383
XT01-05-PL-02-17-06-SF-00
XT01-PL-02-1621190769186
XT01-06-PL-02-17-06-SF-00
XT01-PL-01-1621190813116
XT01-06-PL-01-16-05-SF-00
Analyzed Maps: 1441677
XT01-98-AM-1441677
XT01-05-PL-02-21-10-SF-00
XT01-PL-02-1621191007389
XT01-06-PL-02-21-10-SF-00
XT01-PL-01-1621191044375
XT01-06-PL-01-20-07-SF-00
Analyzed Maps: 1400317
XT01-98-AM-1400317
XT01-05-PL-02-17-05-SF-00
XT01-PL-02-1621191232051
XT01-06-PL-02-17-05-SF-00
XT01-PL-01-1621191279838
XT01-06-PL-01-21-06-SF-00
Analyzed Maps: 1538533
XT01-98-AM-1538533
XT01-05-PL-02-21-05-SF-00
XT01-PL-02-1621191485470
XT01-06-PL-02-21-05-SF-00
XT01-PL-01-1621191550492
XT01-06-PL-01-22-12-SF-00
Analyzed Maps: 2667929
XT01-98-AM-2667929
XT01-05-PL-02-22-03-SF-00
XT01-PL-02-1621191905603
XT01-06-PL-02-22-03-SF-00
XT01-PL-01-1621191939128
XT01-06-PL-01-22-07-SF-00
Analyzed Maps: 1585002
XT01-98-AM-1585002
XT01-05-PL-02-18-12-SF-00
XT01-PL-02-1621192147989
XT01-06-PL-02-18-12-SF-00
XT01-PL-01-1621192215603
XT01-06-PL-01-18-05-SF-00
Analyzed Maps: 2055382
XT01-98-AM-2055382
XT01-05-PL-02-20-14-SF-00
XT01-PL-02-1621192484828
XT01-06-PL-02-20-14-SF-00
XT01-PL-01-1621192555554
XT01-06-PL-01-21-03-SF-00
Analyzed Maps: 2932585
XT01-98-AM-2932585
XT01-05-PL-02-20-03-SF-00
XT01-PL-02-1621192940212
XT01-06-PL-02-20-03-SF-00
XT01-PL-01-1621193051381
XT01-06-PL-01-19-02-SF-00
Analyzed Maps: 2998014
XT01-98-AM-2998014
XT01-05-PL-02-19-07-SF-00
XT01-PL-02-1621193443976
XT01-06-PL-02-19-07-SF-00
XT01-PL-01-1621193548266
XT01-06-PL-01-19-04-SF-00
Analyzed Maps: 2127432
XT01-98-AM-2127432
XT01-05-PL-02-21-02-SF-00
XT01-PL-02-1621193824055
XT01-06-PL-02-21-02-SF-00
XT01-PL-01-1621193928416
XT01-06-PL-01-21-01-SF-00
Analyzed Maps: 3456426
XT01-98-AM-3456426
XT01-05-PL-02-20-01-SF-00
XT01-PL-02-1621194376506
XT01-06-PL-02-20-01-SF-00
XT01-PL-01-1621194568218
XT01-06-PL-01-17-04-SF-00
Analyzed Maps: 3817285
XT01-98-AM-3817285
XT01-05-PL-02-22-14-SF-00
XT01-PL-02-1621195059683
XT01-06-PL-02-22-14-SF-00
XT01-PL-01-1621195184393
XT01-06-PL-01-22-15-SF-00
Analyzed Maps: 4052264
XT01-98-AM-4052264
XT01-05-PL-02-17-00-SF-00
XT01-PL-02-1621195703583
XT01-06-PL-02-17-00-SF-00
XT01-PL-01-1621195833486
XT01-06-PL-01-22-01-SF-00
Analyzed Maps: 2563675
XT01-98-AM-2563675
XT01-05-PL-02-22-05-SF-00
XT01-PL-02-1621196160184
XT01-06-PL-02-22-05-SF-00
XT01-PL-01-1621196242054
XT01-06-PL-01-19-01-SF-00
Analyzed Maps: 3032244
XT01-98-AM-3032244
XT01-05-PL-02-15-02-SF-00
XT01-PL-02-1621196624974
XT01-06-PL-02-15-02-SF-00
XT01-PL-01-1621196739045
XT01-06-PL-01-17-01-SF-00
Analyzed Maps: 3039287
XT01-98-AM-3039287
XT01-05-PL-02-16-10-SF-00
XT01-PL-02-1621197122393
XT01-06-PL-02-16-10-SF-00
XT01-PL-01-1621197199976
XT01-06-PL-01-16-07-SF-00
Analyzed Maps: 2609582
XT01-98-AM-2609582
XT01-05-PL-02-18-03-SF-00
XT01-PL-02-1621197526228
XT01-06-PL-02-18-03-SF-00
XT01-PL-01-1621197605878
XT01-06-PL-01-18-09-SF-00
Analyzed Maps: 2153575
XT01-98-AM-2153575
XT01-05-PL-02-16-01-SF-00
XT01-PL-02-1621197870941
XT01-06-PL-02-16-01-SF-00
XT01-PL-01-1621197929546
XT01-06-PL-01-19-05-SF-00
Analyzed Maps: 1577224
XT01-98-AM-1577224
XT01-05-PL-02-21-00-SF-00
XT01-PL-02-1621198121805
XT01-06-PL-02-21-00-SF-00
XT01-PL-01-1621198158542
XT01-06-PL-01-19-03-SF-00
Analyzed Maps: 1231258
XT01-98-AM-1231258
XT01-05-PL-02-21-13-SF-00
XT01-PL-02-1621198307302
XT01-06-PL-02-21-13-SF-00
XT01-PL-01-1621198340775
XT01-06-PL-01-21-11-SF-00
Analyzed Maps: 1080160
XT01-98-AM-1080160
XT01-05-PL-02-21-15-SF-00
XT01-PL-02-1621198470176
XT01-06-PL-02-21-15-SF-00
XT01-PL-01-1621198492159
XT01-06-PL-01-21-16-SF-00
Analyzed Maps: 1239312
XT01-98-AM-1239312
XT01-05-PL-02-21-17-SF-00
XT01-PL-02-1621198640336
XT01-06-PL-02-21-17-SF-00
XT01-PL-01-1621198658287
XT01-06-PL-01-20-15-SF-00
Analyzed Maps: 949145
XT01-98-AM-949145
XT01-05-PL-02-20-04-SF-00
XT01-PL-02-1621198769633
XT01-06-PL-02-20-04-SF-00
XT01-PL-01-1621198796409
XT01-06-PL-01-17-03-SF-00
Analyzed Maps: 1403152
XT01-98-AM-1403152
XT01-05-PL-02-20-06-SF-00
XT01-PL-02-1621198960420
XT01-06-PL-02-20-06-SF-00
XT01-PL-01-1621198986147
XT01-06-PL-01-22-17-SF-00
Analyzed Maps: 1049166
XT01-98-AM-1049166
XT01-05-PL-02-19-00-SF-00
XT01-PL-02-1621199108050
XT01-06-PL-02-19-00-SF-00
XT01-PL-01-1621199123082
XT01-06-PL-01-15-03-SF-00
Analyzed Maps: 470025
XT01-98-AM-470025
XT01-05-PL-02-13-00-SF-00
XT01-PL-02-1621199177685
XT01-06-PL-02-13-00-SF-00
XT01-PL-01-1621199191840
XT01-06-PL-01-15-01-SF-00
Analyzed Maps: 498579
XT01-98-AM-498579
XT01-05-PL-02-22-13-SF-00
XT01-PL-02-1621199248488
XT01-06-PL-02-22-13-SF-00
XT01-PL-01-1621199258420
XT01-06-PL-01-14-00-SF-00
Analyzed Maps: 283058
XT01-98-AM-283058
XT01-05-PL-02-18-08-SF-00
XT01-PL-02-1621199290547
XT01-06-PL-02-18-08-SF-00
XT01-PL-01-1621199294197
XT01-06-PL-01-14-02-SF-00
Analyzed Maps: 236824
XT01-98-AM-236824
XT01-05-PL-02-13-01-SF-00
XT01-PL-02-1621199320918
XT01-06-PL-02-13-01-SF-00
XT01-PL-01-1621199329730
XT01-06-PL-01-16-00-SF-00
Analyzed Maps: 431367
XT01-98-AM-431367
XT01-05-PL-02-22-24-SF-00
XT01-PL-02-1621199377427
XT01-06-PL-02-22-24-SF-00
XT01-PL-01-1621199395194
XT01-06-PL-01-16-02-SF-00
Analyzed Maps: 390219
XT01-98-AM-390219
XT01-05-PL-02-19-25-SF-00
XT01-PL-02-1621199437990
XT01-06-PL-02-19-25-SF-00
XT01-PL-01-1621199445146
XT01-06-PL-01-12-01-SF-00
Analyzed Maps: 209156
XT01-98-AM-209156
XT01-05-PL-02-14-03-SF-00
XT01-PL-02-1621199467761
XT01-06-PL-02-14-03-SF-00
XT01-PL-01-1621199471296
XT01-06-PL-01-18-04-SF-00
Analyzed Maps: 192894
XT01-98-AM-192894
XT01-05-PL-02-18-06-SF-00
XT01-PL-02-1621199492016
XT01-06-PL-02-18-06-SF-00
XT01-PL-01-1621199495592
XT01-06-PL-01-22-04-SF-00
Analyzed Maps: 142056
XT01-98-AM-142056
XT01-05-PL-02-16-19-SF-00
XT01-PL-02-1621199510671
XT01-06-PL-02-16-19-SF-00
XT01-PL-01-1621199512607
XT01-06-PL-01-16-06-SF-00
Analyzed Maps: 77054
XT01-98-AM-77054
XT01-05-PL-02-22-08-SF-00
XT01-PL-02-1621199520728
XT01-06-PL-02-22-08-SF-00
XT01-PL-01-1621199521405
XT01-06-PL-01-16-04-SF-00
Analyzed Maps: 35176
XT01-98-AM-35176
XT01-05-PL-02-22-10-SF-00
XT01-PL-02-1621199525142
XT01-06-PL-02-22-10-SF-00
XT01-PL-01-1621199525567
XT01-06-PL-01-17-12-SF-00
Analyzed Maps: 16877
XT01-98-AM-16877
XT01-05-PL-02-11-00-SF-00
XT01-PL-02-1621199527435
XT01-06-PL-02-11-00-SF-00
XT01-PL-01-1621199527827
XT01-06-PL-01-12-23-SF-00
Analyzed Maps: 11817
XT01-98-AM-11817
XT01-05-PL-02-13-22-SF-00
XT01-PL-02-1621199529170
XT01-06-PL-02-13-22-SF-00
XT01-PL-01-1621199529454
XT01-06-PL-01-18-02-SF-00
Analyzed Maps: 5473
XT01-98-AM-5473
XT01-05-PL-02-20-16-SF-00
XT01-PL-02-1621199530141
XT01-06-PL-02-20-16-SF-00
XT01-PL-01-1621199530388
XT01-06-PL-01-20-02-SF-00
Analyzed Maps: 2548
XT01-98-AM-2548
XT01-05-PL-02-22-16-SF-00
XT01-PL-02-1621199530789
XT01-06-PL-02-22-16-SF-00
XT01-PL-01-1621199531006
XT01-06-PL-01-22-02-SF-00
XT01-05-PL-02-18-18-SF-00
XT01-PL-02-1621199531119
XT01-06-PL-02-18-18-SF-00
XT01-PL-01-1621199531301
XT01-06-PL-01-15-09-SF-00
XT01-PL-01-1621199531471
XT01-06-PL-01-18-00-SF-00
XT01-PL-01-1621199531625
XT01-06-PL-01-22-00-SF-00
XT01-PL-01-1621199531795
XT01-06-PL-01-10-00-SF-00
XT01-05-PL-02-09-00-SF-00
XT01-PL-02-1621199531918
XT01-06-PL-02-09-00-SF-00
XT01-PL-01-1621199532048
XT01-06-PL-01-20-00-SF-00
XT01-PL-01-1621199532189
XT01-06-PL-01-08-00-SF-00
XT01-PL-01-1621199532330
XT01-06-PL-01-18-16-SF-00
Analyzed Maps: 29
XT01-98-AM-29
XT01-05-PL-02-16-17-SF-00
XT01-PL-02-1621199532475
XT01-06-PL-02-16-17-SF-00
XT01-PL-01-1621199532623
XT01-06-PL-01-08-23-SF-00
Analyzed Maps: 3
XT01-98-AM-3
XT01-05-PL-02-07-23-SF-00
XT01-PL-02-1621199532771
XT01-06-PL-02-07-23-SF-00
XT01-PL-01-1621199532878
XT01-06-PL-01-15-17-SF-01
XT01-PL-01-1621199533024
XT01-06-PL-01-12-11-SF-00
XT01-PL-01-1621199533174
XT01-06-PL-01-16-11-SF-00
XT01-PL-01-1621199533324
XT01-06-PL-01-21-01-SF-00
XT01-08
XT01-09