XT01-ALPHA-BETA-ON
XT01-02-[50, 10, 51, 10, 48, 32, 48, 10, 50, 54, 32, 50, 51, 10, 48, 32, 48, 32, 48, 32, 48, 32, 48, 32, 48, 32, 48, 32, 48, 32, 48, 32, 48, 32, 48, 32, 48, 32, 48, 32, 48, 32, 48, 32, 48, 32, 48, 32, 48, 32, 48, 32, 48, 32, 48, 32, 48, 32, 48, 32, 10, 48, 32, 48, 32, 48, 32, 48, 32, 48, 32, 48, 32, 48, 32, 45, 32, 45, 32, 45, 32, 45, 32, 48, 32, 48, 32, 48, 32, 48, 32, 48, 32, 48, 32, 48, 32, 48, 32, 48, 32, 48, 32, 48, 32, 48, 32, 10, 48, 32, 48, 32, 48, 32, 48, 32, 48, 32, 45, 32, 45, 32, 48, 32, 48, 32, 48, 32, 48, 32, 45, 32, 45, 32, 48, 32, 48, 32, 48, 32, 48, 32, 48, 32, 48, 32, 48, 32, 48, 32, 48, 32, 48, 32, 10, 48, 32, 48, 32, 48, 32, 48, 32, 45, 32, 48, 32, 48, 32, 48, 32, 48, 32, 98, 32, 48, 32, 48, 32, 48, 32, 45, 32, 48, 32, 48, 32, 48, 32, 48, 32, 48, 32, 48, 32, 48, 32, 48, 32, 48, 32, 10, 48, 32, 48, 32, 48, 32, 48, 32, 45, 32, 48, 32, 48, 32, 48, 32, 48, 32, 48, 32, 48, 32, 48, 32, 48, 32, 48, 32, 45, 32, 48, 32, 48, 32, 48, 32, 48, 32, 48, 32, 48, 32, 48, 32, 48, 32, 10, 48, 32, 48, 32, 48, 32, 45, 32, 48, 32, 48, 32, 48, 32, 48, 32, 48, 32, 48, 32, 48, 32, 45, 32, 48, 32, 48, 32, 48, 32, 45, 32, 48, 32, 48, 32, 48, 32, 48, 32, 48, 32, 48, 32, 48, 32, 10, 48, 32, 48, 32, 48, 32, 45, 32, 48, 32, 49, 32, 50, 32, 48, 32, 48, 32, 48, 32, 48, 32, 45, 32, 48, 32, 48, 32, 48, 32, 45, 32, 48, 32, 48, 32, 48, 32, 48, 32, 48, 32, 48, 32, 48, 32, 10, 48, 32, 48, 32, 48, 32, 45, 32, 48, 32, 50, 32, 49, 32, 48, 32, 48, 32, 48, 32, 45, 32, 48, 32, 48, 32, 48, 32, 48, 32, 45, 32, 48, 32, 48, 32, 48, 32, 48, 32, 48, 32, 48, 32, 48, 32, 10, 48, 32, 48, 32, 45, 32, 48, 32, 48, 32, 48, 32, 48, 32, 48, 32, 48, 32, 48, 32, 45, 32, 48, 32, 48, 32, 48, 32, 45, 32, 48, 32, 48, 32, 48, 32, 48, 32, 48, 32, 48, 32, 48, 32, 48, 32, 10, 48, 32, 45, 32, 45, 32, 48, 32, 48, 32, 48, 32, 48, 32, 48, 32, 48, 32, 45, 32, 48, 32, 48, 32, 48, 32, 48, 32, 45, 32, 48, 32, 48, 32, 48, 32, 48, 32, 48, 32, 48, 32, 48, 32, 48, 32, 10, 48, 32, 45, 32, 45, 32, 48, 32, 48, 32, 48, 32, 48, 32, 48, 32, 48, 32, 45, 32, 48, 32, 48, 32, 48, 32, 45, 32, 45, 32, 48, 32, 48, 32, 48, 32, 48, 32, 48, 32, 48, 32, 48, 32, 48, 32, 10, 48, 32, 45, 32, 48, 32, 48, 32, 48, 32, 48, 32, 48, 32, 48, 32, 48, 32, 45, 32, 48, 32, 48, 32, 48, 32, 45, 32, 48, 32, 45, 32, 48, 32, 48, 32, 48, 32, 48, 32, 48, 32, 48, 32, 48, 32, 10, 48, 32, 48, 32, 45, 32, 48, 32, 48, 32, 48, 32, 48, 32, 45, 32, 48, 32, 48, 32, 45, 32, 45, 32, 45, 32, 48, 32, 48, 32, 45, 32, 48, 32, 48, 32, 48, 32, 48, 32, 48, 32, 48, 32, 48, 32, 10, 48, 32, 48, 32, 48, 32, 45, 32, 45, 32, 45, 32, 45, 32, 48, 32, 45, 32, 48, 32, 48, 32, 48, 32, 48, 32, 48, 32, 48, 32, 48, 32, 45, 32, 45, 32, 48, 32, 48, 32, 48, 32, 48, 32, 48, 32, 10, 48, 32, 48, 32, 48, 32, 48, 32, 48, 32, 48, 32, 48, 32, 48, 32, 45, 32, 48, 32, 48, 32, 48, 32, 48, 32, 48, 32, 48, 32, 48, 32, 48, 32, 48, 32, 45, 32, 48, 32, 48, 32, 48, 32, 48, 32, 10, 48, 32, 48, 32, 48, 32, 48, 32, 48, 32, 48, 32, 48, 32, 45, 32, 48, 32, 48, 32, 48, 32, 120, 32, 48, 32, 48, 32, 48, 32, 48, 32, 48, 32, 48, 32, 48, 32, 45, 32, 48, 32, 48, 32, 48, 32, 10, 48, 32, 48, 32, 48, 32, 48, 32, 48, 32, 48, 32, 48, 32, 45, 32, 48, 32, 48, 32, 48, 32, 48, 32, 48, 32, 48, 32, 48, 32, 48, 32, 48, 32, 48, 32, 48, 32, 45, 32, 48, 32, 48, 32, 48, 32, 10, 48, 32, 48, 32, 48, 32, 48, 32, 48, 32, 48, 32, 48, 32, 45, 32, 48, 32, 48, 32, 48, 32, 48, 32, 48, 32, 48, 32, 48, 32, 99, 32, 48, 32, 48, 32, 48, 32, 48, 32, 45, 32, 48, 32, 48, 32, 10, 48, 32, 48, 32, 48, 32, 48, 32, 48, 32, 48, 32, 48, 32, 45, 32, 48, 32, 48, 32, 48, 32, 48, 32, 48, 32, 48, 32, 48, 32, 48, 32, 48, 32, 48, 32, 48, 32, 48, 32, 45, 32, 48, 32, 48, 32, 10, 48, 32, 48, 32, 48, 32, 48, 32, 48, 32, 48, 32, 48, 32, 48, 32, 45, 32, 48, 32, 48, 32, 48, 32, 48, 32, 48, 32, 48, 32, 48, 32, 48, 32, 48, 32, 48, 32, 48, 32, 48, 32, 45, 32, 48, 32, 10, 48, 32, 48, 32, 48, 32, 48, 32, 48, 32, 48, 32, 48, 32, 48, 32, 45, 32, 48, 32, 48, 32, 48, 32, 45, 32, 48, 32, 48, 32, 48, 32, 48, 32, 48, 32, 48, 32, 48, 32, 48, 32, 45, 32, 48, 32, 10, 48, 32, 48, 32, 48, 32, 48, 32, 48, 32, 48, 32, 48, 32, 48, 32, 45, 32, 48, 32, 48, 32, 48, 32, 45, 32, 45, 32, 48, 32, 48, 32, 48, 32, 48, 32, 45, 32, 48, 32, 48, 32, 45, 32, 48, 32, 10, 48, 32, 48, 32, 48, 32, 48, 32, 48, 32, 48, 32, 48, 32, 45, 32, 48, 32, 48, 32, 48, 32, 45, 32, 45, 32, 48, 32, 45, 32, 45, 32, 45, 32, 45, 32, 48, 32, 48, 32, 48, 32, 45, 32, 48, 32, 10, 48, 32, 48, 32, 48, 32, 48, 32, 48, 32, 48, 32, 45, 32, 105, 32, 48, 32, 48, 32, 45, 32, 48, 32, 48, 32, 45, 32, 48, 32, 48, 32, 48, 32, 48, 32, 48, 32, 48, 32, 45, 32, 48, 32, 48, 32, 10, 48, 32, 48, 32, 48, 32, 48, 32, 48, 32, 48, 32, 45, 32, 45, 32, 45, 32, 45, 32, 48, 32, 45, 32, 45, 32, 45, 32, 45, 32, 45, 32, 45, 32, 45, 32, 45, 32, 45, 32, 48, 32, 48, 32, 48, 32, 10, 48, 32, 48, 32, 48, 32, 48, 32, 48, 32, 48, 32, 48, 32, 48, 32, 48, 32, 48, 32, 48, 32, 48, 32, 48, 32, 48, 32, 48, 32, 48, 32, 48, 32, 48, 32, 48, 32, 48, 32, 48, 32, 48, 32, 48, 32, 10, 50, 32, 49, 49, 32, 54, 32, 60, 45, 62, 32, 49, 52, 32, 50, 51, 32, 54, 10, 49, 57, 32, 50, 51, 32, 50, 32, 60, 45, 62, 32, 49, 57, 32, 50, 51, 32, 52, 10, 57, 32, 55, 32, 50, 32, 60, 45, 62, 32, 49, 49, 32, 55, 32, 54, 10, 49, 48, 32, 54, 32, 50, 32, 60, 45, 62, 32, 49, 50, 32, 54, 32, 54, 10, 49, 48, 32, 53, 32, 50, 32, 60, 45, 62, 32, 49, 50, 32, 53, 32, 54, 10, 56, 32, 57, 32, 50, 32, 60, 45, 62, 32, 49, 48, 32, 57, 32, 54, 10, 56, 32, 49, 48, 32, 50, 32, 60, 45, 62, 32, 49, 48, 32, 49, 48, 32, 54, 10, 56, 32, 49, 49, 32, 50, 32, 60, 45, 62, 32, 49, 48, 32, 49, 49, 32, 54, 10, 49, 48, 32, 49, 49, 32, 52, 32, 60, 45, 62, 32, 49, 48, 32, 49, 51, 32, 48, 10, 49, 49, 32, 49, 49, 32, 52, 32, 60, 45, 62, 32, 49, 49, 32, 49, 51, 32, 48, 10, 49, 50, 32, 49, 49, 32, 52, 32, 60, 45, 62, 32, 49, 50, 32, 49, 51, 32, 48, 10, 49, 49, 32, 50, 51, 32, 54, 32, 60, 45, 62, 32, 57, 32, 50, 51, 32, 50, 10, 49, 50, 32, 50, 51, 32, 53, 32, 60, 45, 62, 32, 49, 57, 32, 49, 55, 32, 48, 10]
XT01-03-PL-01
Analyzed Maps: 495
XT01-98-AM-495
XT01-05-PL-01-07-06-SF-00
XT01-PL-01-1621186005565
XT01-06-PL-01-07-06-SF-00
XT01-PL-02-1621186006148
XT01-06-PL-02-07-05-SF-00
Analyzed Maps: 665
XT01-98-AM-665
XT01-05-PL-01-04-07-SF-00
XT01-PL-01-1621186006432
XT01-06-PL-01-04-07-SF-00
XT01-PL-02-1621186007514
XT01-06-PL-02-04-08-SF-00
Analyzed Maps: 385
XT01-98-AM-385
XT01-05-PL-01-06-05-SF-00
XT01-PL-01-1621186007702
XT01-06-PL-01-06-05-SF-00
XT01-PL-02-1621186009332
XT01-06-PL-02-05-05-SF-00
Analyzed Maps: 1422
XT01-98-AM-1422
XT01-05-PL-01-03-09-SF-00
XT01-PL-01-1621186009724
XT01-06-PL-01-03-09-SF-00
XT01-PL-02-1621186013771
XT01-06-PL-02-03-08-SF-00
Analyzed Maps: 1051
XT01-98-AM-1051
XT01-05-PL-01-04-06-SF-00
XT01-PL-01-1621186014122
XT01-06-PL-01-04-06-SF-00
XT01-PL-02-1621186016656
XT01-06-PL-02-05-08-SF-00
Analyzed Maps: 2234
XT01-98-AM-2234
XT01-05-PL-01-04-09-SF-00
XT01-PL-01-1621186017209
XT01-06-PL-01-04-09-SF-00
XT01-PL-02-1621186026419
XT01-06-PL-02-06-08-SF-00
Analyzed Maps: 1574
XT01-98-AM-1574
XT01-05-PL-01-02-07-SF-00
XT01-PL-01-1621186026998
XT01-06-PL-01-02-07-SF-00
XT01-PL-02-1621186034387
XT01-06-PL-02-04-05-SF-00
Analyzed Maps: 1061
XT01-98-AM-1061
XT01-05-PL-01-08-04-SF-00
XT01-PL-01-1621186034708
XT01-06-PL-01-08-04-SF-00
XT01-PL-02-1621186043142
XT01-06-PL-02-07-07-SF-00
Analyzed Maps: 1922
XT01-98-AM-1922
XT01-05-PL-01-07-04-SF-00
XT01-PL-01-1621186043616
XT01-06-PL-01-07-04-SF-00
XT01-PL-02-1621186056502
XT01-06-PL-02-04-10-SF-00
Analyzed Maps: 7060
XT01-98-AM-7060
XT01-05-PL-01-03-10-SF-00
XT01-PL-01-1621186058068
XT01-06-PL-01-03-10-SF-00
XT01-PL-02-1621186079219
XT01-06-PL-02-09-03-SF-21
Analyzed Maps: 2929
XT01-98-AM-2929
XT01-05-PL-01-03-04-SF-00
XT01-PL-01-1621186080004
XT01-06-PL-01-03-04-SF-00
XT01-PL-02-1621186090530
XT01-06-PL-02-08-06-SF-00
Analyzed Maps: 4004
XT01-98-AM-4004
XT01-05-PL-01-10-02-SF-00
XT01-PL-01-1621186091384
XT01-06-PL-01-10-02-SF-00
XT01-PL-02-1621186119100
XT01-06-PL-02-05-09-SF-00
Analyzed Maps: 6234
XT01-98-AM-6234
XT01-05-PL-01-09-07-SF-00
XT01-PL-01-1621186120396
XT01-06-PL-01-09-07-SF-00
XT01-PL-02-1621186153665
XT01-06-PL-02-05-04-SF-00
Analyzed Maps: 8667
XT01-98-AM-8667
XT01-05-PL-01-08-08-SF-00
XT01-PL-01-1621186155458
XT01-06-PL-01-08-08-SF-00
XT01-PL-02-1621186184582
XT01-06-PL-02-07-08-SF-00
Analyzed Maps: 4788
XT01-98-AM-4788
XT01-05-PL-01-08-09-SF-00
XT01-PL-01-1621186185622
XT01-06-PL-01-08-09-SF-00
XT01-PL-02-1621186215684
XT01-06-PL-02-09-08-SF-00
Analyzed Maps: 5709
XT01-98-AM-5709
XT01-05-PL-01-08-07-SF-00
XT01-PL-01-1621186216922
XT01-06-PL-01-08-07-SF-00
XT01-PL-02-1621186256313
XT01-06-PL-02-11-07-SF-00
Analyzed Maps: 6653
XT01-98-AM-6653
XT01-05-PL-01-10-06-SF-00
XT01-PL-01-1621186257689
XT01-06-PL-01-10-06-SF-00
XT01-PL-02-1621186297452
XT01-06-PL-02-09-05-SF-00
Analyzed Maps: 9290
XT01-98-AM-9290
XT01-05-PL-01-05-03-SF-00
XT01-PL-01-1621186299315
XT01-06-PL-01-05-03-SF-00
XT01-PL-02-1621186339771
XT01-06-PL-02-07-09-SF-00
Analyzed Maps: 6590
XT01-98-AM-6590
XT01-05-PL-01-10-09-SF-00
XT01-PL-01-1621186341122
XT01-06-PL-01-10-09-SF-00
XT01-PL-02-1621186372272
XT01-06-PL-02-06-04-SF-00
Analyzed Maps: 6518
XT01-98-AM-6518
XT01-05-PL-01-08-05-SF-00
XT01-PL-01-1621186373606
XT01-06-PL-01-08-05-SF-00
XT01-PL-02-1621186419488
XT01-06-PL-02-09-06-SF-00
Analyzed Maps: 9722
XT01-98-AM-9722
XT01-05-PL-01-07-10-SF-00
XT01-PL-01-1621186421424
XT01-06-PL-01-07-10-SF-00
XT01-PL-02-1621186495546
XT01-06-PL-02-06-09-SF-00
Analyzed Maps: 8627
XT01-98-AM-8627
XT01-05-PL-01-12-06-SF-00
XT01-PL-01-1621186497334
XT01-06-PL-01-12-06-SF-00
XT01-PL-02-1621186625626
XT01-06-PL-02-09-04-SF-00
Analyzed Maps: 3793
XT01-98-AM-3793
XT01-05-PL-01-10-03-SF-00
XT01-PL-01-1621186626490
XT01-06-PL-01-10-03-SF-00
XT01-PL-02-1621186725108
XT01-06-PL-02-09-02-SF-00
Analyzed Maps: 6849
XT01-98-AM-6849
XT01-05-PL-01-08-02-SF-00
XT01-PL-01-1621186726525
XT01-06-PL-01-08-02-SF-00
XT01-PL-02-1621186820670
XT01-06-PL-02-11-03-SF-00
Analyzed Maps: 9870
XT01-98-AM-9870
XT01-05-PL-01-11-04-SF-00
XT01-PL-01-1621186822598
XT01-06-PL-01-11-04-SF-00
XT01-PL-02-1621186920947
XT01-06-PL-02-10-05-SF-00
Analyzed Maps: 7911
XT01-98-AM-7911
XT01-05-PL-01-08-03-SF-00
XT01-PL-01-1621186922588
XT01-06-PL-01-08-03-SF-00
XT01-PL-02-1621187047008
XT01-06-PL-02-12-03-SF-00
Analyzed Maps: 11294
XT01-98-AM-11294
XT01-05-PL-01-07-03-SF-00
XT01-PL-01-1621187049151
XT01-06-PL-01-07-03-SF-00
XT01-PL-02-1621187114197
XT01-06-PL-02-02-11-SF-00
Analyzed Maps: 4169
XT01-98-AM-4169
XT01-05-PL-01-05-10-SF-00
XT01-PL-01-1621187115093
XT01-06-PL-01-05-10-SF-00
XT01-PL-02-1621187190260
XT01-06-PL-02-04-02-SF-00
Analyzed Maps: 5206
XT01-98-AM-5206
XT01-05-PL-01-06-10-SF-00
XT01-PL-01-1621187191335
XT01-06-PL-01-06-10-SF-00
XT01-PL-02-1621187256216
XT01-06-PL-02-06-11-SF-00
Analyzed Maps: 5045
XT01-98-AM-5045
XT01-05-PL-01-13-02-SF-00
XT01-PL-01-1621187257308
XT01-06-PL-01-13-02-SF-00
XT01-PL-02-1621187330691
XT01-06-PL-02-06-03-SF-00
Analyzed Maps: 2496
XT01-98-AM-2496
XT01-05-PL-01-10-04-SF-00
XT01-PL-01-1621187331309
XT01-06-PL-01-10-04-SF-00
XT01-PL-02-1621187392160
XT01-06-PL-02-05-11-SF-00
Analyzed Maps: 2619
XT01-98-AM-2619
XT01-05-PL-01-07-02-SF-00
XT01-PL-01-1621187392776
XT01-06-PL-01-07-02-SF-00
XT01-PL-02-1621187438595
XT01-06-PL-02-14-01-SF-00
Analyzed Maps: 4058
XT01-98-AM-4058
XT01-05-PL-01-06-12-SF-00
XT01-PL-01-1621187439479
XT01-06-PL-01-06-12-SF-00
XT01-PL-02-1621187489475
XT01-06-PL-02-06-01-SF-00
Analyzed Maps: 3661
XT01-98-AM-3661
XT01-05-PL-01-03-11-SF-00
XT01-PL-01-1621187490295
XT01-06-PL-01-03-11-SF-00
XT01-PL-02-1621187529313
XT01-06-PL-02-02-03-SF-00
Analyzed Maps: 4394
XT01-98-AM-4394
XT01-05-PL-01-04-11-SF-00
XT01-PL-01-1621187530235
XT01-06-PL-01-04-11-SF-00
XT01-PL-02-1621187557788
XT01-06-PL-02-04-12-SF-00
Analyzed Maps: 7060
XT01-98-AM-7060
XT01-05-PL-01-12-05-SF-00
XT01-PL-01-1621187559177
XT01-06-PL-01-12-05-SF-00
XT01-PL-02-1621187599557
XT01-06-PL-02-12-04-SF-00
Analyzed Maps: 4183
XT01-98-AM-4183
XT01-05-PL-01-15-00-SF-00
XT01-PL-01-1621187600447
XT01-06-PL-01-15-00-SF-00
XT01-PL-02-1621187636855
XT01-06-PL-02-08-11-SF-00
Analyzed Maps: 6504
XT01-98-AM-6504
XT01-05-PL-01-08-10-SF-00
XT01-PL-01-1621187638152
XT01-06-PL-01-08-10-SF-00
XT01-PL-02-1621187670891
XT01-06-PL-02-07-11-SF-00
Analyzed Maps: 3470
XT01-98-AM-3470
XT01-05-PL-01-05-00-SF-00
XT01-PL-01-1621187671667
XT01-06-PL-01-05-00-SF-00
XT01-PL-02-1621187693530
XT01-06-PL-02-07-13-SF-00
Analyzed Maps: 3683
XT01-98-AM-3683
XT01-05-PL-01-13-04-SF-00
XT01-PL-01-1621187694314
XT01-06-PL-01-13-04-SF-00
XT01-PL-02-1621187705002
XT01-06-PL-02-13-06-SF-00
Analyzed Maps: 2510
XT01-98-AM-2510
XT01-05-PL-01-14-06-SF-00
XT01-PL-01-1621187705606
XT01-06-PL-01-14-06-SF-00
XT01-PL-02-1621187713013
XT01-06-PL-02-13-05-SF-00
Analyzed Maps: 1845
XT01-98-AM-1845
XT01-05-PL-01-14-05-SF-00
XT01-PL-01-1621187713469
XT01-06-PL-01-14-05-SF-00
XT01-PL-02-1621187717518
XT01-06-PL-02-01-06-SF-00
Analyzed Maps: 1895
XT01-98-AM-1895
XT01-05-PL-01-00-05-SF-00
XT01-PL-01-1621187717972
XT01-06-PL-01-00-05-SF-00
XT01-PL-02-1621187720173
XT01-06-PL-02-10-10-SF-00
Analyzed Maps: 2039
XT01-98-AM-2039
XT01-05-PL-01-03-12-SF-00
XT01-PL-01-1621187720645
XT01-06-PL-01-03-12-SF-00
XT01-PL-02-1621187722792
XT01-06-PL-02-11-10-SF-00
Analyzed Maps: 1915
XT01-98-AM-1915
XT01-05-PL-01-05-12-SF-00
XT01-PL-01-1621187723269
XT01-06-PL-01-05-12-SF-00
XT01-PL-02-1621187724163
XT01-06-PL-02-11-01-SF-00
Analyzed Maps: 2176
XT01-98-AM-2176
XT01-05-PL-01-12-00-SF-00
XT01-PL-01-1621187724659
XT01-06-PL-01-12-00-SF-00
XT01-PL-02-1621187724777
XT01-06-PL-02-02-13-SF-00
Analyzed Maps: 2693
XT01-98-AM-2693
XT01-05-PL-01-08-12-SF-00
XT01-PL-01-1621187725392
XT01-06-PL-01-08-12-SF-00
XT01-PL-02-1621187726089
XT01-06-PL-02-10-11-SF-00
Analyzed Maps: 2368
XT01-98-AM-2368
XT01-05-PL-01-01-14-SF-00
XT01-PL-01-1621187726666
XT01-06-PL-01-01-14-SF-00
XT01-PL-02-1621187726777
XT01-06-PL-02-09-13-SF-00
Analyzed Maps: 2814
XT01-98-AM-2814
XT01-05-PL-01-01-02-SF-00
XT01-PL-01-1621187727353
XT01-06-PL-01-01-02-SF-00
XT01-PL-02-1621187727479
XT01-06-PL-02-07-03-SF-00
Analyzed Maps: 1542
XT01-98-AM-1542
XT01-05-PL-01-10-14-SF-00
XT01-PL-01-1621187727876
XT01-06-PL-01-10-14-SF-00
XT01-PL-02-1621187729905
XT01-06-PL-02-00-15-SF-00
Analyzed Maps: 1606
XT01-98-AM-1606
XT01-05-PL-01-06-14-SF-00
XT01-PL-01-1621187730334
XT01-06-PL-01-06-14-SF-00
XT01-PL-02-1621187731466
XT01-06-PL-02-00-01-SF-00
Analyzed Maps: 1402
XT01-98-AM-1402
XT01-05-PL-01-12-16-SF-00
XT01-PL-01-1621187731836
XT01-06-PL-01-12-16-SF-00
XT01-PL-02-1621187731976
XT01-06-PL-02-14-07-SF-00
Analyzed Maps: 1482
XT01-98-AM-1482
XT01-05-PL-01-15-08-SF-00
XT01-PL-01-1621187732356
XT01-06-PL-01-15-08-SF-00
XT01-PL-02-1621187732477
XT01-06-PL-02-03-09-SF-00
Analyzed Maps: 947
XT01-98-AM-947
XT01-05-PL-01-01-12-SF-00
XT01-PL-01-1621187732769
XT01-06-PL-01-01-12-SF-00
XT01-PL-02-1621187733836
XT01-06-PL-02-13-17-SF-00
Analyzed Maps: 1124
XT01-98-AM-1124
XT01-05-PL-01-03-14-SF-00
XT01-PL-01-1621187734190
XT01-06-PL-01-03-14-SF-00
XT01-PL-02-1621187734613
XT01-06-PL-02-14-23-SF-00
Analyzed Maps: 821
XT01-98-AM-821
XT01-05-PL-01-11-09-SF-00
XT01-PL-01-1621187734888
XT01-06-PL-01-11-09-SF-00
XT01-PL-02-1621187736283
XT01-06-PL-02-12-09-SF-00
Analyzed Maps: 1020
XT01-98-AM-1020
XT01-05-PL-01-13-09-SF-00
XT01-PL-01-1621187736612
XT01-06-PL-01-13-09-SF-00
XT01-PL-02-1621187738470
XT01-06-PL-02-11-08-SF-00
Analyzed Maps: 1226
XT01-98-AM-1226
XT01-05-PL-01-12-10-SF-00
XT01-PL-01-1621187738789
XT01-06-PL-01-12-10-SF-00
XT01-PL-02-1621187740128
XT01-06-PL-02-05-15-SF-00
Analyzed Maps: 863
XT01-98-AM-863
XT01-05-PL-01-10-13-SF-00
XT01-PL-01-1621187740383
XT01-06-PL-01-10-13-SF-00
XT01-PL-02-1621187741790
XT01-06-PL-02-12-11-SF-00
Analyzed Maps: 863
XT01-98-AM-863
XT01-05-PL-01-13-12-SF-00
XT01-PL-01-1621187742105
XT01-06-PL-01-13-12-SF-00
XT01-PL-02-1621187742817
XT01-06-PL-02-11-11-SF-00
Analyzed Maps: 595
XT01-98-AM-595
XT01-05-PL-01-09-12-SF-00
XT01-PL-01-1621187743037
XT01-06-PL-01-09-12-SF-00
XT01-PL-02-1621187743757
XT01-06-PL-02-11-14-SF-00
Analyzed Maps: 653
XT01-98-AM-653
XT01-05-PL-01-15-23-SF-00
XT01-PL-01-1621187744001
XT01-06-PL-01-15-23-SF-00
XT01-PL-02-1621187745144
XT01-06-PL-02-16-23-SF-00
Analyzed Maps: 688
XT01-98-AM-688
XT01-05-PL-01-11-13-SF-00
XT01-PL-01-1621187745402
XT01-06-PL-01-11-13-SF-00
XT01-PL-02-1621187746959
XT01-06-PL-02-12-13-SF-00
Analyzed Maps: 1686
XT01-98-AM-1686
XT01-05-PL-01-12-14-SF-00
XT01-PL-01-1621187747387
XT01-06-PL-01-12-14-SF-00
XT01-PL-02-1621187753102
XT01-06-PL-02-13-08-SF-00
Analyzed Maps: 2679
XT01-98-AM-2679
XT01-05-PL-01-12-08-SF-00
XT01-PL-01-1621187753685
XT01-06-PL-01-12-08-SF-00
XT01-PL-02-1621187758894
XT01-06-PL-02-14-13-SF-00
Analyzed Maps: 1766
XT01-98-AM-1766
XT01-05-PL-01-17-23-SF-00
XT01-PL-01-1621187759354
XT01-06-PL-01-17-23-SF-00
XT01-PL-02-1621187765642
XT01-06-PL-02-12-07-SF-00
Analyzed Maps: 1438
XT01-98-AM-1438
XT01-05-PL-01-12-15-SF-00
XT01-PL-01-1621187766039
XT01-06-PL-01-12-15-SF-00
XT01-PL-02-1621187776660
XT01-06-PL-02-13-14-SF-00
Analyzed Maps: 2381
XT01-98-AM-2381
XT01-05-PL-01-13-07-SF-00
XT01-PL-01-1621187777187
XT01-06-PL-01-13-07-SF-00
XT01-PL-02-1621187784749
XT01-06-PL-02-13-13-SF-00
Analyzed Maps: 1856
XT01-98-AM-1856
XT01-05-PL-01-03-01-SF-00
XT01-PL-01-1621187785199
XT01-06-PL-01-03-01-SF-00
XT01-PL-02-1621187789787
XT01-06-PL-02-18-23-SF-00
Analyzed Maps: 1332
XT01-98-AM-1332
XT01-05-PL-01-09-14-SF-00
XT01-PL-01-1621187790174
XT01-06-PL-01-09-14-SF-00
XT01-PL-02-1621187793718
XT01-06-PL-02-13-16-SF-00
Analyzed Maps: 1988
XT01-98-AM-1988
XT01-05-PL-01-12-17-SF-00
XT01-PL-01-1621187794188
XT01-06-PL-01-12-17-SF-00
XT01-PL-02-1621187806265
XT01-06-PL-02-13-15-SF-00
Analyzed Maps: 2162
XT01-98-AM-2162
XT01-05-PL-01-19-23-SF-00
XT01-PL-01-1621187806762
XT01-06-PL-01-19-23-SF-00
XT01-PL-02-1621187814525
XT01-06-PL-02-00-13-SF-00
Analyzed Maps: 1803
XT01-98-AM-1803
XT01-05-PL-01-00-11-SF-00
XT01-PL-01-1621187814990
XT01-06-PL-01-00-11-SF-00
XT01-PL-02-1621187822142
XT01-06-PL-02-11-16-SF-00
Analyzed Maps: 1520
XT01-98-AM-1520
XT01-05-PL-01-11-17-SF-00
XT01-PL-01-1621187822552
XT01-06-PL-01-11-17-SF-00
XT01-PL-02-1621187838275
XT01-06-PL-02-10-15-SF-00
Analyzed Maps: 1745
XT01-98-AM-1745
XT01-05-PL-01-14-14-SF-00
XT01-PL-01-1621187838688
XT01-06-PL-01-14-14-SF-00
XT01-PL-02-1621187861590
XT01-06-PL-02-10-16-SF-00
Analyzed Maps: 2492
XT01-98-AM-2492
XT01-05-PL-01-14-18-SF-00
XT01-PL-01-1621187862168
XT01-06-PL-01-14-18-SF-00
XT01-PL-02-1621187886707
XT01-06-PL-02-15-19-SF-00
Analyzed Maps: 2397
XT01-98-AM-2397
XT01-05-PL-01-16-20-SF-00
XT01-PL-01-1621187887261
XT01-06-PL-01-16-20-SF-00
XT01-PL-02-1621187914693
XT01-06-PL-02-17-21-SF-00
Analyzed Maps: 4955
XT01-98-AM-4955
XT01-05-PL-01-14-12-SF-00
XT01-PL-01-1621187915660
XT01-06-PL-01-14-12-SF-00
XT01-PL-02-1621187943436
XT01-06-PL-02-15-14-SF-00
Analyzed Maps: 4344
XT01-98-AM-4344
XT01-05-PL-01-15-13-SF-00
XT01-PL-01-1621187944264
XT01-06-PL-01-15-13-SF-00
XT01-PL-02-1621187972584
XT01-06-PL-02-14-15-SF-00
Analyzed Maps: 2680
XT01-98-AM-2680
XT01-05-PL-01-14-16-SF-00
XT01-PL-01-1621187973158
XT01-06-PL-01-14-16-SF-00
XT01-PL-02-1621188006975
XT01-06-PL-02-15-16-SF-00
Analyzed Maps: 1746
XT01-98-AM-1746
XT01-05-PL-01-18-22-SF-00
XT01-PL-01-1621188007422
XT01-06-PL-01-18-22-SF-00
XT01-PL-02-1621188026873
XT01-06-PL-02-14-11-SF-00
Analyzed Maps: 2720
XT01-98-AM-2720
XT01-05-PL-01-09-16-SF-00
XT01-PL-01-1621188027483
XT01-06-PL-01-09-16-SF-00
XT01-PL-02-1621188079269
XT01-06-PL-02-08-17-SF-00
Analyzed Maps: 1881
XT01-98-AM-1881
XT01-05-PL-01-08-16-SF-00
XT01-PL-01-1621188079763
XT01-06-PL-01-08-16-SF-00
XT01-PL-02-1621188129906
XT01-06-PL-02-20-24-SF-00
Analyzed Maps: 2561
XT01-98-AM-2561
XT01-05-PL-01-08-18-SF-00
XT01-PL-01-1621188130461
XT01-06-PL-01-08-18-SF-00
XT01-PL-02-1621188160186
XT01-06-PL-02-09-15-SF-00
Analyzed Maps: 2542
XT01-98-AM-2542
XT01-05-PL-01-19-21-SF-00
XT01-PL-01-1621188160749
XT01-06-PL-01-19-21-SF-00
XT01-PL-02-1621188183040
XT01-06-PL-02-13-18-SF-00
Analyzed Maps: 3131
XT01-98-AM-3131
XT01-05-PL-01-15-10-SF-00
XT01-PL-01-1621188183694
XT01-06-PL-01-15-10-SF-00
XT01-PL-02-1621188206058
XT01-06-PL-02-09-17-SF-00
Analyzed Maps: 8229
XT01-98-AM-8229
XT01-05-PL-01-10-17-SF-00
XT01-PL-01-1621188207503
XT01-06-PL-01-10-17-SF-00
XT01-PL-02-1621188238134
XT01-06-PL-02-09-18-SF-00
Analyzed Maps: 4591
XT01-98-AM-4591
XT01-05-PL-01-08-15-SF-00
XT01-PL-01-1621188239020
XT01-06-PL-01-08-15-SF-00
XT01-PL-02-1621188266189
XT01-06-PL-02-07-14-SF-00
Analyzed Maps: 3908
XT01-98-AM-3908
XT01-05-PL-01-09-19-SF-00
XT01-PL-01-1621188266937
XT01-06-PL-01-09-19-SF-00
XT01-PL-02-1621188286393
XT01-06-PL-02-07-19-SF-00
Analyzed Maps: 5483
XT01-98-AM-5483
XT01-05-PL-01-10-18-SF-00
XT01-PL-01-1621188287377
XT01-06-PL-01-10-18-SF-00
XT01-PL-02-1621188305760
XT01-06-PL-02-16-12-SF-00
Analyzed Maps: 3643
XT01-98-AM-3643
XT01-05-PL-01-19-22-SF-00
XT01-PL-01-1621188306464
XT01-06-PL-01-19-22-SF-00
XT01-PL-02-1621188322043
XT01-06-PL-02-10-19-SF-00
Analyzed Maps: 8207
XT01-98-AM-8207
XT01-05-PL-01-11-20-SF-00
XT01-PL-01-1621188323460
XT01-06-PL-01-11-20-SF-00
XT01-PL-02-1621188342422
XT01-06-PL-02-19-20-SF-00
Analyzed Maps: 5812
XT01-98-AM-5812
XT01-05-PL-01-19-19-SF-00
XT01-PL-01-1621188343472
XT01-06-PL-01-19-19-SF-00
XT01-PL-02-1621188362009
XT01-06-PL-02-09-20-SF-00
Analyzed Maps: 5118
XT01-98-AM-5118
XT01-05-PL-01-09-21-SF-00
XT01-PL-01-1621188362913
XT01-06-PL-01-09-21-SF-00
XT01-PL-02-1621188377050
XT01-06-PL-02-10-20-SF-00
Analyzed Maps: 8406
XT01-98-AM-8406
XT01-05-PL-01-21-25-SF-00
XT01-PL-01-1621188378451
XT01-06-PL-01-21-25-SF-00
XT01-PL-02-1621188396390
XT01-06-PL-02-12-18-SF-00
Analyzed Maps: 9442
XT01-98-AM-9442
XT01-05-PL-01-15-15-SF-00
XT01-PL-01-1621188397988
XT01-06-PL-01-15-15-SF-00
XT01-PL-02-1621188416474
XT01-06-PL-02-09-22-SF-00
Analyzed Maps: 11447
XT01-98-AM-11447
XT01-05-PL-01-16-15-SF-00
XT01-PL-01-1621188418383
XT01-06-PL-01-16-15-SF-00
XT01-PL-02-1621188435776
XT01-06-PL-02-16-14-SF-00
Analyzed Maps: 4723
XT01-98-AM-4723
XT01-05-PL-01-17-14-SF-00
XT01-PL-01-1621188436651
XT01-06-PL-01-17-14-SF-00
XT01-PL-02-1621188449635
XT01-06-PL-02-17-15-SF-00
Analyzed Maps: 8780
XT01-98-AM-8780
XT01-05-PL-01-17-11-SF-00
XT01-PL-01-1621188451091
XT01-06-PL-01-17-11-SF-00
XT01-PL-02-1621188462036
XT01-06-PL-02-18-13-SF-00
Analyzed Maps: 9411
XT01-98-AM-9411
XT01-05-PL-01-06-20-SF-00
XT01-PL-01-1621188463573
XT01-06-PL-01-06-20-SF-00
XT01-PL-02-1621188474298
XT01-06-PL-02-05-21-SF-00
Analyzed Maps: 10129
XT01-98-AM-10129
XT01-05-PL-01-09-23-SF-00
XT01-PL-01-1621188475971
XT01-06-PL-01-09-23-SF-00
XT01-PL-02-1621188488127
XT01-06-PL-02-08-22-SF-00
Analyzed Maps: 10589
XT01-98-AM-10589
XT01-05-PL-01-11-19-SF-00
XT01-PL-01-1621188489896
XT01-06-PL-01-11-19-SF-00
XT01-PL-02-1621188511471
XT01-06-PL-02-11-18-SF-00
Analyzed Maps: 8749
XT01-98-AM-8749
XT01-05-PL-01-11-21-SF-00
XT01-PL-01-1621188512943
XT01-06-PL-01-11-21-SF-00
XT01-PL-02-1621188529175
XT01-06-PL-02-10-24-SF-00
Analyzed Maps: 4603
XT01-98-AM-4603
XT01-05-PL-01-14-19-SF-00
XT01-PL-01-1621188530024
XT01-06-PL-01-14-19-SF-00
XT01-PL-02-1621188546502
XT01-06-PL-02-10-22-SF-00
Analyzed Maps: 5136
XT01-98-AM-5136
XT01-05-PL-01-13-19-SF-00
XT01-PL-01-1621188547400
XT01-06-PL-01-13-19-SF-00
XT01-PL-02-1621188562490
XT01-06-PL-02-18-10-SF-00
Analyzed Maps: 2983
XT01-98-AM-2983
XT01-05-PL-01-19-09-SF-00
XT01-PL-01-1621188563073
XT01-06-PL-01-19-09-SF-00
XT01-PL-02-1621188578309
XT01-06-PL-02-13-20-SF-00
Analyzed Maps: 3264
XT01-98-AM-3264
XT01-05-PL-01-14-20-SF-00
XT01-PL-01-1621188578950
XT01-06-PL-01-14-20-SF-00
XT01-PL-02-1621188598619
XT01-06-PL-02-20-08-SF-00
Analyzed Maps: 3897
XT01-98-AM-3897
XT01-05-PL-01-12-19-SF-00
XT01-PL-01-1621188599339
XT01-06-PL-01-12-19-SF-00
XT01-PL-02-1621188610742
XT01-06-PL-02-15-04-SF-00
Analyzed Maps: 4306
XT01-98-AM-4306
XT01-05-PL-01-16-03-SF-00
XT01-PL-01-1621188611528
XT01-06-PL-01-16-03-SF-00
XT01-PL-02-1621188618531
XT01-06-PL-02-15-18-SF-00
Analyzed Maps: 2580
XT01-98-AM-2580
XT01-05-PL-01-14-21-SF-00
XT01-PL-01-1621188619084
XT01-06-PL-01-14-21-SF-00
XT01-PL-02-1621188621562
XT01-06-PL-02-15-21-SF-00
Analyzed Maps: 2323
XT01-98-AM-2323
XT01-05-PL-01-16-21-SF-00
XT01-PL-01-1621188622043
XT01-06-PL-01-16-21-SF-00
XT01-PL-02-1621188623416
XT01-06-PL-02-10-21-SF-00
Analyzed Maps: 2467
XT01-98-AM-2467
XT01-05-PL-01-21-07-SF-00
XT01-PL-01-1621188623898
XT01-06-PL-01-21-07-SF-00
XT01-PL-02-1621188624017
XT01-06-PL-02-19-18-SF-00
Analyzed Maps: 4451
XT01-98-AM-4451
XT01-05-PL-01-20-20-SF-00
XT01-PL-01-1621188624767
XT01-06-PL-01-20-20-SF-00
XT01-PL-02-1621188624877
XT01-06-PL-02-12-15-SF-00
Analyzed Maps: 3855
XT01-98-AM-3855
XT01-05-PL-01-17-19-SF-00
XT01-PL-01-1621188625629
XT01-06-PL-01-17-19-SF-00
XT01-PL-02-1621188629509
XT01-06-PL-02-22-06-SF-00
Analyzed Maps: 2745
XT01-98-AM-2745
XT01-05-PL-01-18-20-SF-00
XT01-PL-01-1621188630043
XT01-06-PL-01-18-20-SF-00
XT01-PL-02-1621188631790
XT01-06-PL-02-16-09-SF-00
Analyzed Maps: 3447
XT01-98-AM-3447
XT01-05-PL-01-17-08-SF-00
XT01-PL-01-1621188632426
XT01-06-PL-01-17-08-SF-00
XT01-PL-02-1621188632568
XT01-06-PL-02-17-02-SF-00
Analyzed Maps: 2980
XT01-98-AM-2980
XT01-05-PL-01-18-01-SF-00
XT01-PL-01-1621188633103
XT01-06-PL-01-18-01-SF-00
XT01-PL-02-1621188633221
XT01-06-PL-02-09-18-SF-00
Analyzed Maps: 2417
XT01-98-AM-2417
XT01-05-PL-01-15-20-SF-00
XT01-PL-01-1621188633702
XT01-06-PL-01-15-20-SF-00
XT01-PL-02-1621188634834
XT01-06-PL-02-14-17-SF-00
Analyzed Maps: 1943
XT01-98-AM-1943
XT01-05-PL-01-04-22-SF-00
XT01-PL-01-1621188635273
XT01-06-PL-01-04-22-SF-00
XT01-PL-02-1621188636354
XT01-06-PL-02-03-23-SF-00
Analyzed Maps: 1848
XT01-98-AM-1848
XT01-05-PL-01-02-24-SF-00
XT01-PL-01-1621188636758
XT01-06-PL-01-02-24-SF-00
XT01-PL-02-1621188637812
XT01-06-PL-02-01-25-SF-00
Analyzed Maps: 2064
XT01-98-AM-2064
XT01-05-PL-01-17-16-SF-00
XT01-PL-01-1621188638248
XT01-06-PL-01-17-16-SF-00
XT01-PL-02-1621188640826
XT01-06-PL-02-18-17-SF-00
Analyzed Maps: 2226
XT01-98-AM-2226
XT01-05-PL-01-20-19-SF-00
XT01-PL-01-1621188641310
XT01-06-PL-01-20-19-SF-00
XT01-PL-02-1621188644282
XT01-06-PL-02-16-16-SF-00
Analyzed Maps: 2169
XT01-98-AM-2169
XT01-05-PL-01-18-15-SF-00
XT01-PL-01-1621188644747
XT01-06-PL-01-18-15-SF-00
XT01-PL-02-1621188647848
XT01-06-PL-02-17-17-SF-00
Analyzed Maps: 1866
XT01-98-AM-1866
XT01-05-PL-01-18-19-SF-00
XT01-PL-01-1621188648258
XT01-06-PL-01-18-19-SF-00
XT01-PL-02-1621188650565
XT01-06-PL-02-19-14-SF-00
Analyzed Maps: 2430
XT01-98-AM-2430
XT01-05-PL-01-16-18-SF-00
XT01-PL-01-1621188651056
XT01-06-PL-01-16-18-SF-00
XT01-PL-02-1621188653910
XT01-06-PL-02-17-18-SF-00
Analyzed Maps: 3179
XT01-98-AM-3179
XT01-05-PL-01-20-22-SF-00
XT01-PL-01-1621188654498
XT01-06-PL-01-20-22-SF-00
XT01-PL-02-1621188658816
XT01-06-PL-02-18-07-SF-00
Analyzed Maps: 5051
XT01-98-AM-5051
XT01-05-PL-01-19-12-SF-00
XT01-PL-01-1621188659655
XT01-06-PL-01-19-12-SF-00
XT01-PL-02-1621188666893
XT01-06-PL-02-20-11-SF-00
Analyzed Maps: 3544
XT01-98-AM-3544
XT01-05-PL-01-17-10-SF-00
XT01-PL-01-1621188667525
XT01-06-PL-01-17-10-SF-00
XT01-PL-02-1621188675336
XT01-06-PL-02-17-20-SF-00
Analyzed Maps: 8200
XT01-98-AM-8200
XT01-05-PL-01-19-10-SF-00
XT01-PL-01-1621188676633
XT01-06-PL-01-19-10-SF-00
XT01-PL-02-1621188688270
XT01-06-PL-02-17-09-SF-00
Analyzed Maps: 35629
XT01-98-AM-35629
XT01-05-PL-01-19-06-SF-00
XT01-PL-01-1621188693450
XT01-06-PL-01-19-06-SF-00
XT01-PL-02-1621188721171
XT01-06-PL-02-20-05-SF-00
Analyzed Maps: 25845
XT01-98-AM-25845
XT01-05-PL-01-21-12-SF-00
XT01-PL-01-1621188724846
XT01-06-PL-01-21-12-SF-00
XT01-PL-02-1621188739737
XT01-06-PL-02-19-17-SF-00
Analyzed Maps: 8661
XT01-98-AM-8661
XT01-05-PL-01-18-11-SF-00
XT01-PL-01-1621188741101
XT01-06-PL-01-18-11-SF-00
XT01-PL-02-1621188759992
XT01-06-PL-02-19-11-SF-00
Analyzed Maps: 49135
XT01-98-AM-49135
XT01-05-PL-01-16-11-SF-00
XT01-PL-01-1621188766796
XT01-06-PL-01-16-11-SF-00
XT01-PL-02-1621188825463
XT01-06-PL-02-21-18-SF-00
Analyzed Maps: 97381
XT01-98-AM-97381
XT01-05-PL-01-19-13-SF-00
XT01-PL-01-1621188838721
XT01-06-PL-01-19-13-SF-00
XT01-PL-02-1621188903366
XT01-06-PL-02-21-23-SF-00
Analyzed Maps: 98879
XT01-98-AM-98879
XT01-05-PL-01-20-09-SF-00
XT01-PL-01-1621188916741
XT01-06-PL-01-20-09-SF-00
XT01-PL-02-1621189013866
XT01-06-PL-02-21-09-SF-00
Analyzed Maps: 111598
XT01-98-AM-111598
XT01-05-PL-01-19-08-SF-00
XT01-PL-01-1621189029003
XT01-06-PL-01-19-08-SF-00
XT01-PL-02-1621189185993
XT01-06-PL-02-20-10-SF-00
Analyzed Maps: 337457
XT01-98-AM-337457
XT01-05-PL-01-17-07-SF-00
XT01-PL-01-1621189231177
XT01-06-PL-01-17-07-SF-00
XT01-PL-02-1621189453354
XT01-06-PL-02-20-13-SF-00
Analyzed Maps: 501314
XT01-98-AM-501314
XT01-05-PL-01-22-09-SF-00
XT01-PL-01-1621189520187
XT01-06-PL-01-22-09-SF-00
XT01-PL-02-1621189818043
XT01-06-PL-02-22-11-SF-00
Analyzed Maps: 273702
XT01-98-AM-273702
XT01-05-PL-01-21-14-SF-00
XT01-PL-01-1621189854417
XT01-06-PL-01-21-14-SF-00
XT01-PL-02-1621190119086
XT01-06-PL-02-20-21-SF-00
Analyzed Maps: 242167
XT01-98-AM-242167
XT01-05-PL-01-22-22-SF-00
XT01-PL-01-1621190151669
XT01-06-PL-01-22-22-SF-00
XT01-PL-02-1621190323988
XT01-06-PL-02-20-12-SF-00
Analyzed Maps: 187628
XT01-98-AM-187628
XT01-05-PL-01-21-04-SF-00
XT01-PL-01-1621190348535
XT01-06-PL-01-21-04-SF-00
XT01-PL-02-1621190508841
XT01-06-PL-02-16-08-SF-00
Analyzed Maps: 321344
XT01-98-AM-321344
XT01-05-PL-01-21-08-SF-00
XT01-PL-01-1621190550894
XT01-06-PL-01-21-08-SF-00
XT01-PL-02-1621190769186
XT01-06-PL-02-17-06-SF-00
Analyzed Maps: 337868
XT01-98-AM-337868
XT01-05-PL-01-16-05-SF-00
XT01-PL-01-1621190813115
XT01-06-PL-01-16-05-SF-00
XT01-PL-02-1621191007389
XT01-06-PL-02-21-10-SF-00
Analyzed Maps: 285925
XT01-98-AM-285925
XT01-05-PL-01-20-07-SF-00
XT01-PL-01-1621191044375
XT01-06-PL-01-20-07-SF-00
XT01-PL-02-1621191232051
XT01-06-PL-02-17-05-SF-00
Analyzed Maps: 370645
XT01-98-AM-370645
XT01-05-PL-01-21-06-SF-00
XT01-PL-01-1621191279838
XT01-06-PL-01-21-06-SF-00
XT01-PL-02-1621191485470
XT01-06-PL-02-21-05-SF-00
Analyzed Maps: 507076
XT01-98-AM-507076
XT01-05-PL-01-22-12-SF-00
XT01-PL-01-1621191550492
XT01-06-PL-01-22-12-SF-00
XT01-PL-02-1621191905603
XT01-06-PL-02-22-03-SF-00
Analyzed Maps: 258218
XT01-98-AM-258218
XT01-05-PL-01-22-07-SF-00
XT01-PL-01-1621191939128
XT01-06-PL-01-22-07-SF-00
XT01-PL-02-1621192147989
XT01-06-PL-02-18-12-SF-00
Analyzed Maps: 531925
XT01-98-AM-531925
XT01-05-PL-01-18-05-SF-00
XT01-PL-01-1621192215603
XT01-06-PL-01-18-05-SF-00
XT01-PL-02-1621192484828
XT01-06-PL-02-20-14-SF-00
Analyzed Maps: 562309
XT01-98-AM-562309
XT01-05-PL-01-21-03-SF-00
XT01-PL-01-1621192555554
XT01-06-PL-01-21-03-SF-00
XT01-PL-02-1621192940212
XT01-06-PL-02-20-03-SF-00
Analyzed Maps: 887699
XT01-98-AM-887699
XT01-05-PL-01-19-02-SF-00
XT01-PL-01-1621193051381
XT01-06-PL-01-19-02-SF-00
XT01-PL-02-1621193443976
XT01-06-PL-02-19-07-SF-00
Analyzed Maps: 835022
XT01-98-AM-835022
XT01-05-PL-01-19-04-SF-00
XT01-PL-01-1621193548266
XT01-06-PL-01-19-04-SF-00
XT01-PL-02-1621193824055
XT01-06-PL-02-21-02-SF-00
Analyzed Maps: 837658
XT01-98-AM-837658
XT01-05-PL-01-21-01-SF-00
XT01-PL-01-1621193928416
XT01-06-PL-01-21-01-SF-00
XT01-PL-02-1621194376506
XT01-06-PL-02-20-01-SF-00
Analyzed Maps: 1549320
XT01-98-AM-1549320
XT01-05-PL-01-17-04-SF-00
XT01-PL-01-1621194568218
XT01-06-PL-01-17-04-SF-00
XT01-PL-02-1621195059683
XT01-06-PL-02-22-14-SF-00
Analyzed Maps: 1011027
XT01-98-AM-1011027
XT01-05-PL-01-22-15-SF-00
XT01-PL-01-1621195184393
XT01-06-PL-01-22-15-SF-00
XT01-PL-02-1621195703583
XT01-06-PL-02-17-00-SF-00
Analyzed Maps: 1054423
XT01-98-AM-1054423
XT01-05-PL-01-22-01-SF-00
XT01-PL-01-1621195833486
XT01-06-PL-01-22-01-SF-00
XT01-PL-02-1621196160184
XT01-06-PL-02-22-05-SF-00
Analyzed Maps: 671487
XT01-98-AM-671487
XT01-05-PL-01-19-01-SF-00
XT01-PL-01-1621196242054
XT01-06-PL-01-19-01-SF-00
XT01-PL-02-1621196624974
XT01-06-PL-02-15-02-SF-00
Analyzed Maps: 931305
XT01-98-AM-931305
XT01-05-PL-01-17-01-SF-00
XT01-PL-01-1621196739045
XT01-06-PL-01-17-01-SF-00
XT01-PL-02-1621197122393
XT01-06-PL-02-16-10-SF-00
Analyzed Maps: 642170
XT01-98-AM-642170
XT01-05-PL-01-16-07-SF-00
XT01-PL-01-1621197199976
XT01-06-PL-01-16-07-SF-00
XT01-PL-02-1621197526228
XT01-06-PL-02-18-03-SF-00
Analyzed Maps: 675159
XT01-98-AM-675159
XT01-05-PL-01-18-09-SF-00
XT01-PL-01-1621197605878
XT01-06-PL-01-18-09-SF-00
XT01-PL-02-1621197870941
XT01-06-PL-02-16-01-SF-00
Analyzed Maps: 499813
XT01-98-AM-499813
XT01-05-PL-01-19-05-SF-00
XT01-PL-01-1621197929545
XT01-06-PL-01-19-05-SF-00
XT01-PL-02-1621198121805
XT01-06-PL-02-21-00-SF-00
Analyzed Maps: 316065
XT01-98-AM-316065
XT01-05-PL-01-19-03-SF-00
XT01-PL-01-1621198158542
XT01-06-PL-01-19-03-SF-00
XT01-PL-02-1621198307302
XT01-06-PL-02-21-13-SF-00
Analyzed Maps: 290939
XT01-98-AM-290939
XT01-05-PL-01-21-11-SF-00
XT01-PL-01-1621198340775
XT01-06-PL-01-21-11-SF-00
XT01-PL-02-1621198470176
XT01-06-PL-02-21-15-SF-00
Analyzed Maps: 193325
XT01-98-AM-193325
XT01-05-PL-01-21-16-SF-00
XT01-PL-01-1621198492159
XT01-06-PL-01-21-16-SF-00
XT01-PL-02-1621198640336
XT01-06-PL-02-21-17-SF-00
Analyzed Maps: 157877
XT01-98-AM-157877
XT01-05-PL-01-20-15-SF-00
XT01-PL-01-1621198658287
XT01-06-PL-01-20-15-SF-00
XT01-PL-02-1621198769633
XT01-06-PL-02-20-04-SF-00
Analyzed Maps: 238301
XT01-98-AM-238301
XT01-05-PL-01-17-03-SF-00
XT01-PL-01-1621198796409
XT01-06-PL-01-17-03-SF-00
XT01-PL-02-1621198960420
XT01-06-PL-02-20-06-SF-00
Analyzed Maps: 230969
XT01-98-AM-230969
XT01-05-PL-01-22-17-SF-00
XT01-PL-01-1621198986147
XT01-06-PL-01-22-17-SF-00
XT01-PL-02-1621199108050
XT01-06-PL-02-19-00-SF-00
Analyzed Maps: 135461
XT01-98-AM-135461
XT01-05-PL-01-15-03-SF-00
XT01-PL-01-1621199123082
XT01-06-PL-01-15-03-SF-00
XT01-PL-02-1621199177685
XT01-06-PL-02-13-00-SF-00
Analyzed Maps: 128425
XT01-98-AM-128425
XT01-05-PL-01-15-01-SF-00
XT01-PL-01-1621199191840
XT01-06-PL-01-15-01-SF-00
XT01-PL-02-1621199248488
XT01-06-PL-02-22-13-SF-00
Analyzed Maps: 90593
XT01-98-AM-90593
XT01-05-PL-01-14-00-SF-00
XT01-PL-01-1621199258420
XT01-06-PL-01-14-00-SF-00
XT01-PL-02-1621199290547
XT01-06-PL-02-18-08-SF-00
Analyzed Maps: 32732
XT01-98-AM-32732
XT01-05-PL-01-14-02-SF-00
XT01-PL-01-1621199294197
XT01-06-PL-01-14-02-SF-00
XT01-PL-02-1621199320918
XT01-06-PL-02-13-01-SF-00
Analyzed Maps: 82064
XT01-98-AM-82064
XT01-05-PL-01-16-00-SF-00
XT01-PL-01-1621199329730
XT01-06-PL-01-16-00-SF-00
XT01-PL-02-1621199377427
XT01-06-PL-02-22-24-SF-00
Analyzed Maps: 169712
XT01-98-AM-169712
XT01-05-PL-01-16-02-SF-00
XT01-PL-01-1621199395194
XT01-06-PL-01-16-02-SF-00
XT01-PL-02-1621199437990
XT01-06-PL-02-19-25-SF-00
Analyzed Maps: 67641
XT01-98-AM-67641
XT01-05-PL-01-12-01-SF-00
XT01-PL-01-1621199445146
XT01-06-PL-01-12-01-SF-00
XT01-PL-02-1621199467761
XT01-06-PL-02-14-03-SF-00
Analyzed Maps: 33698
XT01-98-AM-33698
XT01-05-PL-01-18-04-SF-00
XT01-PL-01-1621199471296
XT01-06-PL-01-18-04-SF-00
XT01-PL-02-1621199492016
XT01-06-PL-02-18-06-SF-00
Analyzed Maps: 34221
XT01-98-AM-34221
XT01-05-PL-01-22-04-SF-00
XT01-PL-01-1621199495592
XT01-06-PL-01-22-04-SF-00
XT01-PL-02-1621199510671
XT01-06-PL-02-16-19-SF-00
Analyzed Maps: 18195
XT01-98-AM-18195
XT01-05-PL-01-16-06-SF-00
XT01-PL-01-1621199512607
XT01-06-PL-01-16-06-SF-00
XT01-PL-02-1621199520728
XT01-06-PL-02-22-08-SF-00
Analyzed Maps: 5110
XT01-98-AM-5110
XT01-05-PL-01-16-04-SF-00
XT01-PL-01-1621199521405
XT01-06-PL-01-16-04-SF-00
XT01-PL-02-1621199525142
XT01-06-PL-02-22-10-SF-00
Analyzed Maps: 2809
XT01-98-AM-2809
XT01-05-PL-01-17-12-SF-00
XT01-PL-01-1621199525567
XT01-06-PL-01-17-12-SF-00
XT01-PL-02-1621199527435
XT01-06-PL-02-11-00-SF-00
Analyzed Maps: 2535
XT01-98-AM-2535
XT01-05-PL-01-12-23-SF-00
XT01-PL-01-1621199527827
XT01-06-PL-01-12-23-SF-00
XT01-PL-02-1621199529170
XT01-06-PL-02-13-22-SF-00
Analyzed Maps: 1861
XT01-98-AM-1861
XT01-05-PL-01-18-02-SF-00
XT01-PL-01-1621199529454
XT01-06-PL-01-18-02-SF-00
XT01-PL-02-1621199530141
XT01-06-PL-02-20-16-SF-00
Analyzed Maps: 974
XT01-98-AM-974
XT01-05-PL-01-20-02-SF-00
XT01-PL-01-1621199530388
XT01-06-PL-01-20-02-SF-00
XT01-PL-02-1621199530789
XT01-06-PL-02-22-16-SF-00
Analyzed Maps: 769
XT01-98-AM-769
XT01-05-PL-01-22-02-SF-00
XT01-PL-01-1621199531006
XT01-06-PL-01-22-02-SF-00
XT01-PL-02-1621199531119
XT01-06-PL-02-18-18-SF-00
Analyzed Maps: 544
XT01-98-AM-544
XT01-05-PL-01-15-09-SF-00
XT01-PL-01-1621199531301
XT01-06-PL-01-15-09-SF-00
Analyzed Maps: 328
XT01-98-AM-328
XT01-05-PL-01-18-00-SF-00
XT01-PL-01-1621199531471
XT01-06-PL-01-18-00-SF-00
Analyzed Maps: 268
XT01-98-AM-268
XT01-05-PL-01-22-00-SF-00
XT01-PL-01-1621199531625
XT01-06-PL-01-22-00-SF-00
Analyzed Maps: 148
XT01-98-AM-148
XT01-05-PL-01-10-00-SF-00
XT01-PL-01-1621199531795
XT01-06-PL-01-10-00-SF-00
XT01-PL-02-1621199531918
XT01-06-PL-02-09-00-SF-00
Analyzed Maps: 101
XT01-98-AM-101
XT01-05-PL-01-20-00-SF-00
XT01-PL-01-1621199532048
XT01-06-PL-01-20-00-SF-00
Analyzed Maps: 89
XT01-98-AM-89
XT01-05-PL-01-08-00-SF-00
XT01-PL-01-1621199532189
XT01-06-PL-01-08-00-SF-00
Analyzed Maps: 35
XT01-98-AM-35
XT01-05-PL-01-18-16-SF-00
XT01-PL-01-1621199532330
XT01-06-PL-01-18-16-SF-00
XT01-PL-02-1621199532475
XT01-06-PL-02-16-17-SF-00
Analyzed Maps: 10
XT01-98-AM-10
XT01-05-PL-01-08-23-SF-00
XT01-PL-01-1621199532623
XT01-06-PL-01-08-23-SF-00
XT01-PL-02-1621199532771
XT01-06-PL-02-07-23-SF-00
XT01-05-PL-01-15-17-SF-01
XT01-PL-01-1621199532878
XT01-06-PL-01-15-17-SF-01
XT01-05-PL-01-12-11-SF-00
XT01-PL-01-1621199533024
XT01-06-PL-01-12-11-SF-00
XT01-05-PL-01-16-11-SF-00
XT01-PL-01-1621199533174
XT01-06-PL-01-16-11-SF-00
XT01-05-PL-01-21-01-SF-00
XT01-PL-01-1621199533324
XT01-06-PL-01-21-01-SF-00
XT01-08
XT01-09