XT01-ALPHA-BETA-OFF
XT01-02-[51, 10, 49, 48, 10, 50, 32, 54, 10, 53, 48, 32, 53, 48, 10, 45, 32, 45, 32, 45, 32, 45, 32, 45, 32, 45, 32, 45, 32, 45, 32, 45, 32, 45, 32, 45, 32, 45, 32, 45, 32, 45, 32, 45, 32, 45, 32, 45, 32, 45, 32, 45, 32, 45, 32, 45, 32, 45, 32, 45, 32, 45, 32, 45, 32, 45, 32, 45, 32, 45, 32, 45, 32, 45, 32, 45, 32, 45, 32, 45, 32, 45, 32, 45, 32, 45, 32, 45, 32, 45, 32, 45, 32, 45, 32, 45, 32, 45, 32, 48, 32, 48, 32, 48, 32, 48, 32, 48, 32, 45, 32, 45, 32, 45, 10, 45, 32, 45, 32, 45, 32, 45, 32, 45, 32, 45, 32, 45, 32, 45, 32, 45, 32, 45, 32, 45, 32, 45, 32, 45, 32, 45, 32, 45, 32, 45, 32, 45, 32, 45, 32, 45, 32, 45, 32, 45, 32, 45, 32, 45, 32, 45, 32, 45, 32, 45, 32, 45, 32, 45, 32, 45, 32, 45, 32, 45, 32, 45, 32, 45, 32, 45, 32, 45, 32, 45, 32, 45, 32, 45, 32, 45, 32, 45, 32, 45, 32, 48, 32, 48, 32, 48, 32, 98, 32, 48, 32, 48, 32, 48, 32, 45, 32, 45, 10, 45, 32, 45, 32, 45, 32, 45, 32, 45, 32, 45, 32, 45, 32, 45, 32, 45, 32, 45, 32, 45, 32, 45, 32, 45, 32, 45, 32, 45, 32, 45, 32, 45, 32, 45, 32, 45, 32, 45, 32, 45, 32, 45, 32, 45, 32, 45, 32, 45, 32, 45, 32, 45, 32, 45, 32, 45, 32, 45, 32, 45, 32, 45, 32, 45, 32, 45, 32, 45, 32, 45, 32, 45, 32, 45, 32, 48, 32, 48, 32, 48, 32, 48, 32, 48, 32, 48, 32, 48, 32, 48, 32, 48, 32, 48, 32, 48, 32, 48, 10, 45, 32, 45, 32, 45, 32, 45, 32, 45, 32, 45, 32, 45, 32, 45, 32, 45, 32, 45, 32, 45, 32, 45, 32, 45, 32, 45, 32, 45, 32, 45, 32, 45, 32, 45, 32, 45, 32, 45, 32, 45, 32, 45, 32, 45, 32, 45, 32, 45, 32, 45, 32, 45, 32, 45, 32, 45, 32, 45, 32, 45, 32, 45, 32, 45, 32, 45, 32, 45, 32, 45, 32, 45, 32, 48, 32, 48, 32, 48, 32, 48, 32, 48, 32, 48, 32, 48, 32, 48, 32, 48, 32, 48, 32, 48, 32, 48, 32, 48, 10, 45, 32, 45, 32, 45, 32, 45, 32, 45, 32, 45, 32, 45, 32, 45, 32, 45, 32, 45, 32, 45, 32, 45, 32, 45, 32, 45, 32, 45, 32, 45, 32, 45, 32, 45, 32, 45, 32, 45, 32, 45, 32, 45, 32, 45, 32, 45, 32, 45, 32, 45, 32, 45, 32, 45, 32, 45, 32, 45, 32, 45, 32, 45, 32, 45, 32, 45, 32, 45, 32, 45, 32, 48, 32, 48, 32, 48, 32, 48, 32, 48, 32, 48, 32, 48, 32, 48, 32, 48, 32, 48, 32, 48, 32, 48, 32, 48, 32, 48, 10, 45, 32, 45, 32, 45, 32, 45, 32, 45, 32, 45, 32, 45, 32, 45, 32, 45, 32, 45, 32, 45, 32, 45, 32, 45, 32, 45, 32, 45, 32, 45, 32, 45, 32, 45, 32, 45, 32, 45, 32, 45, 32, 45, 32, 45, 32, 45, 32, 45, 32, 45, 32, 45, 32, 45, 32, 45, 32, 45, 32, 45, 32, 45, 32, 45, 32, 45, 32, 45, 32, 48, 32, 48, 32, 48, 32, 48, 32, 48, 32, 48, 32, 48, 32, 48, 32, 48, 32, 48, 32, 105, 32, 48, 32, 48, 32, 48, 32, 48, 10, 45, 32, 45, 32, 45, 32, 45, 32, 45, 32, 45, 32, 45, 32, 45, 32, 45, 32, 45, 32, 45, 32, 45, 32, 45, 32, 45, 32, 45, 32, 45, 32, 45, 32, 45, 32, 45, 32, 45, 32, 45, 32, 45, 32, 45, 32, 45, 32, 45, 32, 45, 32, 45, 32, 45, 32, 45, 32, 45, 32, 45, 32, 45, 32, 45, 32, 45, 32, 45, 32, 48, 32, 48, 32, 48, 32, 48, 32, 48, 32, 48, 32, 48, 32, 48, 32, 48, 32, 48, 32, 48, 32, 48, 32, 48, 32, 48, 32, 48, 10, 45, 32, 45, 32, 45, 32, 45, 32, 45, 32, 45, 32, 45, 32, 45, 32, 45, 32, 45, 32, 45, 32, 45, 32, 45, 32, 45, 32, 45, 32, 45, 32, 45, 32, 45, 32, 45, 32, 45, 32, 45, 32, 45, 32, 45, 32, 45, 32, 45, 32, 45, 32, 45, 32, 45, 32, 45, 32, 45, 32, 45, 32, 45, 32, 45, 32, 45, 32, 45, 32, 48, 32, 48, 32, 48, 32, 48, 32, 48, 32, 48, 32, 48, 32, 48, 32, 48, 32, 48, 32, 48, 32, 48, 32, 48, 32, 98, 32, 48, 10, 45, 32, 45, 32, 45, 32, 45, 32, 45, 32, 45, 32, 45, 32, 45, 32, 45, 32, 45, 32, 45, 32, 45, 32, 45, 32, 45, 32, 45, 32, 45, 32, 45, 32, 45, 32, 45, 32, 45, 32, 45, 32, 45, 32, 45, 32, 45, 32, 45, 32, 45, 32, 45, 32, 45, 32, 45, 32, 45, 32, 45, 32, 45, 32, 45, 32, 45, 32, 48, 32, 48, 32, 48, 32, 48, 32, 48, 32, 120, 32, 48, 32, 48, 32, 48, 32, 48, 32, 48, 32, 48, 32, 48, 32, 48, 32, 48, 32, 48, 10, 45, 32, 45, 32, 45, 32, 45, 32, 45, 32, 45, 32, 45, 32, 45, 32, 45, 32, 45, 32, 45, 32, 45, 32, 45, 32, 45, 32, 45, 32, 45, 32, 45, 32, 45, 32, 45, 32, 45, 32, 45, 32, 45, 32, 45, 32, 45, 32, 45, 32, 45, 32, 45, 32, 45, 32, 45, 32, 45, 32, 45, 32, 45, 32, 45, 32, 48, 32, 48, 32, 48, 32, 48, 32, 48, 32, 120, 32, 120, 32, 120, 32, 48, 32, 48, 32, 48, 32, 48, 32, 48, 32, 48, 32, 48, 32, 48, 32, 48, 10, 45, 32, 45, 32, 45, 32, 45, 32, 45, 32, 45, 32, 45, 32, 45, 32, 45, 32, 45, 32, 45, 32, 45, 32, 45, 32, 45, 32, 45, 32, 45, 32, 45, 32, 45, 32, 45, 32, 45, 32, 45, 32, 45, 32, 45, 32, 45, 32, 45, 32, 45, 32, 45, 32, 45, 32, 45, 32, 45, 32, 45, 32, 45, 32, 48, 32, 48, 32, 48, 32, 48, 32, 48, 32, 48, 32, 48, 32, 120, 32, 48, 32, 48, 32, 48, 32, 48, 32, 48, 32, 48, 32, 48, 32, 45, 32, 45, 32, 45, 10, 45, 32, 45, 32, 45, 32, 45, 32, 45, 32, 45, 32, 45, 32, 45, 32, 45, 32, 45, 32, 45, 32, 45, 32, 45, 32, 45, 32, 45, 32, 45, 32, 45, 32, 45, 32, 45, 32, 45, 32, 45, 32, 45, 32, 45, 32, 45, 32, 45, 32, 45, 32, 45, 32, 45, 32, 45, 32, 45, 32, 48, 32, 48, 32, 48, 32, 48, 32, 48, 32, 48, 32, 48, 32, 48, 32, 48, 32, 48, 32, 48, 32, 48, 32, 48, 32, 48, 32, 48, 32, 48, 32, 45, 32, 45, 32, 45, 32, 45, 10, 45, 32, 45, 32, 45, 32, 45, 32, 45, 32, 45, 32, 45, 32, 45, 32, 45, 32, 45, 32, 45, 32, 45, 32, 45, 32, 45, 32, 45, 32, 45, 32, 45, 32, 45, 32, 45, 32, 45, 32, 45, 32, 45, 32, 45, 32, 45, 32, 45, 32, 45, 32, 45, 32, 45, 32, 45, 32, 48, 32, 48, 32, 48, 32, 48, 32, 48, 32, 48, 32, 48, 32, 48, 32, 48, 32, 48, 32, 48, 32, 48, 32, 48, 32, 48, 32, 48, 32, 48, 32, 45, 32, 45, 32, 45, 32, 45, 32, 45, 10, 45, 32, 45, 32, 45, 32, 45, 32, 45, 32, 45, 32, 45, 32, 45, 32, 45, 32, 45, 32, 45, 32, 45, 32, 45, 32, 45, 32, 45, 32, 45, 32, 45, 32, 45, 32, 45, 32, 45, 32, 45, 32, 45, 32, 45, 32, 45, 32, 45, 32, 45, 32, 45, 32, 45, 32, 48, 32, 48, 32, 48, 32, 98, 32, 48, 32, 48, 32, 48, 32, 48, 32, 48, 32, 48, 32, 48, 32, 48, 32, 48, 32, 48, 32, 48, 32, 48, 32, 45, 32, 45, 32, 45, 32, 45, 32, 45, 32, 45, 10, 45, 32, 45, 32, 45, 32, 45, 32, 45, 32, 45, 32, 45, 32, 45, 32, 45, 32, 45, 32, 45, 32, 45, 32, 45, 32, 45, 32, 45, 32, 45, 32, 45, 32, 45, 32, 45, 32, 45, 32, 45, 32, 45, 32, 45, 32, 45, 32, 45, 32, 45, 32, 48, 32, 48, 32, 48, 32, 48, 32, 48, 32, 48, 32, 48, 32, 48, 32, 48, 32, 48, 32, 48, 32, 48, 32, 48, 32, 48, 32, 48, 32, 48, 32, 48, 32, 45, 32, 45, 32, 45, 32, 45, 32, 45, 32, 45, 32, 45, 10, 45, 32, 45, 32, 45, 32, 45, 32, 45, 32, 45, 32, 45, 32, 45, 32, 45, 32, 45, 32, 45, 32, 45, 32, 45, 32, 45, 32, 45, 32, 45, 32, 45, 32, 45, 32, 45, 32, 45, 32, 45, 32, 45, 32, 45, 32, 45, 32, 45, 32, 45, 32, 48, 32, 48, 32, 48, 32, 48, 32, 48, 32, 48, 32, 48, 32, 48, 32, 48, 32, 48, 32, 48, 32, 48, 32, 48, 32, 48, 32, 48, 32, 48, 32, 48, 32, 48, 32, 45, 32, 45, 32, 45, 32, 45, 32, 45, 32, 45, 10, 45, 32, 45, 32, 45, 32, 45, 32, 45, 32, 45, 32, 45, 32, 45, 32, 45, 32, 45, 32, 45, 32, 45, 32, 45, 32, 45, 32, 45, 32, 45, 32, 45, 32, 45, 32, 45, 32, 45, 32, 45, 32, 45, 32, 45, 32, 45, 32, 45, 32, 45, 32, 48, 32, 48, 32, 48, 32, 48, 32, 48, 32, 48, 32, 48, 32, 48, 32, 48, 32, 48, 32, 48, 32, 48, 32, 48, 32, 48, 32, 48, 32, 48, 32, 48, 32, 48, 32, 45, 32, 45, 32, 45, 32, 45, 32, 45, 32, 45, 10, 45, 32, 45, 32, 45, 32, 45, 32, 45, 32, 45, 32, 45, 32, 45, 32, 48, 32, 48, 32, 45, 32, 48, 32, 48, 32, 48, 32, 48, 32, 45, 32, 45, 32, 45, 32, 45, 32, 45, 32, 45, 32, 45, 32, 45, 32, 45, 32, 45, 32, 45, 32, 45, 32, 48, 32, 48, 32, 48, 32, 48, 32, 48, 32, 45, 32, 48, 32, 48, 32, 48, 32, 48, 32, 98, 32, 48, 32, 48, 32, 48, 32, 48, 32, 45, 32, 45, 32, 45, 32, 45, 32, 45, 32, 45, 32, 45, 32, 45, 10, 45, 32, 45, 32, 45, 32, 45, 32, 45, 32, 45, 32, 45, 32, 45, 32, 45, 32, 48, 32, 48, 32, 48, 32, 48, 32, 48, 32, 48, 32, 48, 32, 48, 32, 45, 32, 45, 32, 45, 32, 45, 32, 45, 32, 45, 32, 45, 32, 45, 32, 45, 32, 45, 32, 48, 32, 48, 32, 48, 32, 45, 32, 45, 32, 45, 32, 45, 32, 48, 32, 48, 32, 48, 32, 48, 32, 48, 32, 48, 32, 45, 32, 45, 32, 45, 32, 45, 32, 45, 32, 45, 32, 45, 32, 45, 32, 45, 32, 45, 10, 45, 32, 45, 32, 45, 32, 45, 32, 45, 32, 45, 32, 45, 32, 45, 32, 45, 32, 45, 32, 48, 32, 48, 32, 98, 32, 48, 32, 48, 32, 48, 32, 45, 32, 45, 32, 45, 32, 45, 32, 45, 32, 45, 32, 45, 32, 45, 32, 45, 32, 45, 32, 45, 32, 45, 32, 45, 32, 45, 32, 45, 32, 45, 32, 48, 32, 45, 32, 45, 32, 48, 32, 48, 32, 48, 32, 48, 32, 48, 32, 45, 32, 45, 32, 45, 32, 45, 32, 45, 32, 45, 32, 45, 32, 45, 32, 48, 32, 48, 10, 45, 32, 45, 32, 45, 32, 45, 32, 45, 32, 45, 32, 45, 32, 45, 32, 45, 32, 45, 32, 45, 32, 48, 32, 48, 32, 48, 32, 48, 32, 45, 32, 45, 32, 45, 32, 45, 32, 45, 32, 45, 32, 45, 32, 45, 32, 45, 32, 45, 32, 45, 32, 45, 32, 45, 32, 45, 32, 45, 32, 48, 32, 48, 32, 48, 32, 48, 32, 45, 32, 45, 32, 48, 32, 48, 32, 48, 32, 48, 32, 48, 32, 45, 32, 45, 32, 45, 32, 45, 32, 45, 32, 48, 32, 45, 32, 45, 32, 48, 10, 45, 32, 45, 32, 45, 32, 45, 32, 48, 32, 48, 32, 48, 32, 48, 32, 45, 32, 45, 32, 45, 32, 48, 32, 48, 32, 48, 32, 48, 32, 48, 32, 48, 32, 45, 32, 45, 32, 45, 32, 45, 32, 45, 32, 45, 32, 45, 32, 45, 32, 45, 32, 45, 32, 45, 32, 45, 32, 45, 32, 48, 32, 48, 32, 99, 32, 48, 32, 45, 32, 45, 32, 48, 32, 48, 32, 48, 32, 48, 32, 45, 32, 45, 32, 45, 32, 45, 32, 45, 32, 45, 32, 48, 32, 45, 32, 45, 32, 48, 10, 45, 32, 45, 32, 45, 32, 48, 32, 48, 32, 120, 32, 48, 32, 98, 32, 48, 32, 48, 32, 45, 32, 45, 32, 45, 32, 48, 32, 48, 32, 48, 32, 120, 32, 48, 32, 45, 32, 45, 32, 45, 32, 45, 32, 45, 32, 45, 32, 45, 32, 45, 32, 45, 32, 45, 32, 45, 32, 45, 32, 45, 32, 48, 32, 48, 32, 45, 32, 45, 32, 45, 32, 48, 32, 48, 32, 45, 32, 45, 32, 45, 32, 45, 32, 45, 32, 45, 32, 45, 32, 48, 32, 48, 32, 48, 32, 48, 32, 48, 10, 45, 32, 45, 32, 48, 32, 48, 32, 120, 32, 120, 32, 120, 32, 48, 32, 48, 32, 45, 32, 45, 32, 45, 32, 45, 32, 45, 32, 48, 32, 48, 32, 120, 32, 48, 32, 48, 32, 45, 32, 45, 32, 45, 32, 45, 32, 45, 32, 45, 32, 45, 32, 45, 32, 45, 32, 45, 32, 45, 32, 45, 32, 45, 32, 48, 32, 48, 32, 45, 32, 45, 32, 48, 32, 45, 32, 45, 32, 45, 32, 45, 32, 45, 32, 45, 32, 45, 32, 45, 32, 48, 32, 48, 32, 48, 32, 48, 32, 48, 10, 45, 32, 45, 32, 45, 32, 48, 32, 48, 32, 120, 32, 48, 32, 48, 32, 48, 32, 45, 32, 45, 32, 48, 32, 48, 32, 48, 32, 48, 32, 105, 32, 120, 32, 48, 32, 48, 32, 48, 32, 45, 32, 45, 32, 45, 32, 45, 32, 45, 32, 45, 32, 45, 32, 45, 32, 45, 32, 45, 32, 48, 32, 45, 32, 48, 32, 45, 32, 45, 32, 45, 32, 45, 32, 45, 32, 45, 32, 48, 32, 48, 32, 48, 32, 45, 32, 48, 32, 48, 32, 48, 32, 48, 32, 48, 32, 48, 32, 48, 10, 45, 32, 48, 32, 48, 32, 48, 32, 99, 32, 48, 32, 48, 32, 48, 32, 48, 32, 45, 32, 45, 32, 48, 32, 48, 32, 48, 32, 48, 32, 48, 32, 48, 32, 98, 32, 48, 32, 48, 32, 48, 32, 45, 32, 45, 32, 45, 32, 45, 32, 45, 32, 45, 32, 48, 32, 48, 32, 48, 32, 48, 32, 48, 32, 48, 32, 48, 32, 48, 32, 48, 32, 48, 32, 48, 32, 48, 32, 48, 32, 48, 32, 48, 32, 48, 32, 48, 32, 48, 32, 48, 32, 48, 32, 48, 32, 48, 32, 48, 10, 45, 32, 45, 32, 48, 32, 48, 32, 48, 32, 48, 32, 45, 32, 45, 32, 45, 32, 45, 32, 45, 32, 48, 32, 48, 32, 48, 32, 48, 32, 48, 32, 48, 32, 48, 32, 48, 32, 48, 32, 45, 32, 45, 32, 45, 32, 45, 32, 45, 32, 45, 32, 48, 32, 48, 32, 48, 32, 48, 32, 48, 32, 48, 32, 48, 32, 48, 32, 48, 32, 48, 32, 48, 32, 48, 32, 48, 32, 48, 32, 48, 32, 48, 32, 48, 32, 48, 32, 48, 32, 48, 32, 48, 32, 48, 32, 48, 32, 48, 10, 45, 32, 45, 32, 45, 32, 45, 32, 45, 32, 45, 32, 45, 32, 45, 32, 45, 32, 45, 32, 45, 32, 48, 32, 48, 32, 48, 32, 48, 32, 48, 32, 48, 32, 48, 32, 48, 32, 45, 32, 45, 32, 45, 32, 45, 32, 45, 32, 45, 32, 48, 32, 48, 32, 48, 32, 48, 32, 48, 32, 48, 32, 48, 32, 48, 32, 48, 32, 48, 32, 98, 32, 48, 32, 48, 32, 48, 32, 48, 32, 48, 32, 48, 32, 48, 32, 48, 32, 48, 32, 48, 32, 98, 32, 48, 32, 48, 32, 48, 10, 45, 32, 45, 32, 45, 32, 45, 32, 45, 32, 45, 32, 45, 32, 45, 32, 45, 32, 45, 32, 48, 32, 48, 32, 48, 32, 48, 32, 48, 32, 45, 32, 45, 32, 45, 32, 45, 32, 45, 32, 48, 32, 48, 32, 48, 32, 48, 32, 48, 32, 48, 32, 48, 32, 48, 32, 48, 32, 48, 32, 48, 32, 48, 32, 48, 32, 48, 32, 48, 32, 48, 32, 48, 32, 48, 32, 48, 32, 48, 32, 48, 32, 105, 32, 48, 32, 48, 32, 48, 32, 48, 32, 48, 32, 48, 32, 48, 32, 48, 10, 45, 32, 45, 32, 45, 32, 45, 32, 45, 32, 45, 32, 45, 32, 45, 32, 45, 32, 45, 32, 45, 32, 45, 32, 45, 32, 45, 32, 45, 32, 45, 32, 48, 32, 48, 32, 48, 32, 48, 32, 48, 32, 48, 32, 48, 32, 48, 32, 48, 32, 48, 32, 48, 32, 48, 32, 48, 32, 48, 32, 48, 32, 48, 32, 48, 32, 48, 32, 48, 32, 48, 32, 48, 32, 48, 32, 48, 32, 48, 32, 48, 32, 48, 32, 48, 32, 48, 32, 48, 32, 48, 32, 48, 32, 48, 32, 48, 32, 48, 10, 45, 32, 45, 32, 45, 32, 45, 32, 45, 32, 45, 32, 45, 32, 45, 32, 45, 32, 45, 32, 45, 32, 45, 32, 48, 32, 48, 32, 48, 32, 48, 32, 48, 32, 48, 32, 48, 32, 48, 32, 48, 32, 48, 32, 48, 32, 48, 32, 48, 32, 48, 32, 48, 32, 48, 32, 48, 32, 48, 32, 48, 32, 48, 32, 48, 32, 48, 32, 48, 32, 48, 32, 48, 32, 48, 32, 48, 32, 48, 32, 48, 32, 48, 32, 48, 32, 48, 32, 48, 32, 48, 32, 48, 32, 48, 32, 48, 32, 48, 10, 45, 32, 45, 32, 45, 32, 45, 32, 45, 32, 45, 32, 45, 32, 45, 32, 45, 32, 45, 32, 45, 32, 45, 32, 48, 32, 48, 32, 48, 32, 48, 32, 48, 32, 48, 32, 98, 32, 48, 32, 48, 32, 48, 32, 48, 32, 48, 32, 48, 32, 48, 32, 48, 32, 48, 32, 48, 32, 48, 32, 48, 32, 48, 32, 48, 32, 48, 32, 48, 32, 48, 32, 48, 32, 48, 32, 48, 32, 48, 32, 48, 32, 48, 32, 48, 32, 48, 32, 48, 32, 48, 32, 48, 32, 48, 32, 48, 32, 48, 10, 45, 32, 45, 32, 45, 32, 45, 32, 45, 32, 45, 32, 45, 32, 45, 32, 45, 32, 45, 32, 45, 32, 45, 32, 45, 32, 45, 32, 45, 32, 48, 32, 48, 32, 48, 32, 48, 32, 48, 32, 48, 32, 48, 32, 48, 32, 48, 32, 48, 32, 48, 32, 48, 32, 48, 32, 48, 32, 48, 32, 48, 32, 48, 32, 48, 32, 48, 32, 51, 32, 50, 32, 49, 32, 48, 32, 48, 32, 48, 32, 48, 32, 48, 32, 48, 32, 48, 32, 48, 32, 48, 32, 48, 32, 48, 32, 48, 32, 48, 10, 45, 32, 45, 32, 45, 32, 45, 32, 45, 32, 45, 32, 45, 32, 45, 32, 45, 32, 45, 32, 45, 32, 45, 32, 45, 32, 45, 32, 45, 32, 45, 32, 48, 32, 48, 32, 48, 32, 48, 32, 48, 32, 48, 32, 48, 32, 48, 32, 48, 32, 105, 32, 48, 32, 48, 32, 48, 32, 48, 32, 48, 32, 48, 32, 48, 32, 48, 32, 49, 32, 51, 32, 50, 32, 48, 32, 48, 32, 48, 32, 48, 32, 48, 32, 98, 32, 48, 32, 48, 32, 48, 32, 48, 32, 48, 32, 48, 32, 48, 10, 45, 32, 45, 32, 45, 32, 45, 32, 45, 32, 45, 32, 45, 32, 45, 32, 45, 32, 45, 32, 45, 32, 45, 32, 45, 32, 45, 32, 45, 32, 45, 32, 45, 32, 48, 32, 48, 32, 48, 32, 48, 32, 48, 32, 48, 32, 48, 32, 48, 32, 48, 32, 48, 32, 48, 32, 48, 32, 48, 32, 48, 32, 48, 32, 48, 32, 48, 32, 50, 32, 49, 32, 51, 32, 48, 32, 48, 32, 48, 32, 48, 32, 48, 32, 48, 32, 48, 32, 48, 32, 48, 32, 48, 32, 48, 32, 48, 32, 48, 10, 45, 32, 45, 32, 45, 32, 45, 32, 45, 32, 45, 32, 45, 32, 45, 32, 45, 32, 45, 32, 45, 32, 45, 32, 45, 32, 45, 32, 45, 32, 45, 32, 48, 32, 48, 32, 48, 32, 48, 32, 48, 32, 48, 32, 48, 32, 48, 32, 48, 32, 48, 32, 48, 32, 48, 32, 48, 32, 48, 32, 48, 32, 48, 32, 48, 32, 48, 32, 48, 32, 48, 32, 48, 32, 48, 32, 48, 32, 45, 32, 48, 32, 48, 32, 48, 32, 48, 32, 48, 32, 48, 32, 48, 32, 48, 32, 48, 32, 98, 10, 45, 32, 45, 32, 45, 32, 45, 32, 45, 32, 45, 32, 45, 32, 45, 32, 45, 32, 45, 32, 45, 32, 45, 32, 45, 32, 45, 32, 45, 32, 45, 32, 48, 32, 48, 32, 48, 32, 48, 32, 48, 32, 48, 32, 48, 32, 48, 32, 48, 32, 48, 32, 48, 32, 48, 32, 48, 32, 48, 32, 48, 32, 48, 32, 48, 32, 48, 32, 48, 32, 48, 32, 48, 32, 48, 32, 48, 32, 45, 32, 45, 32, 48, 32, 48, 32, 48, 32, 48, 32, 48, 32, 48, 32, 48, 32, 48, 32, 48, 10, 45, 32, 45, 32, 45, 32, 45, 32, 45, 32, 45, 32, 45, 32, 45, 32, 45, 32, 45, 32, 45, 32, 45, 32, 45, 32, 45, 32, 45, 32, 48, 32, 48, 32, 48, 32, 48, 32, 48, 32, 48, 32, 48, 32, 48, 32, 48, 32, 48, 32, 48, 32, 48, 32, 48, 32, 48, 32, 48, 32, 48, 32, 48, 32, 48, 32, 48, 32, 48, 32, 48, 32, 48, 32, 48, 32, 48, 32, 45, 32, 45, 32, 45, 32, 48, 32, 48, 32, 48, 32, 48, 32, 48, 32, 48, 32, 48, 32, 48, 10, 45, 32, 45, 32, 45, 32, 45, 32, 45, 32, 45, 32, 45, 32, 48, 32, 48, 32, 48, 32, 45, 32, 45, 32, 45, 32, 45, 32, 48, 32, 48, 32, 48, 32, 48, 32, 48, 32, 48, 32, 48, 32, 48, 32, 48, 32, 48, 32, 48, 32, 48, 32, 48, 32, 48, 32, 48, 32, 48, 32, 48, 32, 45, 32, 45, 32, 45, 32, 48, 32, 48, 32, 48, 32, 48, 32, 48, 32, 48, 32, 45, 32, 45, 32, 45, 32, 48, 32, 48, 32, 48, 32, 48, 32, 48, 32, 48, 32, 48, 10, 45, 32, 45, 32, 45, 32, 48, 32, 48, 32, 48, 32, 48, 32, 48, 32, 48, 32, 48, 32, 48, 32, 48, 32, 48, 32, 48, 32, 48, 32, 48, 32, 48, 32, 48, 32, 48, 32, 48, 32, 48, 32, 48, 32, 45, 32, 45, 32, 45, 32, 48, 32, 48, 32, 48, 32, 45, 32, 45, 32, 45, 32, 45, 32, 45, 32, 45, 32, 45, 32, 48, 32, 48, 32, 48, 32, 48, 32, 48, 32, 48, 32, 45, 32, 45, 32, 45, 32, 48, 32, 48, 32, 48, 32, 48, 32, 48, 32, 48, 10, 45, 32, 45, 32, 45, 32, 45, 32, 48, 32, 48, 32, 48, 32, 48, 32, 48, 32, 48, 32, 48, 32, 48, 32, 48, 32, 48, 32, 48, 32, 98, 32, 48, 32, 48, 32, 48, 32, 48, 32, 48, 32, 48, 32, 45, 32, 45, 32, 45, 32, 45, 32, 45, 32, 45, 32, 45, 32, 45, 32, 45, 32, 48, 32, 48, 32, 45, 32, 45, 32, 45, 32, 48, 32, 48, 32, 98, 32, 48, 32, 48, 32, 48, 32, 45, 32, 45, 32, 45, 32, 45, 32, 45, 32, 48, 32, 48, 32, 48, 10, 45, 32, 45, 32, 45, 32, 45, 32, 48, 32, 48, 32, 48, 32, 48, 32, 105, 32, 48, 32, 48, 32, 48, 32, 48, 32, 48, 32, 48, 32, 48, 32, 48, 32, 48, 32, 48, 32, 48, 32, 48, 32, 48, 32, 45, 32, 45, 32, 45, 32, 45, 32, 45, 32, 45, 32, 45, 32, 45, 32, 45, 32, 45, 32, 48, 32, 45, 32, 45, 32, 45, 32, 45, 32, 45, 32, 48, 32, 48, 32, 48, 32, 48, 32, 48, 32, 48, 32, 45, 32, 45, 32, 45, 32, 45, 32, 45, 32, 45, 10, 45, 32, 45, 32, 45, 32, 45, 32, 48, 32, 48, 32, 48, 32, 48, 32, 48, 32, 48, 32, 120, 32, 48, 32, 48, 32, 48, 32, 48, 32, 48, 32, 48, 32, 48, 32, 48, 32, 48, 32, 45, 32, 45, 32, 45, 32, 45, 32, 45, 32, 45, 32, 45, 32, 45, 32, 45, 32, 45, 32, 48, 32, 99, 32, 120, 32, 45, 32, 45, 32, 45, 32, 45, 32, 45, 32, 45, 32, 45, 32, 45, 32, 48, 32, 48, 32, 48, 32, 48, 32, 48, 32, 48, 32, 45, 32, 45, 32, 45, 10, 45, 32, 45, 32, 45, 32, 45, 32, 48, 32, 48, 32, 48, 32, 48, 32, 48, 32, 120, 32, 120, 32, 120, 32, 48, 32, 48, 32, 48, 32, 48, 32, 48, 32, 48, 32, 48, 32, 45, 32, 45, 32, 45, 32, 45, 32, 45, 32, 45, 32, 45, 32, 45, 32, 45, 32, 45, 32, 45, 32, 45, 32, 48, 32, 48, 32, 45, 32, 45, 32, 45, 32, 45, 32, 45, 32, 45, 32, 45, 32, 45, 32, 45, 32, 45, 32, 48, 32, 48, 32, 48, 32, 48, 32, 48, 32, 48, 32, 45, 10, 45, 32, 45, 32, 45, 32, 48, 32, 48, 32, 48, 32, 48, 32, 48, 32, 48, 32, 98, 32, 120, 32, 48, 32, 48, 32, 48, 32, 48, 32, 48, 32, 48, 32, 48, 32, 45, 32, 45, 32, 45, 32, 45, 32, 45, 32, 45, 32, 45, 32, 45, 32, 45, 32, 45, 32, 45, 32, 45, 32, 45, 32, 48, 32, 98, 32, 45, 32, 45, 32, 45, 32, 45, 32, 45, 32, 45, 32, 45, 32, 45, 32, 45, 32, 45, 32, 45, 32, 45, 32, 48, 32, 48, 32, 45, 32, 45, 32, 45, 10, 45, 32, 45, 32, 48, 32, 48, 32, 48, 32, 48, 32, 48, 32, 48, 32, 48, 32, 48, 32, 48, 32, 48, 32, 48, 32, 48, 32, 48, 32, 48, 32, 48, 32, 48, 32, 48, 32, 45, 32, 45, 32, 45, 32, 45, 32, 45, 32, 45, 32, 45, 32, 45, 32, 45, 32, 45, 32, 45, 32, 45, 32, 48, 32, 48, 32, 45, 32, 45, 32, 45, 32, 45, 32, 45, 32, 45, 32, 45, 32, 45, 32, 45, 32, 45, 32, 45, 32, 45, 32, 48, 32, 48, 32, 48, 32, 45, 32, 45, 10, 45, 32, 45, 32, 45, 32, 45, 32, 48, 32, 48, 32, 48, 32, 48, 32, 48, 32, 98, 32, 48, 32, 48, 32, 48, 32, 48, 32, 48, 32, 48, 32, 48, 32, 48, 32, 48, 32, 45, 32, 45, 32, 45, 32, 45, 32, 45, 32, 45, 32, 45, 32, 45, 32, 45, 32, 45, 32, 45, 32, 45, 32, 45, 32, 45, 32, 45, 32, 45, 32, 45, 32, 45, 32, 45, 32, 45, 32, 45, 32, 45, 32, 48, 32, 48, 32, 48, 32, 48, 32, 48, 32, 48, 32, 45, 32, 45, 32, 45, 10, 45, 32, 45, 32, 45, 32, 45, 32, 48, 32, 48, 32, 48, 32, 48, 32, 48, 32, 48, 32, 48, 32, 48, 32, 48, 32, 48, 32, 48, 32, 48, 32, 48, 32, 48, 32, 45, 32, 45, 32, 45, 32, 45, 32, 45, 32, 45, 32, 45, 32, 45, 32, 45, 32, 45, 32, 45, 32, 45, 32, 45, 32, 45, 32, 45, 32, 45, 32, 45, 32, 45, 32, 45, 32, 45, 32, 45, 32, 45, 32, 45, 32, 48, 32, 48, 32, 99, 32, 48, 32, 45, 32, 45, 32, 45, 32, 45, 32, 45, 10, 45, 32, 45, 32, 45, 32, 45, 32, 45, 32, 45, 32, 45, 32, 45, 32, 48, 32, 48, 32, 48, 32, 48, 32, 48, 32, 48, 32, 48, 32, 48, 32, 48, 32, 45, 32, 45, 32, 45, 32, 45, 32, 45, 32, 45, 32, 45, 32, 45, 32, 45, 32, 45, 32, 45, 32, 45, 32, 45, 32, 45, 32, 45, 32, 45, 32, 45, 32, 45, 32, 45, 32, 45, 32, 45, 32, 45, 32, 45, 32, 45, 32, 45, 32, 45, 32, 48, 32, 120, 32, 45, 32, 45, 32, 45, 32, 45, 32, 45, 10, 45, 32, 45, 32, 45, 32, 45, 32, 45, 32, 45, 32, 45, 32, 45, 32, 45, 32, 48, 32, 45, 32, 45, 32, 45, 32, 45, 32, 45, 32, 45, 32, 45, 32, 45, 32, 45, 32, 45, 32, 45, 32, 45, 32, 45, 32, 45, 32, 45, 32, 45, 32, 45, 32, 45, 32, 45, 32, 45, 32, 45, 32, 45, 32, 45, 32, 45, 32, 45, 32, 45, 32, 45, 32, 45, 32, 45, 32, 45, 32, 45, 32, 45, 32, 45, 32, 45, 32, 45, 32, 45, 32, 45, 32, 45, 32, 45, 32, 45, 10, 50, 55, 32, 50, 53, 32, 54, 32, 60, 45, 62, 32, 49, 57, 32, 50, 52, 32, 50, 10, 50, 55, 32, 50, 53, 32, 49, 32, 60, 45, 62, 32, 50, 57, 32, 49, 56, 32, 53, 10, 49, 56, 32, 52, 53, 32, 50, 32, 60, 45, 62, 32, 51, 48, 32, 52, 50, 32, 54, 10, 49, 56, 32, 52, 53, 32, 51, 32, 60, 45, 62, 32, 52, 50, 32, 52, 54, 32, 55, 10]
XT01-03-PL-03
XT01-PL-01-1621173275043
XT01-06-PL-01-33-35-SF-00
XT01-PL-02-1621173275392
XT01-06-PL-02-34-35-SF-00
Analyzed Maps: 385
XT01-98-AM-385
XT01-05-PL-03-34-36-SF-00
XT01-PL-03-1621173275865
XT01-06-PL-03-34-36-SF-00
XT01-PL-01-1621173275990
XT01-06-PL-01-33-32-SF-00
XT01-PL-02-1621173276396
XT01-06-PL-02-33-33-SF-00
Analyzed Maps: 942
XT01-98-AM-942
XT01-05-PL-03-34-31-SF-00
XT01-PL-03-1621173277129
XT01-06-PL-03-34-31-SF-00
XT01-PL-01-1621173277253
XT01-06-PL-01-36-35-SF-00
XT01-PL-02-1621173277549
XT01-06-PL-02-35-35-SF-00
Analyzed Maps: 1405
XT01-98-AM-1405
XT01-05-PL-03-37-33-SF-00
XT01-PL-03-1621173278520
XT01-06-PL-03-37-33-SF-00
XT01-PL-01-1621173278651
XT01-06-PL-01-36-35-SF-00
XT01-PL-02-1621173279119
XT01-06-PL-02-37-34-SF-00
Analyzed Maps: 1734
XT01-98-AM-1734
XT01-05-PL-03-32-33-SF-00
XT01-PL-03-1621173280215
XT01-06-PL-03-32-33-SF-00
XT01-PL-01-1621173280339
XT01-06-PL-01-32-32-SF-00
XT01-PL-02-1621173280977
XT01-06-PL-02-33-31-SF-00
Analyzed Maps: 2859
XT01-98-AM-2859
XT01-05-PL-03-32-31-SF-00
XT01-PL-03-1621173282725
XT01-06-PL-03-32-31-SF-00
XT01-PL-01-1621173282904
XT01-06-PL-01-38-33-SF-00
XT01-PL-02-1621173283645
XT01-06-PL-02-31-32-SF-00
Analyzed Maps: 2333
XT01-98-AM-2333
XT01-05-PL-03-39-33-SF-00
XT01-PL-03-1621173285084
XT01-06-PL-03-39-33-SF-00
XT01-PL-01-1621173285236
XT01-06-PL-01-31-30-SF-00
XT01-PL-02-1621173285976
XT01-06-PL-02-36-36-SF-00
Analyzed Maps: 5641
XT01-98-AM-5641
XT01-05-PL-03-35-36-SF-00
XT01-PL-03-1621173289349
XT01-06-PL-03-35-36-SF-00
XT01-PL-01-1621173289504
XT01-06-PL-01-35-37-SF-00
XT01-PL-02-1621173290438
XT01-06-PL-02-33-30-SF-00
Analyzed Maps: 4798
XT01-98-AM-4798
XT01-05-PL-03-34-37-SF-00
XT01-PL-03-1621173293337
XT01-06-PL-03-34-37-SF-00
XT01-PL-01-1621173293530
XT01-06-PL-01-35-35-SF-00
XT01-PL-02-1621173294250
XT01-06-PL-02-37-32-SF-00
Analyzed Maps: 6498
XT01-98-AM-6498
XT01-05-PL-03-31-31-SF-00
XT01-PL-03-1621173298155
XT01-06-PL-03-31-31-SF-00
XT01-PL-01-1621173298646
XT01-06-PL-01-38-33-SF-00
XT01-PL-02-1621173299697
XT01-06-PL-02-34-38-SF-00
Analyzed Maps: 6415
XT01-98-AM-6415
XT01-05-PL-03-37-35-SF-00
XT01-PL-03-1621173303536
XT01-06-PL-03-37-35-SF-00
XT01-PL-01-1621173304239
XT01-06-PL-01-37-31-SF-00
XT01-PL-02-1621173305152
XT01-06-PL-02-38-32-SF-00
Analyzed Maps: 7845
XT01-98-AM-7845
XT01-05-PL-03-37-37-SF-00
XT01-PL-03-1621173309839
XT01-06-PL-03-37-37-SF-00
XT01-PL-01-1621173310120
XT01-06-PL-01-32-29-SF-00
XT01-PL-02-1621173312140
XT01-06-PL-02-33-34-SF-00
Analyzed Maps: 10973
XT01-98-AM-10973
XT01-05-PL-03-31-33-SF-00
XT01-PL-03-1621173318651
XT01-06-PL-03-31-33-SF-00
XT01-PL-01-1621173318837
XT01-06-PL-01-30-31-SF-00
XT01-PL-02-1621173320666
XT01-06-PL-02-37-36-SF-00
Analyzed Maps: 11087
XT01-98-AM-11087
XT01-05-PL-03-33-36-SF-00
XT01-PL-03-1621173327285
XT01-06-PL-03-33-36-SF-00
XT01-PL-01-1621173327434
XT01-06-PL-01-37-37-SF-00
XT01-PL-02-1621173328669
XT01-06-PL-02-34-30-SF-00
Analyzed Maps: 10905
XT01-98-AM-10905
XT01-05-PL-03-38-36-SF-00
XT01-PL-03-1621173335392
XT01-06-PL-03-38-36-SF-00
XT01-PL-01-1621173335811
XT01-06-PL-01-33-36-SF-00
XT01-PL-02-1621173336288
XT01-06-PL-02-33-37-SF-00
Analyzed Maps: 9942
XT01-98-AM-9942
XT01-05-PL-03-30-29-SF-00
XT01-PL-03-1621173342256
XT01-06-PL-03-30-29-SF-00
XT01-PL-01-1621173342872
XT01-06-PL-01-34-34-SF-00
XT01-PL-02-1621173344331
XT01-06-PL-02-38-35-SF-00
Analyzed Maps: 15610
XT01-98-AM-15610
XT01-05-PL-03-32-30-SF-00
XT01-PL-03-1621173353544
XT01-06-PL-03-32-30-SF-00
XT01-PL-01-1621173354020
XT01-06-PL-01-37-34-SF-00
XT01-PL-02-1621173355623
XT01-06-PL-02-30-32-SF-00
Analyzed Maps: 13580
XT01-98-AM-13580
XT01-05-PL-03-29-30-SF-00
XT01-PL-03-1621173363618
XT01-06-PL-03-29-30-SF-00
XT01-PL-01-1621173364544
XT01-06-PL-01-33-36-SF-00
XT01-PL-02-1621173369430
XT01-06-PL-02-32-35-SF-00
Analyzed Maps: 14444
XT01-98-AM-14444
XT01-05-PL-03-38-37-SF-00
XT01-PL-03-1621173377950
XT01-06-PL-03-38-37-SF-00
XT01-PL-01-1621173378480
XT01-06-PL-01-32-33-SF-00
XT01-PL-02-1621173380062
XT01-06-PL-02-33-29-SF-00
Analyzed Maps: 16760
XT01-98-AM-16760
XT01-05-PL-03-35-31-SF-00
XT01-PL-03-1621173389970
XT01-06-PL-03-35-31-SF-00
XT01-PL-01-1621173391199
XT01-06-PL-01-35-30-SF-00
XT01-PL-02-1621173392201
XT01-06-PL-02-36-37-SF-00
Analyzed Maps: 14212
XT01-98-AM-14212
XT01-05-PL-03-38-38-SF-00
XT01-PL-03-1621173400560
XT01-06-PL-03-38-38-SF-00
XT01-PL-01-1621173401943
XT01-06-PL-01-37-38-SF-00
XT01-PL-02-1621173402927
XT01-06-PL-02-32-34-SF-00
Analyzed Maps: 17352
XT01-98-AM-17352
XT01-05-PL-03-36-31-SF-00
XT01-PL-03-1621173413122
XT01-06-PL-03-36-31-SF-00
XT01-PL-01-1621173413894
XT01-06-PL-01-30-30-SF-00
XT01-PL-02-1621173416023
XT01-06-PL-02-38-34-SF-00
Analyzed Maps: 19841
XT01-98-AM-19841
XT01-05-PL-03-29-29-SF-00
XT01-PL-03-1621173427722
XT01-06-PL-03-29-29-SF-00
XT01-PL-01-1621173428677
XT01-06-PL-01-29-31-SF-00
XT01-PL-02-1621173429978
XT01-06-PL-02-28-30-SF-00
Analyzed Maps: 22942
XT01-98-AM-22942
XT01-05-PL-03-31-29-SF-00
XT01-PL-03-1621173443491
XT01-06-PL-03-31-29-SF-00
XT01-PL-01-1621173445360
XT01-06-PL-01-27-30-SF-00
XT01-PL-02-1621173446982
XT01-06-PL-02-38-31-SF-00
Analyzed Maps: 18683
XT01-98-AM-18683
XT01-05-PL-03-30-33-SF-00
XT01-PL-03-1621173457899
XT01-06-PL-03-30-33-SF-00
XT01-PL-01-1621173459590
XT01-06-PL-01-36-38-SF-00
XT01-PL-02-1621173464127
XT01-06-PL-02-29-32-SF-00
Analyzed Maps: 21080
XT01-98-AM-21080
XT01-05-PL-03-36-30-SF-00
XT01-PL-03-1621173476546
XT01-06-PL-03-36-30-SF-00
XT01-PL-01-1621173477063
XT01-06-PL-01-36-30-SF-00
XT01-PL-02-1621173480957
XT01-06-PL-02-37-39-SF-00
Analyzed Maps: 25182
XT01-98-AM-25182
XT01-05-PL-03-28-32-SF-00
XT01-PL-03-1621173497070
XT01-06-PL-03-28-32-SF-00
XT01-PL-01-1621173497730
XT01-06-PL-01-38-40-SF-20
XT01-PL-02-1621173501702
XT01-06-PL-02-28-29-SF-00
Analyzed Maps: 24626
XT01-98-AM-24626
XT01-05-PL-03-32-37-SF-00
XT01-PL-03-1621173517486
XT01-06-PL-03-32-37-SF-00
XT01-PL-01-1621173518211
XT01-06-PL-01-37-30-SF-00
XT01-PL-02-1621173520083
XT01-06-PL-02-38-39-SF-00
Analyzed Maps: 25856
XT01-98-AM-25856
XT01-05-PL-03-38-41-SF-00
XT01-PL-03-1621173535952
XT01-06-PL-03-38-41-SF-00
XT01-PL-01-1621173538119
XT01-06-PL-01-39-38-SF-00
XT01-PL-02-1621173539852
XT01-06-PL-02-39-32-SF-00
Analyzed Maps: 26335
XT01-98-AM-26335
XT01-05-PL-03-40-32-SF-00
XT01-PL-03-1621173556408
XT01-06-PL-03-40-32-SF-00
XT01-PL-01-1621173557689
XT01-06-PL-01-27-28-SF-00
XT01-PL-02-1621173561229
XT01-06-PL-02-41-31-SF-00
Analyzed Maps: 27724
XT01-98-AM-27724
XT01-05-PL-03-26-27-SF-00
XT01-PL-03-1621173578623
XT01-06-PL-03-26-27-SF-00
XT01-PL-01-1621173579240
XT01-06-PL-01-35-38-SF-00
XT01-PL-02-1621173582632
XT01-06-PL-02-29-33-SF-00
Analyzed Maps: 29190
XT01-98-AM-29190
XT01-05-PL-03-36-39-SF-00
XT01-PL-03-1621173600194
XT01-06-PL-03-36-39-SF-00
XT01-PL-01-1621173600691
XT01-06-PL-01-36-40-SF-00
XT01-PL-02-1621173603636
XT01-06-PL-02-37-40-SF-00
Analyzed Maps: 26166
XT01-98-AM-26166
XT01-05-PL-03-27-29-SF-00
XT01-PL-03-1621173619119
XT01-06-PL-03-27-29-SF-00
XT01-PL-01-1621173620369
XT01-06-PL-01-32-36-SF-00
XT01-PL-02-1621173623285
XT01-06-PL-02-31-34-SF-00
Analyzed Maps: 26636
XT01-98-AM-26636
XT01-05-PL-03-33-28-SF-00
XT01-PL-03-1621173639064
XT01-06-PL-03-33-28-SF-00
XT01-PL-01-1621173640546
XT01-06-PL-01-31-35-SF-00
XT01-PL-02-1621173643208
XT01-06-PL-02-39-41-SF-00
Analyzed Maps: 27467
XT01-98-AM-27467
XT01-05-PL-03-30-35-SF-00
XT01-PL-03-1621173659494
XT01-06-PL-03-30-35-SF-00
XT01-PL-01-1621173662462
XT01-06-PL-01-40-33-SF-00
XT01-PL-02-1621173665238
XT01-06-PL-02-37-29-SF-00
Analyzed Maps: 30571
XT01-98-AM-30571
XT01-05-PL-03-35-39-SF-00
XT01-PL-03-1621173683431
XT01-06-PL-03-35-39-SF-00
XT01-PL-01-1621173685319
XT01-06-PL-01-31-37-SF-00
XT01-PL-02-1621173689562
XT01-06-PL-02-31-36-SF-00
Analyzed Maps: 29021
XT01-98-AM-29021
XT01-05-PL-03-35-29-SF-00
XT01-PL-03-1621173707261
XT01-06-PL-03-35-29-SF-00
XT01-PL-01-1621173708254
XT01-06-PL-01-35-28-SF-00
XT01-PL-02-1621173717061
XT01-06-PL-02-36-29-SF-00
Analyzed Maps: 29346
XT01-98-AM-29346
XT01-05-PL-03-35-27-SF-21
XT01-PL-03-1621173736020
XT01-06-PL-03-35-27-SF-21
XT01-PL-01-1621173736659
XT01-06-PL-01-38-30-SF-00
XT01-PL-02-1621173739722
XT01-06-PL-02-39-30-SF-00
Analyzed Maps: 30853
XT01-98-AM-30853
XT01-05-PL-03-30-34-SF-00
XT01-PL-03-1621173758052
XT01-06-PL-03-30-34-SF-00
XT01-PL-01-1621173759081
XT01-06-PL-01-40-30-SF-00
XT01-PL-02-1621173762358
XT01-06-PL-02-32-28-SF-00
Analyzed Maps: 35692
XT01-98-AM-35692
XT01-05-PL-03-37-28-SF-00
XT01-PL-03-1621173783554
XT01-06-PL-03-37-28-SF-00
XT01-PL-01-1621173784582
XT01-06-PL-01-27-31-SF-00
XT01-PL-02-1621173788221
XT01-06-PL-02-37-27-SF-00
Analyzed Maps: 35065
XT01-98-AM-35065
XT01-05-PL-03-30-38-SF-00
XT01-PL-03-1621173809019
XT01-06-PL-03-30-38-SF-00
XT01-PL-01-1621173809832
XT01-06-PL-01-34-29-SF-00
XT01-PL-02-1621173813090
XT01-06-PL-02-30-36-SF-00
Analyzed Maps: 35132
XT01-98-AM-35132
XT01-05-PL-03-39-29-SF-00
XT01-PL-03-1621173833764
XT01-06-PL-03-39-29-SF-00
XT01-PL-01-1621173835616
XT01-06-PL-01-32-27-SF-00
XT01-PL-02-1621173837038
XT01-06-PL-02-36-28-SF-00
Analyzed Maps: 40776
XT01-98-AM-40776
XT01-05-PL-03-38-29-SF-00
XT01-PL-03-1621173861244
XT01-06-PL-03-38-29-SF-00
XT01-PL-01-1621173861896
XT01-06-PL-01-36-27-SF-00
XT01-PL-02-1621173867354
XT01-06-PL-02-38-27-SF-00
Analyzed Maps: 46946
XT01-98-AM-46946
XT01-05-PL-03-28-33-SF-00
XT01-PL-03-1621173894951
XT01-06-PL-03-28-33-SF-00
XT01-PL-01-1621173895541
XT01-06-PL-01-27-33-SF-00
XT01-PL-02-1621173898069
XT01-06-PL-02-26-33-SF-00
Analyzed Maps: 47065
XT01-98-AM-47065
XT01-05-PL-03-42-32-SF-00
XT01-PL-03-1621173925762
XT01-06-PL-03-42-32-SF-00
XT01-PL-01-1621173926884
XT01-06-PL-01-29-34-SF-00
XT01-PL-02-1621173930024
XT01-06-PL-02-38-28-SF-00
Analyzed Maps: 41475
XT01-98-AM-41475
XT01-05-PL-03-29-35-SF-00
XT01-PL-03-1621173954718
XT01-06-PL-03-29-35-SF-00
XT01-PL-01-1621173957148
XT01-06-PL-01-28-35-SF-00
XT01-PL-02-1621173961173
XT01-06-PL-02-28-34-SF-00
Analyzed Maps: 45763
XT01-98-AM-45763
XT01-05-PL-03-40-39-SF-00
XT01-PL-03-1621173988133
XT01-06-PL-03-40-39-SF-00
XT01-PL-01-1621173989113
XT01-06-PL-01-26-29-SF-00
XT01-PL-02-1621173996547
XT01-06-PL-02-34-27-SF-00
Analyzed Maps: 52536
XT01-98-AM-52536
XT01-05-PL-03-31-28-SF-00
XT01-PL-03-1621174027413
XT01-06-PL-03-31-28-SF-00
XT01-PL-01-1621174028035
XT01-06-PL-01-35-26-SF-00
XT01-PL-02-1621174032486
XT01-06-PL-02-34-28-SF-00
Analyzed Maps: 51949
XT01-98-AM-51949
XT01-05-PL-03-25-33-SF-00
XT01-PL-03-1621174063013
XT01-06-PL-03-25-33-SF-00
XT01-PL-01-1621174065528
XT01-06-PL-01-36-26-SF-00
XT01-PL-02-1621174068506
XT01-06-PL-02-36-25-SF-00
Analyzed Maps: 55289
XT01-98-AM-55289
XT01-05-PL-03-37-25-SF-00
XT01-PL-03-1621174100822
XT01-06-PL-03-37-25-SF-00
XT01-PL-01-1621174103247
XT01-06-PL-01-27-35-SF-00
XT01-PL-02-1621174105559
XT01-06-PL-02-33-27-SF-00
Analyzed Maps: 48609
XT01-98-AM-48609
XT01-05-PL-03-41-40-SF-00
XT01-PL-03-1621174133918
XT01-06-PL-03-41-40-SF-00
XT01-PL-01-1621174135888
XT01-06-PL-01-35-25-SF-00
XT01-PL-02-1621174157073
XT01-06-PL-02-27-34-SF-00
Analyzed Maps: 54860
XT01-98-AM-54860
XT01-05-PL-03-30-37-SF-00
XT01-PL-03-1621174189094
XT01-06-PL-03-30-37-SF-00
XT01-PL-01-1621174190242
XT01-06-PL-01-29-36-SF-00
XT01-PL-02-1621174196020
XT01-06-PL-02-39-40-SF-00
Analyzed Maps: 52074
XT01-98-AM-52074
XT01-05-PL-03-33-26-SF-00
XT01-PL-03-1621174226283
XT01-06-PL-03-33-26-SF-00
XT01-PL-01-1621174228109
XT01-06-PL-01-40-41-SF-00
XT01-PL-02-1621174233095
XT01-06-PL-02-41-42-SF-00
Analyzed Maps: 52035
XT01-98-AM-52035
XT01-05-PL-03-27-32-SF-00
XT01-PL-03-1621174263226
XT01-06-PL-03-27-32-SF-00
XT01-PL-01-1621174266570
XT01-06-PL-01-28-31-SF-00
XT01-PL-02-1621174268629
XT01-06-PL-02-29-37-SF-00
Analyzed Maps: 53116
XT01-98-AM-53116
XT01-05-PL-03-28-37-SF-00
XT01-PL-03-1621174299234
XT01-06-PL-03-28-37-SF-00
XT01-PL-01-1621174302081
XT01-06-PL-01-29-38-SF-00
XT01-PL-02-1621174306504
XT01-06-PL-02-39-31-SF-00
Analyzed Maps: 54747
XT01-98-AM-54747
XT01-05-PL-03-25-28-SF-00
XT01-PL-03-1621174338044
XT01-06-PL-03-25-28-SF-00
XT01-PL-01-1621174340246
XT01-06-PL-01-41-33-SF-00
XT01-PL-02-1621174348338
XT01-06-PL-02-42-30-SF-00
Analyzed Maps: 59592
XT01-98-AM-59592
XT01-05-PL-03-40-29-SF-00
XT01-PL-03-1621174383021
XT01-06-PL-03-40-29-SF-00
XT01-PL-01-1621174385877
XT01-06-PL-01-29-28-SF-00
XT01-PL-02-1621174392230
XT01-06-PL-02-32-25-SF-00
Analyzed Maps: 56249
XT01-98-AM-56249
XT01-05-PL-03-40-34-SF-00
XT01-PL-03-1621174424681
XT01-06-PL-03-40-34-SF-00
XT01-PL-01-1621174432818
XT01-06-PL-01-34-25-SF-00
XT01-PL-02-1621174438130
XT01-06-PL-02-30-28-SF-00
Analyzed Maps: 48478
XT01-98-AM-48478
XT01-05-PL-03-28-36-SF-00
XT01-PL-03-1621174466073
XT01-06-PL-03-28-36-SF-00
XT01-PL-01-1621174467441
XT01-06-PL-01-30-27-SF-00
XT01-PL-02-1621174471710
XT01-06-PL-02-39-34-SF-00
Analyzed Maps: 49322
XT01-98-AM-49322
XT01-05-PL-03-33-25-SF-00
XT01-PL-03-1621174500009
XT01-06-PL-03-33-25-SF-00
XT01-PL-01-1621174506613
XT01-06-PL-01-26-31-SF-00
XT01-PL-02-1621174510819
XT01-06-PL-02-28-38-SF-00
Analyzed Maps: 47556
XT01-98-AM-47556
XT01-05-PL-03-26-34-SF-00
XT01-PL-03-1621174538300
XT01-06-PL-03-26-34-SF-00
XT01-PL-01-1621174544230
XT01-06-PL-01-27-36-SF-00
XT01-PL-02-1621174551466
XT01-06-PL-02-26-36-SF-00
Analyzed Maps: 53556
XT01-98-AM-53556
XT01-05-PL-03-27-39-SF-00
XT01-PL-03-1621174582042
XT01-06-PL-03-27-39-SF-00
XT01-PL-01-1621174583995
XT01-06-PL-01-25-36-SF-00
XT01-PL-02-1621174590178
XT01-06-PL-02-42-41-SF-00
Analyzed Maps: 48942
XT01-98-AM-48942
XT01-05-PL-03-26-37-SF-00
XT01-PL-03-1621174618221
XT01-06-PL-03-26-37-SF-00
XT01-PL-01-1621174621240
XT01-06-PL-01-43-42-SF-00
XT01-PL-02-1621174626388
XT01-06-PL-02-41-28-SF-00
Analyzed Maps: 54430
XT01-98-AM-54430
XT01-05-PL-03-25-38-SF-00
XT01-PL-03-1621174657431
XT01-06-PL-03-25-38-SF-00
XT01-PL-01-1621174661930
XT01-06-PL-01-25-34-SF-00
XT01-PL-02-1621174672173
XT01-06-PL-02-43-29-SF-00
Analyzed Maps: 48255
XT01-98-AM-48255
XT01-05-PL-03-44-28-SF-00
XT01-PL-03-1621174699816
XT01-06-PL-03-44-28-SF-00
XT01-PL-01-1621174703375
XT01-06-PL-01-44-43-SF-00
XT01-PL-02-1621174704458
XT01-06-PL-02-45-44-SF-00
Analyzed Maps: 52025
XT01-98-AM-52025
XT01-05-PL-03-26-30-SF-00
XT01-PL-03-1621174734327
XT01-06-PL-03-26-30-SF-00
XT01-PL-01-1621174738329
XT01-06-PL-01-42-33-SF-20
XT01-PL-02-1621174746461
XT01-06-PL-02-25-29-SF-00
Analyzed Maps: 50141
XT01-98-AM-50141
XT01-05-PL-03-24-28-SF-00
XT01-PL-03-1621174775269
XT01-06-PL-03-24-28-SF-00
XT01-PL-01-1621174779162
XT01-06-PL-01-24-29-SF-00
XT01-PL-02-1621174785017
XT01-06-PL-02-41-32-SF-00
Analyzed Maps: 61393
XT01-98-AM-61393
XT01-05-PL-03-23-29-SF-00
XT01-PL-03-1621174820330
XT01-06-PL-03-23-29-SF-00
XT01-PL-01-1621174822264
XT01-06-PL-01-43-32-SF-00
XT01-PL-02-1621174830026
XT01-06-PL-02-28-28-SF-00
Analyzed Maps: 53130
XT01-98-AM-53130
XT01-05-PL-03-46-45-SF-00
XT01-PL-03-1621174860500
XT01-06-PL-03-46-45-SF-00
XT01-PL-01-1621174861841
XT01-06-PL-01-22-29-SF-00
XT01-PL-02-1621174869323
XT01-06-PL-02-34-26-SF-00
Analyzed Maps: 54818
XT01-98-AM-54818
XT01-05-PL-03-31-27-SF-00
XT01-PL-03-1621174900612
XT01-06-PL-03-31-27-SF-00
XT01-PL-01-1621174901563
XT01-06-PL-01-29-27-SF-00
XT01-PL-02-1621174904673
XT01-06-PL-02-37-26-SF-00
Analyzed Maps: 48299
XT01-98-AM-48299
XT01-05-PL-03-27-27-SF-00
XT01-PL-03-1621174932229
XT01-06-PL-03-27-27-SF-00
XT01-PL-01-1621174935025
XT01-06-PL-01-27-26-SF-00
XT01-PL-02-1621174935942
XT01-06-PL-02-26-26-SF-00
Analyzed Maps: 41912
XT01-98-AM-41912
XT01-05-PL-03-38-25-SF-00
XT01-PL-03-1621174959804
XT01-06-PL-03-38-25-SF-00
XT01-PL-01-1621174960778
XT01-06-PL-01-39-24-SF-00
XT01-PL-02-1621174964317
XT01-06-PL-02-26-28-SF-00
Analyzed Maps: 43159
XT01-98-AM-43159
XT01-05-PL-03-25-27-SF-00
XT01-PL-03-1621174988829
XT01-06-PL-03-25-27-SF-00
XT01-PL-01-1621174990278
XT01-06-PL-01-31-25-SF-00
XT01-PL-02-1621174993259
XT01-06-PL-02-28-27-SF-00
Analyzed Maps: 37650
XT01-98-AM-37650
XT01-05-PL-03-39-27-SF-00
XT01-PL-03-1621175014668
XT01-06-PL-03-39-27-SF-00
XT01-PL-01-1621175020329
XT01-06-PL-01-28-26-SF-00
XT01-PL-02-1621175023564
XT01-06-PL-02-27-25-SF-00
Analyzed Maps: 44516
XT01-98-AM-44516
XT01-05-PL-03-28-25-SF-00
XT01-PL-03-1621175048658
XT01-06-PL-03-28-25-SF-00
XT01-PL-01-1621175050466
XT01-06-PL-01-25-37-SF-00
XT01-PL-02-1621175055391
XT01-06-PL-02-32-26-SF-00
Analyzed Maps: 43944
XT01-98-AM-43944
XT01-05-PL-03-32-24-SF-00
XT01-PL-03-1621175080049
XT01-06-PL-03-32-24-SF-00
XT01-PL-01-1621175082448
XT01-06-PL-01-31-26-SF-00
XT01-PL-02-1621175083344
XT01-06-PL-02-24-38-SF-00
Analyzed Maps: 39733
XT01-98-AM-39733
XT01-05-PL-03-26-32-SF-00
XT01-PL-03-1621175105583
XT01-06-PL-03-26-32-SF-00
XT01-PL-01-1621175108181
XT01-06-PL-01-40-26-SF-00
XT01-PL-02-1621175114660
XT01-06-PL-02-25-32-SF-00
Analyzed Maps: 36316
XT01-98-AM-36316
XT01-05-PL-03-30-25-SF-00
XT01-PL-03-1621175135120
XT01-06-PL-03-30-25-SF-00
XT01-PL-01-1621175136749
XT01-06-PL-01-25-31-SF-00
XT01-PL-02-1621175141740
XT01-06-PL-02-29-26-SF-00
Analyzed Maps: 33340
XT01-98-AM-33340
XT01-05-PL-03-29-25-SF-00
XT01-PL-03-1621175160294
XT01-06-PL-03-29-25-SF-00
XT01-PL-01-1621175162372
XT01-06-PL-01-19-24-SF-00
XT01-PL-02-1621175165109
XT01-06-PL-02-30-24-SF-00
Analyzed Maps: 27920
XT01-98-AM-27920
XT01-05-PL-03-30-26-SF-00
XT01-PL-03-1621175180566
XT01-06-PL-03-30-26-SF-00
XT01-PL-01-1621175181747
XT01-06-PL-01-33-23-SF-00
XT01-PL-02-1621175185638
XT01-06-PL-02-24-30-SF-00
Analyzed Maps: 25599
XT01-98-AM-25599
XT01-05-PL-03-25-30-SF-00
XT01-PL-03-1621175199717
XT01-06-PL-03-25-30-SF-00
XT01-PL-01-1621175202333
XT01-06-PL-01-24-31-SF-00
XT01-PL-02-1621175206041
XT01-06-PL-02-23-28-SF-00
Analyzed Maps: 23326
XT01-98-AM-23326
XT01-05-PL-03-32-23-SF-00
XT01-PL-03-1621175218836
XT01-06-PL-03-32-23-SF-00
XT01-PL-01-1621175224709
XT01-06-PL-01-22-28-SF-00
XT01-PL-02-1621175227954
XT01-06-PL-02-38-26-SF-00
Analyzed Maps: 23418
XT01-98-AM-23418
XT01-05-PL-03-27-37-SF-00
XT01-PL-03-1621175240745
XT01-06-PL-03-27-37-SF-00
XT01-PL-01-1621175243468
XT01-06-PL-01-39-28-SF-00
XT01-PL-02-1621175245945
XT01-06-PL-02-40-31-SF-00
Analyzed Maps: 22365
XT01-98-AM-22365
XT01-05-PL-03-41-25-SF-00
XT01-PL-03-1621175258078
XT01-06-PL-03-41-25-SF-00
XT01-PL-01-1621175261835
XT01-06-PL-01-42-27-SF-00
XT01-PL-02-1621175264462
XT01-06-PL-02-43-26-SF-00
Analyzed Maps: 20855
XT01-98-AM-20855
XT01-05-PL-03-44-25-SF-00
XT01-PL-03-1621175275826
XT01-06-PL-03-44-25-SF-00
XT01-PL-01-1621175277560
XT01-06-PL-01-24-37-SF-00
XT01-PL-02-1621175278411
XT01-06-PL-02-23-37-SF-00
Analyzed Maps: 22617
XT01-98-AM-22617
XT01-05-PL-03-22-37-SF-00
XT01-PL-03-1621175290740
XT01-06-PL-03-22-37-SF-00
XT01-PL-01-1621175293767
XT01-06-PL-01-27-38-SF-00
XT01-PL-02-1621175295304
XT01-06-PL-02-25-39-SF-00
Analyzed Maps: 22501
XT01-98-AM-22501
XT01-05-PL-03-39-25-SF-00
XT01-PL-03-1621175307582
XT01-06-PL-03-39-25-SF-00
XT01-PL-01-1621175311504
XT01-06-PL-01-40-24-SF-00
XT01-PL-02-1621175313635
XT01-06-PL-02-26-39-SF-00
Analyzed Maps: 22099
XT01-98-AM-22099
XT01-05-PL-03-41-29-SF-00
XT01-PL-03-1621175325587
XT01-06-PL-03-41-29-SF-00
XT01-PL-01-1621175328197
XT01-06-PL-01-39-39-SF-00
XT01-PL-02-1621175329774
XT01-06-PL-02-40-40-SF-00
Analyzed Maps: 20617
XT01-98-AM-20617
XT01-05-PL-03-42-31-SF-00
XT01-PL-03-1621175340903
XT01-06-PL-03-42-31-SF-00
XT01-PL-01-1621175343003
XT01-06-PL-01-32-22-SF-00
XT01-PL-02-1621175346485
XT01-06-PL-02-32-21-SF-02
Analyzed Maps: 21814
XT01-98-AM-21814
XT01-05-PL-03-24-36-SF-00
XT01-PL-03-1621175358214
XT01-06-PL-03-24-36-SF-00
XT01-PL-01-1621175361747
XT01-06-PL-01-41-30-SF-00
XT01-PL-02-1621175363075
XT01-06-PL-02-40-28-SF-00
Analyzed Maps: 22749
XT01-98-AM-22749
XT01-05-PL-03-40-27-SF-00
XT01-PL-03-1621175375274
XT01-06-PL-03-40-27-SF-00
XT01-PL-01-1621175376823
XT01-06-PL-01-40-25-SF-00
XT01-PL-02-1621175378101
XT01-06-PL-02-41-26-SF-00
Analyzed Maps: 20034
XT01-98-AM-20034
XT01-05-PL-03-39-26-SF-00
XT01-PL-03-1621175388840
XT01-06-PL-03-39-26-SF-00
XT01-PL-01-1621175391372
XT01-06-PL-01-40-35-SF-00
XT01-PL-02-1621175392375
XT01-06-PL-02-41-24-SF-00
Analyzed Maps: 18075
XT01-98-AM-18075
XT01-05-PL-03-43-33-SF-00
XT01-PL-03-1621175402002
XT01-06-PL-03-43-33-SF-00
XT01-PL-01-1621175405518
XT01-06-PL-01-41-34-SF-00
XT01-PL-02-1621175406860
XT01-06-PL-02-42-29-SF-00
Analyzed Maps: 20351
XT01-98-AM-20351
XT01-05-PL-03-43-28-SF-00
XT01-PL-03-1621175417617
XT01-06-PL-03-43-28-SF-00
XT01-PL-01-1621175420310
XT01-06-PL-01-44-29-SF-00
XT01-PL-02-1621175422194
XT01-06-PL-02-45-27-SF-00
Analyzed Maps: 23570
XT01-98-AM-23570
XT01-05-PL-03-46-26-SF-00
XT01-PL-03-1621175434674
XT01-06-PL-03-46-26-SF-00
XT01-PL-01-1621175438299
XT01-06-PL-01-43-30-SF-00
XT01-PL-02-1621175441324
XT01-06-PL-02-41-35-SF-00
Analyzed Maps: 26945
XT01-98-AM-26945
XT01-05-PL-03-32-20-SF-00
XT01-PL-03-1621175455547
XT01-06-PL-03-32-20-SF-00
XT01-PL-01-1621175458745
XT01-06-PL-01-41-27-SF-00
XT01-PL-02-1621175460302
XT01-06-PL-02-32-19-SF-00
Analyzed Maps: 24940
XT01-98-AM-24940
XT01-05-PL-03-43-27-SF-00
XT01-PL-03-1621175473382
XT01-06-PL-03-43-27-SF-00
XT01-PL-01-1621175477764
XT01-06-PL-01-21-37-SF-00
XT01-PL-02-1621175482017
XT01-06-PL-02-23-36-SF-00
Analyzed Maps: 30526
XT01-98-AM-30526
XT01-05-PL-03-26-38-SF-00
XT01-PL-03-1621175498453
XT01-06-PL-03-26-38-SF-00
XT01-PL-01-1621175503269
XT01-06-PL-01-45-24-SF-00
XT01-PL-02-1621175505046
XT01-06-PL-02-42-28-SF-00
Analyzed Maps: 29506
XT01-98-AM-29506
XT01-05-PL-03-20-37-SF-00
XT01-PL-03-1621175520563
XT01-06-PL-03-20-37-SF-00
XT01-PL-01-1621175524177
XT01-06-PL-01-41-36-SF-00
XT01-PL-02-1621175526416
XT01-06-PL-02-43-31-SF-00
Analyzed Maps: 25967
XT01-98-AM-25967
XT01-05-PL-03-42-26-SF-00
XT01-PL-03-1621175542221
XT01-06-PL-03-42-26-SF-00
XT01-PL-01-1621175545949
XT01-06-PL-01-44-31-SF-00
XT01-PL-02-1621175548982
XT01-06-PL-02-42-35-SF-00
Analyzed Maps: 26171
XT01-98-AM-26171
XT01-05-PL-03-42-34-SF-00
XT01-PL-03-1621175563174
XT01-06-PL-03-42-34-SF-00
XT01-PL-01-1621175564569
XT01-06-PL-01-43-34-SF-00
XT01-PL-02-1621175566371
XT01-06-PL-02-44-27-SF-00
Analyzed Maps: 22512
XT01-98-AM-22512
XT01-05-PL-03-46-23-SF-00
XT01-PL-03-1621175578154
XT01-06-PL-03-46-23-SF-00
XT01-PL-01-1621175580725
XT01-06-PL-01-44-26-SF-00
XT01-PL-02-1621175581623
XT01-06-PL-02-45-26-SF-00
Analyzed Maps: 26145
XT01-98-AM-26145
XT01-05-PL-03-46-25-SF-00
XT01-PL-03-1621175595253
XT01-06-PL-03-46-25-SF-00
XT01-PL-01-1621175598069
XT01-06-PL-01-47-24-SF-00
XT01-PL-02-1621175601641
XT01-06-PL-02-45-28-SF-00
Analyzed Maps: 34408
XT01-98-AM-34408
XT01-05-PL-03-48-23-SF-00
XT01-PL-03-1621175621552
XT01-06-PL-03-48-23-SF-00
XT01-PL-01-1621175623817
XT01-06-PL-01-42-25-SF-00
XT01-PL-02-1621175626519
XT01-06-PL-02-44-33-SF-00
Analyzed Maps: 36565
XT01-98-AM-36565
XT01-05-PL-03-24-34-SF-00
XT01-PL-03-1621175645864
XT01-06-PL-03-24-34-SF-00
XT01-PL-01-1621175648815
XT01-06-PL-01-23-34-SF-00
XT01-PL-02-1621175652688
XT01-06-PL-02-49-22-SF-00
Analyzed Maps: 37082
XT01-98-AM-37082
XT01-05-PL-03-44-32-SF-00
XT01-PL-03-1621175675758
XT01-06-PL-03-44-32-SF-00
XT01-PL-01-1621175681807
XT01-06-PL-01-45-32-SF-00
XT01-PL-02-1621175689374
XT01-06-PL-02-25-35-SF-00
Analyzed Maps: 37401
XT01-98-AM-37401
XT01-05-PL-03-45-34-SF-00
XT01-PL-03-1621175711987
XT01-06-PL-03-45-34-SF-00
XT01-PL-01-1621175725124
XT01-06-PL-01-24-32-SF-00
XT01-PL-02-1621175728533
XT01-06-PL-02-45-31-SF-00
Analyzed Maps: 35133
XT01-98-AM-35133
XT01-05-PL-03-26-35-SF-00
XT01-PL-03-1621175750102
XT01-06-PL-03-26-35-SF-00
XT01-PL-01-1621175753114
XT01-06-PL-01-45-33-SF-00
XT01-PL-02-1621175755250
XT01-06-PL-02-43-25-SF-00
Analyzed Maps: 35013
XT01-98-AM-35013
XT01-05-PL-03-18-24-SF-00
XT01-PL-03-1621175775516
XT01-06-PL-03-18-24-SF-00
XT01-PL-01-1621175790767
XT01-06-PL-01-45-30-SF-00
XT01-PL-02-1621175797152
XT01-06-PL-02-44-34-SF-00
Analyzed Maps: 32878
XT01-98-AM-32878
XT01-05-PL-03-44-30-SF-00
XT01-PL-03-1621175815942
XT01-06-PL-03-44-30-SF-00
XT01-PL-01-1621175821765
XT01-06-PL-01-46-34-SF-00
XT01-PL-02-1621175824605
XT01-06-PL-02-24-33-SF-00
Analyzed Maps: 28349
XT01-98-AM-28349
XT01-05-PL-03-24-35-SF-00
XT01-PL-03-1621175840775
XT01-06-PL-03-24-35-SF-00
XT01-PL-01-1621175844632
XT01-06-PL-01-44-24-SF-00
XT01-PL-02-1621175848072
XT01-06-PL-02-43-24-SF-00
Analyzed Maps: 25077
XT01-98-AM-25077
XT01-05-PL-03-46-33-SF-00
XT01-PL-03-1621175862600
XT01-06-PL-03-46-33-SF-00
XT01-PL-01-1621175867981
XT01-06-PL-01-23-30-SF-00
XT01-PL-02-1621175869771
XT01-06-PL-02-17-24-SF-00
Analyzed Maps: 32176
XT01-98-AM-32176
XT01-05-PL-03-23-33-SF-00
XT01-PL-03-1621175890633
XT01-06-PL-03-23-33-SF-00
XT01-PL-01-1621175894151
XT01-06-PL-01-22-34-SF-00
XT01-PL-02-1621175897845
XT01-06-PL-02-45-29-SF-00
Analyzed Maps: 29609
XT01-98-AM-29609
XT01-05-PL-03-22-32-SF-00
XT01-PL-03-1621175913809
XT01-06-PL-03-22-32-SF-00
XT01-PL-01-1621175915244
XT01-06-PL-01-15-24-SF-00
XT01-PL-02-1621175919005
XT01-06-PL-02-23-38-SF-00
Analyzed Maps: 35846
XT01-98-AM-35846
XT01-05-PL-03-14-24-SF-00
XT01-PL-03-1621175937257
XT01-06-PL-03-14-24-SF-00
XT01-PL-01-1621175946025
XT01-06-PL-01-46-28-SF-00
XT01-PL-02-1621175955516
XT01-06-PL-02-47-22-SF-00
Analyzed Maps: 36180
XT01-98-AM-36180
XT01-05-PL-03-45-25-SF-00
XT01-PL-03-1621175973873
XT01-06-PL-03-45-25-SF-00
XT01-PL-01-1621175978483
XT01-06-PL-01-22-30-SF-00
XT01-PL-02-1621175989414
XT01-06-PL-02-23-32-SF-00
Analyzed Maps: 33199
XT01-98-AM-33199
XT01-05-PL-03-23-35-SF-00
XT01-PL-03-1621176006340
XT01-06-PL-03-23-35-SF-00
XT01-PL-01-1621176012049
XT01-06-PL-01-22-33-SF-00
XT01-PL-02-1621176015686
XT01-06-PL-02-23-31-SF-00
Analyzed Maps: 31361
XT01-98-AM-31361
XT01-05-PL-03-21-28-SF-00
XT01-PL-03-1621176031434
XT01-06-PL-03-21-28-SF-00
XT01-PL-01-1621176035662
XT01-06-PL-01-20-28-SF-00
XT01-PL-02-1621176038416
XT01-06-PL-02-47-33-SF-00
Analyzed Maps: 29858
XT01-98-AM-29858
XT01-05-PL-03-47-34-SF-00
XT01-PL-03-1621176053363
XT01-06-PL-03-47-34-SF-00
XT01-PL-01-1621176054968
XT01-06-PL-01-48-33-SF-00
XT01-PL-02-1621176057544
XT01-06-PL-02-48-34-SF-00
Analyzed Maps: 34435
XT01-98-AM-34435
XT01-05-PL-03-49-34-SF-00
XT01-PL-03-1621176074753
XT01-06-PL-03-49-34-SF-00
XT01-PL-01-1621176084566
XT01-06-PL-01-45-23-SF-00
XT01-PL-02-1621176088782
XT01-06-PL-02-46-30-SF-00
Analyzed Maps: 37229
XT01-98-AM-37229
XT01-05-PL-03-46-22-SF-00
XT01-PL-03-1621176107282
XT01-06-PL-03-46-22-SF-00
XT01-PL-01-1621176109127
XT01-06-PL-01-13-24-SF-00
XT01-PL-02-1621176115042
XT01-06-PL-02-46-32-SF-00
Analyzed Maps: 39782
XT01-98-AM-39782
XT01-05-PL-03-12-24-SF-00
XT01-PL-03-1621176134708
XT01-06-PL-03-12-24-SF-00
XT01-PL-01-1621176145516
XT01-06-PL-01-46-29-SF-00
XT01-PL-02-1621176149693
XT01-06-PL-02-45-22-SF-00
Analyzed Maps: 31030
XT01-98-AM-31030
XT01-05-PL-03-46-24-SF-00
XT01-PL-03-1621176165056
XT01-06-PL-03-46-24-SF-00
XT01-PL-01-1621176182337
XT01-06-PL-01-22-31-SF-00
XT01-PL-02-1621176184349
XT01-06-PL-02-21-31-SF-00
Analyzed Maps: 31688
XT01-98-AM-31688
XT01-05-PL-03-21-33-SF-00
XT01-PL-03-1621176200032
XT01-06-PL-03-21-33-SF-00
XT01-PL-01-1621176203129
XT01-06-PL-01-20-33-SF-00
XT01-PL-02-1621176206599
XT01-06-PL-02-21-32-SF-00
Analyzed Maps: 32570
XT01-98-AM-32570
XT01-05-PL-03-22-38-SF-00
XT01-PL-03-1621176223494
XT01-06-PL-03-22-38-SF-00
XT01-PL-01-1621176225286
XT01-06-PL-01-20-31-SF-00
XT01-PL-02-1621176228067
XT01-06-PL-02-19-31-SF-00
Analyzed Maps: 33953
XT01-98-AM-33953
XT01-05-PL-03-21-34-SF-00
XT01-PL-03-1621176244862
XT01-06-PL-03-21-34-SF-00
XT01-PL-01-1621176246570
XT01-06-PL-01-22-35-SF-00
XT01-PL-02-1621176251373
XT01-06-PL-02-21-39-SF-00
Analyzed Maps: 35160
XT01-98-AM-35160
XT01-05-PL-03-20-40-SF-00
XT01-PL-03-1621176268774
XT01-06-PL-03-20-40-SF-00
XT01-PL-01-1621176271984
XT01-06-PL-01-19-41-SF-00
XT01-PL-02-1621176276805
XT01-06-PL-02-20-32-SF-00
Analyzed Maps: 37271
XT01-98-AM-37271
XT01-05-PL-03-18-42-SF-00
XT01-PL-03-1621176295285
XT01-06-PL-03-18-42-SF-00
XT01-PL-01-1621176301650
XT01-06-PL-01-46-31-SF-00
XT01-PL-02-1621176302788
XT01-06-PL-02-49-33-SF-00
Analyzed Maps: 33472
XT01-98-AM-33472
XT01-05-PL-03-47-32-SF-00
XT01-PL-03-1621176319349
XT01-06-PL-03-47-32-SF-00
XT01-PL-01-1621176324431
XT01-06-PL-01-48-32-SF-00
XT01-PL-02-1621176325820
XT01-06-PL-02-47-31-SF-00
Analyzed Maps: 31645
XT01-98-AM-31645
XT01-05-PL-03-19-33-SF-00
XT01-PL-03-1621176341851
XT01-06-PL-03-19-33-SF-00
XT01-PL-01-1621176350848
XT01-06-PL-01-22-36-SF-00
XT01-PL-02-1621176352645
XT01-06-PL-02-18-33-SF-00
Analyzed Maps: 36133
XT01-98-AM-36133
XT01-05-PL-03-49-32-SF-00
XT01-PL-03-1621176371389
XT01-06-PL-03-49-32-SF-00
XT01-PL-01-1621176377794
XT01-06-PL-01-46-27-SF-21
XT01-PL-02-1621176382496
XT01-06-PL-02-21-30-SF-00
Analyzed Maps: 27777
XT01-98-AM-27777
XT01-05-PL-03-17-33-SF-00
XT01-PL-03-1621176396399
XT01-06-PL-03-17-33-SF-00
XT01-PL-01-1621176412350
XT01-06-PL-01-31-34-SF-00
XT01-PL-02-1621176416586
XT01-06-PL-02-17-43-SF-00
Analyzed Maps: 25211
XT01-98-AM-25211
XT01-05-PL-03-16-44-SF-00
XT01-PL-03-1621176429154
XT01-06-PL-03-16-44-SF-00
XT01-PL-01-1621176431366
XT01-06-PL-01-16-33-SF-00
XT01-PL-02-1621176435547
XT01-06-PL-02-49-35-SF-21
Analyzed Maps: 28752
XT01-98-AM-28752
XT01-05-PL-03-21-38-SF-00
XT01-PL-03-1621176449733
XT01-06-PL-03-21-38-SF-00
XT01-PL-01-1621176453057
XT01-06-PL-01-15-45-SF-00
XT01-PL-02-1621176457718
XT01-06-PL-02-20-38-SF-00
Analyzed Maps: 34621
XT01-98-AM-34621
XT01-05-PL-03-14-46-SF-00
XT01-PL-03-1621176474764
XT01-06-PL-03-14-46-SF-00
XT01-PL-01-1621176479606
XT01-06-PL-01-45-35-SF-00
XT01-PL-02-1621176487024
XT01-06-PL-02-47-29-SF-00
Analyzed Maps: 43671
XT01-98-AM-43671
XT01-05-PL-03-20-30-SF-00
XT01-PL-03-1621176510043
XT01-06-PL-03-20-30-SF-00
XT01-PL-01-1621176513382
XT01-06-PL-01-19-30-SF-00
XT01-PL-02-1621176516556
XT01-06-PL-02-18-30-SF-00
Analyzed Maps: 46445
XT01-98-AM-46445
XT01-05-PL-03-21-29-SF-00
XT01-PL-03-1621176541157
XT01-06-PL-03-21-29-SF-00
XT01-PL-01-1621176547671
XT01-06-PL-01-29-18-SF-00
XT01-PL-02-1621176554582
XT01-06-PL-02-20-29-SF-00
Analyzed Maps: 42495
XT01-98-AM-42495
XT01-05-PL-03-19-34-SF-00
XT01-PL-03-1621176576863
XT01-06-PL-03-19-34-SF-00
XT01-PL-01-1621176579232
XT01-06-PL-01-47-25-SF-00
XT01-PL-02-1621176584001
XT01-06-PL-02-47-23-SF-00
Analyzed Maps: 52384
XT01-98-AM-52384
XT01-05-PL-03-48-25-SF-00
XT01-PL-03-1621176611346
XT01-06-PL-03-48-25-SF-00
XT01-PL-01-1621176620550
XT01-06-PL-01-19-29-SF-00
XT01-PL-02-1621176625677
XT01-06-PL-02-18-29-SF-00
Analyzed Maps: 46044
XT01-98-AM-46044
XT01-05-PL-03-47-30-SF-00
XT01-PL-03-1621176649714
XT01-06-PL-03-47-30-SF-00
XT01-PL-01-1621176652218
XT01-06-PL-01-48-30-SF-00
XT01-PL-02-1621176659266
XT01-06-PL-02-49-30-SF-00
Analyzed Maps: 41042
XT01-98-AM-41042
XT01-05-PL-03-20-35-SF-00
XT01-PL-03-1621176680604
XT01-06-PL-03-20-35-SF-00
XT01-PL-01-1621176696279
XT01-06-PL-01-48-22-SF-00
XT01-PL-02-1621176702767
XT01-06-PL-02-19-32-SF-00
Analyzed Maps: 42912
XT01-98-AM-42912
XT01-05-PL-03-49-21-SF-00
XT01-PL-03-1621176725027
XT01-06-PL-03-49-21-SF-00
XT01-PL-01-1621176737774
XT01-06-PL-01-21-35-SF-00
XT01-PL-02-1621176742127
XT01-06-PL-02-20-34-SF-00
Analyzed Maps: 29656
XT01-98-AM-29656
XT01-05-PL-03-18-34-SF-00
XT01-PL-03-1621176757332
XT01-06-PL-03-18-34-SF-00
XT01-PL-01-1621176763136
XT01-06-PL-01-13-47-SF-00
XT01-PL-02-1621176766038
XT01-06-PL-02-12-48-SF-00
Analyzed Maps: 26949
XT01-98-AM-26949
XT01-05-PL-03-21-36-SF-00
XT01-PL-03-1621176779810
XT01-06-PL-03-21-36-SF-00
XT01-PL-01-1621176787707
XT01-06-PL-01-17-35-SF-00
XT01-PL-02-1621176789849
XT01-06-PL-02-17-34-SF-00
Analyzed Maps: 30553
XT01-98-AM-30553
XT01-05-PL-03-17-29-SF-00
XT01-PL-03-1621176805438
XT01-06-PL-03-17-29-SF-00
XT01-PL-01-1621176808092
XT01-06-PL-01-49-25-SF-00
XT01-PL-02-1621176811115
XT01-06-PL-02-16-29-SF-00
Analyzed Maps: 36333
XT01-98-AM-36333
XT01-05-PL-03-48-31-SF-00
XT01-PL-03-1621176829485
XT01-06-PL-03-48-31-SF-00
XT01-PL-01-1621176838747
XT01-06-PL-01-19-35-SF-00
XT01-PL-02-1621176841600
XT01-06-PL-02-49-31-SF-00
Analyzed Maps: 28280
XT01-98-AM-28280
XT01-05-PL-03-18-36-SF-00
XT01-PL-03-1621176855850
XT01-06-PL-03-18-36-SF-00
XT01-PL-01-1621176865392
XT01-06-PL-01-42-36-SF-00
XT01-PL-02-1621176867522
XT01-06-PL-02-18-35-SF-00
Analyzed Maps: 33386
XT01-98-AM-33386
XT01-05-PL-03-43-37-SF-00
XT01-PL-03-1621176884325
XT01-06-PL-03-43-37-SF-00
XT01-PL-01-1621176889569
XT01-06-PL-01-20-36-SF-00
XT01-PL-02-1621176892952
XT01-06-PL-02-30-17-SF-00
Analyzed Maps: 31758
XT01-98-AM-31758
XT01-05-PL-03-19-36-SF-00
XT01-PL-03-1621176909003
XT01-06-PL-03-19-36-SF-00
XT01-PL-01-1621176914718
XT01-06-PL-01-17-36-SF-00
XT01-PL-02-1621176916267
XT01-06-PL-02-11-24-SF-00
Analyzed Maps: 26783
XT01-98-AM-26783
XT01-05-PL-03-16-35-SF-00
XT01-PL-03-1621176929807
XT01-06-PL-03-16-35-SF-00
XT01-PL-01-1621176937171
XT01-06-PL-01-42-37-SF-00
XT01-PL-02-1621176938623
XT01-06-PL-02-18-32-SF-00
Analyzed Maps: 25387
XT01-98-AM-25387
XT01-05-PL-03-31-16-SF-00
XT01-PL-03-1621176951216
XT01-06-PL-03-31-16-SF-00
XT01-PL-01-1621176959511
XT01-06-PL-01-44-35-SF-00
XT01-PL-02-1621176960941
XT01-06-PL-02-43-35-SF-00
Analyzed Maps: 21566
XT01-98-AM-21566
XT01-05-PL-03-44-36-SF-00
XT01-PL-03-1621176971733
XT01-06-PL-03-44-36-SF-00
XT01-PL-01-1621176977337
XT01-06-PL-01-45-37-SF-00
XT01-PL-02-1621176979555
XT01-06-PL-02-43-36-SF-00
Analyzed Maps: 22015
XT01-98-AM-22015
XT01-05-PL-03-44-37-SF-00
XT01-PL-03-1621176990423
XT01-06-PL-03-44-37-SF-00
XT01-PL-01-1621176996768
XT01-06-PL-01-43-38-SF-00
XT01-PL-02-1621176998303
XT01-06-PL-02-46-38-SF-00
Analyzed Maps: 21012
XT01-98-AM-21012
XT01-05-PL-03-19-37-SF-00
XT01-PL-03-1621177008799
XT01-06-PL-03-19-37-SF-00
XT01-PL-01-1621177012162
XT01-06-PL-01-18-37-SF-00
XT01-PL-02-1621177013420
XT01-06-PL-02-17-32-SF-00
Analyzed Maps: 19211
XT01-98-AM-19211
XT01-05-PL-03-18-31-SF-21
XT01-PL-03-1621177023018
XT01-06-PL-03-18-31-SF-21
XT01-PL-01-1621177026937
XT01-06-PL-01-17-31-SF-00
XT01-PL-02-1621177028557
XT01-06-PL-02-16-30-SF-00
Analyzed Maps: 21491
XT01-98-AM-21491
XT01-05-PL-03-16-31-SF-00
XT01-PL-03-1621177039192
XT01-06-PL-03-16-31-SF-00
XT01-PL-01-1621177042538
XT01-06-PL-01-15-31-SF-00
XT01-PL-02-1621177043649
XT01-06-PL-02-32-15-SF-00
Analyzed Maps: 18830
XT01-98-AM-18830
XT01-05-PL-03-33-14-SF-00
XT01-PL-03-1621177052989
XT01-06-PL-03-33-14-SF-00
XT01-PL-01-1621177063334
XT01-06-PL-01-49-29-SF-00
XT01-PL-02-1621177064813
XT01-06-PL-02-41-41-SF-00
Analyzed Maps: 20414
XT01-98-AM-20414
XT01-05-PL-03-42-42-SF-00
XT01-PL-03-1621177074853
XT01-06-PL-03-42-42-SF-00
XT01-PL-01-1621177078932
XT01-06-PL-01-43-43-SF-00
XT01-PL-02-1621177080688
XT01-06-PL-02-15-30-SF-00
Analyzed Maps: 17243
XT01-98-AM-17243
XT01-05-PL-03-17-30-SF-00
XT01-PL-03-1621177089146
XT01-06-PL-03-17-30-SF-00
XT01-PL-01-1621177092380
XT01-06-PL-01-16-32-SF-00
XT01-PL-02-1621177093026
XT01-06-PL-02-15-32-SF-00
Analyzed Maps: 17751
XT01-98-AM-17751
XT01-05-PL-03-49-26-SF-00
XT01-PL-03-1621177101552
XT01-06-PL-03-49-26-SF-00
XT01-PL-01-1621177105424
XT01-06-PL-01-34-13-SF-00
XT01-PL-02-1621177107054
XT01-06-PL-02-31-21-SF-00
Analyzed Maps: 17475
XT01-98-AM-17475
XT01-05-PL-03-35-12-SF-00
XT01-PL-03-1621177115491
XT01-06-PL-03-35-12-SF-00
XT01-PL-01-1621177126085
XT01-06-PL-01-48-35-SF-00
XT01-PL-02-1621177127647
XT01-06-PL-02-49-28-SF-00
Analyzed Maps: 16029
XT01-98-AM-16029
XT01-05-PL-03-49-36-SF-00
XT01-PL-03-1621177135473
XT01-06-PL-03-49-36-SF-00
XT01-PL-01-1621177146506
XT01-06-PL-01-20-39-SF-00
XT01-PL-02-1621177148512
XT01-06-PL-02-49-37-SF-00
Analyzed Maps: 15724
XT01-98-AM-15724
XT01-05-PL-03-46-37-SF-00
XT01-PL-03-1621177156165
XT01-06-PL-03-46-37-SF-00
XT01-PL-01-1621177174019
XT01-06-PL-01-46-35-SF-00
XT01-PL-02-1621177175642
XT01-06-PL-02-45-36-SF-00
Analyzed Maps: 16488
XT01-98-AM-16488
XT01-05-PL-03-48-29-SF-00
XT01-PL-03-1621177183636
XT01-06-PL-03-48-29-SF-00
XT01-PL-01-1621177191166
XT01-06-PL-01-45-38-SF-00
XT01-PL-02-1621177193095
XT01-06-PL-02-47-28-SF-00
Analyzed Maps: 13823
XT01-98-AM-13823
XT01-05-PL-03-48-28-SF-00
XT01-PL-03-1621177199810
XT01-06-PL-03-48-28-SF-00
XT01-PL-01-1621177227067
XT01-06-PL-01-49-27-SF-00
XT01-PL-02-1621177228669
XT01-06-PL-02-47-27-SF-00
Analyzed Maps: 11691
XT01-98-AM-11691
XT01-05-PL-03-44-38-SF-00
XT01-PL-03-1621177234275
XT01-06-PL-03-44-38-SF-00
XT01-PL-01-1621177245474
XT01-06-PL-01-49-38-SF-00
XT01-PL-02-1621177246061
XT01-06-PL-02-45-39-SF-00
Analyzed Maps: 10278
XT01-98-AM-10278
XT01-05-PL-03-48-27-SF-00
XT01-PL-03-1621177251007
XT01-06-PL-03-48-27-SF-00
XT01-PL-01-1621177256492
XT01-06-PL-01-47-38-SF-00
XT01-PL-02-1621177256934
XT01-06-PL-02-47-37-SF-00
Analyzed Maps: 8248
XT01-98-AM-8248
XT01-05-PL-03-48-37-SF-00
XT01-PL-03-1621177260926
XT01-06-PL-03-48-37-SF-00
XT01-PL-01-1621177268612
XT01-06-PL-01-47-36-SF-00
XT01-PL-02-1621177269109
XT01-06-PL-02-46-36-SF-00
Analyzed Maps: 7052
XT01-98-AM-7052
XT01-05-PL-03-47-35-SF-00
XT01-PL-03-1621177272534
XT01-06-PL-03-47-35-SF-00
XT01-PL-01-1621177276420
XT01-06-PL-01-47-26-SF-00
XT01-PL-02-1621177277445
XT01-06-PL-02-48-36-SF-00
Analyzed Maps: 5374
XT01-98-AM-5374
XT01-05-PL-03-19-40-SF-00
XT01-PL-03-1621177280030
XT01-06-PL-03-19-40-SF-00
XT01-PL-01-1621177285210
XT01-06-PL-01-18-41-SF-00
XT01-PL-02-1621177286305
XT01-06-PL-02-33-21-SF-00
Analyzed Maps: 6009
XT01-98-AM-6009
XT01-05-PL-03-20-41-SF-00
XT01-PL-03-1621177289157
XT01-06-PL-03-20-41-SF-00
XT01-PL-01-1621177296844
XT01-06-PL-01-19-38-SF-00
XT01-PL-02-1621177298216
XT01-06-PL-02-19-39-SF-00
Analyzed Maps: 7612
XT01-98-AM-7612
XT01-05-PL-03-19-42-SF-00
XT01-PL-03-1621177301784
XT01-06-PL-03-19-42-SF-00
XT01-PL-01-1621177308692
XT01-06-PL-01-18-38-SF-00
XT01-PL-02-1621177309239
XT01-06-PL-02-44-39-SF-00
Analyzed Maps: 4650
XT01-98-AM-4650
XT01-05-PL-03-46-39-SF-00
XT01-PL-03-1621177311449
XT01-06-PL-03-46-39-SF-00
XT01-PL-01-1621177315940
XT01-06-PL-01-47-40-SF-00
XT01-PL-02-1621177316429
XT01-06-PL-02-48-26-SF-00
Analyzed Maps: 4131
XT01-98-AM-4131
XT01-05-PL-03-48-24-SF-00
XT01-PL-03-1621177318412
XT01-06-PL-03-48-24-SF-00
XT01-PL-01-1621177327225
XT01-06-PL-01-49-23-SF-00
XT01-PL-02-1621177328063
XT01-06-PL-02-49-24-SF-00
Analyzed Maps: 3578
XT01-98-AM-3578
XT01-05-PL-03-49-39-SF-00
XT01-PL-03-1621177329762
XT01-06-PL-03-49-39-SF-00
XT01-PL-01-1621177337730
XT01-06-PL-01-17-37-SF-00
XT01-PL-02-1621177338197
XT01-06-PL-02-16-36-SF-00
Analyzed Maps: 2827
XT01-98-AM-2827
XT01-05-PL-03-15-37-SF-00
XT01-PL-03-1621177339564
XT01-06-PL-03-15-37-SF-00
XT01-PL-01-1621177347600
XT01-06-PL-01-21-41-SF-00
XT01-PL-02-1621177348230
XT01-06-PL-02-17-42-SF-00
Analyzed Maps: 3021
XT01-98-AM-3021
XT01-05-PL-03-21-40-SF-00
XT01-PL-03-1621177349680
XT01-06-PL-03-21-40-SF-00
XT01-PL-01-1621177359404
XT01-06-PL-01-16-43-SF-00
XT01-PL-02-1621177359973
XT01-06-PL-02-17-41-SF-00
Analyzed Maps: 3107
XT01-98-AM-3107
XT01-05-PL-03-16-42-SF-00
XT01-PL-03-1621177361486
XT01-06-PL-03-16-42-SF-00
XT01-PL-01-1621177372520
XT01-06-PL-01-16-37-SF-00
XT01-PL-02-1621177373241
XT01-06-PL-02-17-38-SF-00
Analyzed Maps: 3722
XT01-98-AM-3722
XT01-05-PL-03-15-38-SF-00
XT01-PL-03-1621177374979
XT01-06-PL-03-15-38-SF-00
XT01-PL-01-1621177381570
XT01-06-PL-01-14-39-SF-00
XT01-PL-02-1621177382146
XT01-06-PL-02-15-44-SF-00
Analyzed Maps: 3597
XT01-98-AM-3597
XT01-05-PL-03-16-38-SF-00
XT01-PL-03-1621177383842
XT01-06-PL-03-16-38-SF-00
XT01-PL-01-1621177391117
XT01-06-PL-01-14-45-SF-00
XT01-PL-02-1621177391942
XT01-06-PL-02-18-39-SF-00
Analyzed Maps: 4643
XT01-98-AM-4643
XT01-05-PL-03-16-45-SF-00
XT01-PL-03-1621177394066
XT01-06-PL-03-16-45-SF-00
XT01-PL-01-1621177403118
XT01-06-PL-01-17-40-SF-00
XT01-PL-02-1621177403694
XT01-06-PL-02-15-43-SF-00
Analyzed Maps: 5433
XT01-98-AM-5433
XT01-05-PL-03-14-43-SF-00
XT01-PL-03-1621177406229
XT01-06-PL-03-14-43-SF-00
XT01-PL-01-1621177414454
XT01-06-PL-01-16-39-SF-00
XT01-PL-02-1621177415235
XT01-06-PL-02-17-39-SF-00
Analyzed Maps: 4956
XT01-98-AM-4956
XT01-05-PL-03-17-44-SF-00
XT01-PL-03-1621177417528
XT01-06-PL-03-17-44-SF-00
XT01-PL-01-1621177424114
XT01-06-PL-01-14-31-SF-00
XT01-PL-02-1621177424710
XT01-06-PL-02-17-45-SF-00
Analyzed Maps: 4318
XT01-98-AM-4318
XT01-05-PL-03-18-43-SF-00
XT01-PL-03-1621177426714
XT01-06-PL-03-18-43-SF-00
XT01-PL-01-1621177433137
XT01-06-PL-01-48-38-SF-00
XT01-PL-02-1621177433722
XT01-06-PL-02-15-42-SF-00
Analyzed Maps: 2663
XT01-98-AM-2663
XT01-05-PL-03-18-40-SF-00
XT01-PL-03-1621177434982
XT01-06-PL-03-18-40-SF-00
XT01-PL-01-1621177441350
XT01-06-PL-01-14-44-SF-00
XT01-PL-02-1621177442210
XT01-06-PL-02-36-11-SF-00
Analyzed Maps: 6059
XT01-98-AM-6059
XT01-05-PL-03-37-10-SF-00
XT01-PL-03-1621177444921
XT01-06-PL-03-37-10-SF-00
XT01-PL-01-1621177453013
XT01-06-PL-01-16-40-SF-00
XT01-PL-02-1621177453859
XT01-06-PL-02-13-46-SF-00
Analyzed Maps: 4847
XT01-98-AM-4847
XT01-05-PL-03-14-42-SF-00
XT01-PL-03-1621177456060
XT01-06-PL-03-14-42-SF-00
XT01-PL-01-1621177463609
XT01-06-PL-01-12-47-SF-00
XT01-PL-02-1621177464337
XT01-06-PL-02-15-41-SF-00
Analyzed Maps: 6820
XT01-98-AM-6820
XT01-05-PL-03-11-48-SF-00
XT01-PL-03-1621177467448
XT01-06-PL-03-11-48-SF-00
XT01-PL-01-1621177476656
XT01-06-PL-01-13-43-SF-00
XT01-PL-02-1621177477443
XT01-06-PL-02-16-41-SF-00
Analyzed Maps: 5568
XT01-98-AM-5568
XT01-05-PL-03-13-45-SF-00
XT01-PL-03-1621177480000
XT01-06-PL-03-13-45-SF-00
XT01-PL-01-1621177495302
XT01-06-PL-01-16-46-SF-00
XT01-PL-02-1621177495792
XT01-06-PL-02-12-46-SF-00
Analyzed Maps: 6905
XT01-98-AM-6905
XT01-05-PL-03-16-47-SF-00
XT01-PL-03-1621177498884
XT01-06-PL-03-16-47-SF-00
XT01-PL-01-1621177516311
XT01-06-PL-01-15-40-SF-21
XT01-PL-02-1621177517218
XT01-06-PL-02-17-47-SF-00
Analyzed Maps: 5076
XT01-98-AM-5076
XT01-05-PL-03-15-39-SF-00
XT01-PL-03-1621177519480
XT01-06-PL-03-15-39-SF-00
XT01-PL-01-1621177555303
XT01-06-PL-01-11-48-SF-00
XT01-PL-02-1621177556015
XT01-06-PL-02-14-38-SF-00
Analyzed Maps: 8046
XT01-98-AM-8046
XT01-05-PL-03-13-44-SF-00
XT01-PL-03-1621177559540
XT01-06-PL-03-13-44-SF-00
XT01-PL-01-1621177569361
XT01-06-PL-01-14-41-SF-00
XT01-PL-02-1621177569816
XT01-06-PL-02-40-07-SF-00
Analyzed Maps: 8252
XT01-98-AM-8252
XT01-05-PL-03-13-48-SF-00
XT01-PL-03-1621177573416
XT01-06-PL-03-13-48-SF-00
XT01-PL-01-1621177582959
XT01-06-PL-01-18-45-SF-00
XT01-PL-02-1621177583627
XT01-06-PL-02-17-46-SF-00
Analyzed Maps: 7404
XT01-98-AM-7404
XT01-05-PL-03-18-46-SF-00
XT01-PL-03-1621177586873
XT01-06-PL-03-18-46-SF-00
XT01-PL-01-1621177594182
XT01-06-PL-01-14-30-SF-00
XT01-PL-02-1621177594757
XT01-06-PL-02-15-46-SF-00
Analyzed Maps: 5545
XT01-98-AM-5545
XT01-05-PL-03-16-48-SF-00
XT01-PL-03-1621177597202
XT01-06-PL-03-16-48-SF-00
XT01-PL-01-1621177603992
XT01-06-PL-01-12-45-SF-00
XT01-PL-02-1621177605056
XT01-06-PL-02-15-48-SF-00
Analyzed Maps: 4172
XT01-98-AM-4172
XT01-05-PL-03-14-47-SF-00
XT01-PL-03-1621177606928
XT01-06-PL-03-14-47-SF-00
XT01-PL-01-1621177612690
XT01-06-PL-01-15-47-SF-00
XT01-PL-02-1621177613464
XT01-06-PL-02-13-42-SF-00
Analyzed Maps: 4300
XT01-98-AM-4300
XT01-05-PL-03-14-48-SF-00
XT01-PL-03-1621177615376
XT01-06-PL-03-14-48-SF-00
XT01-PL-01-1621177638655
XT01-06-PL-01-13-40-SF-00
XT01-PL-02-1621177639216
XT01-06-PL-02-11-47-SF-00
Analyzed Maps: 3581
XT01-98-AM-3581
XT01-05-PL-03-14-40-SF-00
XT01-PL-03-1621177640820
XT01-06-PL-03-14-40-SF-00
XT01-PL-01-1621177664668
XT01-06-PL-01-46-21-SF-00
XT01-PL-02-1621177665408
XT01-06-PL-02-46-20-SF-00
Analyzed Maps: 2724
XT01-98-AM-2724
XT01-05-PL-03-47-39-SF-00
XT01-PL-03-1621177666642
XT01-06-PL-03-47-39-SF-00
XT01-PL-01-1621177698490
XT01-06-PL-01-12-42-SF-00
XT01-PL-02-1621177699193
XT01-06-PL-02-11-42-SF-00
Analyzed Maps: 3436
XT01-98-AM-3436
XT01-05-PL-03-09-42-SF-00
XT01-PL-03-1621177700731
XT01-06-PL-03-09-42-SF-00
XT01-PL-01-1621177732643
XT01-06-PL-01-11-41-SF-00
XT01-PL-02-1621177733135
XT01-06-PL-02-12-44-SF-00
Analyzed Maps: 4825
XT01-98-AM-4825
XT01-05-PL-03-10-45-SF-00
XT01-PL-03-1621177735260
XT01-06-PL-03-10-45-SF-00
XT01-PL-01-1621177783654
XT01-06-PL-01-11-45-SF-00
XT01-PL-02-1621177784096
XT01-06-PL-02-11-44-SF-00
Analyzed Maps: 6589
XT01-98-AM-6589
XT01-05-PL-03-13-31-SF-00
XT01-PL-03-1621177786902
XT01-06-PL-03-13-31-SF-00
XT01-PL-01-1621177846953
XT01-06-PL-01-10-48-SF-00
XT01-PL-02-1621177847494
XT01-06-PL-02-12-31-SF-00
Analyzed Maps: 6729
XT01-98-AM-6729
XT01-05-PL-03-13-41-SF-00
XT01-PL-03-1621177850366
XT01-06-PL-03-13-41-SF-00
XT01-PL-01-1621177902209
XT01-06-PL-01-13-30-SF-00
XT01-PL-02-1621177902728
XT01-06-PL-02-12-43-SF-00
Analyzed Maps: 6443
XT01-98-AM-6443
XT01-05-PL-03-11-46-SF-00
XT01-PL-03-1621177905406
XT01-06-PL-03-11-46-SF-00
XT01-PL-01-1621177964881
XT01-06-PL-01-13-39-SF-00
XT01-PL-02-1621177965557
XT01-06-PL-02-12-39-SF-00
Analyzed Maps: 5131
XT01-98-AM-5131
XT01-05-PL-03-12-30-SF-00
XT01-PL-03-1621177967732
XT01-06-PL-03-12-30-SF-00
XT01-PL-01-1621178025884
XT01-06-PL-01-11-39-SF-00
XT01-PL-02-1621178026862
XT01-06-PL-02-10-39-SF-00
Analyzed Maps: 4557
XT01-98-AM-4557
XT01-05-PL-03-09-39-SF-00
XT01-PL-03-1621178028802
XT01-06-PL-03-09-39-SF-00
XT01-PL-01-1621178045653
XT01-06-PL-01-10-46-SF-00
XT01-PL-02-1621178046453
XT01-06-PL-02-09-46-SF-21
Analyzed Maps: 6554
XT01-98-AM-6554
XT01-05-PL-03-41-06-SF-00
XT01-PL-03-1621178049185
XT01-06-PL-03-41-06-SF-00
XT01-PL-01-1621178061514
XT01-06-PL-01-12-41-SF-00
XT01-PL-02-1621178062019
XT01-06-PL-02-09-44-SF-21
Analyzed Maps: 5644
XT01-98-AM-5644
XT01-05-PL-03-08-47-SF-00
XT01-PL-03-1621178064364
XT01-06-PL-03-08-47-SF-00
XT01-PL-01-1621178075648
XT01-06-PL-01-08-45-SF-00
XT01-PL-02-1621178076416
XT01-06-PL-02-10-41-SF-00
Analyzed Maps: 4710
XT01-98-AM-4710
XT01-05-PL-03-11-40-SF-00
XT01-PL-03-1621178078381
XT01-06-PL-03-11-40-SF-00
XT01-PL-01-1621178088705
XT01-06-PL-01-09-41-SF-00
XT01-PL-02-1621178089514
XT01-06-PL-02-42-46-SF-00
Analyzed Maps: 13412
XT01-98-AM-13412
XT01-05-PL-03-08-43-SF-00
XT01-PL-03-1621178098728
XT01-06-PL-03-08-43-SF-00
XT01-PL-01-1621178109684
XT01-06-PL-01-10-47-SF-00
XT01-PL-02-1621178110582
XT01-06-PL-02-12-40-SF-00
Analyzed Maps: 14174
XT01-98-AM-14174
XT01-05-PL-03-08-41-SF-00
XT01-PL-03-1621178120148
XT01-06-PL-03-08-41-SF-00
XT01-PL-01-1621178124954
XT01-06-PL-01-09-48-SF-00
XT01-PL-02-1621178125458
XT01-06-PL-02-10-40-SF-00
Analyzed Maps: 4919
XT01-98-AM-4919
XT01-05-PL-03-09-47-SF-00
XT01-PL-03-1621178127535
XT01-06-PL-03-09-47-SF-00
XT01-PL-01-1621178130357
XT01-06-PL-01-09-40-SF-00
XT01-PL-02-1621178131003
XT01-06-PL-02-09-49-SF-00
Analyzed Maps: 4904
XT01-98-AM-4904
XT01-05-PL-03-08-44-SF-00
XT01-PL-03-1621178133157
XT01-06-PL-03-08-44-SF-00
XT01-PL-01-1621178138856
XT01-06-PL-01-08-48-SF-00
XT01-PL-02-1621178139289
XT01-06-PL-02-09-45-SF-00
Analyzed Maps: 4457
XT01-98-AM-4457
XT01-05-PL-03-42-05-SF-00
XT01-PL-03-1621178141184
XT01-06-PL-03-42-05-SF-00
XT01-PL-01-1621178150824
XT01-06-PL-01-08-46-SF-00
XT01-PL-02-1621178151649
XT01-06-PL-02-07-47-SF-00
Analyzed Maps: 3074
XT01-98-AM-3074
XT01-05-PL-03-07-45-SF-00
XT01-PL-03-1621178152991
XT01-06-PL-03-07-45-SF-00
XT01-PL-01-1621178167673
XT01-06-PL-01-06-47-SF-00
XT01-PL-02-1621178168388
XT01-06-PL-02-09-38-SF-00
Analyzed Maps: 3629
XT01-98-AM-3629
XT01-05-PL-03-08-42-SF-00
XT01-PL-03-1621178169928
XT01-06-PL-03-08-42-SF-00
XT01-PL-01-1621178182068
XT01-06-PL-01-07-43-SF-00
XT01-PL-02-1621178182667
XT01-06-PL-02-07-44-SF-00
Analyzed Maps: 3499
XT01-98-AM-3499
XT01-05-PL-03-07-46-SF-00
XT01-PL-03-1621178184153
XT01-06-PL-03-07-46-SF-00
XT01-PL-01-1621178189071
XT01-06-PL-01-06-46-SF-00
XT01-PL-02-1621178189715
XT01-06-PL-02-06-45-SF-00
Analyzed Maps: 3374
XT01-98-AM-3374
XT01-05-PL-03-05-47-SF-00
XT01-PL-03-1621178191148
XT01-06-PL-03-05-47-SF-00
XT01-PL-01-1621178201549
XT01-06-PL-01-05-45-SF-00
XT01-PL-02-1621178202185
XT01-06-PL-02-04-47-SF-00
Analyzed Maps: 2393
XT01-98-AM-2393
XT01-05-PL-03-39-11-SF-00
XT01-PL-03-1621178203231
XT01-06-PL-03-39-11-SF-00
XT01-PL-01-1621178209078
XT01-06-PL-01-43-04-SF-00
XT01-PL-02-1621178209532
XT01-06-PL-02-44-03-SF-00
Analyzed Maps: 3321
XT01-98-AM-3321
XT01-05-PL-03-06-44-SF-00
XT01-PL-03-1621178210936
XT01-06-PL-03-06-44-SF-00
XT01-PL-01-1621178215367
XT01-06-PL-01-43-47-SF-02
XT01-PL-02-1621178215934
XT01-06-PL-02-05-46-SF-00
Analyzed Maps: 3179
XT01-98-AM-3179
XT01-05-PL-03-45-02-SF-00
XT01-PL-03-1621178217192
XT01-06-PL-03-45-02-SF-00
XT01-PL-01-1621178223575
XT01-06-PL-01-46-01-SF-00
XT01-PL-02-1621178224195
XT01-06-PL-02-08-38-SF-00
Analyzed Maps: 2520
XT01-98-AM-2520
XT01-05-PL-03-39-07-SF-00
XT01-PL-03-1621178225239
XT01-06-PL-03-39-07-SF-00
XT01-PL-01-1621178228233
XT01-06-PL-01-30-42-SF-00
XT01-PL-02-1621178228554
XT01-06-PL-02-43-41-SF-00
Analyzed Maps: 2512
XT01-98-AM-2512
XT01-05-PL-03-41-07-SF-00
XT01-PL-03-1621178229663
XT01-06-PL-03-41-07-SF-00
XT01-PL-01-1621178232895
XT01-06-PL-01-07-42-SF-00
XT01-PL-02-1621178233427
XT01-06-PL-02-08-39-SF-00
Analyzed Maps: 2692
XT01-98-AM-2692
XT01-05-PL-03-37-09-SF-00
XT01-PL-03-1621178234568
XT01-06-PL-03-37-09-SF-00
XT01-PL-01-1621178242999
XT01-06-PL-01-05-44-SF-00
XT01-PL-02-1621178243410
XT01-06-PL-02-07-40-SF-00
Analyzed Maps: 1492
XT01-98-AM-1492
XT01-05-PL-03-06-43-SF-00
XT01-PL-03-1621178244102
XT01-06-PL-03-06-43-SF-00
XT01-PL-01-1621178269527
XT01-06-PL-01-37-08-SF-00
XT01-PL-02-1621178269883
XT01-06-PL-02-05-43-SF-00
Analyzed Maps: 1926
XT01-98-AM-1926
XT01-05-PL-03-36-09-SF-00
XT01-PL-03-1621178270757
XT01-06-PL-03-36-09-SF-00
XT01-PL-01-1621178283406
XT01-06-PL-01-48-39-SF-00
XT01-PL-02-1621178283770
XT01-06-PL-02-48-40-SF-00
Analyzed Maps: 2247
XT01-98-AM-2247
XT01-05-PL-03-04-43-SF-00
XT01-PL-03-1621178284774
XT01-06-PL-03-04-43-SF-00
XT01-PL-01-1621178288054
XT01-06-PL-01-07-38-SF-00
XT01-PL-02-1621178288743
XT01-06-PL-02-05-42-SF-00
Analyzed Maps: 2813
XT01-98-AM-2813
XT01-05-PL-03-04-46-SF-00
XT01-PL-03-1621178289945
XT01-06-PL-03-04-46-SF-00
XT01-PL-01-1621178303684
XT01-06-PL-01-04-44-SF-00
XT01-PL-02-1621178304295
XT01-06-PL-02-08-40-SF-00
Analyzed Maps: 2890
XT01-98-AM-2890
XT01-05-PL-03-17-22-SF-00
XT01-PL-03-1621178305528
XT01-06-PL-03-17-22-SF-00
XT01-PL-01-1621178313877
XT01-06-PL-01-49-40-SF-00
XT01-PL-02-1621178314327
XT01-06-PL-02-04-42-SF-00
Analyzed Maps: 2444
XT01-98-AM-2444
XT01-05-PL-03-06-42-SF-00
XT01-PL-03-1621178315369
XT01-06-PL-03-06-42-SF-00
XT01-PL-01-1621178330936
XT01-06-PL-01-05-41-SF-00
XT01-PL-02-1621178331397
XT01-06-PL-02-04-45-SF-00
Analyzed Maps: 1752
XT01-98-AM-1752
XT01-05-PL-03-07-41-SF-00
XT01-PL-03-1621178332159
XT01-06-PL-03-07-41-SF-00
XT01-PL-01-1621178349981
XT01-06-PL-01-04-41-SF-00
XT01-PL-02-1621178350331
XT01-06-PL-02-03-44-SF-00
Analyzed Maps: 1127
XT01-98-AM-1127
XT01-05-PL-03-03-45-SF-00
XT01-PL-03-1621178350903
XT01-06-PL-03-03-45-SF-00
XT01-PL-01-1621178359232
XT01-06-PL-01-02-45-SF-00
XT01-PL-02-1621178359520
XT01-06-PL-02-07-39-SF-00
Analyzed Maps: 739
XT01-98-AM-739
XT01-05-PL-03-37-07-SF-00
XT01-PL-03-1621178359946
XT01-06-PL-03-37-07-SF-00
XT01-PL-01-1621178374117
XT01-06-PL-01-41-08-SF-00
XT01-PL-02-1621178374364
XT01-06-PL-02-06-40-SF-00
Analyzed Maps: 557
XT01-98-AM-557
XT01-05-PL-03-37-11-SF-00
XT01-PL-03-1621178374733
XT01-06-PL-03-37-11-SF-00
XT01-PL-01-1621178386008
XT01-06-PL-01-38-11-SF-00
XT01-PL-02-1621178386232
XT01-06-PL-02-06-41-SF-00
Analyzed Maps: 656
XT01-98-AM-656
XT01-05-PL-03-40-11-SF-00
XT01-PL-03-1621178386626
XT01-06-PL-03-40-11-SF-00
XT01-PL-01-1621178393471
XT01-06-PL-01-05-40-SF-00
XT01-PL-02-1621178393707
XT01-06-PL-02-06-39-SF-00
Analyzed Maps: 440
XT01-98-AM-440
XT01-05-PL-03-05-39-SF-00
XT01-PL-03-1621178393998
XT01-06-PL-03-05-39-SF-00
XT01-PL-01-1621178400916
XT01-06-PL-01-04-40-SF-00
XT01-PL-02-1621178401105
XT01-06-PL-02-03-39-SF-00
Analyzed Maps: 228
XT01-98-AM-228
XT01-05-PL-03-04-39-SF-00
XT01-PL-03-1621178401314
XT01-06-PL-03-04-39-SF-00
XT01-PL-01-1621178407225
XT01-06-PL-01-35-09-SF-00
XT01-PL-02-1621178407366
XT01-06-PL-02-31-42-SF-02
Analyzed Maps: 1076
XT01-98-AM-1076
XT01-05-PL-03-35-08-SF-00
XT01-PL-03-1621178407887
XT01-06-PL-03-35-08-SF-00
XT01-PL-01-1621178410220
XT01-06-PL-01-49-20-SF-00
XT01-PL-02-1621178410386
XT01-06-PL-02-31-34-SF-00
Analyzed Maps: 1133
XT01-98-AM-1133
XT01-05-PL-03-15-22-SF-00
XT01-PL-03-1621178410907
XT01-06-PL-03-15-22-SF-00
XT01-PL-01-1621178415454
XT01-06-PL-01-41-12-SF-00
XT01-PL-02-1621178415591
XT01-06-PL-02-46-01-SF-00
Analyzed Maps: 925
XT01-98-AM-925
XT01-05-PL-03-42-07-SF-00
XT01-PL-03-1621178416019
XT01-06-PL-03-42-07-SF-00
XT01-PL-01-1621178424805
XT01-06-PL-01-39-06-SF-00
XT01-PL-02-1621178425015
XT01-06-PL-02-41-09-SF-00
Analyzed Maps: 1266
XT01-98-AM-1266
XT01-05-PL-03-37-12-SF-00
XT01-PL-03-1621178425596
XT01-06-PL-03-37-12-SF-00
XT01-PL-01-1621178429315
XT01-06-PL-01-42-09-SF-00
XT01-PL-02-1621178429538
XT01-06-PL-02-41-11-SF-00
Analyzed Maps: 793
XT01-98-AM-793
XT01-05-PL-03-39-12-SF-00
XT01-PL-03-1621178429933
XT01-06-PL-03-39-12-SF-00
XT01-PL-01-1621178441199
XT01-06-PL-01-41-05-SF-00
XT01-PL-02-1621178441490
XT01-06-PL-02-37-06-SF-00
Analyzed Maps: 1177
XT01-98-AM-1177
XT01-05-PL-03-37-05-SF-00
XT01-PL-03-1621178442017
XT01-06-PL-03-37-05-SF-00
XT01-PL-01-1621178455281
XT01-06-PL-01-39-13-SF-00
XT01-PL-02-1621178455542
XT01-06-PL-02-40-05-SF-00
Analyzed Maps: 812
XT01-98-AM-812
XT01-05-PL-03-42-13-SF-00
XT01-PL-03-1621178455932
XT01-06-PL-03-42-13-SF-00
XT01-PL-01-1621178463738
XT01-06-PL-01-41-04-SF-00
XT01-PL-02-1621178463917
XT01-06-PL-02-39-05-SF-00
Analyzed Maps: 1057
XT01-98-AM-1057
XT01-05-PL-03-39-04-SF-00
XT01-PL-03-1621178464432
XT01-06-PL-03-39-04-SF-00
XT01-PL-01-1621178469219
XT01-06-PL-01-39-03-SF-00
XT01-PL-02-1621178469560
XT01-06-PL-02-41-13-SF-00
Analyzed Maps: 1296
XT01-98-AM-1296
XT01-05-PL-03-38-07-SF-00
XT01-PL-03-1621178470100
XT01-06-PL-03-38-07-SF-00
XT01-PL-01-1621178478051
XT01-06-PL-01-43-05-SF-00
XT01-PL-02-1621178478281
XT01-06-PL-02-43-06-SF-00
Analyzed Maps: 1392
XT01-98-AM-1392
XT01-05-PL-03-39-14-SF-00
XT01-PL-03-1621178478876
XT01-06-PL-03-39-14-SF-00
XT01-PL-01-1621178482957
XT01-06-PL-01-39-15-SF-00
XT01-PL-02-1621178483258
XT01-06-PL-02-36-13-SF-00
Analyzed Maps: 2751
XT01-98-AM-2751
XT01-05-PL-03-38-03-SF-00
XT01-PL-03-1621178484349
XT01-06-PL-03-38-03-SF-00
XT01-PL-01-1621178490934
XT01-06-PL-01-35-11-SF-00
XT01-PL-02-1621178491362
XT01-06-PL-02-38-05-SF-00
Analyzed Maps: 3760
XT01-98-AM-3760
XT01-05-PL-03-44-05-SF-00
XT01-PL-03-1621178492771
XT01-06-PL-03-44-05-SF-00
XT01-PL-01-1621178499081
XT01-06-PL-01-35-14-SF-00
XT01-PL-02-1621178499977
XT01-06-PL-02-39-02-SF-00
Analyzed Maps: 4596
XT01-98-AM-4596
XT01-05-PL-03-41-10-SF-00
XT01-PL-03-1621178501675
XT01-06-PL-03-41-10-SF-00
XT01-PL-01-1621178508380
XT01-06-PL-01-45-04-SF-00
XT01-PL-02-1621178509231
XT01-06-PL-02-42-03-SF-00
Analyzed Maps: 5064
XT01-98-AM-5064
XT01-05-PL-03-45-05-SF-00
XT01-PL-03-1621178511078
XT01-06-PL-03-45-05-SF-00
XT01-PL-01-1621178515413
XT01-06-PL-01-34-15-SF-00
XT01-PL-02-1621178515748
XT01-06-PL-02-33-16-SF-00
Analyzed Maps: 6447
XT01-98-AM-6447
XT01-05-PL-03-36-07-SF-00
XT01-PL-03-1621178518060
XT01-06-PL-03-36-07-SF-00
XT01-PL-01-1621178521628
XT01-06-PL-01-40-03-SF-00
XT01-PL-02-1621178522065
XT01-06-PL-02-37-04-SF-00
Analyzed Maps: 5535
XT01-98-AM-5535
XT01-05-PL-03-41-03-SF-00
XT01-PL-03-1621178524086
XT01-06-PL-03-41-03-SF-00
XT01-PL-01-1621178527052
XT01-06-PL-01-36-05-SF-00
XT01-PL-02-1621178527339
XT01-06-PL-02-35-05-SF-00
Analyzed Maps: 5011
XT01-98-AM-5011
XT01-05-PL-03-35-10-SF-00
XT01-PL-03-1621178529164
XT01-06-PL-03-35-10-SF-00
XT01-PL-01-1621178534214
XT01-06-PL-01-43-07-SF-00
XT01-PL-02-1621178534863
XT01-06-PL-02-35-07-SF-00
Analyzed Maps: 5006
XT01-98-AM-5006
XT01-05-PL-03-37-03-SF-00
XT01-PL-03-1621178536685
XT01-06-PL-03-37-03-SF-00
XT01-PL-01-1621178539730
XT01-06-PL-01-41-14-SF-00
XT01-PL-02-1621178540093
XT01-06-PL-02-41-15-SF-00
Analyzed Maps: 3993
XT01-98-AM-3993
XT01-05-PL-03-40-13-SF-00
XT01-PL-03-1621178541551
XT01-06-PL-03-40-13-SF-00
XT01-PL-01-1621178546231
XT01-06-PL-01-39-16-SF-00
XT01-PL-02-1621178546621
XT01-06-PL-02-38-13-SF-00
Analyzed Maps: 4630
XT01-98-AM-4630
XT01-05-PL-03-39-17-SF-00
XT01-PL-03-1621178548334
XT01-06-PL-03-39-17-SF-00
XT01-PL-01-1621178550327
XT01-06-PL-01-39-18-SF-00
XT01-PL-02-1621178550742
XT01-06-PL-02-35-06-SF-00
Analyzed Maps: 5120
XT01-98-AM-5120
XT01-05-PL-03-41-16-SF-00
XT01-PL-03-1621178552573
XT01-06-PL-03-41-16-SF-00
XT01-PL-01-1621178554933
XT01-06-PL-01-34-09-SF-00
XT01-PL-02-1621178555411
XT01-06-PL-02-35-13-SF-00
Analyzed Maps: 4875
XT01-98-AM-4875
XT01-05-PL-03-34-11-SF-00
XT01-PL-03-1621178557177
XT01-06-PL-03-34-11-SF-00
XT01-PL-01-1621178560246
XT01-06-PL-01-33-11-SF-00
XT01-PL-02-1621178560609
XT01-06-PL-02-32-11-SF-00
Analyzed Maps: 4727
XT01-98-AM-4727
XT01-05-PL-03-33-12-SF-00
XT01-PL-03-1621178562288
XT01-06-PL-03-33-12-SF-00
XT01-PL-01-1621178566920
XT01-06-PL-01-42-11-SF-00
XT01-PL-02-1621178567766
XT01-06-PL-02-37-13-SF-00
Analyzed Maps: 5168
XT01-98-AM-5168
XT01-05-PL-03-40-15-SF-00
XT01-PL-03-1621178569629
XT01-06-PL-03-40-15-SF-00
XT01-PL-01-1621178572117
XT01-06-PL-01-41-02-SF-00
XT01-PL-02-1621178572730
XT01-06-PL-02-43-13-SF-00
Analyzed Maps: 7047
XT01-98-AM-7047
XT01-05-PL-03-41-01-SF-00
XT01-PL-03-1621178575223
XT01-06-PL-03-41-01-SF-00
XT01-PL-01-1621178577189
XT01-06-PL-01-31-11-SF-00
XT01-PL-02-1621178577929
XT01-06-PL-02-33-10-SF-00
Analyzed Maps: 6308
XT01-98-AM-6308
XT01-05-PL-03-33-09-SF-00
XT01-PL-03-1621178580130
XT01-06-PL-03-33-09-SF-00
XT01-PL-01-1621178584345
XT01-06-PL-01-43-03-SF-00
XT01-PL-02-1621178585155
XT01-06-PL-02-42-01-SF-00
Analyzed Maps: 6109
XT01-98-AM-6109
XT01-05-PL-03-43-00-SF-00
XT01-PL-03-1621178587252
XT01-06-PL-03-43-00-SF-00
XT01-PL-01-1621178589602
XT01-06-PL-01-32-13-SF-00
XT01-PL-02-1621178590062
XT01-06-PL-02-33-13-SF-00
Analyzed Maps: 4296
XT01-98-AM-4296
XT01-05-PL-03-37-14-SF-00
XT01-PL-03-1621178591579
XT01-06-PL-03-37-14-SF-00
XT01-PL-01-1621178597175
XT01-06-PL-01-42-15-SF-00
XT01-PL-02-1621178597650
XT01-06-PL-02-38-17-SF-00
Analyzed Maps: 5127
XT01-98-AM-5127
XT01-05-PL-03-43-16-SF-00
XT01-PL-03-1621178599416
XT01-06-PL-03-43-16-SF-00
XT01-PL-01-1621178606920
XT01-06-PL-01-37-15-SF-00
XT01-PL-02-1621178607200
XT01-06-PL-02-36-15-SF-00
Analyzed Maps: 5002
XT01-98-AM-5002
XT01-05-PL-03-38-15-SF-00
XT01-PL-03-1621178608911
XT01-06-PL-03-38-15-SF-00
XT01-PL-01-1621178613616
XT01-06-PL-01-37-16-SF-00
XT01-PL-02-1621178613881
XT01-06-PL-02-30-11-SF-00
Analyzed Maps: 3579
XT01-98-AM-3579
XT01-05-PL-03-43-12-SF-00
XT01-PL-03-1621178615145
XT01-06-PL-03-43-12-SF-00
XT01-PL-01-1621178620563
XT01-06-PL-01-44-11-SF-00
XT01-PL-02-1621178620953
XT01-06-PL-02-43-11-SF-00
Analyzed Maps: 3431
XT01-98-AM-3431
XT01-05-PL-03-40-17-SF-00
XT01-PL-03-1621178622152
XT01-06-PL-03-40-17-SF-00
XT01-PL-01-1621178625843
XT01-06-PL-01-43-08-SF-00
XT01-PL-02-1621178626166
XT01-06-PL-02-44-07-SF-00
Analyzed Maps: 3452
XT01-98-AM-3452
XT01-05-PL-03-45-08-SF-00
XT01-PL-03-1621178627408
XT01-06-PL-03-45-08-SF-00
XT01-PL-01-1621178630274
XT01-06-PL-01-46-03-SF-00
XT01-PL-02-1621178630623
XT01-06-PL-02-47-02-SF-00
Analyzed Maps: 3613
XT01-98-AM-3613
XT01-05-PL-03-35-15-SF-00
XT01-PL-03-1621178631916
XT01-06-PL-03-35-15-SF-00
XT01-PL-01-1621178635466
XT01-06-PL-01-35-16-SF-00
XT01-PL-02-1621178635916
XT01-06-PL-02-36-17-SF-00
Analyzed Maps: 2767
XT01-98-AM-2767
XT01-05-PL-03-33-15-SF-00
XT01-PL-03-1621178636951
XT01-06-PL-03-33-15-SF-00
XT01-PL-01-1621178639443
XT01-06-PL-01-31-15-SF-00
XT01-PL-02-1621178639876
XT01-06-PL-02-41-17-SF-00
Analyzed Maps: 5003
XT01-98-AM-5003
XT01-05-PL-03-30-15-SF-00
XT01-PL-03-1621178641604
XT01-06-PL-03-30-15-SF-00
XT01-PL-01-1621178647015
XT01-06-PL-01-37-17-SF-21
XT01-PL-02-1621178647229
XT01-06-PL-02-37-18-SF-00
Analyzed Maps: 3016
XT01-98-AM-3016
XT01-05-PL-03-45-11-SF-00
XT01-PL-03-1621178648300
XT01-06-PL-03-45-11-SF-00
XT01-PL-01-1621178675040
XT01-06-PL-01-21-40-SF-00
XT01-PL-02-1621178675385
XT01-06-PL-02-45-00-SF-00
Analyzed Maps: 2889
XT01-98-AM-2889
XT01-05-PL-03-45-06-SF-00
XT01-PL-03-1621178676418
XT01-06-PL-03-45-06-SF-00
XT01-PL-01-1621178681027
XT01-06-PL-01-37-19-SF-00
XT01-PL-02-1621178681552
XT01-06-PL-02-29-15-SF-00
Analyzed Maps: 3600
XT01-98-AM-3600
XT01-05-PL-03-35-18-SF-00
XT01-PL-03-1621178682804
XT01-06-PL-03-35-18-SF-00
XT01-PL-01-1621178687548
XT01-06-PL-01-46-05-SF-00
XT01-PL-02-1621178687823
XT01-06-PL-02-31-17-SF-00
Analyzed Maps: 2790
XT01-98-AM-2790
XT01-05-PL-03-43-10-SF-00
XT01-PL-03-1621178688839
XT01-06-PL-03-43-10-SF-00
XT01-PL-01-1621178693499
XT01-06-PL-01-43-02-SF-00
XT01-PL-02-1621178693857
XT01-06-PL-02-44-01-SF-21
Analyzed Maps: 2673
XT01-98-AM-2673
XT01-05-PL-03-36-19-SF-00
XT01-PL-03-1621178694801
XT01-06-PL-03-36-19-SF-00
XT01-PL-01-1621178697833
XT01-06-PL-01-43-09-SF-00
XT01-PL-02-1621178698084
XT01-06-PL-02-45-07-SF-00
Analyzed Maps: 1907
XT01-98-AM-1907
XT01-05-PL-03-43-01-SF-00
XT01-PL-03-1621178698816
XT01-06-PL-03-43-01-SF-00
XT01-PL-01-1621178704163
XT01-06-PL-01-38-19-SF-00
XT01-PL-02-1621178704450
XT01-06-PL-02-39-19-SF-00
Analyzed Maps: 1738
XT01-98-AM-1738
XT01-05-PL-03-44-09-SF-00
XT01-PL-03-1621178705104
XT01-06-PL-03-44-09-SF-00
XT01-PL-01-1621178709801
XT01-06-PL-01-46-07-SF-00
XT01-PL-02-1621178710063
XT01-06-PL-02-45-10-SF-00
Analyzed Maps: 2050
XT01-98-AM-2050
XT01-05-PL-03-28-15-SF-00
XT01-PL-03-1621178710811
XT01-06-PL-03-28-15-SF-00
XT01-PL-01-1621178716803
XT01-06-PL-01-46-09-SF-00
XT01-PL-02-1621178717021
XT01-06-PL-02-34-17-SF-00
Analyzed Maps: 1675
XT01-98-AM-1675
XT01-05-PL-03-35-17-SF-00
XT01-PL-03-1621178717670
XT01-06-PL-03-35-17-SF-00
XT01-PL-01-1621178722824
XT01-06-PL-01-27-15-SF-00
XT01-PL-02-1621178723058
XT01-06-PL-02-35-19-SF-00
Analyzed Maps: 1296
XT01-98-AM-1296
XT01-05-PL-03-26-15-SF-00
XT01-PL-03-1621178723571
XT01-06-PL-03-26-15-SF-00
XT01-PL-01-1621178730264
XT01-06-PL-01-39-20-SF-00
XT01-PL-02-1621178730429
XT01-06-PL-02-29-14-SF-00
Analyzed Maps: 966
XT01-98-AM-966
XT01-05-PL-03-39-21-SF-00
XT01-PL-03-1621178730832
XT01-06-PL-03-39-21-SF-00
XT01-PL-01-1621178735880
XT01-06-PL-01-37-20-SF-00
XT01-PL-02-1621178736054
XT01-06-PL-02-29-16-SF-00
Analyzed Maps: 725
XT01-98-AM-725
XT01-05-PL-03-36-21-SF-00
XT01-PL-03-1621178736372
XT01-06-PL-03-36-21-SF-00
XT01-PL-01-1621178741421
XT01-06-PL-01-37-21-SF-00
XT01-PL-02-1621178741631
XT01-06-PL-02-45-09-SF-00
Analyzed Maps: 819
XT01-98-AM-819
XT01-05-PL-03-37-22-SF-00
XT01-PL-03-1621178741987
XT01-06-PL-03-37-22-SF-00
XT01-PL-02-1621178742156
XT01-06-PL-02-38-21-SF-00
Analyzed Maps: 978
XT01-98-AM-978
XT01-05-PL-03-33-17-SF-00
XT01-PL-03-1621178742558
XT01-06-PL-03-33-17-SF-00
XT01-PL-02-1621178742730
XT01-06-PL-02-43-15-SF-00
Analyzed Maps: 686
XT01-98-AM-686
XT01-05-PL-03-30-13-SF-00
XT01-PL-03-1621178743031
XT01-06-PL-03-30-13-SF-00
XT01-PL-02-1621178743193
XT01-06-PL-02-28-13-SF-00
Analyzed Maps: 480
XT01-98-AM-480
XT01-05-PL-03-45-01-SF-00
XT01-PL-03-1621178743456
XT01-06-PL-03-45-01-SF-00
XT01-PL-02-1621178743645
XT01-06-PL-02-36-23-SF-00
Analyzed Maps: 459
XT01-98-AM-459
XT01-05-PL-03-47-01-SF-00
XT01-PL-03-1621178743879
XT01-06-PL-03-47-01-SF-00
XT01-PL-02-1621178744043
XT01-06-PL-02-45-03-SF-00
Analyzed Maps: 432
XT01-98-AM-432
XT01-05-PL-03-47-03-SF-00
XT01-PL-03-1621178744281
XT01-06-PL-03-47-03-SF-00
XT01-PL-02-1621178744452
XT01-06-PL-02-31-13-SF-21
Analyzed Maps: 305
XT01-98-AM-305
XT01-05-PL-03-31-14-SF-00
XT01-PL-03-1621178744642
XT01-06-PL-03-31-14-SF-00
XT01-PL-01-1621178749657
XT01-06-PL-01-28-17-SF-00
XT01-PL-02-1621178749803
XT01-06-PL-02-27-18-SF-00
Analyzed Maps: 192
XT01-98-AM-192
XT01-05-PL-03-27-16-SF-00
XT01-PL-03-1621178749965
XT01-06-PL-03-27-16-SF-00
XT01-PL-01-1621178755790
XT01-06-PL-01-29-13-SF-00
XT01-PL-02-1621178755919
XT01-06-PL-02-29-17-SF-00
Analyzed Maps: 253
XT01-98-AM-253
XT01-05-PL-03-29-12-SF-00
XT01-PL-03-1621178756102
XT01-06-PL-03-29-12-SF-00
XT01-PL-02-1621178756232
XT01-06-PL-02-31-12-SF-00
Analyzed Maps: 125
XT01-98-AM-125
XT01-05-PL-03-27-14-SF-00
XT01-PL-03-1621178756380
XT01-06-PL-03-27-14-SF-00
XT01-PL-02-1621178756509
XT01-06-PL-02-27-17-SF-00
Analyzed Maps: 52
XT01-98-AM-52
XT01-05-PL-03-47-07-SF-00
XT01-PL-03-1621178756638
XT01-06-PL-03-47-07-SF-00
XT01-PL-01-1621178760060
XT01-06-PL-01-47-06-SF-00
XT01-PL-02-1621178760184
XT01-06-PL-02-47-08-SF-00
Analyzed Maps: 102
XT01-98-AM-102
XT01-05-PL-03-47-09-SF-00
XT01-PL-03-1621178760313
XT01-06-PL-03-47-09-SF-00
XT01-PL-02-1621178760429
XT01-06-PL-02-47-05-SF-00
Analyzed Maps: 30
XT01-98-AM-30
XT01-05-PL-03-47-04-SF-00
XT01-PL-03-1621178760538
XT01-06-PL-03-47-04-SF-00
XT01-PL-01-1621178763099
XT01-06-PL-01-48-05-SF-00
XT01-PL-02-1621178763221
XT01-06-PL-02-49-04-SF-00
Analyzed Maps: 51
XT01-98-AM-51
XT01-05-PL-03-49-05-SF-00
XT01-PL-03-1621178763337
XT01-06-PL-03-49-05-SF-00
XT01-PL-02-1621178763460
XT01-06-PL-02-49-06-SF-00
Analyzed Maps: 27
XT01-98-AM-27
XT01-05-PL-03-48-03-SF-00
XT01-PL-03-1621178763571
XT01-06-PL-03-48-03-SF-00
XT01-PL-02-1621178763686
XT01-06-PL-02-48-09-SF-00
Analyzed Maps: 23
XT01-98-AM-23
XT01-05-PL-03-48-07-SF-21
XT01-PL-03-1621178763796
XT01-06-PL-03-48-07-SF-21
XT01-PL-02-1621178763906
XT01-06-PL-02-49-07-SF-00
Analyzed Maps: 17
XT01-98-AM-17
XT01-05-PL-03-49-09-SF-00
XT01-PL-03-1621178764022
XT01-06-PL-03-49-09-SF-00
XT01-PL-02-1621178764130
XT01-06-PL-02-49-02-SF-00
Analyzed Maps: 4
XT01-98-AM-4
XT01-05-PL-03-49-08-SF-00
XT01-PL-03-1621178764236
XT01-06-PL-03-49-08-SF-00
XT01-PL-02-1621178764372
XT01-06-PL-02-08-44-SF-00
XT01-05-PL-03-49-03-SF-00
XT01-PL-03-1621178764478
XT01-06-PL-03-49-03-SF-00
XT01-PL-02-1621178764616
XT01-06-PL-02-36-34-SF-00
XT01-05-PL-03-18-34-SF-00
XT01-PL-03-1621178764739
XT01-06-PL-03-18-34-SF-00
XT01-PL-02-1621178764884
XT01-06-PL-02-18-34-SF-00
XT01-05-PL-03-11-41-SF-00
XT01-PL-03-1621178765010
XT01-06-PL-03-11-41-SF-00
XT01-PL-02-1621178765145
XT01-06-PL-02-21-31-SF-00
XT01-05-PL-03-05-47-SF-00
XT01-PL-03-1621178765265
XT01-06-PL-03-05-47-SF-00
XT01-PL-02-1621178765401
XT01-06-PL-02-06-46-SF-00
XT01-05-PL-03-20-32-SF-00
XT01-PL-03-1621178765521
XT01-06-PL-03-20-32-SF-00
XT01-PL-02-1621178765659
XT01-06-PL-02-20-40-SF-00
XT01-05-PL-03-36-34-SF-00
XT01-PL-03-1621178765778
XT01-06-PL-03-36-34-SF-00
XT01-PL-02-1621178765904
XT01-06-PL-02-36-28-SF-00
XT01-05-PL-03-39-28-SF-00
XT01-PL-03-1621178766025
XT01-06-PL-03-39-28-SF-00
XT01-PL-02-1621178766159
XT01-06-PL-02-39-28-SF-00
XT01-05-PL-03-45-28-SF-00
XT01-PL-03-1621178766285
XT01-06-PL-03-45-28-SF-00
XT01-PL-02-1621178766430
XT01-06-PL-02-45-28-SF-00
XT01-05-PL-03-39-25-SF-00
XT01-PL-03-1621178766557
XT01-06-PL-03-39-25-SF-00
XT01-PL-02-1621178766694
XT01-06-PL-02-45-25-SF-00
XT01-05-PL-03-46-25-SF-00
XT01-PL-03-1621178766815
XT01-06-PL-03-46-25-SF-00
XT01-PL-02-1621178766946
XT01-06-PL-02-46-25-SF-00
XT01-05-PL-03-45-25-SF-00
XT01-PL-03-1621178767070
XT01-06-PL-03-45-25-SF-00
XT01-PL-02-1621178767193
XT01-06-PL-02-18-34-SF-00
XT01-05-PL-03-19-34-SF-00
XT01-PL-03-1621178767315
XT01-06-PL-03-19-34-SF-00
XT01-PL-02-1621178767440
XT01-06-PL-02-31-34-SF-00
XT01-05-PL-03-18-34-SF-00
XT01-PL-03-1621178767565
XT01-06-PL-03-18-34-SF-00
XT01-05-PL-03-31-28-SF-00
XT01-PL-03-1621178767686
XT01-06-PL-03-31-28-SF-00
XT01-08
Bomben wurden entfernt, da sie zu diesem
Zeitpunkte noch nicht implementiert waren.
XT01-09