XT01-ALPHA-BETA-ON
XT01-02-[51, 10, 49, 48, 10, 50, 32, 54, 10, 53, 48, 32, 53, 48, 10, 45, 32, 45, 32, 45, 32, 45, 32, 45, 32, 45, 32, 45, 32, 45, 32, 45, 32, 45, 32, 45, 32, 45, 32, 45, 32, 45, 32, 45, 32, 45, 32, 45, 32, 45, 32, 45, 32, 45, 32, 45, 32, 45, 32, 45, 32, 45, 32, 45, 32, 45, 32, 45, 32, 45, 32, 45, 32, 45, 32, 45, 32, 45, 32, 45, 32, 45, 32, 45, 32, 45, 32, 45, 32, 45, 32, 45, 32, 45, 32, 45, 32, 45, 32, 48, 32, 48, 32, 48, 32, 48, 32, 48, 32, 45, 32, 45, 32, 45, 10, 45, 32, 45, 32, 45, 32, 45, 32, 45, 32, 45, 32, 45, 32, 45, 32, 45, 32, 45, 32, 45, 32, 45, 32, 45, 32, 45, 32, 45, 32, 45, 32, 45, 32, 45, 32, 45, 32, 45, 32, 45, 32, 45, 32, 45, 32, 45, 32, 45, 32, 45, 32, 45, 32, 45, 32, 45, 32, 45, 32, 45, 32, 45, 32, 45, 32, 45, 32, 45, 32, 45, 32, 45, 32, 45, 32, 45, 32, 45, 32, 45, 32, 48, 32, 48, 32, 48, 32, 98, 32, 48, 32, 48, 32, 48, 32, 45, 32, 45, 10, 45, 32, 45, 32, 45, 32, 45, 32, 45, 32, 45, 32, 45, 32, 45, 32, 45, 32, 45, 32, 45, 32, 45, 32, 45, 32, 45, 32, 45, 32, 45, 32, 45, 32, 45, 32, 45, 32, 45, 32, 45, 32, 45, 32, 45, 32, 45, 32, 45, 32, 45, 32, 45, 32, 45, 32, 45, 32, 45, 32, 45, 32, 45, 32, 45, 32, 45, 32, 45, 32, 45, 32, 45, 32, 45, 32, 48, 32, 48, 32, 48, 32, 48, 32, 48, 32, 48, 32, 48, 32, 48, 32, 48, 32, 48, 32, 48, 32, 48, 10, 45, 32, 45, 32, 45, 32, 45, 32, 45, 32, 45, 32, 45, 32, 45, 32, 45, 32, 45, 32, 45, 32, 45, 32, 45, 32, 45, 32, 45, 32, 45, 32, 45, 32, 45, 32, 45, 32, 45, 32, 45, 32, 45, 32, 45, 32, 45, 32, 45, 32, 45, 32, 45, 32, 45, 32, 45, 32, 45, 32, 45, 32, 45, 32, 45, 32, 45, 32, 45, 32, 45, 32, 45, 32, 48, 32, 48, 32, 48, 32, 48, 32, 48, 32, 48, 32, 48, 32, 48, 32, 48, 32, 48, 32, 48, 32, 48, 32, 48, 10, 45, 32, 45, 32, 45, 32, 45, 32, 45, 32, 45, 32, 45, 32, 45, 32, 45, 32, 45, 32, 45, 32, 45, 32, 45, 32, 45, 32, 45, 32, 45, 32, 45, 32, 45, 32, 45, 32, 45, 32, 45, 32, 45, 32, 45, 32, 45, 32, 45, 32, 45, 32, 45, 32, 45, 32, 45, 32, 45, 32, 45, 32, 45, 32, 45, 32, 45, 32, 45, 32, 45, 32, 48, 32, 48, 32, 48, 32, 48, 32, 48, 32, 48, 32, 48, 32, 48, 32, 48, 32, 48, 32, 48, 32, 48, 32, 48, 32, 48, 10, 45, 32, 45, 32, 45, 32, 45, 32, 45, 32, 45, 32, 45, 32, 45, 32, 45, 32, 45, 32, 45, 32, 45, 32, 45, 32, 45, 32, 45, 32, 45, 32, 45, 32, 45, 32, 45, 32, 45, 32, 45, 32, 45, 32, 45, 32, 45, 32, 45, 32, 45, 32, 45, 32, 45, 32, 45, 32, 45, 32, 45, 32, 45, 32, 45, 32, 45, 32, 45, 32, 48, 32, 48, 32, 48, 32, 48, 32, 48, 32, 48, 32, 48, 32, 48, 32, 48, 32, 48, 32, 105, 32, 48, 32, 48, 32, 48, 32, 48, 10, 45, 32, 45, 32, 45, 32, 45, 32, 45, 32, 45, 32, 45, 32, 45, 32, 45, 32, 45, 32, 45, 32, 45, 32, 45, 32, 45, 32, 45, 32, 45, 32, 45, 32, 45, 32, 45, 32, 45, 32, 45, 32, 45, 32, 45, 32, 45, 32, 45, 32, 45, 32, 45, 32, 45, 32, 45, 32, 45, 32, 45, 32, 45, 32, 45, 32, 45, 32, 45, 32, 48, 32, 48, 32, 48, 32, 48, 32, 48, 32, 48, 32, 48, 32, 48, 32, 48, 32, 48, 32, 48, 32, 48, 32, 48, 32, 48, 32, 48, 10, 45, 32, 45, 32, 45, 32, 45, 32, 45, 32, 45, 32, 45, 32, 45, 32, 45, 32, 45, 32, 45, 32, 45, 32, 45, 32, 45, 32, 45, 32, 45, 32, 45, 32, 45, 32, 45, 32, 45, 32, 45, 32, 45, 32, 45, 32, 45, 32, 45, 32, 45, 32, 45, 32, 45, 32, 45, 32, 45, 32, 45, 32, 45, 32, 45, 32, 45, 32, 45, 32, 48, 32, 48, 32, 48, 32, 48, 32, 48, 32, 48, 32, 48, 32, 48, 32, 48, 32, 48, 32, 48, 32, 48, 32, 48, 32, 98, 32, 48, 10, 45, 32, 45, 32, 45, 32, 45, 32, 45, 32, 45, 32, 45, 32, 45, 32, 45, 32, 45, 32, 45, 32, 45, 32, 45, 32, 45, 32, 45, 32, 45, 32, 45, 32, 45, 32, 45, 32, 45, 32, 45, 32, 45, 32, 45, 32, 45, 32, 45, 32, 45, 32, 45, 32, 45, 32, 45, 32, 45, 32, 45, 32, 45, 32, 45, 32, 45, 32, 48, 32, 48, 32, 48, 32, 48, 32, 48, 32, 120, 32, 48, 32, 48, 32, 48, 32, 48, 32, 48, 32, 48, 32, 48, 32, 48, 32, 48, 32, 48, 10, 45, 32, 45, 32, 45, 32, 45, 32, 45, 32, 45, 32, 45, 32, 45, 32, 45, 32, 45, 32, 45, 32, 45, 32, 45, 32, 45, 32, 45, 32, 45, 32, 45, 32, 45, 32, 45, 32, 45, 32, 45, 32, 45, 32, 45, 32, 45, 32, 45, 32, 45, 32, 45, 32, 45, 32, 45, 32, 45, 32, 45, 32, 45, 32, 45, 32, 48, 32, 48, 32, 48, 32, 48, 32, 48, 32, 120, 32, 120, 32, 120, 32, 48, 32, 48, 32, 48, 32, 48, 32, 48, 32, 48, 32, 48, 32, 48, 32, 48, 10, 45, 32, 45, 32, 45, 32, 45, 32, 45, 32, 45, 32, 45, 32, 45, 32, 45, 32, 45, 32, 45, 32, 45, 32, 45, 32, 45, 32, 45, 32, 45, 32, 45, 32, 45, 32, 45, 32, 45, 32, 45, 32, 45, 32, 45, 32, 45, 32, 45, 32, 45, 32, 45, 32, 45, 32, 45, 32, 45, 32, 45, 32, 45, 32, 48, 32, 48, 32, 48, 32, 48, 32, 48, 32, 48, 32, 48, 32, 120, 32, 48, 32, 48, 32, 48, 32, 48, 32, 48, 32, 48, 32, 48, 32, 45, 32, 45, 32, 45, 10, 45, 32, 45, 32, 45, 32, 45, 32, 45, 32, 45, 32, 45, 32, 45, 32, 45, 32, 45, 32, 45, 32, 45, 32, 45, 32, 45, 32, 45, 32, 45, 32, 45, 32, 45, 32, 45, 32, 45, 32, 45, 32, 45, 32, 45, 32, 45, 32, 45, 32, 45, 32, 45, 32, 45, 32, 45, 32, 45, 32, 48, 32, 48, 32, 48, 32, 48, 32, 48, 32, 48, 32, 48, 32, 48, 32, 48, 32, 48, 32, 48, 32, 48, 32, 48, 32, 48, 32, 48, 32, 48, 32, 45, 32, 45, 32, 45, 32, 45, 10, 45, 32, 45, 32, 45, 32, 45, 32, 45, 32, 45, 32, 45, 32, 45, 32, 45, 32, 45, 32, 45, 32, 45, 32, 45, 32, 45, 32, 45, 32, 45, 32, 45, 32, 45, 32, 45, 32, 45, 32, 45, 32, 45, 32, 45, 32, 45, 32, 45, 32, 45, 32, 45, 32, 45, 32, 45, 32, 48, 32, 48, 32, 48, 32, 48, 32, 48, 32, 48, 32, 48, 32, 48, 32, 48, 32, 48, 32, 48, 32, 48, 32, 48, 32, 48, 32, 48, 32, 48, 32, 45, 32, 45, 32, 45, 32, 45, 32, 45, 10, 45, 32, 45, 32, 45, 32, 45, 32, 45, 32, 45, 32, 45, 32, 45, 32, 45, 32, 45, 32, 45, 32, 45, 32, 45, 32, 45, 32, 45, 32, 45, 32, 45, 32, 45, 32, 45, 32, 45, 32, 45, 32, 45, 32, 45, 32, 45, 32, 45, 32, 45, 32, 45, 32, 45, 32, 48, 32, 48, 32, 48, 32, 98, 32, 48, 32, 48, 32, 48, 32, 48, 32, 48, 32, 48, 32, 48, 32, 48, 32, 48, 32, 48, 32, 48, 32, 48, 32, 45, 32, 45, 32, 45, 32, 45, 32, 45, 32, 45, 10, 45, 32, 45, 32, 45, 32, 45, 32, 45, 32, 45, 32, 45, 32, 45, 32, 45, 32, 45, 32, 45, 32, 45, 32, 45, 32, 45, 32, 45, 32, 45, 32, 45, 32, 45, 32, 45, 32, 45, 32, 45, 32, 45, 32, 45, 32, 45, 32, 45, 32, 45, 32, 48, 32, 48, 32, 48, 32, 48, 32, 48, 32, 48, 32, 48, 32, 48, 32, 48, 32, 48, 32, 48, 32, 48, 32, 48, 32, 48, 32, 48, 32, 48, 32, 48, 32, 45, 32, 45, 32, 45, 32, 45, 32, 45, 32, 45, 32, 45, 10, 45, 32, 45, 32, 45, 32, 45, 32, 45, 32, 45, 32, 45, 32, 45, 32, 45, 32, 45, 32, 45, 32, 45, 32, 45, 32, 45, 32, 45, 32, 45, 32, 45, 32, 45, 32, 45, 32, 45, 32, 45, 32, 45, 32, 45, 32, 45, 32, 45, 32, 45, 32, 48, 32, 48, 32, 48, 32, 48, 32, 48, 32, 48, 32, 48, 32, 48, 32, 48, 32, 48, 32, 48, 32, 48, 32, 48, 32, 48, 32, 48, 32, 48, 32, 48, 32, 48, 32, 45, 32, 45, 32, 45, 32, 45, 32, 45, 32, 45, 10, 45, 32, 45, 32, 45, 32, 45, 32, 45, 32, 45, 32, 45, 32, 45, 32, 45, 32, 45, 32, 45, 32, 45, 32, 45, 32, 45, 32, 45, 32, 45, 32, 45, 32, 45, 32, 45, 32, 45, 32, 45, 32, 45, 32, 45, 32, 45, 32, 45, 32, 45, 32, 48, 32, 48, 32, 48, 32, 48, 32, 48, 32, 48, 32, 48, 32, 48, 32, 48, 32, 48, 32, 48, 32, 48, 32, 48, 32, 48, 32, 48, 32, 48, 32, 48, 32, 48, 32, 45, 32, 45, 32, 45, 32, 45, 32, 45, 32, 45, 10, 45, 32, 45, 32, 45, 32, 45, 32, 45, 32, 45, 32, 45, 32, 45, 32, 48, 32, 48, 32, 45, 32, 48, 32, 48, 32, 48, 32, 48, 32, 45, 32, 45, 32, 45, 32, 45, 32, 45, 32, 45, 32, 45, 32, 45, 32, 45, 32, 45, 32, 45, 32, 45, 32, 48, 32, 48, 32, 48, 32, 48, 32, 48, 32, 45, 32, 48, 32, 48, 32, 48, 32, 48, 32, 98, 32, 48, 32, 48, 32, 48, 32, 48, 32, 45, 32, 45, 32, 45, 32, 45, 32, 45, 32, 45, 32, 45, 32, 45, 10, 45, 32, 45, 32, 45, 32, 45, 32, 45, 32, 45, 32, 45, 32, 45, 32, 45, 32, 48, 32, 48, 32, 48, 32, 48, 32, 48, 32, 48, 32, 48, 32, 48, 32, 45, 32, 45, 32, 45, 32, 45, 32, 45, 32, 45, 32, 45, 32, 45, 32, 45, 32, 45, 32, 48, 32, 48, 32, 48, 32, 45, 32, 45, 32, 45, 32, 45, 32, 48, 32, 48, 32, 48, 32, 48, 32, 48, 32, 48, 32, 45, 32, 45, 32, 45, 32, 45, 32, 45, 32, 45, 32, 45, 32, 45, 32, 45, 32, 45, 10, 45, 32, 45, 32, 45, 32, 45, 32, 45, 32, 45, 32, 45, 32, 45, 32, 45, 32, 45, 32, 48, 32, 48, 32, 98, 32, 48, 32, 48, 32, 48, 32, 45, 32, 45, 32, 45, 32, 45, 32, 45, 32, 45, 32, 45, 32, 45, 32, 45, 32, 45, 32, 45, 32, 45, 32, 45, 32, 45, 32, 45, 32, 45, 32, 48, 32, 45, 32, 45, 32, 48, 32, 48, 32, 48, 32, 48, 32, 48, 32, 45, 32, 45, 32, 45, 32, 45, 32, 45, 32, 45, 32, 45, 32, 45, 32, 48, 32, 48, 10, 45, 32, 45, 32, 45, 32, 45, 32, 45, 32, 45, 32, 45, 32, 45, 32, 45, 32, 45, 32, 45, 32, 48, 32, 48, 32, 48, 32, 48, 32, 45, 32, 45, 32, 45, 32, 45, 32, 45, 32, 45, 32, 45, 32, 45, 32, 45, 32, 45, 32, 45, 32, 45, 32, 45, 32, 45, 32, 45, 32, 48, 32, 48, 32, 48, 32, 48, 32, 45, 32, 45, 32, 48, 32, 48, 32, 48, 32, 48, 32, 48, 32, 45, 32, 45, 32, 45, 32, 45, 32, 45, 32, 48, 32, 45, 32, 45, 32, 48, 10, 45, 32, 45, 32, 45, 32, 45, 32, 48, 32, 48, 32, 48, 32, 48, 32, 45, 32, 45, 32, 45, 32, 48, 32, 48, 32, 48, 32, 48, 32, 48, 32, 48, 32, 45, 32, 45, 32, 45, 32, 45, 32, 45, 32, 45, 32, 45, 32, 45, 32, 45, 32, 45, 32, 45, 32, 45, 32, 45, 32, 48, 32, 48, 32, 99, 32, 48, 32, 45, 32, 45, 32, 48, 32, 48, 32, 48, 32, 48, 32, 45, 32, 45, 32, 45, 32, 45, 32, 45, 32, 45, 32, 48, 32, 45, 32, 45, 32, 48, 10, 45, 32, 45, 32, 45, 32, 48, 32, 48, 32, 120, 32, 48, 32, 98, 32, 48, 32, 48, 32, 45, 32, 45, 32, 45, 32, 48, 32, 48, 32, 48, 32, 120, 32, 48, 32, 45, 32, 45, 32, 45, 32, 45, 32, 45, 32, 45, 32, 45, 32, 45, 32, 45, 32, 45, 32, 45, 32, 45, 32, 45, 32, 48, 32, 48, 32, 45, 32, 45, 32, 45, 32, 48, 32, 48, 32, 45, 32, 45, 32, 45, 32, 45, 32, 45, 32, 45, 32, 45, 32, 48, 32, 48, 32, 48, 32, 48, 32, 48, 10, 45, 32, 45, 32, 48, 32, 48, 32, 120, 32, 120, 32, 120, 32, 48, 32, 48, 32, 45, 32, 45, 32, 45, 32, 45, 32, 45, 32, 48, 32, 48, 32, 120, 32, 48, 32, 48, 32, 45, 32, 45, 32, 45, 32, 45, 32, 45, 32, 45, 32, 45, 32, 45, 32, 45, 32, 45, 32, 45, 32, 45, 32, 45, 32, 48, 32, 48, 32, 45, 32, 45, 32, 48, 32, 45, 32, 45, 32, 45, 32, 45, 32, 45, 32, 45, 32, 45, 32, 45, 32, 48, 32, 48, 32, 48, 32, 48, 32, 48, 10, 45, 32, 45, 32, 45, 32, 48, 32, 48, 32, 120, 32, 48, 32, 48, 32, 48, 32, 45, 32, 45, 32, 48, 32, 48, 32, 48, 32, 48, 32, 105, 32, 120, 32, 48, 32, 48, 32, 48, 32, 45, 32, 45, 32, 45, 32, 45, 32, 45, 32, 45, 32, 45, 32, 45, 32, 45, 32, 45, 32, 48, 32, 45, 32, 48, 32, 45, 32, 45, 32, 45, 32, 45, 32, 45, 32, 45, 32, 48, 32, 48, 32, 48, 32, 45, 32, 48, 32, 48, 32, 48, 32, 48, 32, 48, 32, 48, 32, 48, 10, 45, 32, 48, 32, 48, 32, 48, 32, 99, 32, 48, 32, 48, 32, 48, 32, 48, 32, 45, 32, 45, 32, 48, 32, 48, 32, 48, 32, 48, 32, 48, 32, 48, 32, 98, 32, 48, 32, 48, 32, 48, 32, 45, 32, 45, 32, 45, 32, 45, 32, 45, 32, 45, 32, 48, 32, 48, 32, 48, 32, 48, 32, 48, 32, 48, 32, 48, 32, 48, 32, 48, 32, 48, 32, 48, 32, 48, 32, 48, 32, 48, 32, 48, 32, 48, 32, 48, 32, 48, 32, 48, 32, 48, 32, 48, 32, 48, 32, 48, 10, 45, 32, 45, 32, 48, 32, 48, 32, 48, 32, 48, 32, 45, 32, 45, 32, 45, 32, 45, 32, 45, 32, 48, 32, 48, 32, 48, 32, 48, 32, 48, 32, 48, 32, 48, 32, 48, 32, 48, 32, 45, 32, 45, 32, 45, 32, 45, 32, 45, 32, 45, 32, 48, 32, 48, 32, 48, 32, 48, 32, 48, 32, 48, 32, 48, 32, 48, 32, 48, 32, 48, 32, 48, 32, 48, 32, 48, 32, 48, 32, 48, 32, 48, 32, 48, 32, 48, 32, 48, 32, 48, 32, 48, 32, 48, 32, 48, 32, 48, 10, 45, 32, 45, 32, 45, 32, 45, 32, 45, 32, 45, 32, 45, 32, 45, 32, 45, 32, 45, 32, 45, 32, 48, 32, 48, 32, 48, 32, 48, 32, 48, 32, 48, 32, 48, 32, 48, 32, 45, 32, 45, 32, 45, 32, 45, 32, 45, 32, 45, 32, 48, 32, 48, 32, 48, 32, 48, 32, 48, 32, 48, 32, 48, 32, 48, 32, 48, 32, 48, 32, 98, 32, 48, 32, 48, 32, 48, 32, 48, 32, 48, 32, 48, 32, 48, 32, 48, 32, 48, 32, 48, 32, 98, 32, 48, 32, 48, 32, 48, 10, 45, 32, 45, 32, 45, 32, 45, 32, 45, 32, 45, 32, 45, 32, 45, 32, 45, 32, 45, 32, 48, 32, 48, 32, 48, 32, 48, 32, 48, 32, 45, 32, 45, 32, 45, 32, 45, 32, 45, 32, 48, 32, 48, 32, 48, 32, 48, 32, 48, 32, 48, 32, 48, 32, 48, 32, 48, 32, 48, 32, 48, 32, 48, 32, 48, 32, 48, 32, 48, 32, 48, 32, 48, 32, 48, 32, 48, 32, 48, 32, 48, 32, 105, 32, 48, 32, 48, 32, 48, 32, 48, 32, 48, 32, 48, 32, 48, 32, 48, 10, 45, 32, 45, 32, 45, 32, 45, 32, 45, 32, 45, 32, 45, 32, 45, 32, 45, 32, 45, 32, 45, 32, 45, 32, 45, 32, 45, 32, 45, 32, 45, 32, 48, 32, 48, 32, 48, 32, 48, 32, 48, 32, 48, 32, 48, 32, 48, 32, 48, 32, 48, 32, 48, 32, 48, 32, 48, 32, 48, 32, 48, 32, 48, 32, 48, 32, 48, 32, 48, 32, 48, 32, 48, 32, 48, 32, 48, 32, 48, 32, 48, 32, 48, 32, 48, 32, 48, 32, 48, 32, 48, 32, 48, 32, 48, 32, 48, 32, 48, 10, 45, 32, 45, 32, 45, 32, 45, 32, 45, 32, 45, 32, 45, 32, 45, 32, 45, 32, 45, 32, 45, 32, 45, 32, 48, 32, 48, 32, 48, 32, 48, 32, 48, 32, 48, 32, 48, 32, 48, 32, 48, 32, 48, 32, 48, 32, 48, 32, 48, 32, 48, 32, 48, 32, 48, 32, 48, 32, 48, 32, 48, 32, 48, 32, 48, 32, 48, 32, 48, 32, 48, 32, 48, 32, 48, 32, 48, 32, 48, 32, 48, 32, 48, 32, 48, 32, 48, 32, 48, 32, 48, 32, 48, 32, 48, 32, 48, 32, 48, 10, 45, 32, 45, 32, 45, 32, 45, 32, 45, 32, 45, 32, 45, 32, 45, 32, 45, 32, 45, 32, 45, 32, 45, 32, 48, 32, 48, 32, 48, 32, 48, 32, 48, 32, 48, 32, 98, 32, 48, 32, 48, 32, 48, 32, 48, 32, 48, 32, 48, 32, 48, 32, 48, 32, 48, 32, 48, 32, 48, 32, 48, 32, 48, 32, 48, 32, 48, 32, 48, 32, 48, 32, 48, 32, 48, 32, 48, 32, 48, 32, 48, 32, 48, 32, 48, 32, 48, 32, 48, 32, 48, 32, 48, 32, 48, 32, 48, 32, 48, 10, 45, 32, 45, 32, 45, 32, 45, 32, 45, 32, 45, 32, 45, 32, 45, 32, 45, 32, 45, 32, 45, 32, 45, 32, 45, 32, 45, 32, 45, 32, 48, 32, 48, 32, 48, 32, 48, 32, 48, 32, 48, 32, 48, 32, 48, 32, 48, 32, 48, 32, 48, 32, 48, 32, 48, 32, 48, 32, 48, 32, 48, 32, 48, 32, 48, 32, 48, 32, 51, 32, 50, 32, 49, 32, 48, 32, 48, 32, 48, 32, 48, 32, 48, 32, 48, 32, 48, 32, 48, 32, 48, 32, 48, 32, 48, 32, 48, 32, 48, 10, 45, 32, 45, 32, 45, 32, 45, 32, 45, 32, 45, 32, 45, 32, 45, 32, 45, 32, 45, 32, 45, 32, 45, 32, 45, 32, 45, 32, 45, 32, 45, 32, 48, 32, 48, 32, 48, 32, 48, 32, 48, 32, 48, 32, 48, 32, 48, 32, 48, 32, 105, 32, 48, 32, 48, 32, 48, 32, 48, 32, 48, 32, 48, 32, 48, 32, 48, 32, 49, 32, 51, 32, 50, 32, 48, 32, 48, 32, 48, 32, 48, 32, 48, 32, 98, 32, 48, 32, 48, 32, 48, 32, 48, 32, 48, 32, 48, 32, 48, 10, 45, 32, 45, 32, 45, 32, 45, 32, 45, 32, 45, 32, 45, 32, 45, 32, 45, 32, 45, 32, 45, 32, 45, 32, 45, 32, 45, 32, 45, 32, 45, 32, 45, 32, 48, 32, 48, 32, 48, 32, 48, 32, 48, 32, 48, 32, 48, 32, 48, 32, 48, 32, 48, 32, 48, 32, 48, 32, 48, 32, 48, 32, 48, 32, 48, 32, 48, 32, 50, 32, 49, 32, 51, 32, 48, 32, 48, 32, 48, 32, 48, 32, 48, 32, 48, 32, 48, 32, 48, 32, 48, 32, 48, 32, 48, 32, 48, 32, 48, 10, 45, 32, 45, 32, 45, 32, 45, 32, 45, 32, 45, 32, 45, 32, 45, 32, 45, 32, 45, 32, 45, 32, 45, 32, 45, 32, 45, 32, 45, 32, 45, 32, 48, 32, 48, 32, 48, 32, 48, 32, 48, 32, 48, 32, 48, 32, 48, 32, 48, 32, 48, 32, 48, 32, 48, 32, 48, 32, 48, 32, 48, 32, 48, 32, 48, 32, 48, 32, 48, 32, 48, 32, 48, 32, 48, 32, 48, 32, 45, 32, 48, 32, 48, 32, 48, 32, 48, 32, 48, 32, 48, 32, 48, 32, 48, 32, 48, 32, 98, 10, 45, 32, 45, 32, 45, 32, 45, 32, 45, 32, 45, 32, 45, 32, 45, 32, 45, 32, 45, 32, 45, 32, 45, 32, 45, 32, 45, 32, 45, 32, 45, 32, 48, 32, 48, 32, 48, 32, 48, 32, 48, 32, 48, 32, 48, 32, 48, 32, 48, 32, 48, 32, 48, 32, 48, 32, 48, 32, 48, 32, 48, 32, 48, 32, 48, 32, 48, 32, 48, 32, 48, 32, 48, 32, 48, 32, 48, 32, 45, 32, 45, 32, 48, 32, 48, 32, 48, 32, 48, 32, 48, 32, 48, 32, 48, 32, 48, 32, 48, 10, 45, 32, 45, 32, 45, 32, 45, 32, 45, 32, 45, 32, 45, 32, 45, 32, 45, 32, 45, 32, 45, 32, 45, 32, 45, 32, 45, 32, 45, 32, 48, 32, 48, 32, 48, 32, 48, 32, 48, 32, 48, 32, 48, 32, 48, 32, 48, 32, 48, 32, 48, 32, 48, 32, 48, 32, 48, 32, 48, 32, 48, 32, 48, 32, 48, 32, 48, 32, 48, 32, 48, 32, 48, 32, 48, 32, 48, 32, 45, 32, 45, 32, 45, 32, 48, 32, 48, 32, 48, 32, 48, 32, 48, 32, 48, 32, 48, 32, 48, 10, 45, 32, 45, 32, 45, 32, 45, 32, 45, 32, 45, 32, 45, 32, 48, 32, 48, 32, 48, 32, 45, 32, 45, 32, 45, 32, 45, 32, 48, 32, 48, 32, 48, 32, 48, 32, 48, 32, 48, 32, 48, 32, 48, 32, 48, 32, 48, 32, 48, 32, 48, 32, 48, 32, 48, 32, 48, 32, 48, 32, 48, 32, 45, 32, 45, 32, 45, 32, 48, 32, 48, 32, 48, 32, 48, 32, 48, 32, 48, 32, 45, 32, 45, 32, 45, 32, 48, 32, 48, 32, 48, 32, 48, 32, 48, 32, 48, 32, 48, 10, 45, 32, 45, 32, 45, 32, 48, 32, 48, 32, 48, 32, 48, 32, 48, 32, 48, 32, 48, 32, 48, 32, 48, 32, 48, 32, 48, 32, 48, 32, 48, 32, 48, 32, 48, 32, 48, 32, 48, 32, 48, 32, 48, 32, 45, 32, 45, 32, 45, 32, 48, 32, 48, 32, 48, 32, 45, 32, 45, 32, 45, 32, 45, 32, 45, 32, 45, 32, 45, 32, 48, 32, 48, 32, 48, 32, 48, 32, 48, 32, 48, 32, 45, 32, 45, 32, 45, 32, 48, 32, 48, 32, 48, 32, 48, 32, 48, 32, 48, 10, 45, 32, 45, 32, 45, 32, 45, 32, 48, 32, 48, 32, 48, 32, 48, 32, 48, 32, 48, 32, 48, 32, 48, 32, 48, 32, 48, 32, 48, 32, 98, 32, 48, 32, 48, 32, 48, 32, 48, 32, 48, 32, 48, 32, 45, 32, 45, 32, 45, 32, 45, 32, 45, 32, 45, 32, 45, 32, 45, 32, 45, 32, 48, 32, 48, 32, 45, 32, 45, 32, 45, 32, 48, 32, 48, 32, 98, 32, 48, 32, 48, 32, 48, 32, 45, 32, 45, 32, 45, 32, 45, 32, 45, 32, 48, 32, 48, 32, 48, 10, 45, 32, 45, 32, 45, 32, 45, 32, 48, 32, 48, 32, 48, 32, 48, 32, 105, 32, 48, 32, 48, 32, 48, 32, 48, 32, 48, 32, 48, 32, 48, 32, 48, 32, 48, 32, 48, 32, 48, 32, 48, 32, 48, 32, 45, 32, 45, 32, 45, 32, 45, 32, 45, 32, 45, 32, 45, 32, 45, 32, 45, 32, 45, 32, 48, 32, 45, 32, 45, 32, 45, 32, 45, 32, 45, 32, 48, 32, 48, 32, 48, 32, 48, 32, 48, 32, 48, 32, 45, 32, 45, 32, 45, 32, 45, 32, 45, 32, 45, 10, 45, 32, 45, 32, 45, 32, 45, 32, 48, 32, 48, 32, 48, 32, 48, 32, 48, 32, 48, 32, 120, 32, 48, 32, 48, 32, 48, 32, 48, 32, 48, 32, 48, 32, 48, 32, 48, 32, 48, 32, 45, 32, 45, 32, 45, 32, 45, 32, 45, 32, 45, 32, 45, 32, 45, 32, 45, 32, 45, 32, 48, 32, 99, 32, 120, 32, 45, 32, 45, 32, 45, 32, 45, 32, 45, 32, 45, 32, 45, 32, 45, 32, 48, 32, 48, 32, 48, 32, 48, 32, 48, 32, 48, 32, 45, 32, 45, 32, 45, 10, 45, 32, 45, 32, 45, 32, 45, 32, 48, 32, 48, 32, 48, 32, 48, 32, 48, 32, 120, 32, 120, 32, 120, 32, 48, 32, 48, 32, 48, 32, 48, 32, 48, 32, 48, 32, 48, 32, 45, 32, 45, 32, 45, 32, 45, 32, 45, 32, 45, 32, 45, 32, 45, 32, 45, 32, 45, 32, 45, 32, 45, 32, 48, 32, 48, 32, 45, 32, 45, 32, 45, 32, 45, 32, 45, 32, 45, 32, 45, 32, 45, 32, 45, 32, 45, 32, 48, 32, 48, 32, 48, 32, 48, 32, 48, 32, 48, 32, 45, 10, 45, 32, 45, 32, 45, 32, 48, 32, 48, 32, 48, 32, 48, 32, 48, 32, 48, 32, 98, 32, 120, 32, 48, 32, 48, 32, 48, 32, 48, 32, 48, 32, 48, 32, 48, 32, 45, 32, 45, 32, 45, 32, 45, 32, 45, 32, 45, 32, 45, 32, 45, 32, 45, 32, 45, 32, 45, 32, 45, 32, 45, 32, 48, 32, 98, 32, 45, 32, 45, 32, 45, 32, 45, 32, 45, 32, 45, 32, 45, 32, 45, 32, 45, 32, 45, 32, 45, 32, 45, 32, 48, 32, 48, 32, 45, 32, 45, 32, 45, 10, 45, 32, 45, 32, 48, 32, 48, 32, 48, 32, 48, 32, 48, 32, 48, 32, 48, 32, 48, 32, 48, 32, 48, 32, 48, 32, 48, 32, 48, 32, 48, 32, 48, 32, 48, 32, 48, 32, 45, 32, 45, 32, 45, 32, 45, 32, 45, 32, 45, 32, 45, 32, 45, 32, 45, 32, 45, 32, 45, 32, 45, 32, 48, 32, 48, 32, 45, 32, 45, 32, 45, 32, 45, 32, 45, 32, 45, 32, 45, 32, 45, 32, 45, 32, 45, 32, 45, 32, 45, 32, 48, 32, 48, 32, 48, 32, 45, 32, 45, 10, 45, 32, 45, 32, 45, 32, 45, 32, 48, 32, 48, 32, 48, 32, 48, 32, 48, 32, 98, 32, 48, 32, 48, 32, 48, 32, 48, 32, 48, 32, 48, 32, 48, 32, 48, 32, 48, 32, 45, 32, 45, 32, 45, 32, 45, 32, 45, 32, 45, 32, 45, 32, 45, 32, 45, 32, 45, 32, 45, 32, 45, 32, 45, 32, 45, 32, 45, 32, 45, 32, 45, 32, 45, 32, 45, 32, 45, 32, 45, 32, 45, 32, 48, 32, 48, 32, 48, 32, 48, 32, 48, 32, 48, 32, 45, 32, 45, 32, 45, 10, 45, 32, 45, 32, 45, 32, 45, 32, 48, 32, 48, 32, 48, 32, 48, 32, 48, 32, 48, 32, 48, 32, 48, 32, 48, 32, 48, 32, 48, 32, 48, 32, 48, 32, 48, 32, 45, 32, 45, 32, 45, 32, 45, 32, 45, 32, 45, 32, 45, 32, 45, 32, 45, 32, 45, 32, 45, 32, 45, 32, 45, 32, 45, 32, 45, 32, 45, 32, 45, 32, 45, 32, 45, 32, 45, 32, 45, 32, 45, 32, 45, 32, 48, 32, 48, 32, 99, 32, 48, 32, 45, 32, 45, 32, 45, 32, 45, 32, 45, 10, 45, 32, 45, 32, 45, 32, 45, 32, 45, 32, 45, 32, 45, 32, 45, 32, 48, 32, 48, 32, 48, 32, 48, 32, 48, 32, 48, 32, 48, 32, 48, 32, 48, 32, 45, 32, 45, 32, 45, 32, 45, 32, 45, 32, 45, 32, 45, 32, 45, 32, 45, 32, 45, 32, 45, 32, 45, 32, 45, 32, 45, 32, 45, 32, 45, 32, 45, 32, 45, 32, 45, 32, 45, 32, 45, 32, 45, 32, 45, 32, 45, 32, 45, 32, 45, 32, 48, 32, 120, 32, 45, 32, 45, 32, 45, 32, 45, 32, 45, 10, 45, 32, 45, 32, 45, 32, 45, 32, 45, 32, 45, 32, 45, 32, 45, 32, 45, 32, 48, 32, 45, 32, 45, 32, 45, 32, 45, 32, 45, 32, 45, 32, 45, 32, 45, 32, 45, 32, 45, 32, 45, 32, 45, 32, 45, 32, 45, 32, 45, 32, 45, 32, 45, 32, 45, 32, 45, 32, 45, 32, 45, 32, 45, 32, 45, 32, 45, 32, 45, 32, 45, 32, 45, 32, 45, 32, 45, 32, 45, 32, 45, 32, 45, 32, 45, 32, 45, 32, 45, 32, 45, 32, 45, 32, 45, 32, 45, 32, 45, 10, 50, 55, 32, 50, 53, 32, 54, 32, 60, 45, 62, 32, 49, 57, 32, 50, 52, 32, 50, 10, 50, 55, 32, 50, 53, 32, 49, 32, 60, 45, 62, 32, 50, 57, 32, 49, 56, 32, 53, 10, 49, 56, 32, 52, 53, 32, 50, 32, 60, 45, 62, 32, 51, 48, 32, 52, 50, 32, 54, 10, 49, 56, 32, 52, 53, 32, 51, 32, 60, 45, 62, 32, 52, 50, 32, 52, 54, 32, 55, 10]
XT01-03-PL-03
XT01-PL-01-1621178987755
XT01-06-PL-01-33-35-SF-00
XT01-PL-02-1621178988237
XT01-06-PL-02-34-35-SF-00
Analyzed Maps: 343
XT01-98-AM-343
XT01-05-PL-03-34-36-SF-00
XT01-PL-03-1621178988697
XT01-06-PL-03-34-36-SF-00
XT01-PL-01-1621178988821
XT01-06-PL-01-33-32-SF-00
XT01-PL-02-1621178989584
XT01-06-PL-02-33-33-SF-00
Analyzed Maps: 342
XT01-98-AM-342
XT01-05-PL-03-34-31-SF-00
XT01-PL-03-1621178989898
XT01-06-PL-03-34-31-SF-00
XT01-PL-01-1621178990017
XT01-06-PL-01-36-35-SF-00
XT01-PL-02-1621178990703
XT01-06-PL-02-35-35-SF-00
Analyzed Maps: 502
XT01-98-AM-502
XT01-05-PL-03-37-33-SF-00
XT01-PL-03-1621178991163
XT01-06-PL-03-37-33-SF-00
XT01-PL-01-1621178991285
XT01-06-PL-01-36-35-SF-00
XT01-PL-02-1621178992077
XT01-06-PL-02-37-34-SF-00
Analyzed Maps: 309
XT01-98-AM-309
XT01-05-PL-03-32-33-SF-00
XT01-PL-03-1621178992381
XT01-06-PL-03-32-33-SF-00
XT01-PL-01-1621178992506
XT01-06-PL-01-32-32-SF-00
XT01-PL-02-1621178994509
XT01-06-PL-02-33-31-SF-00
Analyzed Maps: 1736
XT01-98-AM-1736
XT01-05-PL-03-32-31-SF-00
XT01-PL-03-1621178995706
XT01-06-PL-03-32-31-SF-00
XT01-PL-01-1621178995888
XT01-06-PL-01-38-33-SF-00
XT01-PL-02-1621178997596
XT01-06-PL-02-31-32-SF-00
Analyzed Maps: 471
XT01-98-AM-471
XT01-05-PL-03-39-33-SF-00
XT01-PL-03-1621178998194
XT01-06-PL-03-39-33-SF-00
XT01-PL-01-1621178998367
XT01-06-PL-01-31-30-SF-00
XT01-PL-02-1621179001954
XT01-06-PL-02-36-36-SF-00
Analyzed Maps: 2321
XT01-98-AM-2321
XT01-05-PL-03-35-36-SF-00
XT01-PL-03-1621179004210
XT01-06-PL-03-35-36-SF-00
XT01-PL-01-1621179004365
XT01-06-PL-01-35-37-SF-00
XT01-PL-02-1621179007679
XT01-06-PL-02-33-30-SF-00
Analyzed Maps: 457
XT01-98-AM-457
XT01-05-PL-03-34-37-SF-00
XT01-PL-03-1621179008071
XT01-06-PL-03-34-37-SF-00
XT01-PL-01-1621179008277
XT01-06-PL-01-35-35-SF-00
XT01-PL-02-1621179012636
XT01-06-PL-02-37-32-SF-00
Analyzed Maps: 796
XT01-98-AM-796
XT01-05-PL-03-31-31-SF-00
XT01-PL-03-1621179013261
XT01-06-PL-03-31-31-SF-00
XT01-PL-01-1621179013788
XT01-06-PL-01-38-33-SF-00
XT01-PL-02-1621179019307
XT01-06-PL-02-34-38-SF-00
Analyzed Maps: 833
XT01-98-AM-833
XT01-05-PL-03-37-35-SF-00
XT01-PL-03-1621179019983
XT01-06-PL-03-37-35-SF-00
XT01-PL-01-1621179020750
XT01-06-PL-01-37-31-SF-00
XT01-PL-02-1621179025800
XT01-06-PL-02-38-32-SF-00
Analyzed Maps: 1748
XT01-98-AM-1748
XT01-05-PL-03-37-37-SF-00
XT01-PL-03-1621179027018
XT01-06-PL-03-37-37-SF-00
XT01-PL-01-1621179027298
XT01-06-PL-01-32-29-SF-00
XT01-PL-02-1621179035791
XT01-06-PL-02-33-34-SF-00
Analyzed Maps: 770
XT01-98-AM-770
XT01-05-PL-03-31-33-SF-00
XT01-PL-03-1621179036408
XT01-06-PL-03-31-33-SF-00
XT01-PL-01-1621179036588
XT01-06-PL-01-30-31-SF-00
XT01-PL-02-1621179043199
XT01-06-PL-02-37-36-SF-00
Analyzed Maps: 4198
XT01-98-AM-4198
XT01-05-PL-03-33-36-SF-00
XT01-PL-03-1621179045988
XT01-06-PL-03-33-36-SF-00
XT01-PL-01-1621179046138
XT01-06-PL-01-37-37-SF-00
XT01-PL-02-1621179052504
XT01-06-PL-02-34-30-SF-00
Analyzed Maps: 2043
XT01-98-AM-2043
XT01-05-PL-03-38-36-SF-00
XT01-PL-03-1621179053898
XT01-06-PL-03-38-36-SF-00
XT01-PL-01-1621179054333
XT01-06-PL-01-33-36-SF-00
XT01-PL-02-1621179062320
XT01-06-PL-02-33-37-SF-00
Analyzed Maps: 1821
XT01-98-AM-1821
XT01-05-PL-03-30-29-SF-00
XT01-PL-03-1621179063605
XT01-06-PL-03-30-29-SF-00
XT01-PL-01-1621179064240
XT01-06-PL-01-34-34-SF-00
XT01-PL-02-1621179073553
XT01-06-PL-02-38-35-SF-00
Analyzed Maps: 1832
XT01-98-AM-1832
XT01-05-PL-03-32-30-SF-00
XT01-PL-03-1621179074826
XT01-06-PL-03-32-30-SF-00
XT01-PL-01-1621179075364
XT01-06-PL-01-37-34-SF-00
XT01-PL-02-1621179082101
XT01-06-PL-02-30-32-SF-00
Analyzed Maps: 2412
XT01-98-AM-2412
XT01-05-PL-03-29-30-SF-00
XT01-PL-03-1621179083727
XT01-06-PL-03-29-30-SF-00
XT01-PL-01-1621179084727
XT01-06-PL-01-33-36-SF-00
XT01-PL-02-1621179093597
XT01-06-PL-02-32-35-SF-00
Analyzed Maps: 2364
XT01-98-AM-2364
XT01-05-PL-03-38-37-SF-00
XT01-PL-03-1621179095195
XT01-06-PL-03-38-37-SF-00
XT01-PL-01-1621179095773
XT01-06-PL-01-32-33-SF-00
XT01-PL-02-1621179104004
XT01-06-PL-02-33-29-SF-00
Analyzed Maps: 2218
XT01-98-AM-2218
XT01-05-PL-03-35-31-SF-00
XT01-PL-03-1621179105524
XT01-06-PL-03-35-31-SF-00
XT01-PL-01-1621179106849
XT01-06-PL-01-35-30-SF-00
XT01-PL-02-1621179116144
XT01-06-PL-02-36-37-SF-00
Analyzed Maps: 1410
XT01-98-AM-1410
XT01-05-PL-03-38-38-SF-00
XT01-PL-03-1621179117170
XT01-06-PL-03-38-38-SF-00
XT01-PL-01-1621179118655
XT01-06-PL-01-37-38-SF-00
XT01-PL-02-1621179129444
XT01-06-PL-02-32-34-SF-00
Analyzed Maps: 3713
XT01-98-AM-3713
XT01-05-PL-03-36-31-SF-00
XT01-PL-03-1621179131895
XT01-06-PL-03-36-31-SF-00
XT01-PL-01-1621179132718
XT01-06-PL-01-30-30-SF-00
XT01-PL-02-1621179144507
XT01-06-PL-02-38-34-SF-00
Analyzed Maps: 1433
XT01-98-AM-1433
XT01-05-PL-03-29-29-SF-00
XT01-PL-03-1621179145553
XT01-06-PL-03-29-29-SF-00
XT01-PL-01-1621179146554
XT01-06-PL-01-29-31-SF-00
XT01-PL-02-1621179160796
XT01-06-PL-02-28-30-SF-00
Analyzed Maps: 1109
XT01-98-AM-1109
XT01-05-PL-03-31-29-SF-00
XT01-PL-03-1621179161622
XT01-06-PL-03-31-29-SF-00
XT01-PL-01-1621179163402
XT01-06-PL-01-27-30-SF-00
XT01-PL-02-1621179175445
XT01-06-PL-02-38-31-SF-00
Analyzed Maps: 5641
XT01-98-AM-5641
XT01-05-PL-03-30-33-SF-00
XT01-PL-03-1621179179120
XT01-06-PL-03-30-33-SF-00
XT01-PL-01-1621179180939
XT01-06-PL-01-36-38-SF-00
XT01-PL-02-1621179194533
XT01-06-PL-02-29-32-SF-00
Analyzed Maps: 8720
XT01-98-AM-8720
XT01-05-PL-03-36-30-SF-00
XT01-PL-03-1621179200173
XT01-06-PL-03-36-30-SF-00
XT01-PL-01-1621179200762
XT01-06-PL-01-36-30-SF-00
XT01-PL-02-1621179214732
XT01-06-PL-02-37-39-SF-00
Analyzed Maps: 3147
XT01-98-AM-3147
XT01-05-PL-03-28-32-SF-00
XT01-PL-03-1621179216877
XT01-06-PL-03-28-32-SF-00
XT01-PL-01-1621179217558
XT01-06-PL-01-38-40-SF-20
XT01-PL-02-1621179232512
XT01-06-PL-02-28-29-SF-00
Analyzed Maps: 3942
XT01-98-AM-3942
XT01-05-PL-03-32-37-SF-00
XT01-PL-03-1621179235169
XT01-06-PL-03-32-37-SF-00
XT01-PL-01-1621179235859
XT01-06-PL-01-37-30-SF-00
XT01-PL-02-1621179250404
XT01-06-PL-02-38-39-SF-00
Analyzed Maps: 4344
XT01-98-AM-4344
XT01-05-PL-03-38-41-SF-00
XT01-PL-03-1621179253286
XT01-06-PL-03-38-41-SF-00
XT01-PL-01-1621179255589
XT01-06-PL-01-39-38-SF-00
XT01-PL-02-1621179271442
XT01-06-PL-02-39-32-SF-00
Analyzed Maps: 2588
XT01-98-AM-2588
XT01-05-PL-03-40-32-SF-00
XT01-PL-03-1621179273233
XT01-06-PL-03-40-32-SF-00
XT01-PL-01-1621179274539
XT01-06-PL-01-27-28-SF-00
XT01-PL-02-1621179290223
XT01-06-PL-02-41-31-SF-00
Analyzed Maps: 5496
XT01-98-AM-5496
XT01-05-PL-03-26-27-SF-00
XT01-PL-03-1621179293888
XT01-06-PL-03-26-27-SF-00
XT01-PL-01-1621179294554
XT01-06-PL-01-35-38-SF-00
XT01-PL-02-1621179310876
XT01-06-PL-02-29-33-SF-00
Analyzed Maps: 2628
XT01-98-AM-2628
XT01-05-PL-03-36-39-SF-00
XT01-PL-03-1621179312701
XT01-06-PL-03-36-39-SF-00
XT01-PL-01-1621179313229
XT01-06-PL-01-36-40-SF-00
XT01-PL-02-1621179329507
XT01-06-PL-02-37-40-SF-00
Analyzed Maps: 3006
XT01-98-AM-3006
XT01-05-PL-03-27-29-SF-00
XT01-PL-03-1621179331601
XT01-06-PL-03-27-29-SF-00
XT01-PL-01-1621179332980
XT01-06-PL-01-32-36-SF-00
XT01-PL-02-1621179349997
XT01-06-PL-02-31-34-SF-00
Analyzed Maps: 3561
XT01-98-AM-3561
XT01-05-PL-03-33-28-SF-00
XT01-PL-03-1621179352374
XT01-06-PL-03-33-28-SF-00
XT01-PL-01-1621179353966
XT01-06-PL-01-31-35-SF-00
XT01-PL-02-1621179372726
XT01-06-PL-02-39-41-SF-00
Analyzed Maps: 5798
XT01-98-AM-5798
XT01-05-PL-03-30-35-SF-00
XT01-PL-03-1621179376538
XT01-06-PL-03-30-35-SF-00
XT01-PL-01-1621179379695
XT01-06-PL-01-40-33-SF-00
XT01-PL-02-1621179398497
XT01-06-PL-02-37-29-SF-00
Analyzed Maps: 2243
XT01-98-AM-2243
XT01-05-PL-03-35-39-SF-00
XT01-PL-03-1621179400037
XT01-06-PL-03-35-39-SF-00
XT01-PL-01-1621179402007
XT01-06-PL-01-31-37-SF-00
XT01-PL-02-1621179422046
XT01-06-PL-02-31-36-SF-00
Analyzed Maps: 3516
XT01-98-AM-3516
XT01-05-PL-03-35-29-SF-00
XT01-PL-03-1621179424373
XT01-06-PL-03-35-29-SF-00
XT01-PL-01-1621179425368
XT01-06-PL-01-35-28-SF-00
XT01-PL-02-1621179445865
XT01-06-PL-02-36-29-SF-00
Analyzed Maps: 3197
XT01-98-AM-3197
XT01-05-PL-03-35-27-SF-21
XT01-PL-03-1621179448056
XT01-06-PL-03-35-27-SF-21
XT01-PL-01-1621179448731
XT01-06-PL-01-38-30-SF-00
XT01-PL-02-1621179467479
XT01-06-PL-02-39-30-SF-00
Analyzed Maps: 4757
XT01-98-AM-4757
XT01-05-PL-03-30-34-SF-00
XT01-PL-03-1621179470638
XT01-06-PL-03-30-34-SF-00
XT01-PL-01-1621179471742
XT01-06-PL-01-40-30-SF-00
XT01-PL-02-1621179491875
XT01-06-PL-02-32-28-SF-00
Analyzed Maps: 5335
XT01-98-AM-5335
XT01-05-PL-03-37-28-SF-00
XT01-PL-03-1621179495390
XT01-06-PL-03-37-28-SF-00
XT01-PL-01-1621179496509
XT01-06-PL-01-27-31-SF-00
XT01-PL-02-1621179519878
XT01-06-PL-02-37-27-SF-00
Analyzed Maps: 8440
XT01-98-AM-8440
XT01-05-PL-03-30-38-SF-00
XT01-PL-03-1621179525340
XT01-06-PL-03-30-38-SF-00
XT01-PL-01-1621179526222
XT01-06-PL-01-34-29-SF-00
XT01-PL-02-1621179552000
XT01-06-PL-02-30-36-SF-00
Analyzed Maps: 4640
XT01-98-AM-4640
XT01-05-PL-03-39-29-SF-00
XT01-PL-03-1621179555044
XT01-06-PL-03-39-29-SF-00
XT01-PL-01-1621179556986
XT01-06-PL-01-32-27-SF-00
XT01-PL-02-1621179580815
XT01-06-PL-02-36-28-SF-00
Analyzed Maps: 9866
XT01-98-AM-9866
XT01-05-PL-03-38-29-SF-00
XT01-PL-03-1621179587197
XT01-06-PL-03-38-29-SF-00
XT01-PL-01-1621179587908
XT01-06-PL-01-36-27-SF-00
XT01-PL-02-1621179616642
XT01-06-PL-02-38-27-SF-00
Analyzed Maps: 10770
XT01-98-AM-10770
XT01-05-PL-03-28-33-SF-00
XT01-PL-03-1621179623567
XT01-06-PL-03-28-33-SF-00
XT01-PL-01-1621179624232
XT01-06-PL-01-27-33-SF-00
XT01-PL-02-1621179654165
XT01-06-PL-02-26-33-SF-00
Analyzed Maps: 32989
XT01-98-AM-32989
XT01-05-PL-03-42-32-SF-00
XT01-PL-03-1621179675102
XT01-06-PL-03-42-32-SF-00
XT01-PL-01-1621179676291
XT01-06-PL-01-29-34-SF-00
XT01-PL-02-1621179705251
XT01-06-PL-02-38-28-SF-00
Analyzed Maps: 7102
XT01-98-AM-7102
XT01-05-PL-03-29-35-SF-00
XT01-PL-03-1621179709859
XT01-06-PL-03-29-35-SF-00
XT01-PL-01-1621179712390
XT01-06-PL-01-28-35-SF-00
XT01-PL-02-1621179743840
XT01-06-PL-02-28-34-SF-00
Analyzed Maps: 7140
XT01-98-AM-7140
XT01-05-PL-03-40-39-SF-00
XT01-PL-03-1621179748503
XT01-06-PL-03-40-39-SF-00
XT01-PL-01-1621179749532
XT01-06-PL-01-26-29-SF-00
XT01-PL-02-1621179783106
XT01-06-PL-02-34-27-SF-00
Analyzed Maps: 14390
XT01-98-AM-14390
XT01-05-PL-03-31-28-SF-00
XT01-PL-03-1621179792308
XT01-06-PL-03-31-28-SF-00
XT01-PL-01-1621179792966
XT01-06-PL-01-35-26-SF-00
XT01-PL-02-1621179827012
XT01-06-PL-02-34-28-SF-00
Analyzed Maps: 9946
XT01-98-AM-9946
XT01-05-PL-03-25-33-SF-00
XT01-PL-03-1621179833418
XT01-06-PL-03-25-33-SF-00
XT01-PL-01-1621179836102
XT01-06-PL-01-36-26-SF-00
XT01-PL-02-1621179875114
XT01-06-PL-02-36-25-SF-00
Analyzed Maps: 3626
XT01-98-AM-3626
XT01-05-PL-03-37-25-SF-00
XT01-PL-03-1621179877527
XT01-06-PL-03-37-25-SF-00
XT01-PL-01-1621179880123
XT01-06-PL-01-27-35-SF-00
XT01-PL-02-1621179911381
XT01-06-PL-02-33-27-SF-00
Analyzed Maps: 8220
XT01-98-AM-8220
XT01-05-PL-03-41-40-SF-00
XT01-PL-03-1621179916694
XT01-06-PL-03-41-40-SF-00
XT01-PL-01-1621179918780
XT01-06-PL-01-35-25-SF-00
XT01-PL-02-1621179953892
XT01-06-PL-02-27-34-SF-00
Analyzed Maps: 2860
XT01-98-AM-2860
XT01-05-PL-03-30-37-SF-00
XT01-PL-03-1621179955844
XT01-06-PL-03-30-37-SF-00
XT01-PL-01-1621179957063
XT01-06-PL-01-29-36-SF-00
XT01-PL-02-1621179992446
XT01-06-PL-02-39-40-SF-00
Analyzed Maps: 1750
XT01-98-AM-1750
XT01-05-PL-03-33-26-SF-00
XT01-PL-03-1621179993674
XT01-06-PL-03-33-26-SF-00
XT01-PL-01-1621179995626
XT01-06-PL-01-40-41-SF-00
XT01-PL-02-1621180029332
XT01-06-PL-02-41-42-SF-00
Analyzed Maps: 10473
XT01-98-AM-10473
XT01-05-PL-03-27-32-SF-00
XT01-PL-03-1621180036022
XT01-06-PL-03-27-32-SF-00
XT01-PL-01-1621180039554
XT01-06-PL-01-28-31-SF-00
XT01-PL-02-1621180073362
XT01-06-PL-02-29-37-SF-00
Analyzed Maps: 6835
XT01-98-AM-6835
XT01-05-PL-03-28-37-SF-00
XT01-PL-03-1621180077763
XT01-06-PL-03-28-37-SF-00
XT01-PL-01-1621180080787
XT01-06-PL-01-29-38-SF-00
XT01-PL-02-1621180115883
XT01-06-PL-02-39-31-SF-00
Analyzed Maps: 3650
XT01-98-AM-3650
XT01-05-PL-03-25-28-SF-00
XT01-PL-03-1621180118289
XT01-06-PL-03-25-28-SF-00
XT01-PL-01-1621180120653
XT01-06-PL-01-41-33-SF-00
XT01-PL-02-1621180157698
XT01-06-PL-02-42-30-SF-00
Analyzed Maps: 6975
XT01-98-AM-6975
XT01-05-PL-03-40-29-SF-00
XT01-PL-03-1621180162150
XT01-06-PL-03-40-29-SF-00
XT01-PL-01-1621180165207
XT01-06-PL-01-29-28-SF-00
XT01-PL-02-1621180203114
XT01-06-PL-02-32-25-SF-00
Analyzed Maps: 4205
XT01-98-AM-4205
XT01-05-PL-03-40-34-SF-00
XT01-PL-03-1621180205849
XT01-06-PL-03-40-34-SF-00
XT01-PL-01-1621180214427
XT01-06-PL-01-34-25-SF-00
XT01-PL-02-1621180247178
XT01-06-PL-02-30-28-SF-00
Analyzed Maps: 9205
XT01-98-AM-9205
XT01-05-PL-03-28-36-SF-00
XT01-PL-03-1621180253053
XT01-06-PL-03-28-36-SF-00
XT01-PL-01-1621180254512
XT01-06-PL-01-30-27-SF-00
XT01-PL-02-1621180286468
XT01-06-PL-02-39-34-SF-00
Analyzed Maps: 9154
XT01-98-AM-9154
XT01-05-PL-03-33-25-SF-00
XT01-PL-03-1621180292238
XT01-06-PL-03-33-25-SF-00
XT01-PL-01-1621180299287
XT01-06-PL-01-26-31-SF-00
XT01-PL-02-1621180329017
XT01-06-PL-02-28-38-SF-00
Analyzed Maps: 2529
XT01-98-AM-2529
XT01-05-PL-03-26-34-SF-00
XT01-PL-03-1621180330704
XT01-06-PL-03-26-34-SF-00
XT01-PL-01-1621180337012
XT01-06-PL-01-27-36-SF-00
XT01-PL-02-1621180370432
XT01-06-PL-02-26-36-SF-00
Analyzed Maps: 6718
XT01-98-AM-6718
XT01-05-PL-03-27-39-SF-00
XT01-PL-03-1621180374704
XT01-06-PL-03-27-39-SF-00
XT01-PL-01-1621180376836
XT01-06-PL-01-25-36-SF-00
XT01-PL-02-1621180410322
XT01-06-PL-02-42-41-SF-00
Analyzed Maps: 3079
XT01-98-AM-3079
XT01-05-PL-03-26-37-SF-00
XT01-PL-03-1621180412352
XT01-06-PL-03-26-37-SF-00
XT01-PL-01-1621180415591
XT01-06-PL-01-43-42-SF-00
XT01-PL-02-1621180449958
XT01-06-PL-02-41-28-SF-00
Analyzed Maps: 1964
XT01-98-AM-1964
XT01-05-PL-03-25-38-SF-00
XT01-PL-03-1621180451301
XT01-06-PL-03-25-38-SF-00
XT01-PL-01-1621180456071
XT01-06-PL-01-25-34-SF-00
XT01-PL-02-1621180488257
XT01-06-PL-02-43-29-SF-00
Analyzed Maps: 9559
XT01-98-AM-9559
XT01-05-PL-03-44-28-SF-00
XT01-PL-03-1621180494565
XT01-06-PL-03-44-28-SF-00
XT01-PL-01-1621180498347
XT01-06-PL-01-44-43-SF-00
XT01-PL-02-1621180529564
XT01-06-PL-02-45-44-SF-00
Analyzed Maps: 17666
XT01-98-AM-17666
XT01-05-PL-03-26-30-SF-00
XT01-PL-03-1621180541589
XT01-06-PL-03-26-30-SF-00
XT01-PL-01-1621180545803
XT01-06-PL-01-42-33-SF-20
XT01-PL-02-1621180578251
XT01-06-PL-02-25-29-SF-00
Analyzed Maps: 9632
XT01-98-AM-9632
XT01-05-PL-03-24-28-SF-00
XT01-PL-03-1621180584630
XT01-06-PL-03-24-28-SF-00
XT01-PL-01-1621180588608
XT01-06-PL-01-24-29-SF-00
XT01-PL-02-1621180622276
XT01-06-PL-02-41-32-SF-00
Analyzed Maps: 9381
XT01-98-AM-9381
XT01-05-PL-03-23-29-SF-00
XT01-PL-03-1621180628420
XT01-06-PL-03-23-29-SF-00
XT01-PL-01-1621180630460
XT01-06-PL-01-43-32-SF-00
XT01-PL-02-1621180660969
XT01-06-PL-02-28-28-SF-00
Analyzed Maps: 1742
XT01-98-AM-1742
XT01-05-PL-03-46-45-SF-00
XT01-PL-03-1621180662214
XT01-06-PL-03-46-45-SF-00
XT01-PL-01-1621180663651
XT01-06-PL-01-22-29-SF-00
XT01-PL-02-1621180694636
XT01-06-PL-02-34-26-SF-00
Analyzed Maps: 7735
XT01-98-AM-7735
XT01-05-PL-03-31-27-SF-00
XT01-PL-03-1621180699784
XT01-06-PL-03-31-27-SF-00
XT01-PL-01-1621180700801
XT01-06-PL-01-29-27-SF-00
XT01-PL-02-1621180730553
XT01-06-PL-02-37-26-SF-00
Analyzed Maps: 6888
XT01-98-AM-6888
XT01-05-PL-03-27-27-SF-00
XT01-PL-03-1621180735132
XT01-06-PL-03-27-27-SF-00
XT01-PL-01-1621180738118
XT01-06-PL-01-27-26-SF-00
XT01-PL-02-1621180764741
XT01-06-PL-02-26-26-SF-00
Analyzed Maps: 10501
XT01-98-AM-10501
XT01-05-PL-03-38-25-SF-00
XT01-PL-03-1621180771653
XT01-06-PL-03-38-25-SF-00
XT01-PL-01-1621180772733
XT01-06-PL-01-39-24-SF-00
XT01-PL-02-1621180800573
XT01-06-PL-02-26-28-SF-00
Analyzed Maps: 7347
XT01-98-AM-7347
XT01-05-PL-03-25-27-SF-00
XT01-PL-03-1621180805401
XT01-06-PL-03-25-27-SF-00
XT01-PL-01-1621180806971
XT01-06-PL-01-31-25-SF-00
XT01-PL-02-1621180831371
XT01-06-PL-02-28-27-SF-00
Analyzed Maps: 1697
XT01-98-AM-1697
XT01-05-PL-03-39-27-SF-00
XT01-PL-03-1621180832601
XT01-06-PL-03-39-27-SF-00
XT01-PL-01-1621180838638
XT01-06-PL-01-28-26-SF-00
XT01-PL-02-1621180864313
XT01-06-PL-02-27-25-SF-00
Analyzed Maps: 11341
XT01-98-AM-11341
XT01-05-PL-03-28-25-SF-00
XT01-PL-03-1621180871607
XT01-06-PL-03-28-25-SF-00
XT01-PL-01-1621180873538
XT01-06-PL-01-25-37-SF-00
XT01-PL-02-1621180900911
XT01-06-PL-02-32-26-SF-00
Analyzed Maps: 8246
XT01-98-AM-8246
XT01-05-PL-03-32-24-SF-00
XT01-PL-03-1621180906250
XT01-06-PL-03-32-24-SF-00
XT01-PL-01-1621180908828
XT01-06-PL-01-31-26-SF-00
XT01-PL-02-1621180935929
XT01-06-PL-02-24-38-SF-00
Analyzed Maps: 11873
XT01-98-AM-11873
XT01-05-PL-03-26-32-SF-00
XT01-PL-03-1621180943513
XT01-06-PL-03-26-32-SF-00
XT01-PL-01-1621180946319
XT01-06-PL-01-40-26-SF-00
XT01-PL-02-1621180969837
XT01-06-PL-02-25-32-SF-00
Analyzed Maps: 7833
XT01-98-AM-7833
XT01-05-PL-03-30-25-SF-00
XT01-PL-03-1621180974857
XT01-06-PL-03-30-25-SF-00
XT01-PL-01-1621180976587
XT01-06-PL-01-25-31-SF-00
XT01-PL-02-1621180999070
XT01-06-PL-02-29-26-SF-00
Analyzed Maps: 5584
XT01-98-AM-5584
XT01-05-PL-03-29-25-SF-00
XT01-PL-03-1621181002673
XT01-06-PL-03-29-25-SF-00
XT01-PL-01-1621181004869
XT01-06-PL-01-19-24-SF-00
XT01-PL-02-1621181023653
XT01-06-PL-02-30-24-SF-00
Analyzed Maps: 6492
XT01-98-AM-6492
XT01-05-PL-03-30-26-SF-00
XT01-PL-03-1621181027826
XT01-06-PL-03-30-26-SF-00
XT01-PL-01-1621181029089
XT01-06-PL-01-33-23-SF-00
XT01-PL-02-1621181044265
XT01-06-PL-02-24-30-SF-00
Analyzed Maps: 5099
XT01-98-AM-5099
XT01-05-PL-03-25-30-SF-00
XT01-PL-03-1621181047521
XT01-06-PL-03-25-30-SF-00
XT01-PL-01-1621181050322
XT01-06-PL-01-24-31-SF-00
XT01-PL-02-1621181064815
XT01-06-PL-02-23-28-SF-00
Analyzed Maps: 3918
XT01-98-AM-3918
XT01-05-PL-03-32-23-SF-00
XT01-PL-03-1621181067268
XT01-06-PL-03-32-23-SF-00
XT01-PL-01-1621181073491
XT01-06-PL-01-22-28-SF-00
XT01-PL-02-1621181089545
XT01-06-PL-02-38-26-SF-00
Analyzed Maps: 2989
XT01-98-AM-2989
XT01-05-PL-03-27-37-SF-00
XT01-PL-03-1621181091479
XT01-06-PL-03-27-37-SF-00
XT01-PL-01-1621181094390
XT01-06-PL-01-39-28-SF-00
XT01-PL-02-1621181108500
XT01-06-PL-02-40-31-SF-00
Analyzed Maps: 1500
XT01-98-AM-1500
XT01-05-PL-03-41-25-SF-00
XT01-PL-03-1621181109577
XT01-06-PL-03-41-25-SF-00
XT01-PL-01-1621181113563
XT01-06-PL-01-42-27-SF-00
XT01-PL-02-1621181127421
XT01-06-PL-02-43-26-SF-00
Analyzed Maps: 7827
XT01-98-AM-7827
XT01-05-PL-03-44-25-SF-00
XT01-PL-03-1621181132432
XT01-06-PL-03-44-25-SF-00
XT01-PL-01-1621181134368
XT01-06-PL-01-24-37-SF-00
XT01-PL-02-1621181150816
XT01-06-PL-02-23-37-SF-00
Analyzed Maps: 3813
XT01-98-AM-3813
XT01-05-PL-03-22-37-SF-00
XT01-PL-03-1621181153277
XT01-06-PL-03-22-37-SF-00
XT01-PL-01-1621181156496
XT01-06-PL-01-27-38-SF-00
XT01-PL-02-1621181171551
XT01-06-PL-02-25-39-SF-00
Analyzed Maps: 5600
XT01-98-AM-5600
XT01-05-PL-03-39-25-SF-00
XT01-PL-03-1621181175109
XT01-06-PL-03-39-25-SF-00
XT01-PL-01-1621181179275
XT01-06-PL-01-40-24-SF-00
XT01-PL-02-1621181194172
XT01-06-PL-02-26-39-SF-00
Analyzed Maps: 7547
XT01-98-AM-7547
XT01-05-PL-03-41-29-SF-00
XT01-PL-03-1621181198843
XT01-06-PL-03-41-29-SF-00
XT01-PL-01-1621181201610
XT01-06-PL-01-39-39-SF-00
XT01-PL-02-1621181216094
XT01-06-PL-02-40-40-SF-00
Analyzed Maps: 4588
XT01-98-AM-4588
XT01-05-PL-03-42-31-SF-00
XT01-PL-03-1621181218966
XT01-06-PL-03-42-31-SF-00
XT01-PL-01-1621181221202
XT01-06-PL-01-32-22-SF-00
XT01-PL-02-1621181236946
XT01-06-PL-02-32-21-SF-01
Analyzed Maps: 3414
XT01-98-AM-3414
XT01-05-PL-03-40-27-SF-00
XT01-PL-03-1621181239085
XT01-06-PL-03-40-27-SF-00
XT01-PL-01-1621181241633
XT01-06-PL-01-41-26-SF-00
XT01-PL-02-1621181252648
XT01-06-PL-02-40-35-SF-00
Analyzed Maps: 3456
XT01-98-AM-3456
XT01-05-PL-03-32-20-SF-00
XT01-PL-03-1621181254866
XT01-06-PL-03-32-20-SF-00
XT01-PL-01-1621181256451
XT01-06-PL-01-32-19-SF-00
XT01-PL-02-1621181268101
XT01-06-PL-02-41-30-SF-00
Analyzed Maps: 3322
XT01-98-AM-3322
XT01-05-PL-03-40-28-SF-00
XT01-PL-03-1621181270180
XT01-06-PL-03-40-28-SF-00
XT01-PL-01-1621181275854
XT01-06-PL-01-43-30-SF-00
XT01-PL-02-1621181289530
XT01-06-PL-02-26-38-SF-00
Analyzed Maps: 2353
XT01-98-AM-2353
XT01-05-PL-03-44-30-SF-00
XT01-PL-03-1621181291040
XT01-06-PL-03-44-30-SF-00
XT01-PL-01-1621181292128
XT01-06-PL-01-45-30-SF-00
XT01-PL-02-1621181306318
XT01-06-PL-02-46-30-SF-00
Analyzed Maps: 4098
XT01-98-AM-4098
XT01-05-PL-03-26-35-SF-00
XT01-PL-03-1621181308884
XT01-06-PL-03-26-35-SF-00
XT01-PL-01-1621181310052
XT01-06-PL-01-24-33-SF-00
XT01-PL-02-1621181323362
XT01-06-PL-02-24-34-SF-00
Analyzed Maps: 5459
XT01-98-AM-5459
XT01-05-PL-03-25-35-SF-00
XT01-PL-03-1621181326737
XT01-06-PL-03-25-35-SF-00
XT01-PL-01-1621181327964
XT01-06-PL-01-24-32-SF-00
XT01-PL-02-1621181339394
XT01-06-PL-02-23-33-SF-00
Analyzed Maps: 4003
XT01-98-AM-4003
XT01-05-PL-03-23-32-SF-00
XT01-PL-03-1621181341853
XT01-06-PL-03-23-32-SF-00
XT01-PL-01-1621181344082
XT01-06-PL-01-41-27-SF-00
XT01-PL-02-1621181359453
XT01-06-PL-02-23-30-SF-00
Analyzed Maps: 4202
XT01-98-AM-4202
XT01-05-PL-03-41-34-SF-00
XT01-PL-03-1621181362063
XT01-06-PL-03-41-34-SF-00
XT01-PL-01-1621181363911
XT01-06-PL-01-22-32-SF-00
XT01-PL-02-1621181378415
XT01-06-PL-02-42-34-SF-00
Analyzed Maps: 5452
XT01-98-AM-5452
XT01-05-PL-03-21-32-SF-00
XT01-PL-03-1621181381761
XT01-06-PL-03-21-32-SF-00
XT01-PL-01-1621181385080
XT01-06-PL-01-21-28-SF-00
XT01-PL-02-1621181401004
XT01-06-PL-02-20-32-SF-00
Analyzed Maps: 2882
XT01-98-AM-2882
XT01-05-PL-03-20-28-SF-00
XT01-PL-03-1621181402792
XT01-06-PL-03-20-28-SF-00
XT01-PL-01-1621181405411
XT01-06-PL-01-43-34-SF-00
XT01-PL-02-1621181420967
XT01-06-PL-02-39-26-SF-00
Analyzed Maps: 4238
XT01-98-AM-4238
XT01-05-PL-03-44-35-SF-00
XT01-PL-03-1621181423609
XT01-06-PL-03-44-35-SF-00
XT01-PL-01-1621181426148
XT01-06-PL-01-42-29-SF-00
XT01-PL-02-1621181441762
XT01-06-PL-02-44-34-SF-00
Analyzed Maps: 1939
XT01-98-AM-1939
XT01-05-PL-03-43-28-SF-00
XT01-PL-03-1621181443048
XT01-06-PL-03-43-28-SF-00
XT01-PL-01-1621181446660
XT01-06-PL-01-40-25-SF-00
XT01-PL-02-1621181460553
XT01-06-PL-02-41-24-SF-00
Analyzed Maps: 5797
XT01-98-AM-5797
XT01-05-PL-03-42-28-SF-00
XT01-PL-03-1621181464009
XT01-06-PL-03-42-28-SF-00
XT01-PL-01-1621181466090
XT01-06-PL-01-19-32-SF-00
XT01-PL-02-1621181479471
XT01-06-PL-02-18-32-SF-00
Analyzed Maps: 7663
XT01-98-AM-7663
XT01-05-PL-03-24-35-SF-00
XT01-PL-03-1621181484076
XT01-06-PL-03-24-35-SF-00
XT01-PL-01-1621181486790
XT01-06-PL-01-22-33-SF-00
XT01-PL-02-1621181501092
XT01-06-PL-02-21-33-SF-00
Analyzed Maps: 8115
XT01-98-AM-8115
XT01-05-PL-03-23-34-SF-00
XT01-PL-03-1621181505915
XT01-06-PL-03-23-34-SF-00
XT01-PL-01-1621181507304
XT01-06-PL-01-20-33-SF-00
XT01-PL-02-1621181521720
XT01-06-PL-02-22-34-SF-00
Analyzed Maps: 9296
XT01-98-AM-9296
XT01-05-PL-03-44-29-SF-00
XT01-PL-03-1621181527010
XT01-06-PL-03-44-29-SF-00
XT01-PL-01-1621181529152
XT01-06-PL-01-44-32-SF-00
XT01-PL-02-1621181545888
XT01-06-PL-02-45-32-SF-00
Analyzed Maps: 7516
XT01-98-AM-7516
XT01-05-PL-03-23-35-SF-00
XT01-PL-03-1621181550176
XT01-06-PL-03-23-35-SF-00
XT01-PL-01-1621181552908
XT01-06-PL-01-22-36-SF-00
XT01-PL-02-1621181569827
XT01-06-PL-02-23-36-SF-00
Analyzed Maps: 5509
XT01-98-AM-5509
XT01-05-PL-03-21-34-SF-00
XT01-PL-03-1621181573005
XT01-06-PL-03-21-34-SF-00
XT01-PL-01-1621181578518
XT01-06-PL-01-20-35-SF-00
XT01-PL-02-1621181598255
XT01-06-PL-02-23-38-SF-00
Analyzed Maps: 17929
XT01-98-AM-17929
XT01-05-PL-03-19-33-SF-00
XT01-PL-03-1621181608287
XT01-06-PL-03-19-33-SF-00
XT01-PL-01-1621181609744
XT01-06-PL-01-18-33-SF-00
XT01-PL-02-1621181628190
XT01-06-PL-02-19-36-SF-00
Analyzed Maps: 4797
XT01-98-AM-4797
XT01-05-PL-03-22-31-SF-00
XT01-PL-03-1621181630976
XT01-06-PL-03-22-31-SF-00
XT01-PL-01-1621181633241
XT01-06-PL-01-45-28-SF-00
XT01-PL-02-1621181655037
XT01-06-PL-02-41-41-SF-00
Analyzed Maps: 8392
XT01-98-AM-8392
XT01-05-PL-03-43-33-SF-00
XT01-PL-03-1621181659858
XT01-06-PL-03-43-33-SF-00
XT01-PL-01-1621181661501
XT01-06-PL-01-44-33-SF-00
XT01-PL-02-1621181684770
XT01-06-PL-02-43-31-SF-00
Analyzed Maps: 9121
XT01-98-AM-9121
XT01-05-PL-03-42-35-SF-00
XT01-PL-03-1621181689943
XT01-06-PL-03-42-35-SF-00
XT01-PL-01-1621181694377
XT01-06-PL-01-24-36-SF-00
XT01-PL-02-1621181718376
XT01-06-PL-02-22-35-SF-00
Analyzed Maps: 2146
XT01-98-AM-2146
XT01-05-PL-03-21-35-SF-00
XT01-PL-03-1621181719689
XT01-06-PL-03-21-35-SF-00
XT01-PL-01-1621181721697
XT01-06-PL-01-45-34-SF-00
XT01-PL-02-1621181748508
XT01-06-PL-02-46-34-SF-00
Analyzed Maps: 7746
XT01-98-AM-7746
XT01-05-PL-03-43-35-SF-00
XT01-PL-03-1621181752916
XT01-06-PL-03-43-35-SF-00
XT01-PL-01-1621181756339
XT01-06-PL-01-43-36-SF-00
XT01-PL-02-1621181784534
XT01-06-PL-02-45-33-SF-00
Analyzed Maps: 12493
XT01-98-AM-12493
XT01-05-PL-03-42-42-SF-00
XT01-PL-03-1621181791527
XT01-06-PL-03-42-42-SF-00
XT01-PL-01-1621181793259
XT01-06-PL-01-46-33-SF-00
XT01-PL-02-1621181817804
XT01-06-PL-02-20-34-SF-00
Analyzed Maps: 9081
XT01-98-AM-9081
XT01-05-PL-03-45-36-SF-00
XT01-PL-03-1621181822923
XT01-06-PL-03-45-36-SF-00
XT01-PL-01-1621181825857
XT01-06-PL-01-19-34-SF-00
XT01-PL-02-1621181854558
XT01-06-PL-02-44-31-SF-00
Analyzed Maps: 17260
XT01-98-AM-17260
XT01-05-PL-03-45-31-SF-00
XT01-PL-03-1621181864105
XT01-06-PL-03-45-31-SF-00
XT01-PL-01-1621181883840
XT01-06-PL-01-46-31-SF-00
XT01-PL-02-1621181913694
XT01-06-PL-02-41-35-SF-00
Analyzed Maps: 3994
XT01-98-AM-3994
XT01-05-PL-03-44-27-SF-00
XT01-PL-03-1621181916032
XT01-06-PL-03-44-27-SF-00
XT01-PL-01-1621181925214
XT01-06-PL-01-43-43-SF-00
XT01-PL-02-1621181953993
XT01-06-PL-02-23-31-SF-00
Analyzed Maps: 9034
XT01-98-AM-9034
XT01-05-PL-03-21-36-SF-00
XT01-PL-03-1621181958971
XT01-06-PL-03-21-36-SF-00
XT01-PL-01-1621181961919
XT01-06-PL-01-20-36-SF-00
XT01-PL-02-1621181987430
XT01-06-PL-02-19-35-SF-00
Analyzed Maps: 7795
XT01-98-AM-7795
XT01-05-PL-03-18-36-SF-00
XT01-PL-03-1621181991705
XT01-06-PL-03-18-36-SF-00
XT01-PL-01-1621181993520
XT01-06-PL-01-17-36-SF-00
XT01-PL-02-1621182021906
XT01-06-PL-02-45-29-SF-00
Analyzed Maps: 8069
XT01-98-AM-8069
XT01-05-PL-03-16-36-SF-00
XT01-PL-03-1621182026390
XT01-06-PL-03-16-36-SF-00
XT01-PL-01-1621182029985
XT01-06-PL-01-17-37-SF-00
XT01-PL-02-1621182059010
XT01-06-PL-02-47-33-SF-00
Analyzed Maps: 14524
XT01-98-AM-14524
XT01-05-PL-03-41-36-SF-00
XT01-PL-03-1621182066937
XT01-06-PL-03-41-36-SF-00
XT01-PL-01-1621182070057
XT01-06-PL-01-22-38-SF-00
XT01-PL-02-1621182096804
XT01-06-PL-02-45-24-SF-00
Analyzed Maps: 11171
XT01-98-AM-11171
XT01-05-PL-03-18-34-SF-00
XT01-PL-03-1621182102940
XT01-06-PL-03-18-34-SF-00
XT01-PL-01-1621182104729
XT01-06-PL-01-17-34-SF-00
XT01-PL-02-1621182130575
XT01-06-PL-02-21-38-SF-00
Analyzed Maps: 8633
XT01-98-AM-8633
XT01-05-PL-03-21-37-SF-00
XT01-PL-03-1621182135317
XT01-06-PL-03-21-37-SF-00
XT01-PL-01-1621182138258
XT01-06-PL-01-20-38-SF-00
XT01-PL-02-1621182164611
XT01-06-PL-02-20-37-SF-00
Analyzed Maps: 3979
XT01-98-AM-3979
XT01-05-PL-03-19-37-SF-00
XT01-PL-03-1621182166872
XT01-06-PL-03-19-37-SF-00
XT01-PL-01-1621182168757
XT01-06-PL-01-18-37-SF-00
XT01-PL-02-1621182194322
XT01-06-PL-02-17-38-SF-00
Analyzed Maps: 7298
XT01-98-AM-7298
XT01-05-PL-03-16-37-SF-00
XT01-PL-03-1621182198301
XT01-06-PL-03-16-37-SF-00
XT01-PL-01-1621182200447
XT01-06-PL-01-18-38-SF-00
XT01-PL-02-1621182227890
XT01-06-PL-02-17-35-SF-00
Analyzed Maps: 4442
XT01-98-AM-4442
XT01-05-PL-03-21-31-SF-00
XT01-PL-03-1621182230387
XT01-06-PL-03-21-31-SF-00
XT01-PL-01-1621182232659
XT01-06-PL-01-21-30-SF-00
XT01-PL-02-1621182261964
XT01-06-PL-02-18-35-SF-00
Analyzed Maps: 9570
XT01-98-AM-9570
XT01-05-PL-03-43-27-SF-00
XT01-PL-03-1621182267211
XT01-06-PL-03-43-27-SF-00
XT01-PL-01-1621182269593
XT01-06-PL-01-45-27-SF-00
XT01-PL-02-1621182301632
XT01-06-PL-02-42-36-SF-00
Analyzed Maps: 5128
XT01-98-AM-5128
XT01-05-PL-03-46-27-SF-21
XT01-PL-03-1621182304471
XT01-06-PL-03-46-27-SF-21
XT01-PL-01-1621182315480
XT01-06-PL-01-44-36-SF-00
XT01-PL-02-1621182346071
XT01-06-PL-02-46-26-SF-00
Analyzed Maps: 6100
XT01-98-AM-6100
XT01-05-PL-03-46-32-SF-00
XT01-PL-03-1621182349432
XT01-06-PL-03-46-32-SF-00
XT01-PL-01-1621182353586
XT01-06-PL-01-45-26-SF-00
XT01-PL-02-1621182388476
XT01-06-PL-02-46-29-SF-00
Analyzed Maps: 10104
XT01-98-AM-10104
XT01-05-PL-03-47-25-SF-00
XT01-PL-03-1621182393966
XT01-06-PL-03-47-25-SF-00
XT01-PL-01-1621182396753
XT01-06-PL-01-42-26-SF-00
XT01-PL-02-1621182430735
XT01-06-PL-02-42-25-SF-00
Analyzed Maps: 2400
XT01-98-AM-2400
XT01-05-PL-03-45-35-SF-00
XT01-PL-03-1621182432125
XT01-06-PL-03-45-35-SF-00
XT01-PL-01-1621182437848
XT01-06-PL-01-47-34-SF-00
XT01-PL-02-1621182470509
XT01-06-PL-02-44-37-SF-00
Analyzed Maps: 3903
XT01-98-AM-3903
XT01-05-PL-03-43-24-SF-00
XT01-PL-03-1621182472676
XT01-06-PL-03-43-24-SF-00
XT01-PL-01-1621182507217
XT01-06-PL-01-45-25-SF-00
XT01-PL-02-1621182542896
XT01-06-PL-02-21-39-SF-00
Analyzed Maps: 8817
XT01-98-AM-8817
XT01-05-PL-03-18-24-SF-00
XT01-PL-03-1621182547613
XT01-06-PL-03-18-24-SF-00
XT01-PL-01-1621182578655
XT01-06-PL-01-22-30-SF-00
XT01-PL-02-1621182610672
XT01-06-PL-02-45-37-SF-00
Analyzed Maps: 4632
XT01-98-AM-4632
XT01-05-PL-03-21-29-SF-00
XT01-PL-03-1621182613238
XT01-06-PL-03-21-29-SF-00
XT01-PL-01-1621182628627
XT01-06-PL-01-20-29-SF-00
XT01-PL-02-1621182657592
XT01-06-PL-02-20-30-SF-00
Analyzed Maps: 4880
XT01-98-AM-4880
XT01-05-PL-03-19-29-SF-00
XT01-PL-03-1621182660259
XT01-06-PL-03-19-29-SF-00
XT01-PL-01-1621182666006
XT01-06-PL-01-18-29-SF-00
XT01-PL-02-1621182695349
XT01-06-PL-02-20-31-SF-00
Analyzed Maps: 4220
XT01-98-AM-4220
XT01-05-PL-03-46-35-SF-00
XT01-PL-03-1621182697658
XT01-06-PL-03-46-35-SF-00
XT01-PL-01-1621182704992
XT01-06-PL-01-46-36-SF-00
XT01-PL-02-1621182734833
XT01-06-PL-02-42-37-SF-00
Analyzed Maps: 8143
XT01-98-AM-8143
XT01-05-PL-03-19-31-SF-00
XT01-PL-03-1621182739171
XT01-06-PL-03-19-31-SF-00
XT01-PL-01-1621182741080
XT01-06-PL-01-18-31-SF-21
XT01-PL-02-1621182766497
XT01-06-PL-02-17-31-SF-00
Analyzed Maps: 8292
XT01-98-AM-8292
XT01-05-PL-03-47-35-SF-00
XT01-PL-03-1621182770853
XT01-06-PL-03-47-35-SF-00
XT01-PL-01-1621182793911
XT01-06-PL-01-28-36-SF-00
XT01-PL-02-1621182820296
XT01-06-PL-02-17-29-SF-00
Analyzed Maps: 4797
XT01-98-AM-4797
XT01-05-PL-03-16-35-SF-00
XT01-PL-03-1621182822902
XT01-06-PL-03-16-35-SF-00
XT01-PL-01-1621182850615
XT01-06-PL-01-44-26-SF-00
XT01-PL-02-1621182877733
XT01-06-PL-02-44-24-SF-00
Analyzed Maps: 7138
XT01-98-AM-7138
XT01-05-PL-03-47-29-SF-00
XT01-PL-03-1621182881508
XT01-06-PL-03-47-29-SF-00
XT01-PL-01-1621182903745
XT01-06-PL-01-19-30-SF-00
XT01-PL-02-1621182924057
XT01-06-PL-02-48-29-SF-00
Analyzed Maps: 3672
XT01-98-AM-3672
XT01-05-PL-03-18-30-SF-00
XT01-PL-03-1621182926078
XT01-06-PL-03-18-30-SF-00
XT01-PL-01-1621182965057
XT01-06-PL-01-43-38-SF-00
XT01-PL-02-1621182989671
XT01-06-PL-02-48-36-SF-00
Analyzed Maps: 4584
XT01-98-AM-4584
XT01-05-PL-03-49-29-SF-00
XT01-PL-03-1621182992094
XT01-06-PL-03-49-29-SF-00
XT01-PL-01-1621182998828
XT01-06-PL-01-17-30-SF-00
XT01-PL-02-1621183022558
XT01-06-PL-02-43-25-SF-00
Analyzed Maps: 2415
XT01-98-AM-2415
XT01-05-PL-03-44-39-SF-00
XT01-PL-03-1621183023916
XT01-06-PL-03-44-39-SF-00
XT01-PL-01-1621183030074
XT01-06-PL-01-45-23-SF-00
XT01-PL-02-1621183055827
XT01-06-PL-02-17-24-SF-00
Analyzed Maps: 11008
XT01-98-AM-11008
XT01-05-PL-03-46-24-SF-00
XT01-PL-03-1621183061528
XT01-06-PL-03-46-24-SF-00
XT01-PL-01-1621183086360
XT01-06-PL-01-45-38-SF-00
XT01-PL-02-1621183112723
XT01-06-PL-02-15-24-SF-00
Analyzed Maps: 8199
XT01-98-AM-8199
XT01-05-PL-03-47-23-SF-00
XT01-PL-03-1621183116937
XT01-06-PL-03-47-23-SF-00
XT01-PL-01-1621183125127
XT01-06-PL-01-45-39-SF-00
XT01-PL-02-1621183152532
XT01-06-PL-02-16-29-SF-00
Analyzed Maps: 8078
XT01-98-AM-8078
XT01-05-PL-03-17-32-SF-00
XT01-PL-03-1621183156699
XT01-06-PL-03-17-32-SF-00
XT01-PL-01-1621183166104
XT01-06-PL-01-14-24-SF-00
XT01-PL-02-1621183189384
XT01-06-PL-02-43-37-SF-00
Analyzed Maps: 4450
XT01-98-AM-4450
XT01-05-PL-03-44-38-SF-00
XT01-PL-03-1621183191704
XT01-06-PL-03-44-38-SF-00
XT01-PL-01-1621183214990
XT01-06-PL-01-16-39-SF-00
XT01-PL-02-1621183236495
XT01-06-PL-02-49-37-SF-00
Analyzed Maps: 6572
XT01-98-AM-6572
XT01-05-PL-03-47-32-SF-00
XT01-PL-03-1621183239891
XT01-06-PL-03-47-32-SF-00
XT01-PL-01-1621183250416
XT01-06-PL-01-16-30-SF-00
XT01-PL-02-1621183270253
XT01-06-PL-02-47-30-SF-00
Analyzed Maps: 12416
XT01-98-AM-12416
XT01-05-PL-03-15-30-SF-00
XT01-PL-03-1621183276533
XT01-06-PL-03-15-30-SF-00
XT01-PL-01-1621183299910
XT01-06-PL-01-48-33-SF-00
XT01-PL-02-1621183323219
XT01-06-PL-02-17-33-SF-00
Analyzed Maps: 11470
XT01-98-AM-11470
XT01-05-PL-03-19-38-SF-00
XT01-PL-03-1621183329010
XT01-06-PL-03-19-38-SF-00
XT01-PL-01-1621183345272
XT01-06-PL-01-16-33-SF-00
XT01-PL-02-1621183366626
XT01-06-PL-02-17-39-SF-00
Analyzed Maps: 8978
XT01-98-AM-8978
XT01-05-PL-03-15-32-SF-00
XT01-PL-03-1621183371137
XT01-06-PL-03-15-32-SF-00
XT01-PL-01-1621183378806
XT01-06-PL-01-18-39-SF-00
XT01-PL-02-1621183399380
XT01-06-PL-02-19-39-SF-00
Analyzed Maps: 3437
XT01-98-AM-3437
XT01-05-PL-03-18-40-SF-00
XT01-PL-03-1621183401189
XT01-06-PL-03-18-40-SF-00
XT01-PL-01-1621183418805
XT01-06-PL-01-19-40-SF-00
XT01-PL-02-1621183441697
XT01-06-PL-02-19-41-SF-00
Analyzed Maps: 7732
XT01-98-AM-7732
XT01-05-PL-03-20-39-SF-00
XT01-PL-03-1621183445629
XT01-06-PL-03-20-39-SF-00
XT01-PL-01-1621183463388
XT01-06-PL-01-17-41-SF-00
XT01-PL-02-1621183485528
XT01-06-PL-02-21-40-SF-00
Analyzed Maps: 1795
XT01-98-AM-1795
XT01-05-PL-03-20-40-SF-00
XT01-PL-03-1621183486588
XT01-06-PL-03-20-40-SF-00
XT01-PL-01-1621183498510
XT01-06-PL-01-21-41-SF-00
XT01-PL-02-1621183519298
XT01-06-PL-02-20-41-SF-00
Analyzed Maps: 4855
XT01-98-AM-4855
XT01-05-PL-03-16-38-SF-00
XT01-PL-03-1621183521801
XT01-06-PL-03-16-38-SF-00
XT01-PL-01-1621183539334
XT01-06-PL-01-16-32-SF-00
XT01-PL-02-1621183556941
XT01-06-PL-02-15-38-SF-00
Analyzed Maps: 7224
XT01-98-AM-7224
XT01-05-PL-03-15-37-SF-00
XT01-PL-03-1621183560575
XT01-06-PL-03-15-37-SF-00
XT01-PL-01-1621183582954
XT01-06-PL-01-14-38-SF-00
XT01-PL-02-1621183597407
XT01-06-PL-02-15-31-SF-00
Analyzed Maps: 5623
XT01-98-AM-5623
XT01-05-PL-03-16-31-SF-00
XT01-PL-03-1621183600219
XT01-06-PL-03-16-31-SF-00
XT01-PL-01-1621183623369
XT01-06-PL-01-14-39-SF-00
XT01-PL-02-1621183638673
XT01-06-PL-02-46-23-SF-00
Analyzed Maps: 3461
XT01-98-AM-3461
XT01-05-PL-03-47-22-SF-00
XT01-PL-03-1621183640450
XT01-06-PL-03-47-22-SF-00
XT01-PL-01-1621183662774
XT01-06-PL-01-14-31-SF-00
XT01-PL-02-1621183677831
XT01-06-PL-02-46-25-SF-00
Analyzed Maps: 5820
XT01-98-AM-5820
XT01-05-PL-03-47-24-SF-00
XT01-PL-03-1621183680733
XT01-06-PL-03-47-24-SF-00
XT01-PL-01-1621183703088
XT01-06-PL-01-18-41-SF-00
XT01-PL-02-1621183717084
XT01-06-PL-02-48-23-SF-00
Analyzed Maps: 4589
XT01-98-AM-4589
XT01-05-PL-03-13-31-SF-00
XT01-PL-03-1621183719373
XT01-06-PL-03-13-31-SF-00
XT01-PL-01-1621183725229
XT01-06-PL-01-49-22-SF-00
XT01-PL-02-1621183741397
XT01-06-PL-02-12-31-SF-00
Analyzed Maps: 4892
XT01-98-AM-4892
XT01-05-PL-03-49-28-SF-00
XT01-PL-03-1621183743865
XT01-06-PL-03-49-28-SF-00
XT01-PL-01-1621183764765
XT01-06-PL-01-15-39-SF-00
XT01-PL-02-1621183778374
XT01-06-PL-02-46-28-SF-00
Analyzed Maps: 4775
XT01-98-AM-4775
XT01-05-PL-03-17-40-SF-00
XT01-PL-03-1621183780748
XT01-06-PL-03-17-40-SF-00
XT01-PL-01-1621183787239
XT01-06-PL-01-46-22-SF-00
XT01-PL-02-1621183801430
XT01-06-PL-02-45-22-SF-00
Analyzed Maps: 7626
XT01-98-AM-7626
XT01-05-PL-03-18-42-SF-00
XT01-PL-03-1621183805139
XT01-06-PL-03-18-42-SF-00
XT01-PL-01-1621183823564
XT01-06-PL-01-14-30-SF-00
XT01-PL-02-1621183840415
XT01-06-PL-02-48-32-SF-00
Analyzed Maps: 3436
XT01-98-AM-3436
XT01-05-PL-03-47-31-SF-00
XT01-PL-03-1621183842153
XT01-06-PL-03-47-31-SF-00
XT01-PL-01-1621183848013
XT01-06-PL-01-49-32-SF-00
XT01-PL-02-1621183863420
XT01-06-PL-02-48-31-SF-00
Analyzed Maps: 3152
XT01-98-AM-3152
XT01-05-PL-03-49-31-SF-00
XT01-PL-03-1621183865031
XT01-06-PL-03-49-31-SF-00
XT01-PL-01-1621183878266
XT01-06-PL-01-49-30-SF-00
XT01-PL-02-1621183891234
XT01-06-PL-02-49-33-SF-00
Analyzed Maps: 2873
XT01-98-AM-2873
XT01-05-PL-03-48-22-SF-00
XT01-PL-03-1621183892659
XT01-06-PL-03-48-22-SF-00
XT01-PL-01-1621183922473
XT01-06-PL-01-48-34-SF-00
XT01-PL-02-1621183935185
XT01-06-PL-02-49-27-SF-00
Analyzed Maps: 2537
XT01-98-AM-2537
XT01-05-PL-03-47-36-SF-00
XT01-PL-03-1621183936473
XT01-06-PL-03-47-36-SF-00
XT01-PL-01-1621183968326
XT01-06-PL-01-49-21-SF-00
XT01-PL-02-1621183978183
XT01-06-PL-02-18-43-SF-00
Analyzed Maps: 4996
XT01-98-AM-4996
XT01-05-PL-03-29-18-SF-00
XT01-PL-03-1621183980574
XT01-06-PL-03-29-18-SF-00
XT01-PL-01-1621184008387
XT01-06-PL-01-16-40-SF-00
XT01-PL-02-1621184016442
XT01-06-PL-02-49-34-SF-00
Analyzed Maps: 1355
XT01-98-AM-1355
XT01-05-PL-03-48-30-SF-00
XT01-PL-03-1621184017177
XT01-06-PL-03-48-30-SF-00
XT01-PL-01-1621184042821
XT01-06-PL-01-46-37-SF-00
XT01-PL-02-1621184048806
XT01-06-PL-02-48-28-SF-00
Analyzed Maps: 1968
XT01-98-AM-1968
XT01-05-PL-03-47-28-SF-00
XT01-PL-03-1621184049848
XT01-06-PL-03-47-28-SF-00
XT01-PL-01-1621184074365
XT01-06-PL-01-47-27-SF-00
XT01-PL-02-1621184079727
XT01-06-PL-02-46-21-SF-00
Analyzed Maps: 1689
XT01-98-AM-1689
XT01-05-PL-03-49-35-SF-21
XT01-PL-03-1621184080636
XT01-06-PL-03-49-35-SF-21
XT01-PL-01-1621184092923
XT01-06-PL-01-46-20-SF-00
XT01-PL-02-1621184097866
XT01-06-PL-02-49-36-SF-00
Analyzed Maps: 1110
XT01-98-AM-1110
XT01-05-PL-03-48-35-SF-00
XT01-PL-03-1621184098518
XT01-06-PL-03-48-35-SF-00
XT01-PL-01-1621184114884
XT01-06-PL-01-48-37-SF-00
XT01-PL-02-1621184118576
XT01-06-PL-02-48-27-SF-00
Analyzed Maps: 812
XT01-98-AM-812
XT01-05-PL-03-47-26-SF-00
XT01-PL-03-1621184119071
XT01-06-PL-03-47-26-SF-00
XT01-PL-01-1621184129842
XT01-06-PL-01-48-26-SF-00
XT01-PL-02-1621184133493
XT01-06-PL-02-48-25-SF-00
Analyzed Maps: 1222
XT01-98-AM-1222
XT01-05-PL-03-49-24-SF-00
XT01-PL-03-1621184134159
XT01-06-PL-03-49-24-SF-00
XT01-PL-01-1621184150156
XT01-06-PL-01-30-17-SF-00
XT01-PL-02-1621184153008
XT01-06-PL-02-49-25-SF-00
Analyzed Maps: 2003
XT01-98-AM-2003
XT01-05-PL-03-49-26-SF-00
XT01-PL-03-1621184154033
XT01-06-PL-03-49-26-SF-00
XT01-PL-01-1621184168651
XT01-06-PL-01-17-43-SF-00
XT01-PL-02-1621184170786
XT01-06-PL-02-19-42-SF-00
Analyzed Maps: 540
XT01-98-AM-540
XT01-05-PL-03-13-30-SF-00
XT01-PL-03-1621184171149
XT01-06-PL-03-13-30-SF-00
XT01-PL-01-1621184184408
XT01-06-PL-01-12-30-SF-00
XT01-PL-02-1621184186198
XT01-06-PL-02-48-24-SF-00
Analyzed Maps: 897
XT01-98-AM-897
XT01-05-PL-03-49-38-SF-00
XT01-PL-03-1621184186706
XT01-06-PL-03-49-38-SF-00
XT01-PL-01-1621184198676
XT01-06-PL-01-49-23-SF-00
XT01-PL-02-1621184200177
XT01-06-PL-02-47-37-SF-00
Analyzed Maps: 579
XT01-98-AM-579
XT01-05-PL-03-49-20-SF-00
XT01-PL-03-1621184200552
XT01-06-PL-03-49-20-SF-00
XT01-PL-01-1621184210024
XT01-06-PL-01-47-38-SF-00
XT01-PL-02-1621184211400
XT01-06-PL-02-17-42-SF-00
Analyzed Maps: 1360
XT01-98-AM-1360
XT01-05-PL-03-13-24-SF-00
XT01-PL-03-1621184212087
XT01-06-PL-03-13-24-SF-00
XT01-PL-01-1621184225913
XT01-06-PL-01-16-41-SF-00
XT01-PL-02-1621184227346
XT01-06-PL-02-31-16-SF-00
Analyzed Maps: 667
XT01-98-AM-667
XT01-05-PL-03-17-22-SF-00
XT01-PL-03-1621184227750
XT01-06-PL-03-17-22-SF-00
XT01-PL-01-1621184233453
XT01-06-PL-01-32-15-SF-00
XT01-PL-02-1621184234606
XT01-06-PL-02-45-43-SF-00
Analyzed Maps: 811
XT01-98-AM-811
XT01-05-PL-03-16-43-SF-00
XT01-PL-03-1621184235068
XT01-06-PL-03-16-43-SF-00
XT01-PL-01-1621184245893
XT01-06-PL-01-12-24-SF-00
XT01-PL-02-1621184247756
XT01-06-PL-02-45-45-SF-00
Analyzed Maps: 288
XT01-98-AM-288
XT01-05-PL-03-11-24-SF-00
XT01-PL-03-1621184248009
XT01-06-PL-03-11-24-SF-00
XT01-PL-01-1621184258168
XT01-06-PL-01-17-44-SF-00
XT01-PL-02-1621184259558
XT01-06-PL-02-15-44-SF-00
Analyzed Maps: 942
XT01-98-AM-942
XT01-05-PL-03-16-42-SF-00
XT01-PL-03-1621184260065
XT01-06-PL-03-16-42-SF-00
XT01-PL-01-1621184269166
XT01-06-PL-01-15-43-SF-00
XT01-PL-02-1621184270387
XT01-06-PL-02-14-44-SF-00
Analyzed Maps: 608
XT01-98-AM-608
XT01-05-PL-03-13-45-SF-00
XT01-PL-03-1621184270768
XT01-06-PL-03-13-45-SF-00
XT01-PL-01-1621184285535
XT01-06-PL-01-15-42-SF-00
XT01-PL-02-1621184287020
XT01-06-PL-02-16-44-SF-00
Analyzed Maps: 1112
XT01-98-AM-1112
XT01-05-PL-03-14-45-SF-00
XT01-PL-03-1621184287640
XT01-06-PL-03-14-45-SF-00
XT01-PL-01-1621184294021
XT01-06-PL-01-15-45-SF-00
XT01-PL-02-1621184295943
XT01-06-PL-02-13-46-SF-00
Analyzed Maps: 741
XT01-98-AM-741
XT01-05-PL-03-14-46-SF-00
XT01-PL-03-1621184296382
XT01-06-PL-03-14-46-SF-00
XT01-PL-01-1621184307108
XT01-06-PL-01-13-44-SF-00
XT01-PL-02-1621184309599
XT01-06-PL-02-15-40-SF-21
Analyzed Maps: 954
XT01-98-AM-954
XT01-05-PL-03-14-43-SF-00
XT01-PL-03-1621184310114
XT01-06-PL-03-14-43-SF-00
XT01-PL-01-1621184323824
XT01-06-PL-01-15-41-SF-00
XT01-PL-02-1621184326215
XT01-06-PL-02-14-42-SF-00
Analyzed Maps: 2257
XT01-98-AM-2257
XT01-05-PL-03-14-40-SF-00
XT01-PL-03-1621184327310
XT01-06-PL-03-14-40-SF-00
XT01-PL-01-1621184338779
XT01-06-PL-01-13-43-SF-00
XT01-PL-02-1621184341809
XT01-06-PL-02-12-46-SF-00
Analyzed Maps: 1708
XT01-98-AM-1708
XT01-05-PL-03-11-47-SF-00
XT01-PL-03-1621184342644
XT01-06-PL-03-11-47-SF-00
XT01-PL-01-1621184349028
XT01-06-PL-01-13-41-SF-00
XT01-PL-02-1621184351467
XT01-06-PL-02-16-45-SF-00
Analyzed Maps: 1305
XT01-98-AM-1305
XT01-05-PL-03-13-39-SF-00
XT01-PL-03-1621184352172
XT01-06-PL-03-13-39-SF-00
XT01-PL-01-1621184357816
XT01-06-PL-01-12-40-SF-00
XT01-PL-02-1621184360620
XT01-06-PL-02-12-39-SF-00
Analyzed Maps: 1052
XT01-98-AM-1052
XT01-05-PL-03-13-40-SF-00
XT01-PL-03-1621184361192
XT01-06-PL-03-13-40-SF-00
XT01-PL-01-1621184367086
XT01-06-PL-01-12-41-SF-00
XT01-PL-02-1621184370416
XT01-06-PL-02-33-14-SF-00
Analyzed Maps: 1773
XT01-98-AM-1773
XT01-05-PL-03-11-42-SF-00
XT01-PL-03-1621184371290
XT01-06-PL-03-11-42-SF-00
XT01-PL-01-1621184377985
XT01-06-PL-01-34-13-SF-00
XT01-PL-02-1621184381531
XT01-06-PL-02-14-41-SF-00
Analyzed Maps: 1246
XT01-98-AM-1246
XT01-05-PL-03-09-42-SF-00
XT01-PL-03-1621184382166
XT01-06-PL-03-09-42-SF-00
XT01-PL-01-1621184396053
XT01-06-PL-01-16-46-SF-00
XT01-PL-02-1621184399274
XT01-06-PL-02-10-48-SF-00
Analyzed Maps: 773
XT01-98-AM-773
XT01-05-PL-03-09-49-SF-00
XT01-PL-03-1621184399756
XT01-06-PL-03-09-49-SF-00
XT01-PL-01-1621184425387
XT01-06-PL-01-14-47-SF-00
XT01-PL-02-1621184428615
XT01-06-PL-02-14-48-SF-00
Analyzed Maps: 2421
XT01-98-AM-2421
XT01-05-PL-03-12-45-SF-00
XT01-PL-03-1621184429757
XT01-06-PL-03-12-45-SF-00
XT01-PL-01-1621184435669
XT01-06-PL-01-11-46-SF-00
XT01-PL-02-1621184439434
XT01-06-PL-02-09-44-SF-21
Analyzed Maps: 1786
XT01-98-AM-1786
XT01-05-PL-03-10-45-SF-00
XT01-PL-03-1621184440344
XT01-06-PL-03-10-45-SF-00
XT01-PL-01-1621184500950
XT01-06-PL-01-11-39-SF-00
XT01-PL-02-1621184505058
XT01-06-PL-02-10-47-SF-00
Analyzed Maps: 2321
XT01-98-AM-2321
XT01-05-PL-03-09-48-SF-00
XT01-PL-03-1621184506165
XT01-06-PL-03-09-48-SF-00
XT01-PL-01-1621184514310
XT01-06-PL-01-13-42-SF-00
XT01-PL-02-1621184517464
XT01-06-PL-02-10-39-SF-00
Analyzed Maps: 3048
XT01-98-AM-3048
XT01-05-PL-03-09-39-SF-00
XT01-PL-03-1621184518843
XT01-06-PL-03-09-39-SF-00
XT01-PL-01-1621184537887
XT01-06-PL-01-13-47-SF-00
XT01-PL-02-1621184541593
XT01-06-PL-02-11-44-SF-00
Analyzed Maps: 1504
XT01-98-AM-1504
XT01-05-PL-03-12-47-SF-00
XT01-PL-03-1621184542375
XT01-06-PL-03-12-47-SF-00
XT01-PL-01-1621184567954
XT01-06-PL-01-10-46-SF-00
XT01-PL-02-1621184574053
XT01-06-PL-02-11-48-SF-00
Analyzed Maps: 3289
XT01-98-AM-3289
XT01-05-PL-03-13-48-SF-00
XT01-PL-03-1621184575570
XT01-06-PL-03-13-48-SF-00
XT01-PL-01-1621184587436
XT01-06-PL-01-12-42-SF-00
XT01-PL-02-1621184591507
XT01-06-PL-02-08-39-SF-00
Analyzed Maps: 2715
XT01-98-AM-2715
XT01-05-PL-03-11-45-SF-00
XT01-PL-03-1621184592774
XT01-06-PL-03-11-45-SF-00
XT01-PL-01-1621184605374
XT01-06-PL-01-10-41-SF-00
XT01-PL-02-1621184609840
XT01-06-PL-02-08-43-SF-00
Analyzed Maps: 1573
XT01-98-AM-1573
XT01-05-PL-03-12-44-SF-00
XT01-PL-03-1621184610648
XT01-06-PL-03-12-44-SF-00
XT01-PL-01-1621184617358
XT01-06-PL-01-12-48-SF-00
XT01-PL-02-1621184622510
XT01-06-PL-02-09-47-SF-00
Analyzed Maps: 3565
XT01-98-AM-3565
XT01-05-PL-03-15-47-SF-00
XT01-PL-03-1621184624096
XT01-06-PL-03-15-47-SF-00
XT01-PL-01-1621184686409
XT01-06-PL-01-12-43-SF-00
XT01-PL-02-1621184692074
XT01-06-PL-02-09-40-SF-00
Analyzed Maps: 3239
XT01-98-AM-3239
XT01-05-PL-03-08-45-SF-00
XT01-PL-03-1621184693500
XT01-06-PL-03-08-45-SF-00
XT01-PL-01-1621184719637
XT01-06-PL-01-15-48-SF-00
XT01-PL-02-1621184724547
XT01-06-PL-02-46-39-SF-00
Analyzed Maps: 2626
XT01-98-AM-2626
XT01-05-PL-03-46-38-SF-00
XT01-PL-03-1621184725784
XT01-06-PL-03-46-38-SF-00
XT01-PL-01-1621184733895
XT01-06-PL-01-48-38-SF-00
XT01-PL-02-1621184738526
XT01-06-PL-02-16-47-SF-00
Analyzed Maps: 3277
XT01-98-AM-3277
XT01-05-PL-03-47-40-SF-00
XT01-PL-03-1621184739942
XT01-06-PL-03-47-40-SF-00
XT01-PL-01-1621184763419
XT01-06-PL-01-17-47-SF-00
XT01-PL-02-1621184766779
XT01-06-PL-02-08-48-SF-00
Analyzed Maps: 1232
XT01-98-AM-1232
XT01-05-PL-03-09-46-SF-21
XT01-PL-03-1621184767426
XT01-06-PL-03-09-46-SF-21
XT01-PL-01-1621184774132
XT01-06-PL-01-08-47-SF-00
XT01-PL-02-1621184777516
XT01-06-PL-02-08-44-SF-00
Analyzed Maps: 2589
XT01-98-AM-2589
XT01-05-PL-03-31-21-SF-00
XT01-PL-03-1621184778659
XT01-06-PL-03-31-21-SF-00
XT01-PL-01-1621184859725
XT01-06-PL-01-07-44-SF-00
XT01-PL-02-1621184863410
XT01-06-PL-02-07-46-SF-00
Analyzed Maps: 1813
XT01-98-AM-1813
XT01-05-PL-03-06-47-SF-00
XT01-PL-03-1621184864275
XT01-06-PL-03-06-47-SF-00
XT01-PL-01-1621184892229
XT01-06-PL-01-07-43-SF-00
XT01-PL-02-1621184895652
XT01-06-PL-02-06-43-SF-00
Analyzed Maps: 4246
XT01-98-AM-4246
XT01-05-PL-03-07-39-SF-00
XT01-PL-03-1621184897472
XT01-06-PL-03-07-39-SF-00
XT01-PL-01-1621184998262
XT01-06-PL-01-10-40-SF-00
XT01-PL-02-1621185002665
XT01-06-PL-02-11-41-SF-00
Analyzed Maps: 2495
XT01-98-AM-2495
XT01-05-PL-03-16-48-SF-00
XT01-PL-03-1621185003791
XT01-06-PL-03-16-48-SF-00
XT01-PL-01-1621185012187
XT01-06-PL-01-06-39-SF-00
XT01-PL-02-1621185016211
XT01-06-PL-02-05-39-SF-00
Analyzed Maps: 3103
XT01-98-AM-3103
XT01-05-PL-03-06-44-SF-00
XT01-PL-03-1621185017562
XT01-06-PL-03-06-44-SF-00
XT01-PL-01-1621185025856
XT01-06-PL-01-05-43-SF-00
XT01-PL-02-1621185029518
XT01-06-PL-02-08-46-SF-00
Analyzed Maps: 2397
XT01-98-AM-2397
XT01-05-PL-03-08-38-SF-00
XT01-PL-03-1621185030546
XT01-06-PL-03-08-38-SF-00
XT01-PL-01-1621185045575
XT01-06-PL-01-05-44-SF-00
XT01-PL-02-1621185048977
XT01-06-PL-02-05-42-SF-00
Analyzed Maps: 2721
XT01-98-AM-2721
XT01-05-PL-03-18-46-SF-00
XT01-PL-03-1621185050162
XT01-06-PL-03-18-46-SF-00
XT01-PL-01-1621185058437
XT01-06-PL-01-47-39-SF-00
XT01-PL-02-1621185062625
XT01-06-PL-02-05-45-SF-00
Analyzed Maps: 2658
XT01-98-AM-2658
XT01-05-PL-03-07-47-SF-00
XT01-PL-03-1621185063758
XT01-06-PL-03-07-47-SF-00
XT01-PL-01-1621185077253
XT01-06-PL-01-17-45-SF-00
XT01-PL-02-1621185080175
XT01-06-PL-02-44-42-SF-00
Analyzed Maps: 1772
XT01-98-AM-1772
XT01-05-PL-03-06-40-SF-00
XT01-PL-03-1621185080980
XT01-06-PL-03-06-40-SF-00
XT01-PL-01-1621185095782
XT01-06-PL-01-08-42-SF-00
XT01-PL-02-1621185098583
XT01-06-PL-02-35-12-SF-00
Analyzed Maps: 3148
XT01-98-AM-3148
XT01-05-PL-03-07-41-SF-00
XT01-PL-03-1621185099920
XT01-06-PL-03-07-41-SF-00
XT01-PL-01-1621185108066
XT01-06-PL-01-36-11-SF-00
XT01-PL-02-1621185111139
XT01-06-PL-02-48-40-SF-00
Analyzed Maps: 1875
XT01-98-AM-1875
XT01-05-PL-03-04-44-SF-00
XT01-PL-03-1621185111969
XT01-06-PL-03-04-44-SF-00
XT01-PL-01-1621185125313
XT01-06-PL-01-03-44-SF-00
XT01-PL-02-1621185128469
XT01-06-PL-02-11-40-SF-00
Analyzed Maps: 3394
XT01-98-AM-3394
XT01-05-PL-03-07-42-SF-00
XT01-PL-03-1621185129891
XT01-06-PL-03-07-42-SF-00
XT01-PL-01-1621185137734
XT01-06-PL-01-08-40-SF-00
XT01-PL-02-1621185140459
XT01-06-PL-02-09-41-SF-00
Analyzed Maps: 3299
XT01-98-AM-3299
XT01-05-PL-03-04-41-SF-00
XT01-PL-03-1621185141854
XT01-06-PL-03-04-41-SF-00
XT01-PL-01-1621185149686
XT01-06-PL-01-06-46-SF-00
XT01-PL-02-1621185151997
XT01-06-PL-02-04-46-SF-00
Analyzed Maps: 2592
XT01-98-AM-2592
XT01-05-PL-03-15-22-SF-00
XT01-PL-03-1621185153077
XT01-06-PL-03-15-22-SF-00
XT01-PL-01-1621185161104
XT01-06-PL-01-04-39-SF-00
XT01-PL-02-1621185162827
XT01-06-PL-02-48-39-SF-00
Analyzed Maps: 1529
XT01-98-AM-1529
XT01-05-PL-03-04-45-SF-00
XT01-PL-03-1621185163528
XT01-06-PL-03-04-45-SF-00
XT01-PL-01-1621185178960
XT01-06-PL-01-04-43-SF-00
XT01-PL-02-1621185180812
XT01-06-PL-02-03-45-SF-00
Analyzed Maps: 1441
XT01-98-AM-1441
XT01-05-PL-03-06-45-SF-00
XT01-PL-03-1621185181489
XT01-06-PL-03-06-45-SF-00
XT01-PL-01-1621185189487
XT01-06-PL-01-05-46-SF-00
XT01-PL-02-1621185190825
XT01-06-PL-02-04-47-SF-00
Analyzed Maps: 1100
XT01-98-AM-1100
XT01-05-PL-03-49-40-SF-00
XT01-PL-03-1621185191349
XT01-06-PL-03-49-40-SF-00
XT01-PL-01-1621185199371
XT01-06-PL-01-06-41-SF-00
XT01-PL-02-1621185200313
XT01-06-PL-02-18-45-SF-00
Analyzed Maps: 308
XT01-98-AM-308
XT01-05-PL-03-09-45-SF-00
XT01-PL-03-1621185200571
XT01-06-PL-03-09-45-SF-00
XT01-PL-01-1621185208879
XT01-06-PL-01-07-45-SF-00
XT01-PL-02-1621185209722
XT01-06-PL-02-05-41-SF-00
Analyzed Maps: 993
XT01-98-AM-993
XT01-05-PL-03-04-42-SF-00
XT01-PL-03-1621185210201
XT01-06-PL-03-04-42-SF-00
XT01-PL-01-1621185218593
XT01-06-PL-01-42-46-SF-00
XT01-PL-02-1621185219543
XT01-06-PL-02-07-40-SF-00
Analyzed Maps: 994
XT01-98-AM-994
XT01-05-PL-03-49-39-SF-00
XT01-PL-03-1621185220021
XT01-06-PL-03-49-39-SF-00
XT01-PL-01-1621185230956
XT01-06-PL-01-06-42-SF-00
XT01-PL-02-1621185231597
XT01-06-PL-02-30-42-SF-00
Analyzed Maps: 525
XT01-98-AM-525
XT01-05-PL-03-09-38-SF-00
XT01-PL-03-1621185231947
XT01-06-PL-03-09-38-SF-00
XT01-PL-01-1621185238739
XT01-06-PL-01-31-42-SF-03
XT01-PL-02-1621185239195
XT01-06-PL-02-15-46-SF-00
Analyzed Maps: 78
XT01-98-AM-78
XT01-05-PL-03-08-41-SF-00
XT01-PL-03-1621185239335
XT01-06-PL-03-08-41-SF-00
XT01-PL-01-1621185273946
XT01-06-PL-01-05-47-SF-00
XT01-PL-02-1621185274173
XT01-06-PL-02-17-46-SF-00
Analyzed Maps: 154
XT01-98-AM-154
XT01-05-PL-03-07-38-SF-00
XT01-PL-03-1621185274369
XT01-06-PL-03-07-38-SF-00
XT01-PL-01-1621185282851
XT01-06-PL-01-04-40-SF-00
XT01-PL-02-1621185290597
XT01-06-PL-02-02-45-SF-00
Analyzed Maps: 46
XT01-98-AM-46
XT01-05-PL-03-05-40-SF-00
XT01-PL-03-1621185290734
XT01-06-PL-03-05-40-SF-00
XT01-PL-01-1621185299155
XT01-06-PL-01-45-42-SF-00
XT01-PL-02-1621185306664
XT01-06-PL-02-33-21-SF-00
Analyzed Maps: 15
XT01-98-AM-15
XT01-05-PL-03-03-39-SF-00
XT01-PL-03-1621185306809
XT01-06-PL-03-03-39-SF-00
XT01-PL-01-1621185317160
XT01-06-PL-01-45-46-SF-00
XT01-PL-02-1621185324341
XT01-06-PL-02-37-10-SF-00
Analyzed Maps: 10
XT01-98-AM-10
XT01-05-PL-03-43-41-SF-00
XT01-PL-03-1621185324451
XT01-06-PL-03-43-41-SF-00
XT01-PL-01-1621185327387
XT01-06-PL-01-40-07-SF-00
XT01-PL-02-1621185335090
XT01-06-PL-02-41-06-SF-00
Analyzed Maps: 21
XT01-98-AM-21
XT01-05-PL-03-46-42-SF-00
XT01-PL-03-1621185335202
XT01-06-PL-03-46-42-SF-00
XT01-PL-01-1621185338204
XT01-06-PL-01-42-05-SF-00
XT01-PL-02-1621185338309
XT01-06-PL-02-43-47-SF-01
Analyzed Maps: 24
XT01-98-AM-24
XT01-05-PL-03-46-44-SF-00
XT01-PL-03-1621185338419
XT01-06-PL-03-46-44-SF-00
XT01-PL-02-1621185338546
XT01-06-PL-02-47-43-SF-00
XT01-05-PL-03-47-45-SF-00
XT01-PL-03-1621185338650
XT01-06-PL-03-47-45-SF-00
XT01-PL-02-1621185338779
XT01-06-PL-02-40-11-SF-00
Analyzed Maps: 13
XT01-98-AM-13
XT01-05-PL-03-46-46-SF-00
XT01-PL-03-1621185338891
XT01-06-PL-03-46-46-SF-00
XT01-PL-02-1621185338999
XT01-06-PL-02-41-10-SF-00
Analyzed Maps: 4
XT01-98-AM-4
XT01-05-PL-03-44-47-SF-00
XT01-PL-03-1621185339106
XT01-06-PL-03-44-47-SF-00
XT01-PL-02-1621185339227
XT01-06-PL-02-31-25-SF-00
Analyzed Maps: 4
XT01-98-AM-4
XT01-05-PL-03-42-47-SF-00
XT01-PL-03-1621185339336
XT01-06-PL-03-42-47-SF-00
XT01-PL-02-1621185339457
XT01-06-PL-02-45-34-SF-00
XT01-05-PL-03-44-46-SF-00
XT01-PL-03-1621185339563
XT01-06-PL-03-44-46-SF-00
XT01-PL-02-1621185339689
XT01-06-PL-02-29-38-SF-00
XT01-05-PL-03-26-28-SF-00
XT01-PL-03-1621185339806
XT01-06-PL-03-26-28-SF-00
XT01-PL-02-1621185339935
XT01-06-PL-02-26-28-SF-00
XT01-05-PL-03-26-30-SF-00
XT01-PL-03-1621185340062
XT01-06-PL-03-26-30-SF-00
XT01-PL-02-1621185340196
XT01-06-PL-02-26-30-SF-00
XT01-05-PL-03-26-30-SF-00
XT01-PL-03-1621185340324
XT01-06-PL-03-26-30-SF-00
XT01-PL-02-1621185340458
XT01-06-PL-02-28-30-SF-00
XT01-05-PL-03-47-25-SF-00
XT01-PL-03-1621185340589
XT01-06-PL-03-47-25-SF-00
XT01-PL-02-1621185340717
XT01-06-PL-02-11-45-SF-00
XT01-05-PL-03-25-28-SF-00
XT01-PL-03-1621185340843
XT01-06-PL-03-25-28-SF-00
XT01-PL-02-1621185340978
XT01-06-PL-02-25-28-SF-00
XT01-05-PL-03-25-28-SF-00
XT01-PL-03-1621185341099
XT01-06-PL-03-25-28-SF-00
XT01-PL-02-1621185341232
XT01-06-PL-02-25-28-SF-00
XT01-05-PL-03-41-30-SF-00
XT01-PL-03-1621185341358
XT01-06-PL-03-41-30-SF-00
XT01-PL-02-1621185341487
XT01-06-PL-02-41-30-SF-00
XT01-05-PL-03-25-28-SF-00
XT01-PL-03-1621185341610
XT01-06-PL-03-25-28-SF-00
XT01-PL-02-1621185341739
XT01-06-PL-02-25-28-SF-00
XT01-05-PL-03-27-30-SF-00
XT01-PL-03-1621185341858
XT01-06-PL-03-27-30-SF-00
XT01-PL-02-1621185341984
XT01-06-PL-02-24-30-SF-00
XT01-05-PL-03-20-34-SF-00
XT01-PL-03-1621185342106
XT01-06-PL-03-20-34-SF-00
XT01-05-PL-03-43-04-SF-00
XT01-PL-03-1621185342212
XT01-06-PL-03-43-04-SF-00
XT01-PL-02-1621185342340
XT01-06-PL-02-39-07-SF-00
Analyzed Maps: 73
XT01-98-AM-73
XT01-05-PL-03-41-09-SF-00
XT01-PL-03-1621185342478
XT01-06-PL-03-41-09-SF-00
XT01-PL-02-1621185342641
XT01-06-PL-02-41-08-SF-00
Analyzed Maps: 148
XT01-98-AM-148
XT01-05-PL-03-42-09-SF-00
XT01-PL-03-1621185342793
XT01-06-PL-03-42-09-SF-00
XT01-PL-02-1621185343022
XT01-06-PL-02-37-08-SF-00
Analyzed Maps: 193
XT01-98-AM-193
XT01-05-PL-03-37-09-SF-00
XT01-PL-03-1621185343192
XT01-06-PL-03-37-09-SF-00
XT01-PL-02-1621185343466
XT01-06-PL-02-42-07-SF-00
Analyzed Maps: 238
XT01-98-AM-238
XT01-05-PL-03-41-07-SF-00
XT01-PL-03-1621185343665
XT01-06-PL-03-41-07-SF-00
XT01-PL-02-1621185344013
XT01-06-PL-02-41-05-SF-00
Analyzed Maps: 227
XT01-98-AM-227
XT01-05-PL-03-43-07-SF-00
XT01-PL-03-1621185344211
XT01-06-PL-03-43-07-SF-00
XT01-PL-02-1621185344723
XT01-06-PL-02-37-11-SF-00
Analyzed Maps: 564
XT01-98-AM-564
XT01-05-PL-03-38-07-SF-00
XT01-PL-03-1621185345026
XT01-06-PL-03-38-07-SF-00
XT01-PL-02-1621185345514
XT01-06-PL-02-43-06-SF-00
Analyzed Maps: 352
XT01-98-AM-352
XT01-05-PL-03-43-05-SF-00
XT01-PL-03-1621185345727
XT01-06-PL-03-43-05-SF-00
XT01-PL-02-1621185346240
XT01-06-PL-02-44-05-SF-00
Analyzed Maps: 489
XT01-98-AM-489
XT01-05-PL-03-41-04-SF-00
XT01-PL-03-1621185346495
XT01-06-PL-03-41-04-SF-00
XT01-PL-02-1621185347401
XT01-06-PL-02-40-05-SF-00
Analyzed Maps: 430
XT01-98-AM-430
XT01-05-PL-03-44-07-SF-00
XT01-PL-03-1621185347655
XT01-06-PL-03-44-07-SF-00
XT01-PL-02-1621185348512
XT01-06-PL-02-44-03-SF-00
Analyzed Maps: 534
XT01-98-AM-534
XT01-05-PL-03-38-11-SF-00
XT01-PL-03-1621185348807
XT01-06-PL-03-38-11-SF-00
XT01-PL-02-1621185349536
XT01-06-PL-02-43-08-SF-00
Analyzed Maps: 726
XT01-98-AM-726
XT01-05-PL-03-45-04-SF-00
XT01-PL-03-1621185349879
XT01-06-PL-03-45-04-SF-00
XT01-PL-02-1621185351190
XT01-06-PL-02-39-11-SF-00
Analyzed Maps: 1311
XT01-98-AM-1311
XT01-05-PL-03-39-05-SF-00
XT01-PL-03-1621185351731
XT01-06-PL-03-39-05-SF-00
XT01-PL-02-1621185352691
XT01-06-PL-02-41-03-SF-00
Analyzed Maps: 806
XT01-98-AM-806
XT01-05-PL-03-41-02-SF-00
XT01-PL-03-1621185353076
XT01-06-PL-03-41-02-SF-00
XT01-PL-02-1621185354001
XT01-06-PL-02-35-11-SF-00
Analyzed Maps: 477
XT01-98-AM-477
XT01-05-PL-03-41-11-SF-00
XT01-PL-03-1621185354277
XT01-06-PL-03-41-11-SF-00
XT01-PL-02-1621185355035
XT01-06-PL-02-42-11-SF-00
Analyzed Maps: 595
XT01-98-AM-595
XT01-05-PL-03-43-12-SF-00
XT01-PL-03-1621185355374
XT01-06-PL-03-43-12-SF-00
XT01-PL-02-1621185356132
XT01-06-PL-02-43-11-SF-00
Analyzed Maps: 367
XT01-98-AM-367
XT01-05-PL-03-41-12-SF-00
XT01-PL-03-1621185356366
XT01-06-PL-03-41-12-SF-00
XT01-PL-02-1621185357449
XT01-06-PL-02-39-12-SF-00
Analyzed Maps: 595
XT01-98-AM-595
XT01-05-PL-03-43-03-SF-00
XT01-PL-03-1621185357764
XT01-06-PL-03-43-03-SF-00
XT01-PL-02-1621185359244
XT01-06-PL-02-43-13-SF-00
Analyzed Maps: 568
XT01-98-AM-568
XT01-05-PL-03-43-10-SF-00
XT01-PL-03-1621185359537
XT01-06-PL-03-43-10-SF-00
XT01-PL-02-1621185360815
XT01-06-PL-02-41-01-SF-00
Analyzed Maps: 525
XT01-98-AM-525
XT01-05-PL-03-42-03-SF-00
XT01-PL-03-1621185361089
XT01-06-PL-03-42-03-SF-00
XT01-PL-02-1621185362650
XT01-06-PL-02-43-02-SF-00
Analyzed Maps: 936
XT01-98-AM-936
XT01-05-PL-03-45-03-SF-00
XT01-PL-03-1621185363071
XT01-06-PL-03-45-03-SF-00
XT01-PL-02-1621185364958
XT01-06-PL-02-43-09-SF-00
Analyzed Maps: 674
XT01-98-AM-674
XT01-05-PL-03-37-12-SF-00
XT01-PL-03-1621185365301
XT01-06-PL-03-37-12-SF-00
XT01-PL-02-1621185367456
XT01-06-PL-02-35-13-SF-00
Analyzed Maps: 946
XT01-98-AM-946
XT01-05-PL-03-36-13-SF-00
XT01-PL-03-1621185367880
XT01-06-PL-03-36-13-SF-00
XT01-PL-02-1621185370040
XT01-06-PL-02-37-13-SF-00
Analyzed Maps: 640
XT01-98-AM-640
XT01-05-PL-03-40-03-SF-00
XT01-PL-03-1621185370347
XT01-06-PL-03-40-03-SF-00
XT01-PL-02-1621185372129
XT01-06-PL-02-37-14-SF-00
Analyzed Maps: 875
XT01-98-AM-875
XT01-05-PL-03-34-11-SF-00
XT01-PL-03-1621185372504
XT01-06-PL-03-34-11-SF-00
XT01-PL-02-1621185374864
XT01-06-PL-02-35-14-SF-00
Analyzed Maps: 1128
XT01-98-AM-1128
XT01-05-PL-03-38-13-SF-00
XT01-PL-03-1621185375316
XT01-06-PL-03-38-13-SF-00
XT01-PL-02-1621185377822
XT01-06-PL-02-42-13-SF-00
Analyzed Maps: 653
XT01-98-AM-653
XT01-05-PL-03-37-07-SF-00
XT01-PL-03-1621185378140
XT01-06-PL-03-37-07-SF-00
XT01-PL-02-1621185380268
XT01-06-PL-02-44-09-SF-00
Analyzed Maps: 641
XT01-98-AM-641
XT01-05-PL-03-43-01-SF-00
XT01-PL-03-1621185380566
XT01-06-PL-03-43-01-SF-00
XT01-PL-02-1621185382394
XT01-06-PL-02-39-02-SF-00
Analyzed Maps: 314
XT01-98-AM-314
XT01-05-PL-03-39-03-SF-00
XT01-PL-03-1621185382603
XT01-06-PL-03-39-03-SF-00
XT01-PL-02-1621185384447
XT01-06-PL-02-37-06-SF-00
Analyzed Maps: 432
XT01-98-AM-432
XT01-05-PL-03-36-09-SF-00
XT01-PL-03-1621185384685
XT01-06-PL-03-36-09-SF-00
XT01-PL-02-1621185386722
XT01-06-PL-02-39-04-SF-00
Analyzed Maps: 747
XT01-98-AM-747
XT01-05-PL-03-38-03-SF-00
XT01-PL-03-1621185387067
XT01-06-PL-03-38-03-SF-00
XT01-PL-02-1621185389201
XT01-06-PL-02-44-01-SF-21
Analyzed Maps: 464
XT01-98-AM-464
XT01-05-PL-03-39-06-SF-00
XT01-PL-03-1621185389458
XT01-06-PL-03-39-06-SF-00
XT01-PL-02-1621185392073
XT01-06-PL-02-37-03-SF-00
Analyzed Maps: 481
XT01-98-AM-481
XT01-05-PL-03-45-00-SF-00
XT01-PL-03-1621185392324
XT01-06-PL-03-45-00-SF-00
XT01-PL-02-1621185393796
XT01-06-PL-02-43-00-SF-00
Analyzed Maps: 350
XT01-98-AM-350
XT01-05-PL-03-44-11-SF-00
XT01-PL-03-1621185394009
XT01-06-PL-03-44-11-SF-00
XT01-PL-02-1621185396236
XT01-06-PL-02-45-11-SF-00
Analyzed Maps: 388
XT01-98-AM-388
XT01-05-PL-03-42-01-SF-00
XT01-PL-03-1621185396460
XT01-06-PL-03-42-01-SF-00
XT01-PL-02-1621185398058
XT01-06-PL-02-45-01-SF-00
Analyzed Maps: 395
XT01-98-AM-395
XT01-05-PL-03-45-02-SF-00
XT01-PL-03-1621185398281
XT01-06-PL-03-45-02-SF-00
XT01-PL-02-1621185399804
XT01-06-PL-02-38-05-SF-00
Analyzed Maps: 400
XT01-98-AM-400
XT01-05-PL-03-36-07-SF-00
XT01-PL-03-1621185400030
XT01-06-PL-03-36-07-SF-00
XT01-PL-02-1621185401608
XT01-06-PL-02-46-01-SF-00
Analyzed Maps: 1112
XT01-98-AM-1112
XT01-05-PL-03-37-04-SF-00
XT01-PL-03-1621185402037
XT01-06-PL-03-37-04-SF-00
XT01-PL-02-1621185403704
XT01-06-PL-02-37-05-SF-00
Analyzed Maps: 561
XT01-98-AM-561
XT01-05-PL-03-36-05-SF-00
XT01-PL-03-1621185403979
XT01-06-PL-03-36-05-SF-00
XT01-PL-02-1621185405298
XT01-06-PL-02-35-10-SF-00
Analyzed Maps: 661
XT01-98-AM-661
XT01-05-PL-03-37-15-SF-00
XT01-PL-03-1621185405591
XT01-06-PL-03-37-15-SF-00
XT01-PL-02-1621185407103
XT01-06-PL-02-39-13-SF-00
Analyzed Maps: 387
XT01-98-AM-387
XT01-05-PL-03-34-09-SF-00
XT01-PL-03-1621185407323
XT01-06-PL-03-34-09-SF-00
XT01-PL-02-1621185408701
XT01-06-PL-02-35-09-SF-00
Analyzed Maps: 289
XT01-98-AM-289
XT01-05-PL-03-35-08-SF-00
XT01-PL-03-1621185408889
XT01-06-PL-03-35-08-SF-00
XT01-PL-02-1621185409972
XT01-06-PL-02-35-07-SF-00
Analyzed Maps: 261
XT01-98-AM-261
XT01-05-PL-03-35-06-SF-00
XT01-PL-03-1621185410176
XT01-06-PL-03-35-06-SF-00
XT01-PL-02-1621185411198
XT01-06-PL-02-35-05-SF-00
Analyzed Maps: 517
XT01-98-AM-517
XT01-05-PL-03-41-13-SF-00
XT01-PL-03-1621185411442
XT01-06-PL-03-41-13-SF-00
XT01-PL-02-1621185412335
XT01-06-PL-02-40-13-SF-00
Analyzed Maps: 438
XT01-98-AM-438
XT01-05-PL-03-36-15-SF-00
XT01-PL-03-1621185412558
XT01-06-PL-03-36-15-SF-00
XT01-PL-02-1621185413341
XT01-06-PL-02-39-14-SF-00
Analyzed Maps: 237
XT01-98-AM-237
XT01-05-PL-03-41-14-SF-00
XT01-PL-03-1621185413513
XT01-06-PL-03-41-14-SF-00
XT01-PL-02-1621185414581
XT01-06-PL-02-41-15-SF-00
Analyzed Maps: 483
XT01-98-AM-483
XT01-05-PL-03-47-02-SF-00
XT01-PL-03-1621185414816
XT01-06-PL-03-47-02-SF-00
XT01-PL-02-1621185415764
XT01-06-PL-02-47-01-SF-00
Analyzed Maps: 471
XT01-98-AM-471
XT01-05-PL-03-45-08-SF-00
XT01-PL-03-1621185415999
XT01-06-PL-03-45-08-SF-00
XT01-PL-02-1621185417054
XT01-06-PL-02-48-03-SF-00
Analyzed Maps: 445
XT01-98-AM-445
XT01-05-PL-03-49-04-SF-00
XT01-PL-03-1621185417278
XT01-06-PL-03-49-04-SF-00
XT01-PL-02-1621185418251
XT01-06-PL-02-47-03-SF-00
Analyzed Maps: 220
XT01-98-AM-220
XT01-05-PL-03-46-03-SF-00
XT01-PL-03-1621185418411
XT01-06-PL-03-46-03-SF-00
XT01-PL-02-1621185419377
XT01-06-PL-02-45-07-SF-00
Analyzed Maps: 360
XT01-98-AM-360
XT01-05-PL-03-45-06-SF-00
XT01-PL-03-1621185419607
XT01-06-PL-03-45-06-SF-00
XT01-PL-02-1621185420523
XT01-06-PL-02-47-04-SF-00
Analyzed Maps: 337
XT01-98-AM-337
XT01-05-PL-03-46-05-SF-00
XT01-PL-03-1621185420714
XT01-06-PL-03-46-05-SF-00
XT01-PL-02-1621185421671
XT01-06-PL-02-38-15-SF-00
Analyzed Maps: 290
XT01-98-AM-290
XT01-05-PL-03-39-16-SF-00
XT01-PL-03-1621185421856
XT01-06-PL-03-39-16-SF-00
XT01-PL-02-1621185422657
XT01-06-PL-02-48-05-SF-00
Analyzed Maps: 333
XT01-98-AM-333
XT01-05-PL-03-47-06-SF-00
XT01-PL-03-1621185422846
XT01-06-PL-03-47-06-SF-00
XT01-PL-02-1621185423569
XT01-06-PL-02-49-06-SF-00
Analyzed Maps: 232
XT01-98-AM-232
XT01-05-PL-03-40-15-SF-00
XT01-PL-03-1621185423733
XT01-06-PL-03-40-15-SF-00
XT01-PL-02-1621185424392
XT01-06-PL-02-39-15-SF-00
Analyzed Maps: 125
XT01-98-AM-125
XT01-05-PL-03-41-16-SF-00
XT01-PL-03-1621185424526
XT01-06-PL-03-41-16-SF-00
XT01-PL-02-1621185425040
XT01-06-PL-02-45-09-SF-00
Analyzed Maps: 68
XT01-98-AM-68
XT01-05-PL-03-46-09-SF-00
XT01-PL-03-1621185425163
XT01-06-PL-03-46-09-SF-00
XT01-PL-02-1621185425634
XT01-06-PL-02-45-10-SF-00
XT01-05-PL-03-46-30-SF-00
XT01-PL-03-1621185425757
XT01-06-PL-03-46-30-SF-00
XT01-PL-02-1621185426145
XT01-06-PL-02-42-15-SF-00
XT01-05-PL-03-43-15-SF-00
XT01-PL-03-1621185426250
XT01-06-PL-03-43-15-SF-00
XT01-PL-02-1621185426634
XT01-06-PL-02-33-09-SF-00
XT01-05-PL-03-33-10-SF-00
XT01-PL-03-1621185426736
XT01-06-PL-03-33-10-SF-00
XT01-PL-02-1621185427096
XT01-06-PL-02-32-11-SF-00
XT01-05-PL-03-17-47-SF-00
XT01-PL-03-1621185427222
XT01-06-PL-03-17-47-SF-00
XT01-PL-02-1621185427583
XT01-06-PL-02-43-16-SF-00
XT01-05-PL-03-40-32-SF-00
XT01-PL-03-1621185427704
XT01-06-PL-03-40-32-SF-00
XT01-PL-02-1621185428053
XT01-06-PL-02-37-16-SF-00
Analyzed Maps: 121
XT01-98-AM-121
XT01-05-PL-03-36-17-SF-00
XT01-PL-03-1621185428186
XT01-06-PL-03-36-17-SF-00
XT01-PL-02-1621185428535
XT01-06-PL-02-41-17-SF-00
XT01-05-PL-03-36-28-SF-00
XT01-PL-03-1621185428654
XT01-06-PL-03-36-28-SF-00
XT01-PL-02-1621185428973
XT01-06-PL-02-33-13-SF-00
Analyzed Maps: 55
XT01-98-AM-55
XT01-05-PL-03-32-13-SF-00
XT01-PL-03-1621185429091
XT01-06-PL-03-32-13-SF-00
XT01-PL-02-1621185429414
XT01-06-PL-02-35-18-SF-00
Analyzed Maps: 42
XT01-98-AM-42
XT01-05-PL-03-37-17-SF-21
XT01-PL-03-1621185429531
XT01-06-PL-03-37-17-SF-21
XT01-PL-02-1621185429942
XT01-06-PL-02-49-03-SF-00
Analyzed Maps: 93
XT01-98-AM-93
XT01-05-PL-03-35-17-SF-00
XT01-PL-03-1621185430069
XT01-06-PL-03-35-17-SF-00
XT01-PL-02-1621185430482
XT01-06-PL-02-49-05-SF-00
Analyzed Maps: 109
XT01-98-AM-109
XT01-05-PL-03-49-02-SF-00
XT01-PL-03-1621185430614
XT01-06-PL-03-49-02-SF-00
XT01-PL-02-1621185431022
XT01-06-PL-02-47-05-SF-00
Analyzed Maps: 94
XT01-98-AM-94
XT01-05-PL-03-35-19-SF-00
XT01-PL-03-1621185431150
XT01-06-PL-03-35-19-SF-00
XT01-PL-02-1621185431494
XT01-06-PL-02-33-12-SF-00
Analyzed Maps: 117
XT01-98-AM-117
XT01-05-PL-03-49-07-SF-00
XT01-PL-03-1621185431626
XT01-06-PL-03-49-07-SF-00
XT01-PL-02-1621185432000
XT01-06-PL-02-35-15-SF-00
Analyzed Maps: 146
XT01-98-AM-146
XT01-05-PL-03-33-11-SF-00
XT01-PL-03-1621185432141
XT01-06-PL-03-33-11-SF-00
XT01-PL-02-1621185432537
XT01-06-PL-02-33-15-SF-00
Analyzed Maps: 162
XT01-98-AM-162
XT01-05-PL-03-31-11-SF-00
XT01-PL-03-1621185432684
XT01-06-PL-03-31-11-SF-00
XT01-PL-02-1621185433129
XT01-06-PL-02-30-11-SF-00
Analyzed Maps: 87
XT01-98-AM-87
XT01-05-PL-03-35-16-SF-00
XT01-PL-03-1621185433255
XT01-06-PL-03-35-16-SF-00
XT01-PL-02-1621185433576
XT01-06-PL-02-40-17-SF-00
Analyzed Maps: 169
XT01-98-AM-169
XT01-05-PL-03-39-17-SF-00
XT01-PL-03-1621185433721
XT01-06-PL-03-39-17-SF-00
XT01-PL-02-1621185434014
XT01-06-PL-02-34-17-SF-00
Analyzed Maps: 171
XT01-98-AM-171
XT01-05-PL-03-33-17-SF-00
XT01-PL-03-1621185434161
XT01-06-PL-03-33-17-SF-00
XT01-PL-02-1621185434424
XT01-06-PL-02-47-07-SF-00
Analyzed Maps: 128
XT01-98-AM-128
XT01-05-PL-03-46-07-SF-00
XT01-PL-03-1621185434560
XT01-06-PL-03-46-07-SF-00
XT01-PL-02-1621185434817
XT01-06-PL-02-47-09-SF-00
Analyzed Maps: 147
XT01-98-AM-147
XT01-05-PL-03-48-07-SF-21
XT01-PL-03-1621185434954
XT01-06-PL-03-48-07-SF-21
XT01-PL-02-1621185435179
XT01-06-PL-02-38-17-SF-00
Analyzed Maps: 114
XT01-98-AM-114
XT01-05-PL-03-39-18-SF-00
XT01-PL-03-1621185435310
XT01-06-PL-03-39-18-SF-00
XT01-PL-02-1621185435545
XT01-06-PL-02-34-15-SF-00
Analyzed Maps: 103
XT01-98-AM-103
XT01-05-PL-03-47-08-SF-00
XT01-PL-03-1621185435672
XT01-06-PL-03-47-08-SF-00
XT01-PL-02-1621185435882
XT01-06-PL-02-39-19-SF-00
Analyzed Maps: 74
XT01-98-AM-74
XT01-05-PL-03-33-16-SF-00
XT01-PL-03-1621185436002
XT01-06-PL-03-33-16-SF-00
XT01-PL-02-1621185436189
XT01-06-PL-02-31-15-SF-00
Analyzed Maps: 142
XT01-98-AM-142
XT01-05-PL-03-48-09-SF-00
XT01-PL-03-1621185436328
XT01-06-PL-03-48-09-SF-00
XT01-PL-02-1621185436535
XT01-06-PL-02-49-09-SF-00
Analyzed Maps: 84
XT01-98-AM-84
XT01-05-PL-03-30-15-SF-00
XT01-PL-03-1621185436655
XT01-06-PL-03-30-15-SF-00
XT01-PL-02-1621185436814
XT01-06-PL-02-37-18-SF-00
Analyzed Maps: 122
XT01-98-AM-122
XT01-05-PL-03-38-19-SF-00
XT01-PL-03-1621185436950
XT01-06-PL-03-38-19-SF-00
XT01-PL-02-1621185437128
XT01-06-PL-02-37-20-SF-00
XT01-05-PL-03-39-20-SF-00
XT01-PL-03-1621185437232
XT01-06-PL-03-39-20-SF-00
XT01-PL-02-1621185437403
XT01-06-PL-02-39-21-SF-00
XT01-05-PL-03-36-21-SF-00
XT01-PL-03-1621185437506
XT01-06-PL-03-36-21-SF-00
XT01-PL-02-1621185437651
XT01-06-PL-02-31-12-SF-00
Analyzed Maps: 45
XT01-98-AM-45
XT01-05-PL-03-31-13-SF-21
XT01-PL-03-1621185437766
XT01-06-PL-03-31-13-SF-21
XT01-PL-02-1621185437903
XT01-06-PL-02-31-14-SF-00
XT01-05-PL-03-30-13-SF-00
XT01-PL-03-1621185438007
XT01-06-PL-03-30-13-SF-00
XT01-PL-02-1621185438170
XT01-06-PL-02-31-17-SF-00
XT01-05-PL-03-43-00-SF-00
XT01-PL-03-1621185438300
XT01-06-PL-03-43-00-SF-00
XT01-PL-02-1621185438456
XT01-06-PL-02-29-17-SF-00
XT01-05-PL-03-29-16-SF-00
XT01-PL-03-1621185438559
XT01-06-PL-03-29-16-SF-00
XT01-PL-02-1621185438720
XT01-06-PL-02-29-15-SF-00
Analyzed Maps: 46
XT01-98-AM-46
XT01-05-PL-03-28-15-SF-00
XT01-PL-03-1621185438835
XT01-06-PL-03-28-15-SF-00
XT01-PL-02-1621185438993
XT01-06-PL-02-29-14-SF-00
XT01-05-PL-03-29-13-SF-00
XT01-PL-03-1621185439098
XT01-06-PL-03-29-13-SF-00
XT01-PL-02-1621185439253
XT01-06-PL-02-29-12-SF-00
XT01-05-PL-03-06-46-SF-00
XT01-PL-03-1621185439382
XT01-06-PL-03-06-46-SF-00
XT01-PL-02-1621185439549
XT01-06-PL-02-28-17-SF-00
Analyzed Maps: 67
XT01-98-AM-67
XT01-05-PL-03-27-18-SF-00
XT01-PL-03-1621185439669
XT01-06-PL-03-27-18-SF-00
XT01-PL-02-1621185439819
XT01-06-PL-02-36-19-SF-00
XT01-05-PL-03-37-19-SF-00
XT01-PL-03-1621185439931
XT01-06-PL-03-37-19-SF-00
XT01-PL-02-1621185440084
XT01-06-PL-02-28-13-SF-00
XT01-05-PL-03-45-39-SF-00
XT01-PL-03-1621185440209
XT01-06-PL-03-45-39-SF-00
XT01-PL-02-1621185440347
XT01-06-PL-02-38-21-SF-00
XT01-05-PL-03-37-21-SF-00
XT01-PL-03-1621185440452
XT01-06-PL-03-37-21-SF-00
XT01-PL-02-1621185440594
XT01-06-PL-02-37-22-SF-00
XT01-PL-02-1621185440721
XT01-06-PL-02-27-14-SF-00
Analyzed Maps: 24
XT01-98-AM-24
XT01-05-PL-03-27-16-SF-00
XT01-PL-03-1621185440831
XT01-06-PL-03-27-16-SF-00
XT01-PL-02-1621185440940
XT01-06-PL-02-27-17-SF-00
XT01-PL-02-1621185441051
XT01-06-PL-02-26-15-SF-00
XT01-05-PL-03-27-15-SF-00
XT01-PL-03-1621185441154
XT01-06-PL-03-27-15-SF-00
XT01-PL-02-1621185441261
XT01-06-PL-02-49-08-SF-00
XT01-05-PL-03-45-05-SF-00
XT01-PL-03-1621185441363
XT01-06-PL-03-45-05-SF-00
XT01-PL-02-1621185441497
XT01-06-PL-02-24-32-SF-00
XT01-08
XT01-09