XT01-ALPHA-BETA-ON
XT01-02-[50, 10, 48, 10, 48, 32, 48, 10, 56, 32, 56, 10, 48, 32, 48, 32, 48, 32, 48, 32, 48, 32, 48, 32, 48, 32, 48, 10, 48, 32, 48, 32, 48, 32, 48, 32, 48, 32, 48, 32, 48, 32, 48, 10, 48, 32, 48, 32, 48, 32, 48, 32, 48, 32, 48, 32, 48, 32, 48, 10, 48, 32, 48, 32, 48, 32, 49, 32, 50, 32, 48, 32, 48, 32, 48, 10, 48, 32, 48, 32, 48, 32, 50, 32, 49, 32, 48, 32, 48, 32, 48, 10, 48, 32, 48, 32, 48, 32, 48, 32, 48, 32, 48, 32, 48, 32, 48, 10, 48, 32, 48, 32, 48, 32, 48, 32, 48, 32, 48, 32, 48, 32, 48, 10, 48, 32, 48, 32, 48, 32, 48, 32, 48, 32, 48, 32, 48, 32, 48]
XT01-03-PL-02
XT01-PL-01-1620473358199
[MAP]
0 0 0 0 0 0 0 0 
0 0 0 0 0 0 0 0 
0 0 0 0 0'0 0 0 
0 0 0 1 2 0'0 0 
0 0 0'2 1 0 0 0 
0 0 0 0'0 0 0 0 
0 0 0 0 0 0 0 0 
0 0 0 0 0 0 0 0 
[END]
XT01-06-PL-01-04-02-SF-00
[MAP]
0 0 0 0 0 0 0 0 
0 0 0 0 0 0 0 0 
0 0 0 0'1 0'0 0 
0 0 0 1 1 0 0 0 
0 0 0 2 1 0'0 0 
0 0 0 0 0 0 0 0 
0 0 0 0 0 0 0 0 
0 0 0 0 0 0 0 0 
[END]
XT01-98-AM-956
XT01-05-PL-02-05-02-SF-00
XT01-PL-02-1620473358404
XT01-06-PL-02-05-02-SF-00
XT01-PL-01-1620473358695
[MAP]
0 0 0 0 0 0 0 0 
0 0 0 0 0 0 0 0 
0 0 0 0 1 2 0'0 
0 0 0 1 2 0'0 0 
0 0 0'2 1 0 0 0 
0 0 0 0'0 0 0 0 
0 0 0 0 0 0 0 0 
0 0 0 0 0 0 0 0 
[END]
XT01-06-PL-01-06-02-SF-00
[MAP]
0 0 0 0 0 0 0 0 
0 0 0 0 0'0 0'0 
0 0 0 0'1 1 1 0 
0 0 0'1 2 0 0 0 
0 0 0 2 1 0'0 0 
0 0 0 0 0'0 0 0 
0 0 0 0 0 0 0 0 
0 0 0 0 0 0 0 0 
[END]
XT01-98-AM-1747
XT01-05-PL-02-03-02-SF-00
XT01-PL-02-1620473358892
XT01-06-PL-02-03-02-SF-00
XT01-PL-01-1620473359144
[MAP]
0 0 0 0 0 0 0 0 
0 0 0 0 0 0 0 0 
0 0 0'2 1 1 1 0 
0 0 0 2 2 0 0 0 
0 0 0'2 1 0 0 0 
0 0 0'0 0 0 0 0 
0 0 0 0 0 0 0 0 
0 0 0 0 0 0 0 0 
[END]
XT01-06-PL-01-02-02-SF-00
[MAP]
0 0 0 0 0 0 0 0 
0 0 0'0'0'0 0'0 
0 0 1 1 1 1 1 0 
0 0 0'1 2 0 0 0 
0 0 0 2 1 0'0 0 
0 0 0 0 0'0 0 0 
0 0 0 0 0 0 0 0 
0 0 0 0 0 0 0 0 
[END]
XT01-98-AM-2866
XT01-05-PL-02-03-01-SF-00
XT01-PL-02-1620473359370
XT01-06-PL-02-03-01-SF-00
XT01-PL-01-1620473359809
[MAP]
0 0 0'0 0'0 0 0 
0 0 0 2 0 0 0 0 
0 0 1 2 1 1 1 0 
0 0 0 2 2 0 0 0 
0 0 0'2 1 0 0 0 
0 0 0'0 0 0 0 0 
0 0 0 0 0 0 0 0 
0 0 0 0 0 0 0 0 
[END]
XT01-06-PL-01-02-05-SF-00
[MAP]
0 0 0 0 0 0 0 0 
0 0'0 2 0 0'0 0 
0 0'1 2 1 1 1 0'
0 0'0 2 1 0'0 0 
0 0 0 1 1 0'0 0 
0 0 1 0'0 0'0 0 
0 0 0 0 0 0 0 0 
0 0 0 0 0 0 0 0 
[END]
XT01-98-AM-3140
XT01-05-PL-02-07-02-SF-00
XT01-PL-02-1620473359988
XT01-06-PL-02-07-02-SF-00
XT01-PL-01-1620473360712
[MAP]
0 0 0 0'0'0 0 0 
0 0 0'2 0'0 0'0 
0 0 1 2 2 2 2 2 
0 0 0'2 1 0 0 0 
0 0 0 1 1 0 0 0 
0 0 1 0 0 0 0 0 
0 0 0 0 0 0 0 0 
0 0 0 0 0 0 0 0 
[END]
XT01-06-PL-01-03-00-SF-00
[MAP]
0 0 0'1 0 0 0 0 
0 0 0 1 0 0 0 0 
0 0'1 1 2 2 2 2 
0 0 0 1 1 0 0 0 
0 0 0'1 1 0 0 0 
0 0 1 0 0'0 0 0 
0 0'0 0 0 0 0 0 
0 0 0 0 0 0 0 0 
[END]
XT01-98-AM-3275
XT01-05-PL-02-02-04-SF-00
XT01-PL-02-1620473360892
XT01-06-PL-02-02-04-SF-00
XT01-PL-01-1620473361613
[MAP]
0 0 0 1 0 0 0 0 
0 0 0 1 0'0 0'0 
0 0 1 1 2 2 2 2 
0 0 0'2 1 0'0 0 
0 0'2 1 1 0 0 0 
0 0 1 0 0 0 0 0 
0 0 0 0 0 0 0 0 
0 0 0 0 0 0 0 0 
[END]
XT01-06-PL-01-02-03-SF-00
[MAP]
0 0 0'1 0 0 0 0 
0 0 0 1 0 0 0 0 
0 0'1 1 2 2 2 2 
0 0 1 1 1 0 0 0 
0 0 1 1 1 0 0 0 
0 0'1 0 0'0 0 0 
0 0'0 0 0 0 0 0 
0 0 0 0 0 0 0 0 
[END]
XT01-98-AM-4618
XT01-05-PL-02-01-05-SF-00
XT01-PL-02-1620473361826
XT01-06-PL-02-01-05-SF-00
XT01-PL-01-1620473363041
[MAP]
0 0 0 1 0 0 0 0 
0 0 0 1 0'0 0'0 
0 0 1 1 2 2 2 2 
0 0 1 2 1 0'0 0 
0 0'2 1 1 0 0 0 
0'2 1 0 0 0 0 0 
0 0 0 0 0 0 0 0 
0 0 0 0 0 0 0 0 
[END]
XT01-06-PL-01-06-01-SF-00
[MAP]
0 0 0'1 0 0'0'0 
0 0'0'1 0 0 1 0 
0 0'1 1 2 1 2 2 
0 0'1 2 1 0'0 0 
0 0 2 1 1 0'0 0 
0 2 1 0'0'0'0 0 
0 0 0'0 0 0 0 0 
0 0 0 0 0 0 0 0 
[END]
XT01-98-AM-16404
XT01-05-PL-02-04-05-SF-00
XT01-PL-02-1620473363477
XT01-06-PL-02-04-05-SF-00
XT01-PL-01-1620473365639
[MAP]
0 0 0 1 0 0 0 0 
0 0 0 1 0 0 1 0 
0 0 1 1 2 1 2 2 
0 0 1 2 2 0'0'0 
0 0'2 1 2 0'0 0 
0'2 1 0 2 0'0 0 
0 0 0 0 0 0'0 0 
0 0 0 0 0 0 0 0 
[END]
XT01-06-PL-01-05-03-SF-00
[MAP]
0 0 0 1 0 0'0'0 
0 0'0'1 0'0'1 0 
0 0'1 1 1 1 2 2 
0 0 1 1 1 1 0 0 
0 0 2 1 2 0 0 0 
0 2 1 0'2 0 0 0 
0 0 0'0 0 0 0 0 
0 0 0 0 0 0 0 0 
[END]
XT01-98-AM-23064
XT01-05-PL-02-05-01-SF-00
XT01-PL-02-1620473366201
XT01-06-PL-02-05-01-SF-00
XT01-PL-01-1620473371183
[MAP]
0 0 0 1 0 0'0 0 
0 0 0 1 0'2 1 0'
0 0 1 1 2 1 2 2 
0 0 1 2 1 1 0'0 
0 0'2 1 2 0'0 0 
0'2 1 0'2 0'0 0 
0 0 0 0 0'0'0 0 
0 0 0 0 0 0 0 0 
[END]
XT01-06-PL-01-05-00-SF-00
[MAP]
0 0 0'1 0'1 0'0 
0 0'0'1 0 1 1 0 
0 0'1 1 2 1 2 2 
0 0'1 2 1 1 0'0 
0 0 2 1 2 0 0'0 
0 2 1 0'2 0 0 0 
0 0 0'0 0 0 0 0 
0 0 0 0 0 0 0 0 
[END]
XT01-98-AM-20838
XT01-05-PL-02-02-00-SF-00
XT01-PL-02-1620473371689
XT01-06-PL-02-02-00-SF-00
XT01-PL-01-1620473376661
[MAP]
0 0'2 1 0'1 0 0 
0 0 0 2 0'1 1 0'
0 0 1 1 2 1 2 2 
0 0 1 2 1 1 0'0'
0 0'2 1 2 0'0 0 
0'2 1 0'2 0'0 0 
0'0 0 0 0'0'0 0 
0 0 0 0 0 0 0 0 
[END]
XT01-06-PL-01-00-05-SF-00
[MAP]
0 0 2 1 0'1 0'0 
0 0'0'2 0 1 1 0 
0 0'1 1 2 1 2 2 
0 0'1 2 1 1 0'0 
0 0 2 1 2 0 0'0 
1 1 1 0'2 0 0 0 
0'0 0'0 0 0 0 0 
0 0 0 0 0 0 0 0 
[END]
XT01-98-AM-20319
XT01-05-PL-02-02-01-SF-00
XT01-PL-02-1620473377138
XT01-06-PL-02-02-01-SF-00
XT01-PL-01-1620473380634
[MAP]
0 0'2 1 0 1 0 0 
0 0 2 2 0'1 1 0'
0 0'2 1 2 1 2 2 
0 0'2 2 1 1 0'0'
0 0'2 1 2 0'0 0 
1 1 1 0'2 0 0 0 
0 0 0 0 0'0'0 0 
0 0 0 0 0 0 0 0 
[END]
XT01-06-PL-01-01-00-SF-00
[MAP]
0 1 1 1 0'1 0'0 
0 0'1 2 0'1 1 0 
0 0 2 1 2 1 2 2 
0 0 2 2 1 1 0'0 
0 0 2 1 2 0 0'0 
1 1 1 0'2 0 0 0 
0'0 0'0 0 0 0 0 
0 0 0 0 0 0 0 0 
[END]
XT01-98-AM-2779
XT01-05-PL-02-04-00-SF-00
XT01-PL-02-1620473380795
XT01-06-PL-02-04-00-SF-00
XT01-PL-01-1620473384006
[MAP]
0 1 1 1 2 1 0'0 
0 0 1 2 0'2 1 0'
0 0'2 1 2 1 2 2 
0 0'2 2 1 1 0'0 
0 0'2 1 2 0'0 0 
1 1 1 0'2 0 0 0 
0 0 0 0 0'0'0 0 
0 0 0 0 0 0 0 0 
[END]
XT01-06-PL-01-06-00-SF-00
[MAP]
0'1 1 1 2 1 1 0'
0 0'1 2 0'1 1 0 
0 0 2 1 1 1 2 2 
0 0 2 1 1 1 0'0 
0 0'1 1 2 0 0'0 
1 1 1 0'2 0 0 0 
0 0 0'0 0 0 0 0 
0 0 0 0 0 0 0 0 
[END]
XT01-98-AM-5467
XT01-05-PL-02-00-00-SF-00
XT01-PL-02-1620473384214
XT01-06-PL-02-00-00-SF-00
XT01-PL-01-1620473387232
[MAP]
2 2 2 2 2 1 1 0 
0 0'1 2 0'1 1 0'
0 0'2 1 1 1 2 2 
0 0'2 1 1 1 0'0'
0 0'1 1 2 0'0 0 
1 1 1 0'2 0'0 0 
0 0 0 0 0'0'0 0 
0 0 0 0 0 0 0 0 
[END]
XT01-06-PL-01-07-03-SF-00
[MAP]
2 2 2 2 2 1 1 0'
0 0'1 2 0'1 1 0'
0 0'2 1 1 1 1 2 
0 0 2 1 1 1 0'1 
0 0'1 1 2 0'0'0'
1 1 1 0'2 0 0 0 
0 0 0'0 0 0 0 0 
0 0 0 0 0 0 0 0 
[END]
XT01-98-AM-8097
XT01-05-PL-02-07-00-SF-00
XT01-PL-02-1620473387478
XT01-06-PL-02-07-00-SF-00
XT01-PL-01-1620473390237
[MAP]
2 2 2 2 2 2 2 2 
0 0'1 2 0'1 1 0'
0 0'2 1 1 1 1 2 
0 0'2 1 1 1 0 1 
0 0'1 1 2 0'0 0 
1 1 1 0'2 0'0 0 
0 0 0 0 0'0'0 0 
0 0 0 0 0 0 0 0 
[END]
XT01-06-PL-01-04-01-SF-00
[MAP]
2 2 2 2 2 2 2 2 
0 0 1 1 1 1 1 0'
0 0'2 1 1 1 1 2 
0 0 2 1 1 1 0'1 
0 0'1 1 2 0'0'0'
1 1 1 0'2 0 0 0 
0'0'0'0 0 0 0 0 
0 0 0 0 0 0 0 0 
[END]
XT01-98-AM-9790
XT01-05-PL-02-07-04-SF-00
XT01-PL-02-1620473390507
XT01-06-PL-02-07-04-SF-00
XT01-PL-01-1620473391924
[MAP]
2 2 2 2 2 2 2 2 
0 0'1 1 1 1 1 0 
0 0'2 1 1 1 1 2 
0 0'2 1 1 1 0 2 
0 0'1 1 2 0'0 2 
1 1 1 0'2 0'0 0 
0 0 0 0 0'0'0 0 
0 0 0 0 0 0 0 0 
[END]
XT01-06-PL-01-05-05-SF-00
[MAP]
2 2 2 2 2 2 2 2 
0 0 1 1 1 1 1 0 
0 0'2 1 1 1 1 2 
0 0 2 1 1 1 0'2 
0 0 1 1 1 0'0'2 
1 1 1 0'2 1 0'0 
0'0'0'0 0 0 0'0 
0 0 0 0 0 0 0 0 
[END]
XT01-98-AM-8897
XT01-05-PL-02-06-04-SF-00
XT01-PL-02-1620473392180
XT01-06-PL-02-06-04-SF-00
XT01-PL-01-1620473393875
[MAP]
2 2 2 2 2 2 2 2 
0 0'1 2 1 1 1 0 
0 0'2 1 2 1 1 2 
0 0'2 1 1 2 0'2 
0 0'1 1 1 0'2 2 
1 1 1 0'2 1 0 0 
0 0 0 0 0'0'0 0 
0 0 0 0 0 0 0 0 
[END]
XT01-06-PL-01-06-03-SF-00
[MAP]
2 2 2 2 2 2 2 2 
0 0'1 2 1 1 1 0'
0 0'2 1 2 1 1 2 
0 0 2 1 1 1 1 2 
0 0 1 1 1 0'2 2 
1 1 1 0'2 1 0'0 
0'0'0'0 0'0 0'0 
0 0 0 0 0 0 0 0 
[END]
XT01-98-AM-6543
XT01-05-PL-02-07-01-SF-00
XT01-PL-02-1620473394085
XT01-06-PL-02-07-01-SF-00
XT01-PL-01-1620473395240
[MAP]
2 2 2 2 2 2 2 2 
0 0'1 2 2 2 2 2 
0 0'2 1 2 1 1 2 
0 0'2 1 1 1 1 2 
0 0'1 1 1 0 2 2 
1 1 1 0'2 1 0'0'
0 0 0 0 0'0'0 0 
0 0 0 0 0 0 0 0 
[END]
XT01-06-PL-01-01-03-SF-00
[MAP]
2 2 2 2 2 2 2 2 
0 0'1 2 2 2 2 2 
0 0'2 1 2 1 1 2 
0'1 1 1 1 1 1 2 
0'0'1 1 1 0'2 2 
1 1 1 0'2 1 0'0 
0'0'0'0 0'0 0'0 
0 0 0 0 0 0 0 0 
[END]
XT01-98-AM-5853
XT01-05-PL-02-05-04-SF-00
XT01-PL-02-1620473395438
XT01-06-PL-02-05-04-SF-00
XT01-PL-01-1620473396034
[MAP]
2 2 2 2 2 2 2 2 
0 0'2 2 2 2 2 2 
0 0'2 2 2 2 1 2 
0 1 1 1 2 2 2 2 
0 0 1 1 1 2 2 2 
1 1 1 0'2 1 0'0 
0 0 0 0 0'0'0 0 
0 0 0 0 0 0 0 0 
[END]
XT01-06-PL-01-03-05-SF-00
[MAP]
2 2 2 2 2 2 2 2 
0 0 2 2 2 2 2 2 
0 0 2 2 2 2 1 2 
0'1 1 1 2 2 2 2 
0'0'1 1 1 2 2 2 
1 1 1 1 1 1 0 0 
0'0'0'0'0'0'0'0 
0 0 0 0 0 0 0 0 
[END]
XT01-98-AM-3456
XT01-05-PL-02-00-03-SF-00
XT01-PL-02-1620473396194
XT01-06-PL-02-00-03-SF-00
XT01-PL-01-1620473396536
[MAP]
2 2 2 2 2 2 2 2 
0 0'2 2 2 2 2 2 
0'0'2 2 2 2 1 2 
2 2 2 2 2 2 2 2 
0 0 1 1 1 2 2 2 
1 1 1 1 1 1 0'0 
0 0 0 0 0 0 0 0 
0 0 0 0 0 0 0 0 
[END]
XT01-06-PL-01-00-02-SF-00
[MAP]
2 2 2 2 2 2 2 2 
0'0 2 2 2 2 2 2 
1 0 2 2 2 2 1 2 
2 1 2 2 2 2 2 2 
0'0'1 1 1 2 2 2 
1 1 1 1 1 1 0 0 
0'0'0'0'0'0'0'0 
0 0 0 0 0 0 0 0 
[END]
XT01-98-AM-1251
XT01-05-PL-02-00-04-SF-00
XT01-PL-02-1620473396665
XT01-06-PL-02-00-04-SF-00
XT01-PL-01-1620473396896
[MAP]
2 2 2 2 2 2 2 2 
0 0'2 2 2 2 2 2 
1 0'2 2 2 2 1 2 
2 2 2 2 2 2 2 2 
2 0 1 1 1 2 2 2 
1 1 1 1 1 1 0'0 
0 0 0 0 0 0 0 0 
0 0 0 0 0 0 0 0 
[END]
XT01-06-PL-01-01-02-SF-00
[MAP]
2 2 2 2 2 2 2 2 
0'0'2 2 2 2 2 2 
1 1 1 1 1 1 1 2 
2 2 1 2 2 2 2 2 
2 0'1 1 1 2 2 2 
1 1 1 1 1 1 0 0 
0'0'0'0'0'0'0'0 
0 0 0 0 0 0 0 0 
[END]
XT01-98-AM-935
XT01-05-PL-02-01-01-SF-00
XT01-PL-02-1620473397018
XT01-06-PL-02-01-01-SF-00
XT01-PL-01-1620473397233
[MAP]
2 2 2 2 2 2 2 2 
0'2 2 2 2 2 2 2 
1 2 2 1 1 1 1 2 
2 2 1 2 2 2 2 2 
2 0 1 1 1 2 2 2 
1 1 1 1 1 1 0'0'
0 0 0 0 0 0 0 0 
0 0 0 0 0 0 0 0 
[END]
XT01-06-PL-01-00-01-SF-00
[MAP]
2 2 2 2 2 2 2 2 
1 2 2 2 2 2 2 2 
1 1 2 1 1 1 1 2 
2 2 1 2 2 2 2 2 
2 0'1 1 1 2 2 2 
1 1 1 1 1 1 0 0 
0'0'0'0'0'0'0'0 
0 0 0 0 0 0 0 0 
[END]
XT01-98-AM-602
XT01-05-PL-02-01-04-SF-00
XT01-PL-02-1620473397347
XT01-06-PL-02-01-04-SF-00
XT01-PL-01-1620473397500
[MAP]
2 2 2 2 2 2 2 2 
1 2 2 2 2 2 2 2 
1 1 2 2 1 1 1 2 
2 2 2 2 2 2 2 2 
2 2 2 2 2 2 2 2 
1 1 1 1 1 1 0'0'
0 0 0 0 0 0 0 0 
0 0 0 0 0 0 0 0 
[END]
XT01-06-PL-01-07-05-SF-00
[MAP]
2 2 2 2 2 2 2 2 
1 2 2 2 2 2 2 2 
1 1 2 2 1 1 1 2 
2 2 2 2 2 1 2 2 
2 2 2 2 2 2 1 2 
1 1 1 1 1 1 0'1 
0'0'0'0'0'0'0'0'
0 0 0 0 0 0 0 0 
[END]
XT01-98-AM-1146
XT01-05-PL-02-06-05-SF-00
XT01-PL-02-1620473397621
XT01-06-PL-02-06-05-SF-00
XT01-PL-01-1620473397727
[MAP]
2 2 2 2 2 2 2 2 
1 2 2 2 2 2 2 2 
1 1 2 2 1 1 1 2 
2 2 2 2 2 1 2 2 
2 2 2 2 2 2 2 2 
1 1 1 1 1 1 2 1 
0 0 0 0 0 0 0'0 
0 0 0 0 0 0 0 0 
[END]
XT01-06-PL-01-06-06-SF-00
[MAP]
2 2 2 2 2 2 2 2 
1 2 2 2 2 2 2 2 
1 1 2 2 1 1 1 2 
2 2 2 2 2 1 1 2 
2 2 2 2 2 2 1 2 
1 1 1 1 1 1 1 1 
0'0'0'0'0'0'1 0'
0 0 0 0 0 0 0'0'
[END]
XT01-98-AM-2248
XT01-05-PL-02-06-07-SF-00
XT01-PL-02-1620473397859
XT01-06-PL-02-06-07-SF-00
XT01-PL-01-1620473397987
[MAP]
2 2 2 2 2 2 2 2 
1 2 2 2 2 2 2 2 
1 1 2 2 1 1 2 2 
2 2 2 2 2 1 2 2 
2 2 2 2 2 2 2 2 
1 1 1 1 1 1 2 1 
0 0 0 0 0 0 2 0 
0 0 0 0 0 0'2 0'
[END]
XT01-06-PL-01-07-07-SF-00
[MAP]
2 2 2 2 2 2 2 2 
1 2 2 2 2 2 2 2 
1 1 2 2 1 1 2 2 
2 2 2 2 2 1 2 2 
2 2 2 2 2 2 2 2 
1 1 1 1 1 1 2 1 
0'0'0'0'0'0'1 0'
0 0 0 0 0 0 2 1 
[END]
XT01-98-AM-1656
XT01-05-PL-02-07-06-SF-00
XT01-PL-02-1620473398109
XT01-06-PL-02-07-06-SF-00
XT01-PL-01-1620473398211
[MAP]
2 2 2 2 2 2 2 2 
1 2 2 2 2 2 2 2 
1 1 2 2 1 1 2 2 
2 2 2 2 2 1 2 2 
2 2 2 2 2 2 2 2 
1 1 1 1 1 1 2 2 
0 0 0 0 0 0 1 2 
0 0 0 0 0 0'2 1 
[END]
XT01-06-PL-01-05-07-SF-00
[MAP]
2 2 2 2 2 2 2 2 
1 2 2 2 2 2 2 2 
1 1 2 2 1 1 2 2 
2 2 2 2 2 1 2 2 
2 2 2 2 2 2 2 2 
1 1 1 1 1 1 2 2 
0'0'0'0'0'0'1 2 
0 0 0 0 0 1 1 1 
[END]
XT01-98-AM-689
XT01-05-PL-02-01-06-SF-00
XT01-PL-02-1620473398324
XT01-06-PL-02-01-06-SF-00
XT01-PL-01-1620473398446
[MAP]
2 2 2 2 2 2 2 2 
1 2 2 2 2 2 2 2 
1 1 2 2 1 1 2 2 
2 2 2 2 2 1 2 2 
2 2 2 2 2 2 2 2 
1 2 2 1 1 1 2 2 
0'2 0 0 0 0 1 2 
0'0'0'0 0 1 1 1 
[END]
XT01-06-PL-01-02-07-SF-00
[MAP]
2 2 2 2 2 2 2 2 
1 2 2 2 2 2 2 2 
1 1 2 2 1 1 2 2 
2 2 2 2 2 1 2 2 
2 2 2 2 2 2 2 2 
1 2 2 1 1 1 2 2 
0'1 0'0'0'0'1 2 
0'0'1 0 0 1 1 1 
[END]
XT01-98-AM-555
XT01-05-PL-02-01-07-SF-00
XT01-PL-02-1620473398556
XT01-06-PL-02-01-07-SF-00
XT01-PL-01-1620473398667
[MAP]
2 2 2 2 2 2 2 2 
1 2 2 2 2 2 2 2 
1 1 2 2 1 1 2 2 
2 2 2 2 2 1 2 2 
2 2 2 2 2 2 2 2 
1 2 2 1 1 1 2 2 
0'2 0 0 0 0 1 2 
0'2 1 0 0 1 1 1 
[END]
XT01-06-PL-01-00-06-SF-00
[MAP]
2 2 2 2 2 2 2 2 
1 2 2 2 2 2 2 2 
1 1 2 2 1 1 2 2 
2 2 2 1 2 1 2 2 
2 2 1 2 2 2 2 2 
1 1 2 1 1 1 2 2 
1 2 0'0'0'0'1 2 
0'2 1 0'0 1 1 1 
[END]
XT01-98-AM-559
XT01-05-PL-02-00-07-SF-00
XT01-PL-02-1620473398774
XT01-06-PL-02-00-07-SF-00
XT01-PL-01-1620473398877
[MAP]
2 2 2 2 2 2 2 2 
1 2 2 2 2 2 2 2 
1 1 2 2 1 1 2 2 
2 2 2 1 2 1 2 2 
2 2 1 2 2 2 2 2 
2 1 2 1 1 1 2 2 
2 2 0'0 0 0 1 2 
2 2 1 0 0 1 1 1 
[END]
XT01-06-PL-01-02-06-SF-00
[MAP]
2 2 2 2 2 2 2 2 
1 2 2 2 2 2 2 2 
1 1 2 2 1 1 2 2 
2 2 2 1 2 1 2 2 
2 2 1 2 2 2 2 2 
2 1 1 1 1 1 2 2 
2 2 1 0'0'0'1 2 
2 2 1 0'0 1 1 1 
[END]
XT01-98-AM-94
XT01-05-PL-02-03-07-SF-00
XT01-PL-02-1620473398982
XT01-06-PL-02-03-07-SF-00
[MAP]
2 2 2 2 2 2 2 2 
1 2 2 2 2 2 2 2 
1 1 2 2 1 1 2 2 
2 2 2 1 2 1 2 2 
2 2 1 2 2 2 2 2 
2 2 1 1 1 1 2 2 
2 2 2 0'0'0'1 2 
2 2 2 2 0 1 1 1 
[END]
XT01-98-AM-21
XT01-05-PL-02-03-06-SF-00
XT01-PL-02-1620473399088
XT01-06-PL-02-03-06-SF-00
XT01-PL-01-1620473399189
[MAP]
2 2 2 2 2 2 2 2 
1 2 2 2 2 2 2 2 
1 1 2 2 1 1 2 2 
2 2 2 1 2 1 2 2 
2 2 1 2 2 2 2 2 
2 2 2 2 2 1 2 2 
2 2 2 2 0'0'1 2 
2 2 2 2 0 1 1 1 
[END]
XT01-06-PL-01-04-06-SF-00
[MAP]
2 2 2 2 2 2 2 2 
1 2 2 2 2 2 2 2 
1 1 2 2 1 1 2 2 
2 2 2 1 1 1 2 2 
2 2 1 2 1 2 2 2 
2 2 2 1 1 1 2 2 
2 2 2 2 1 0'1 2 
2 2 2 2 0'1 1 1 
[END]
XT01-98-AM-4
XT01-05-PL-02-05-06-SF-00
XT01-PL-02-1620473399292
XT01-06-PL-02-05-06-SF-00
XT01-PL-01-1620473399393
[MAP]
2 2 2 2 2 2 2 2 
1 2 2 2 2 2 2 2 
1 1 2 2 1 1 2 2 
2 2 2 1 1 1 2 2 
2 2 1 2 1 2 2 2 
2 2 2 1 2 2 2 2 
2 2 2 2 2 2 2 2 
2 2 2 2 0'1 1 1 
[END]
XT01-06-PL-01-04-07-SF-00
XT01-08
XT01-09
[MAP]
2 2 2 2 2 2 2 2 
1 2 2 2 2 2 2 2 
1 1 2 2 1 1 2 2 
2 2 2 1 1 1 2 2 
2 2 1 2 1 2 2 2 
2 2 2 1 1 2 2 2 
2 2 2 2 1 2 2 2 
2 2 2 2 1 1 1 1 
[END]