XT01-ALPHA-BETA-OFF
XT01-02-[50, 10, 48, 10, 48, 32, 48, 10, 56, 32, 56, 10, 48, 32, 48, 32, 48, 32, 48, 32, 48, 32, 48, 32, 48, 32, 48, 10, 48, 32, 48, 32, 48, 32, 48, 32, 48, 32, 48, 32, 48, 32, 48, 10, 48, 32, 48, 32, 48, 32, 48, 32, 48, 32, 48, 32, 48, 32, 48, 10, 48, 32, 48, 32, 48, 32, 49, 32, 50, 32, 48, 32, 48, 32, 48, 10, 48, 32, 48, 32, 48, 32, 50, 32, 49, 32, 48, 32, 48, 32, 48, 10, 48, 32, 48, 32, 48, 32, 48, 32, 48, 32, 48, 32, 48, 32, 48, 10, 48, 32, 48, 32, 48, 32, 48, 32, 48, 32, 48, 32, 48, 32, 48, 10, 48, 32, 48, 32, 48, 32, 48, 32, 48, 32, 48, 32, 48, 32, 48]
XT01-03-PL-02
XT01-PL-01-1620474113280
[MAP]
0 0 0 0 0 0 0 0 
0 0 0 0 0 0 0 0 
0 0 0 0 0'0 0 0 
0 0 0 1 2 0'0 0 
0 0 0'2 1 0 0 0 
0 0 0 0'0 0 0 0 
0 0 0 0 0 0 0 0 
0 0 0 0 0 0 0 0 
[END]
XT01-06-PL-01-04-02-SF-00
[MAP]
0 0 0 0 0 0 0 0 
0 0 0 0 0 0 0 0 
0 0 0 0'1 0'0 0 
0 0 0 1 1 0 0 0 
0 0 0 2 1 0'0 0 
0 0 0 0 0 0 0 0 
0 0 0 0 0 0 0 0 
0 0 0 0 0 0 0 0 
[END]
XT01-98-AM-16250
XT01-05-PL-02-05-04-SF-00
XT01-PL-02-1620474113902
XT01-06-PL-02-05-04-SF-00
XT01-PL-01-1620474114173
[MAP]
0 0 0 0 0 0 0 0 
0 0 0 0 0 0 0 0 
0 0 0 0 1 0 0 0 
0 0 0 1 1 0 0 0 
0 0 0 2 2 2 0 0 
0 0 0'0'0'0'0'0 
0 0 0 0 0 0 0 0 
0 0 0 0 0 0 0 0 
[END]
XT01-06-PL-01-03-05-SF-00
[MAP]
0 0 0 0 0 0 0 0 
0 0 0 0 0'0 0 0 
0 0 0'0'1 0 0 0 
0 0 0 1 1 0 0 0 
0 0 0'1 2 2 0 0 
0 0 0 1 0 0 0 0 
0 0 0'0 0 0 0 0 
0 0 0 0 0 0 0 0 
[END]
XT01-98-AM-76699
XT01-05-PL-02-04-01-SF-00
XT01-PL-02-1620474115931
XT01-06-PL-02-04-01-SF-00
XT01-PL-01-1620474116363
[MAP]
0 0 0 0 0 0 0 0 
0 0 0 0 2 0'0 0 
0 0 0 0 2 0'0 0 
0 0 0 1 2 0'0 0 
0 0 0 1 2 2 0'0 
0 0 0 1 0 0'0 0 
0 0 0 0 0 0 0 0 
0 0 0 0 0 0 0 0 
[END]
XT01-06-PL-01-06-04-SF-00
[MAP]
0 0 0 0 0 0 0 0 
0 0 0 0 2 0 0 0 
0 0 0 0 2 0 0 0 
0 0 0'1 2 0 0 0 
0 0 0'1 1 1 1 0 
0 0 0'1 0'0 0'0 
0 0 0 0 0 0 0 0 
0 0 0 0 0 0 0 0 
[END]
XT01-98-AM-97215
XT01-05-PL-02-06-05-SF-00
XT01-PL-02-1620474118427
XT01-06-PL-02-06-05-SF-00
XT01-PL-01-1620474118676
[MAP]
0 0 0 0 0'0 0 0 
0 0 0 0 2 0'0 0 
0 0 0 0 2 0'0 0 
0 0 0 1 2 0'0 0 
0 0 0 1 1 2 1 0 
0 0 0 1 0 0 2 0 
0 0 0 0 0 0 0'0 
0 0 0 0 0 0 0 0 
[END]
XT01-06-PL-01-04-00-SF-00
[MAP]
0 0 0 0 1 0 0 0 
0 0 0 0 1 0 0 0 
0 0 0 0'1 0 0 0 
0 0 0 1 1 0 0'0 
0 0 0'1 1 2 1 0'
0 0 0 1 0 0 2 0 
0 0 0 0 0 0 0 0 
0 0 0 0 0 0 0 0 
[END]
XT01-98-AM-59125
XT01-05-PL-02-07-04-SF-00
XT01-PL-02-1620474119955
XT01-06-PL-02-07-04-SF-00
XT01-PL-01-1620474120061
[MAP]
0 0 0 0 1 0 0 0 
0 0 0 0 1 0 0 0 
0 0 0 0 1 0 0 0 
0 0 0 1 1 0 0 0 
0 0 0 1 1 2 2 2 
0 0 0 1 0 0 2 0 
0 0 0 0 0 0 0 0'
0 0 0 0 0 0 0 0 
[END]
XT01-06-PL-01-07-06-SF-00
[MAP]
0 0 0 0 1 0 0 0 
0 0 0 0 1 0 0 0 
0 0 0 0 1 0 0 0 
0 0 0 1 1 0 0 0 
0 0 0'1 1 1 2 2 
0 0 0 1 0 0 1 0 
0 0 0 0 0 0'0'1 
0 0 0 0 0 0 0 0 
[END]
XT01-98-AM-33741
XT01-05-PL-02-05-06-SF-00
XT01-PL-02-1620474120830
XT01-06-PL-02-05-06-SF-00
[MAP]
0 0 0 0 1 0 0 0 
0 0 0 0 1 0 0 0 
0 0 0 0'1 0 0 0 
0 0 0 1 1 0 0 0 
0 0 0'1 1 1 2 2 
0 0 0 1 0 0 2 0 
0 0 0 0 0 2 0 1 
0 0 0 0 0 0 0 0 
[END]
XT01-98-AM-26431
XT01-05-PL-02-03-02-SF-00
XT01-PL-02-1620474121459
XT01-06-PL-02-03-02-SF-00
XT01-PL-01-1620474121729
[MAP]
0 0 0 0 1 0 0 0 
0 0 0'0'1 0 0 0 
0 0 0'2 1 0'0 0 
0 0 0'1 2 0'0 0 
0 0 0 1 1 2 2 2 
0 0 0 1 0 0 2 0 
0 0 0 0 0 2 0 1 
0 0 0 0 0 0 0 0 
[END]
XT01-06-PL-01-02-02-SF-00
[MAP]
0 0 0 0 1 0 0 0 
0 0 0'0 1 0 0 0 
0 0 1 1 1 0 0 0 
0 0 0'1 2 0 0 0 
0 0 0'1 1 2 2 2 
0 0 0'1 0'0 2 0 
0 0 0 0 0 2 0 1 
0 0 0 0 0 0 0 0 
[END]
XT01-98-AM-73673
XT01-05-PL-02-02-05-SF-00
XT01-PL-02-1620474123249
XT01-06-PL-02-02-05-SF-00
XT01-PL-01-1620474123625
[MAP]
0 0 0 0 1 0 0 0 
0 0 0 0 1 0 0 0 
0 0 1 1 1 0 0 0 
0 0 0 1 2 0'0 0 
0 0 0'2 1 2 2 2 
0 0'2 1 0 0 2 0 
0 0 0 0 0 2 0 1 
0 0 0 0 0 0 0 0 
[END]
XT01-06-PL-01-01-05-SF-00
[MAP]
0 0 0 0 1 0 0 0 
0 0 0'0'1 0 0 0 
0 0 1 1 1 0 0 0 
0 0 0'1 2 0 0 0 
0 0 0 2 1 2 2 2 
0 1 1 1 0'0 2 0 
0 0'0 0'0 2 0 1 
0 0 0 0 0 0 0 0 
[END]
XT01-98-AM-127087
XT01-05-PL-02-01-06-SF-00
XT01-PL-02-1620474126143
XT01-06-PL-02-01-06-SF-00
XT01-PL-01-1620474126577
[MAP]
0 0 0 0 1 0 0 0 
0 0 0 0 1 0 0 0 
0 0 1 1 1 0 0 0 
0 0 0 1 2 0'0 0 
0 0 0'2 1 2 2 2 
0 1 2 1 0 0 2 0 
0 2 0 0 0 2 0 1 
0 0'0 0 0 0 0 0 
[END]
XT01-06-PL-01-02-04-SF-00
[MAP]
0 0 0 0 1 0 0 0 
0 0 0'0 1 0 0 0 
0 0 1 1 1 0 0 0 
0 0 0'1 2 0 0 0 
0 0'1 1 1 2 2 2 
0'1 2 1 0'0 2 0 
0 2 0 0 0 2 0 1 
0 0 0 0 0 0 0 0 
[END]
XT01-98-AM-282248
XT01-05-PL-02-00-05-SF-00
XT01-PL-02-1620474131975
XT01-06-PL-02-00-05-SF-00
XT01-PL-01-1620474132718
[MAP]
0 0 0 0 1 0 0 0 
0 0 0 0 1 0 0 0 
0 0 1 1 1 0'0 0 
0 0 0 1 2 0'0 0 
0 0 1 1 1 2 2 2 
2 2 2 1 0 0 2 0 
0'2 0'0 0 2 0 1 
0'0 0 0 0 0 0 0 
[END]
XT01-06-PL-01-00-07-SF-00
[MAP]
0 0 0 0 1 0 0 0 
0 0 0'0 1 0'0 0 
0 0 1 1 1 0 0 0 
0 0 0'1 2 0 0 0 
0 0'1 1 1 2 2 2 
2 2 1 1 0'0 2 0 
0 1 0 0 0 2 0 1 
1 0'0'0 0 0 0 0 
[END]
XT01-98-AM-350433
XT01-05-PL-02-02-03-SF-00
XT01-PL-02-1620474139389
XT01-06-PL-02-02-03-SF-00
XT01-PL-01-1620474139902
[MAP]
0 0 0 0 1 0 0 0 
0 0 0 0 1 0 0 0 
0 0'1 1 1 0'0 0 
0 0 2 2 2 0 0 0 
0 0'1 1 1 2 2 2 
2 2 1 1 0 0 2 0 
0'1 0 0 0 2 0 1 
1 0 0 0 0 0 0 0 
[END]
XT01-06-PL-01-00-06-SF-00
[MAP]
0 0 0 0 1 0'0 0 
0 0'0'0'1 0'0 0 
0 0 1 1 1 0 0 0 
0 0 2 2 2 0 0 0 
0 0'1 1 1 2 2 2 
2 1 1 1 0'0'2 0 
1 1 0'0'0 2 0 1 
1 0 0'0 0 0 0 0 
[END]
XT01-98-AM-832908
XT01-05-PL-02-02-07-SF-00
XT01-PL-02-1620474154676
XT01-06-PL-02-02-07-SF-00
XT01-PL-01-1620474155170
[MAP]
0 0 0 0 1 0 0 0 
0 0 0 0 1 0 0 0 
0 0'1 1 1 0'0 0 
0 0 2 2 2 0 0 0 
0'0'1 1 1 2 2 2 
2 1 1 1 0 0 2 0 
1 2 0'0 0 2 0 1 
1 0'2 0 0 0 0 0 
[END]
XT01-06-PL-01-00-04-SF-00
[MAP]
0 0 0 0 1 0'0 0 
0 0'0'0'1 0'0 0 
0 0 1 1 1 0 0 0 
0 0 2 2 2 0 0 0 
1 0'1 1 1 2 2 2 
1 1 1 1 0'0'2 0 
1 2 0'0'0 2 0 1 
1 0 2 0 0 0 0 0 
[END]
XT01-98-AM-686174
XT01-05-PL-02-01-04-SF-00
XT01-PL-02-1620474166987
XT01-06-PL-02-01-04-SF-00
XT01-PL-01-1620474167638
[MAP]
0 0 0 0 1 0 0 0 
0 0 0 0 1 0 0 0 
0 0 1 1 1 0'0 0 
0'0'2 2 2 0'0 0 
1 2 2 2 2 2 2 2 
1 2 1 1 0'0'2 0 
1 2 0'0 0 2 0 1 
1 0 2 0 0 0 0 0 
[END]
XT01-06-PL-01-02-06-SF-00
[MAP]
0 0 0 0 1 0'0 0 
0 0'0'0'1 0'0 0 
0 0 1 1 1 0 0 0 
0 0 2 2 2 0 0 0 
1 2 2 2 2 2 2 2 
1 1 1 1 0 0 2 0 
1 1 1 0'0'2 0 1 
1 0'2 0 0 0 0 0 
[END]
XT01-98-AM-545634
XT01-05-PL-02-05-00-SF-00
XT01-PL-02-1620474176719
XT01-06-PL-02-05-00-SF-00
XT01-PL-01-1620474177112
[MAP]
0 0 0 0 1 2 0'0 
0 0 0'0'2 0 0 0 
0 0 1 2 1 0'0 0 
0'0'2 2 2 0'0 0 
1 2 2 2 2 2 2 2 
1 1 1 1 0'0'2 0 
1 1 1 0 0 2 0 1 
1 0 2 0 0 0 0 0 
[END]
XT01-06-PL-01-06-00-SF-00
[MAP]
0 0 0 0 1 1 1 0 
0 0'0'0 2 0'0 0 
0 0'1 2 1 0'0 0 
0 0 2 2 2 0 0 0 
1 2 2 2 2 2 2 2 
1 1 1 1 0 0 2 0 
1 1 1 0'0'2 0 1 
1 0'2 0 0 0 0 0 
[END]
XT01-98-AM-449589
XT01-05-PL-02-03-06-SF-00
XT01-PL-02-1620474184481
XT01-06-PL-02-03-06-SF-00
XT01-PL-01-1620474185405
[MAP]
0 0 0 0 1 1 1 0 
0 0 0'0 2 0 0 0 
0 0 1 2 1 0'0 0 
0 0'2 2 2 0'0 0 
1 2 2 2 2 2 2 2 
1 1 2 2 0'0'2 0 
1 1 1 2 0'2 0 1 
1 0 2 0 0 0 0 0 
[END]
XT01-06-PL-01-04-05-SF-00
[MAP]
0 0 0 0 1 1 1 0 
0 0'0'0 2 0'0 0 
0 0'1 2 1 0'0 0 
0 0 2 2 1 0'0 0 
1 2 2 2 1 2 2 2 
1 1 1 1 1 0'2 0 
1 1 1 2 0'2 0 1 
1 0'2 0 0 0 0 0 
[END]
XT01-98-AM-1032769
XT01-05-PL-02-05-05-SF-00
XT01-PL-02-1620474201733
XT01-06-PL-02-05-05-SF-00
XT01-PL-01-1620474203426
[MAP]
0 0 0 0 1 1 1 0 
0 0 0'0'2 0 0 0 
0 0'1 2 1 0 0 0 
0'0'2 2 1 0'0'0 
1 2 2 2 2 2 2 2 
1 1 1 1 1 2 2 0'
1 1 1 2 0'2 0'1 
1 0 2 0'0'0 0'0 
[END]
XT01-06-PL-01-00-03-SF-00
[MAP]
0 0 0 0 1 1 1 0 
0 0'0'0 2 0'0 0 
0 0'1 2 1 0'0 0 
1 0 2 2 1 0'0 0 
1 1 2 2 2 2 2 2 
1 1 1 1 1 2 2 0 
1 1 1 2 0'2 0 1 
1 0'2 0 0 0 0 0 
[END]
XT01-98-AM-802396
XT01-05-PL-02-05-03-SF-00
XT01-PL-02-1620474215273
XT01-06-PL-02-05-03-SF-00
XT01-PL-01-1620474217424
[MAP]
0 0 0 0 1 1 1 0 
0 0 0'0'2 0 0 0 
0 0'1 2 1 0'0'0 
1 0'2 2 2 2 0'0 
1 1 2 2 2 2 2 2 
1 1 1 1 1 2 2 0'
1 1 1 2 0'2 0'1 
1 0 2 0'0'0 0'0 
[END]
XT01-06-PL-01-01-03-SF-00
[MAP]
0 0 0 0 1 1 1 0 
0 0'0'0'2 0'0 0 
0 0'1 2 1 0'0 0 
1 1 2 2 2 2 0 0 
1 1 1 2 2 2 2 2 
1 1 1 1 1 2 2 0 
1 1 1 2 0'2 0 1 
1 0'2 0 0 0 0 0 
[END]
XT01-98-AM-724002
XT01-05-PL-02-05-02-SF-00
XT01-PL-02-1620474227598
XT01-06-PL-02-05-02-SF-00
XT01-PL-01-1620474228875
[MAP]
0 0 0 0 1 1 1 0 
0 0 0'0'2 0'0'0 
0 0'1 2 2 2 0'0 
1 1 2 2 2 2 0'0 
1 1 1 2 2 2 2 2 
1 1 1 1 1 2 2 0'
1 1 1 2 0'2 0'1 
1 0 2 0'0'0 0'0 
[END]
XT01-06-PL-01-05-01-SF-00
[MAP]
0 0 0 0 1 1 1 0 
0 0'0'0'2 1 0'0 
0 0'1 2 1 2 0 0 
1 1 2 1 2 2 0 0 
1 1 1 2 2 2 2 2 
1 1 1 1 1 2 2 0 
1 1 1 2 0'2 0 1 
1 0'2 0 0 0 0 0 
[END]
XT01-98-AM-862395
XT01-05-PL-02-06-01-SF-00
XT01-PL-02-1620474240604
XT01-06-PL-02-06-01-SF-00
XT01-PL-01-1620474241708
[MAP]
0 0 0 0 1 1 1 0'
0 0 0'0'2 2 2 0 
0 0'1 2 1 2 0'0'
1 1 2 1 2 2 0'0 
1 1 1 2 2 2 2 2 
1 1 1 1 1 2 2 0'
1 1 1 2 0'2 0'1 
1 0 2 0'0'0'0'0 
[END]
XT01-06-PL-01-07-00-SF-00
[MAP]
0 0 0 0 1 1 1 1 
0 0'0'0'2 2 1 0'
0 0'1 2 1 1 0'0 
1 1 2 1 1 2 0'0 
1 1 1 1 2 2 2 2 
1 1 1 1 1 2 2 0 
1 1 1 2 0'2 0 1 
1 0'2 0 0 0 0 0 
[END]
XT01-98-AM-1144812
XT01-05-PL-02-06-02-SF-00
XT01-PL-02-1620474256271
XT01-06-PL-02-06-02-SF-00
XT01-PL-01-1620474257675
[MAP]
0 0 0 0 1 1 1 1 
0 0 0'0'2 2 1 0'
0 0'1 2 2 2 2 0'
1 1 2 1 1 2 0'0'
1 1 1 1 2 2 2 2 
1 1 1 1 1 2 2 0'
1 1 1 2 0'2 0'1 
1 0 2 0'0'0'0'0 
[END]
XT01-06-PL-01-07-03-SF-00
[MAP]
0 0 0 0 1 1 1 1 
0 0'0'0 2 1 1 0'
0 0'1 2 2 2 1 0'
1 1 2 1 1 2 0 1 
1 1 1 1 2 2 2 2 
1 1 1 1 1 2 2 0 
1 1 1 2 0'2 0 1 
1 0'2 0 0 0 0 0 
[END]
XT01-98-AM-493060
XT01-05-PL-02-04-06-SF-00
XT01-PL-02-1620474263544
XT01-06-PL-02-04-06-SF-00
XT01-PL-01-1620474264205
[MAP]
0 0 0 0 1 1 1 1 
0 0 0'0'2 1 1 0 
0 0'1 2 2 2 1 0 
1 1 2 1 1 2 0'1 
1 1 1 1 2 2 2 2 
1 1 1 1 2 2 2 0'
1 1 1 2 2 2 0'1 
1 0 2 0'0'0'0'0 
[END]
XT01-06-PL-01-06-03-SF-00
[MAP]
0 0 0 0 1 1 1 1 
0 0'0'0 2 1 1 0'
0'0'1 2 2 2 1 0'
1 1 2 1 1 1 1 1 
1 1 1 1 2 2 2 2 
1 1 1 1 2 2 2 0 
1 1 1 2 2 2 0 1 
1 0'2 0 0 0 0 0 
[END]
XT01-98-AM-367621
XT01-05-PL-02-00-02-SF-00
XT01-PL-02-1620474268073
XT01-06-PL-02-00-02-SF-00
XT01-PL-01-1620474268407
[MAP]
0 0 0 0'1 1 1 1 
0'0 0'0'2 1 1 0 
2 0'1 2 2 2 1 0 
1 2 2 1 1 1 1 1 
1 1 2 1 2 2 2 2 
1 1 1 2 2 2 2 0'
1 1 1 2 2 2 0'1 
1 0 2 0'0'0'0'0 
[END]
XT01-06-PL-01-03-00-SF-00
[MAP]
0 0 0 1 1 1 1 1 
0 0'0'0'1 1 1 0'
2 0'1 2 2 1 1 0'
1 2 2 1 1 1 1 1 
1 1 2 1 2 2 2 2 
1 1 1 2 2 2 2 0 
1 1 1 2 2 2 0 1 
1 0'2 0 0 0 0 0 
[END]
XT01-98-AM-279125
XT01-05-PL-02-01-02-SF-00
XT01-PL-02-1620474271126
XT01-06-PL-02-01-02-SF-00
XT01-PL-01-1620474271330
[MAP]
0 0 0 1 1 1 1 1 
0'0'0'0'1 1 1 0 
2 2 2 2 2 1 1 0 
1 2 2 1 1 1 1 1 
1 1 2 1 2 2 2 2 
1 1 1 2 2 2 2 0'
1 1 1 2 2 2 0'1 
1 0 2 0'0'0'0'0 
[END]
XT01-06-PL-01-00-01-SF-00
[MAP]
0 0 0 1 1 1 1 1 
1 0'0 0 1 1 1 0'
1 1 2 2 2 1 1 0'
1 2 1 1 1 1 1 1 
1 1 2 1 2 2 2 2 
1 1 1 2 2 2 2 0 
1 1 1 2 2 2 0 1 
1 0'2 0 0 0 0 0 
[END]
XT01-98-AM-94790
XT01-05-PL-02-01-07-SF-00
XT01-PL-02-1620474272240
XT01-06-PL-02-01-07-SF-00
XT01-PL-01-1620474272434
[MAP]
0 0 0 1 1 1 1 1 
1 0'0'0'1 1 1 0 
1 1 2 2 2 1 1 0 
1 2 1 1 1 1 1 1 
1 2 2 1 2 2 2 2 
1 2 1 2 2 2 2 0'
1 2 2 2 2 2 0'1 
1 2 2 0'0'0'0'0 
[END]
XT01-06-PL-01-07-05-SF-00
[MAP]
0 0 0 1 1 1 1 1 
1 0'0 0 1 1 1 0'
1 1 2 2 2 1 1 0'
1 2 1 1 1 1 1 1 
1 2 2 1 2 2 1 1 
1 2 1 1 1 1 1 1 
1 2 2 2 2 2 0'1 
1 2 2 0 0 0 0 0 
[END]
XT01-98-AM-49751
XT01-05-PL-02-07-02-SF-00
XT01-PL-02-1620474272913
XT01-06-PL-02-07-02-SF-00
XT01-PL-01-1620474273114
[MAP]
0 0 0 1 1 1 1 1 
1 0'0'0'1 1 1 0'
1 1 2 2 2 2 2 2 
1 2 1 1 1 1 2 1 
1 2 2 1 2 2 1 1 
1 2 1 1 1 1 1 1 
1 2 2 2 2 2 0'1 
1 2 2 0'0'0'0'0 
[END]
XT01-06-PL-01-07-01-SF-00
[MAP]
0 0 0 1 1 1 1 1 
1 0'0 0 1 1 1 1 
1 1 2 2 2 2 1 1 
1 2 1 1 1 1 2 1 
1 2 2 1 2 2 1 1 
1 2 1 1 1 1 1 1 
1 2 2 2 2 2 0'1 
1 2 2 0 0 0 0 0 
[END]
XT01-98-AM-10427
XT01-05-PL-02-06-06-SF-00
XT01-PL-02-1620474273296
XT01-06-PL-02-06-06-SF-00
XT01-PL-01-1620474273428
[MAP]
0 0 0 1 1 1 1 1 
1 0'0'0'1 1 1 1 
1 1 2 2 2 2 1 1 
1 2 1 1 1 1 2 1 
1 2 2 1 2 2 2 1 
1 2 1 1 1 2 2 1 
1 2 2 2 2 2 2 1 
1 2 2 0'0'0'0'0'
[END]
XT01-06-PL-01-03-07-SF-00
[MAP]
0 0 0 1 1 1 1 1 
1 0'0 0 1 1 1 1 
1 1 2 2 2 2 1 1 
1 2 1 1 1 1 2 1 
1 2 2 1 2 2 1 1 
1 1 1 1 1 1 2 1 
1 2 1 1 1 2 2 1 
1 1 1 1 0'0'0 0 
[END]
XT01-98-AM-7072
XT01-05-PL-02-01-01-SF-00
XT01-PL-02-1620474273575
XT01-06-PL-02-01-01-SF-00
XT01-PL-01-1620474273691
[MAP]
0'0'0'1 1 1 1 1 
1 2 0'0'1 1 1 1 
1 2 2 2 2 2 1 1 
1 2 1 1 1 1 2 1 
1 2 2 1 2 2 1 1 
1 1 1 1 1 1 2 1 
1 2 1 1 1 2 2 1 
1 1 1 1 0'0'0'0'
[END]
XT01-06-PL-01-01-00-SF-00
[MAP]
0'1 0 1 1 1 1 1 
1 1 0 0 1 1 1 1 
1 1 2 2 2 2 1 1 
1 1 1 1 1 1 2 1 
1 1 2 1 2 2 1 1 
1 1 1 1 1 1 2 1 
1 2 1 1 1 2 2 1 
1 1 1 1 0'0'0 0 
[END]
XT01-98-AM-1771
XT01-05-PL-02-00-00-SF-00
XT01-PL-02-1620474273803
XT01-06-PL-02-00-00-SF-00
XT01-PL-01-1620474273911
[MAP]
2 1 0'1 1 1 1 1 
1 2 0'0'1 1 1 1 
1 1 2 2 2 2 1 1 
1 1 1 1 1 1 2 1 
1 1 2 1 2 2 1 1 
1 1 1 1 1 1 2 1 
1 2 1 1 1 2 2 1 
1 1 1 1 0'0'0'0'
[END]
XT01-06-PL-01-02-01-SF-00
[MAP]
2 1 0'1 1 1 1 1 
1 1 1 0 1 1 1 1 
1 1 1 1 2 2 1 1 
1 1 1 1 1 1 2 1 
1 1 2 1 2 2 1 1 
1 1 1 1 1 1 2 1 
1 2 1 1 1 2 2 1 
1 1 1 1 0'0'0 0 
[END]
XT01-98-AM-342
XT01-05-PL-02-02-00-SF-00
XT01-PL-02-1620474274018
XT01-06-PL-02-02-00-SF-00
XT01-PL-01-1620474274122
[MAP]
2 2 2 1 1 1 1 1 
1 1 2 0'1 1 1 1 
1 1 2 1 2 2 1 1 
1 1 2 1 1 1 2 1 
1 1 2 1 2 2 1 1 
1 1 1 1 1 1 2 1 
1 2 1 1 1 2 2 1 
1 1 1 1 0'0'0'0'
[END]
XT01-06-PL-01-03-01-SF-00
[MAP]
2 2 2 1 1 1 1 1 
1 1 1 1 1 1 1 1 
1 1 1 1 1 2 1 1 
1 1 2 1 1 1 2 1 
1 1 2 1 2 2 1 1 
1 1 1 1 1 1 2 1 
1 2 1 1 1 2 2 1 
1 1 1 1 0'0'0 0 
[END]
XT01-98-AM-24
XT01-05-PL-02-04-07-SF-00
XT01-PL-02-1620474274227
XT01-06-PL-02-04-07-SF-00
XT01-PL-01-1620474274329
[MAP]
2 2 2 1 1 1 1 1 
1 1 1 1 1 1 1 1 
1 1 1 1 1 2 1 1 
1 1 2 1 1 1 2 1 
1 1 2 1 2 2 1 1 
1 1 1 1 2 1 2 1 
1 2 1 1 2 2 2 1 
1 1 1 1 2 0'0'0'
[END]
XT01-06-PL-01-05-07-SF-00
[MAP]
2 2 2 1 1 1 1 1 
1 1 1 1 1 1 1 1 
1 1 1 1 1 2 1 1 
1 1 2 1 1 1 2 1 
1 1 2 1 2 2 1 1 
1 1 1 1 2 1 2 1 
1 2 1 1 1 1 1 1 
1 1 1 1 1 1 0'0'
[END]
XT01-98-AM-4
XT01-05-PL-02-06-07-SF-00
XT01-PL-02-1620474274430
XT01-06-PL-02-06-07-SF-00
XT01-PL-01-1620474274537
[MAP]
2 2 2 1 1 1 1 1 
1 1 1 1 1 1 1 1 
1 1 1 1 1 2 1 1 
1 1 2 1 1 1 2 1 
1 1 2 1 2 2 1 1 
1 1 1 1 2 1 2 1 
1 2 1 1 1 2 2 1 
1 1 1 1 1 1 2 0'
[END]
XT01-06-PL-01-07-07-SF-00
XT01-08
XT01-09
[MAP]
2 2 2 1 1 1 1 1 
1 1 1 1 1 1 1 1 
1 1 1 1 1 2 1 1 
1 1 2 1 1 1 2 1 
1 1 2 1 2 2 1 1 
1 1 1 1 2 1 2 1 
1 2 1 1 1 2 1 1 
1 1 1 1 1 1 1 1 
[END]