XT01-ALPHA-BETA-ON
XT01-02-[50, 10, 48, 10, 48, 32, 48, 10, 56, 32, 56, 10, 48, 32, 48, 32, 48, 32, 48, 32, 48, 32, 48, 32, 48, 32, 48, 10, 48, 32, 48, 32, 48, 32, 48, 32, 48, 32, 48, 32, 48, 32, 48, 10, 48, 32, 48, 32, 48, 32, 48, 32, 48, 32, 48, 32, 48, 32, 48, 10, 48, 32, 48, 32, 48, 32, 49, 32, 50, 32, 48, 32, 48, 32, 48, 10, 48, 32, 48, 32, 48, 32, 50, 32, 49, 32, 48, 32, 48, 32, 48, 10, 48, 32, 48, 32, 48, 32, 48, 32, 48, 32, 48, 32, 48, 32, 48, 10, 48, 32, 48, 32, 48, 32, 48, 32, 48, 32, 48, 32, 48, 32, 48, 10, 48, 32, 48, 32, 48, 32, 48, 32, 48, 32, 48, 32, 48, 32, 48]
XT01-03-PL-01
[MAP]
0 0 0 0 0 0 0 0 
0 0 0 0 0 0 0 0 
0 0 0 0 0'0 0 0 
0 0 0 1 2 0'0 0 
0 0 0'2 1 0 0 0 
0 0 0 0'0 0 0 0 
0 0 0 0 0 0 0 0 
0 0 0 0 0 0 0 0 
[END]
XT01-98-AM-50
XT01-05-PL-01-04-02-SF-00
XT01-PL-01-1620472269087
XT01-06-PL-01-04-02-SF-00
XT01-PL-02-1620472269203
[MAP]
0 0 0 0 0 0 0 0 
0 0 0 0 0 0 0 0 
0 0 0 0'1 0'0 0 
0 0 0 1 1 0 0 0 
0 0 0 2 1 0'0 0 
0 0 0 0 0 0 0 0 
0 0 0 0 0 0 0 0 
0 0 0 0 0 0 0 0 
[END]
XT01-06-PL-02-05-04-SF-00
[MAP]
0 0 0 0 0 0 0 0 
0 0 0 0 0 0 0 0 
0 0 0 0 1 0 0 0 
0 0 0 1 1 0 0 0 
0 0 0 2 2 2 0 0 
0 0 0'0'0'0'0'0 
0 0 0 0 0 0 0 0 
0 0 0 0 0 0 0 0 
[END]
XT01-98-AM-87
XT01-05-PL-01-03-05-SF-00
XT01-PL-01-1620472269319
XT01-06-PL-01-03-05-SF-00
XT01-PL-02-1620472269441
[MAP]
0 0 0 0 0 0 0 0 
0 0 0 0 0'0 0 0 
0 0 0'0'1 0 0 0 
0 0 0 1 1 0 0 0 
0 0 0'1 2 2 0 0 
0 0 0 1 0 0 0 0 
0 0 0'0 0 0 0 0 
0 0 0 0 0 0 0 0 
[END]
XT01-06-PL-02-02-04-SF-00
[MAP]
0 0 0 0 0 0 0 0 
0 0 0 0 0 0 0 0 
0 0 0 0 1 0 0 0 
0 0'0 1 1 0'0 0 
0 0 2 2 2 2 0 0 
0 0'0'1 0'0'0'0 
0 0 0 0 0 0 0 0 
0 0 0 0 0 0 0 0 
[END]
XT01-98-AM-243
XT01-05-PL-01-04-05-SF-00
XT01-PL-01-1620472269565
XT01-06-PL-01-04-05-SF-00
XT01-PL-02-1620472269685
[MAP]
0 0 0 0 0 0 0 0 
0 0 0 0 0 0'0 0 
0 0 0 0'1 0'0 0 
0 0 0 1 1 0 0 0 
0 0 2 2 1 2 0 0 
0 0 0 1 1 0 0 0 
0 0 0 0'0'0'0 0 
0 0 0 0 0 0 0 0 
[END]
XT01-06-PL-02-05-02-SF-00
[MAP]
0 0 0 0 0 0 0 0 
0 0 0 0 0 0 0 0 
0 0 0 0 1 2 0'0 
0 0'0'1 2 0'0'0 
0 0'2 2 1 2 0'0 
0 0'0 1 1 0 0 0 
0 0 0 0 0 0 0 0 
0 0 0 0 0 0 0 0 
[END]
XT01-98-AM-256
XT01-05-PL-01-06-02-SF-00
XT01-PL-01-1620472269803
XT01-06-PL-01-06-02-SF-00
XT01-PL-02-1620472269949
[MAP]
0 0 0 0 0 0 0 0 
0 0 0 0 0'0'0'0 
0 0 0 0'1 1 1 0 
0 0 0'1 2 0 0 0 
0 0 2 2 1 2 0 0 
0 0 0 1 1 0 0 0 
0 0 0 0'0'0'0 0 
0 0 0 0 0 0 0 0 
[END]
XT01-06-PL-02-06-01-SF-00
[MAP]
0 0 0 0 0 0 0'0 
0 0 0 0 0 0 2 0 
0 0 0 0 1 2 1 0 
0 0'0'1 2 0'0'0 
0 0'2 2 1 2 0'0 
0 0'0 1 1 0 0 0 
0 0 0 0 0 0 0 0 
0 0 0 0 0 0 0 0 
[END]
XT01-98-AM-509
XT01-05-PL-01-05-03-SF-00
XT01-PL-01-1620472270084
XT01-06-PL-01-05-03-SF-00
XT01-PL-02-1620472270235
[MAP]
0 0 0 0 0 0 0 0 
0 0 0 0 0 0'2 0 
0 0 0 0'1 2 1 0'
0 0 0 1 1 1 0'0 
0 0 2 2 1 2 0 0 
0 0 0 1 1 0 0 0 
0 0 0 0'0'0'0 0 
0 0 0 0 0 0 0 0 
[END]
XT01-06-PL-02-03-06-SF-00
[MAP]
0 0 0 0 0 0 0'0'
0 0 0 0 0 0'2 0 
0 0 0 0 1 2 1 0 
0 0 0 1 1 1 0 0 
0 0'2 2 1 2 0'0 
0 0'0'2 2 0'0'0 
0 0 0'2 0'0 0 0 
0 0 0 0'0 0 0 0 
[END]
XT01-98-AM-545
XT01-05-PL-01-03-07-SF-00
XT01-PL-01-1620472270371
XT01-06-PL-01-03-07-SF-00
XT01-PL-02-1620472270543
[MAP]
0 0 0 0 0 0 0 0 
0 0 0 0 0'0'2 0 
0 0 0 0'1 2 1 0'
0 0 0'1 1 1 0'0 
0 0 2 1 1 2 0 0 
0 0 0'1 2 0 0 0 
0 0 0 1 0'0 0 0 
0 0 0'1 0 0 0 0 
[END]
XT01-06-PL-02-02-05-SF-00
[MAP]
0 0 0 0 0 0 0'0 
0 0 0 0 0 0'2 0 
0 0 0 0 1 2 1 0 
0 0 0 1 2 1 0'0 
0 0'2 2 1 2 0'0 
0 0'2 2 2 0'0 0 
0 0 0'1 0'0 0 0 
0 0 0 1 0 0 0 0 
[END]
XT01-98-AM-613
XT01-05-PL-01-01-04-SF-00
XT01-PL-01-1620472270682
XT01-06-PL-01-01-04-SF-00
XT01-PL-02-1620472270858
[MAP]
0 0 0 0 0 0 0 0 
0 0 0 0 0'0 2 0'
0 0 0 0'1 2 1 0'
0 0'0'1 2 1 0'0 
0'1 1 1 1 2 0 0 
0 0'1 2 2 0 0 0 
0 0'0 1 0 0 0 0 
0 0 0'1 0 0 0 0 
[END]
XT01-06-PL-02-00-04-SF-00
[MAP]
0 0 0 0 0 0 0'0'
0 0 0 0 0 0'2 0 
0 0 0 0 1 2 1 0 
0'0 0'1 2 1 0'0 
2 2 2 2 2 2 0 0 
0 0'1 2 2 0'0 0 
0 0 0'1 0'0 0 0 
0 0 0 1 0 0 0 0 
[END]
XT01-98-AM-636
XT01-05-PL-01-07-00-SF-00
XT01-PL-01-1620472270996
XT01-06-PL-01-07-00-SF-00
XT01-PL-02-1620472271146
[MAP]
0 0 0 0 0 0 0 1 
0 0 0 0 0'0'1 0'
0 0 0'0'1 1 1 0 
0 0 0'1 1 1 0 0 
2 2 2 1 2 2 0 0 
0 0'1 2 2 0 0 0 
0 0 0'1 0 0 0 0 
0 0 0'1 0'0 0 0 
[END]
XT01-06-PL-02-05-01-SF-00
[MAP]
0 0 0 0 0'0 0 1 
0 0 0 0 0'2 1 0 
0 0 0 0'2 2 1 0 
0'0 0'2 1 2 0'0 
2 2 2 1 2 2 0'0 
0 0 1 2 2 0'0'0 
0 0 0'1 0'0'0 0 
0 0 0 1 0 0 0 0 
[END]
XT01-98-AM-1021
XT01-05-PL-01-02-06-SF-00
XT01-PL-01-1620472271300
XT01-06-PL-01-02-06-SF-00
XT01-PL-02-1620472271461
[MAP]
0 0 0 0 0 0 0 1 
0 0 0 0 0 2 1 0'
0 0 0 0'2 2 1 0'
0 0 0'2 1 1 0'0'
2 2 2 1 1 2 0'0 
0 0'1 1 2 0'0 0 
0 0'1 1 0'0 0 0 
0 0 0'1 0'0 0 0 
[END]
XT01-06-PL-02-02-07-SF-00
[MAP]
0 0 0 0 0'0'0 1 
0 0 0 0'0'2 1 0 
0 0 0'0'2 2 1 0 
0 0'0'2 1 1 0 0 
2 2 2 1 1 2 0'0 
0 0'2 1 2 0'0'0 
0 0'2 2 0'0'0 0 
0 0'2 1 0 0 0 0 
[END]
XT01-98-AM-816
XT01-05-PL-01-01-07-SF-00
XT01-PL-01-1620472271611
XT01-06-PL-01-01-07-SF-00
XT01-PL-02-1620472271754
[MAP]
0 0 0 0 0 0 0 1 
0 0 0 0 0 2 1 0'
0 0 0 0'2 2 1 0'
0 0 0'2 1 1 0'0'
2 2 2 1 1 2 0'0 
0 0 2 1 2 0'0 0 
0 0'1 2 0'0 0 0 
0 1 1 1 0 0 0 0 
[END]
XT01-06-PL-02-06-03-SF-00
[MAP]
0 0 0 0 0'0 0 1 
0 0 0 0 0'2 1 0 
0 0 0'0'2 2 1 0'
0 0'0'2 2 2 2 0 
2 2 2 1 1 2 0'0 
0 0'2 1 2 0'0 0 
0 0'1 2 0'0'0 0 
0 1 1 1 0 0 0 0 
[END]
XT01-98-AM-831
XT01-05-PL-01-07-02-SF-00
XT01-PL-01-1620472271896
XT01-06-PL-01-07-02-SF-00
XT01-PL-02-1620472272019
[MAP]
0 0 0 0 0 0 0 1 
0 0 0 0 0 2 1 0'
0 0 0 0 2 2 1 1 
0 0 0 2 2 2 1 0'
2 2 2 1 1 1 0'0'
0 0 2 1 1 0'0'0 
0 0 1 1 0'0 0 0 
0 1 1 1 0'0 0 0 
[END]
XT01-06-PL-02-05-05-SF-00
[MAP]
0 0 0 0 0'0 0 1 
0 0 0 0 0'2 1 0 
0 0 0 0'2 2 1 1 
0'0 0'2 2 2 1 0 
2 2 2 1 2 2 0'0 
0 0 2 2 2 2 0 0 
0 0'1 1 0 0'0 0 
0 1 1 1 0 0 0 0 
[END]
XT01-98-AM-482
XT01-05-PL-01-02-03-SF-00
XT01-PL-01-1620472272139
XT01-06-PL-01-02-03-SF-00
XT01-PL-02-1620472272281
[MAP]
0 0 0 0 0 0 0 1 
0 0 0 0 0 2 1 0'
0 0'0'0'2 2 1 1 
0 0'1 1 1 1 1 0'
2 2 1 1 2 2 0'0'
0 0'1 2 2 2 0 0 
0 0'1 1 0 0 0 0 
0 1 1 1 0'0 0 0 
[END]
XT01-06-PL-02-03-02-SF-00
[MAP]
0 0 0 0 0'0'0'1 
0 0 0 0'0'2 1 0 
0 0 0'2 2 2 1 1 
0'0'2 2 2 1 1 0 
2 2 1 2 2 2 0'0 
0 0 1 2 2 2 0'0 
0 0 1 1 0'0'0 0 
0 1 1 1 0 0 0 0 
[END]
XT01-98-AM-568
XT01-05-PL-01-06-00-SF-00
XT01-PL-01-1620472272403
XT01-06-PL-01-06-00-SF-00
XT01-PL-02-1620472272538
[MAP]
0 0 0 0 0 0'1 1 
0 0 0 0 0'1 1 0'
0 0 0'2 1 2 1 1 
0 0'2 1 2 1 1 0'
2 2 1 2 2 2 0 0'
0 0'1 2 2 2 0 0 
0 0'1 1 0 0 0 0 
0 1 1 1 0'0 0 0 
[END]
XT01-06-PL-02-04-07-SF-00
[MAP]
0 0 0 0 0 0 1 1 
0 0 0 0'0'1 1 0 
0 0 0'2 1 2 1 1 
0 0'2 1 2 1 1 0 
2 2 1 2 2 2 0'0 
0 0 2 2 2 2 0 0 
0 0'1 2 0'0'0'0 
0 1 1 1 2 0'0 0 
[END]
XT01-98-AM-979
XT01-05-PL-01-05-07-SF-00
XT01-PL-01-1620472272665
XT01-06-PL-01-05-07-SF-00
XT01-PL-02-1620472272792
[MAP]
0 0 0 0 0 0'1 1 
0 0 0 0 0'1 1 0'
0 0 0'2 1 2 1 1 
0 0'2 1 2 1 1 0'
2 2 1 2 2 2 0 0'
0 0 2 2 2 2 0 0 
0 0'1 2 0 0 0 0 
0 1 1 1 1 1 0 0 
[END]
XT01-06-PL-02-04-01-SF-00
[MAP]
0 0 0 0'0 0 1 1 
0 0 0 0'2 1 1 0 
0 0 0'2 2 2 1 1 
0'0'2 1 2 1 1 0 
2 2 1 2 2 2 0'0 
0 0 2 2 2 2 0 0 
0 0'1 2 0'0'0'0 
0 1 1 1 1 1 0 0 
[END]
XT01-98-AM-590
XT01-05-PL-01-04-06-SF-00
XT01-PL-01-1620472272914
XT01-06-PL-01-04-06-SF-00
XT01-PL-02-1620472273032
[MAP]
0 0 0 0 0 0'1 1 
0 0 0 0 2 1 1 0'
0 0 0'2 2 2 1 1 
0 0 2 1 2 1 1 0'
2 2 1 2 2 2 0'0'
0 0'2 1 2 2 0 0 
0 0 1 1 1 0 0 0 
0 1 1 1 1 1 0 0 
[END]
XT01-06-PL-02-07-01-SF-00
[MAP]
0 0 0 0'0'0'1 1 
0 0 0 0'2 2 2 2 
0 0 0'2 2 2 2 1 
0'0'2 1 2 2 1 0 
2 2 1 2 2 2 0'0 
0 0'2 1 2 2 0'0 
0 0'1 1 1 0 0'0 
0 1 1 1 1 1 0 0 
[END]
XT01-98-AM-485
XT01-05-PL-01-04-00-SF-00
XT01-PL-01-1620472273151
XT01-06-PL-01-04-00-SF-00
XT01-PL-02-1620472273275
[MAP]
0 0 0 0'1 0'1 1 
0 0 0 0'1 2 2 2 
0 0 0'2 1 2 2 1 
0 0 2 1 1 2 1 0'
2 2 1 2 1 2 0'0'
0 0'2 1 1 2 0 0 
0 0 1 1 1 0'0 0 
0 1 1 1 1 1 0 0 
[END]
XT01-06-PL-02-02-02-SF-00
[MAP]
0 0 0 0 1 0'1 1 
0 0 0'0'1 2 2 2 
0 0'2 2 1 2 2 1 
0'0'2 2 1 2 1 0'
2 2 1 2 2 2 0'0 
0'0'2 1 1 2 0'0 
0 0'1 1 1 0 0 0 
0 1 1 1 1 1 0 0 
[END]
XT01-98-AM-327
XT01-05-PL-01-05-00-SF-00
XT01-PL-01-1620472273385
XT01-06-PL-01-05-00-SF-00
XT01-PL-02-1620472273506
[MAP]
0 0 0 0'1 1 1 1 
0 0 0 0'1 2 1 2 
0 0 2 2 1 2 2 1 
0 0 2 2 1 2 1 0'
2 2 1 2 2 2 0'0'
0 0'2 1 1 2 0 0 
0 0 1 1 1 0'0 0 
0 1 1 1 1 1 0 0 
[END]
XT01-06-PL-02-05-06-SF-00
[MAP]
0 0 0 0 1 1 1 1 
0 0 0'0'1 2 1 2 
0 0'2 2 1 2 2 1 
0'0'2 2 1 2 1 0'
2 2 1 2 2 2 0'0 
0'0'2 1 2 2 0'0 
0 0'1 1 1 2 0'0 
0 1 1 1 1 1 0 0 
[END]
XT01-98-AM-636
XT01-05-PL-01-07-03-SF-00
XT01-PL-01-1620472273624
XT01-06-PL-01-07-03-SF-00
XT01-PL-02-1620472273737
[MAP]
0 0 0 0'1 1 1 1 
0 0 0 0'1 1 1 2 
0 0 2 2 1 2 1 1 
0 0 2 2 1 2 1 1 
2 2 1 2 2 2 0 0'
0 0'2 1 2 2 0 0 
0 0'1 1 1 2 0 0 
0 1 1 1 1 1 0 0 
[END]
XT01-06-PL-02-01-06-SF-00
[MAP]
0 0 0 0 1 1 1 1 
0 0 0'0'1 1 1 2 
0 0'2 2 1 2 1 1 
0'0'2 2 1 2 1 1 
2 2 1 2 2 2 0'0 
0'0'2 1 2 2 0'0 
0 2 2 2 2 2 0 0 
0'1 1 1 1 1 0 0 
[END]
XT01-98-AM-479
XT01-05-PL-01-06-04-SF-00
XT01-PL-01-1620472273854
XT01-06-PL-01-06-04-SF-00
XT01-PL-02-1620472273975
[MAP]
0 0 0 0'1 1 1 1 
0 0 0 0'1 1 1 2 
0 0 2 2 1 2 1 1 
0 0 2 2 1 1 1 1 
2 2 1 1 1 1 1 0'
0 0'2 1 2 1 0'0 
0 2 2 2 1 2 0'0 
0 1 1 1 1 1 0 0 
[END]
XT01-06-PL-02-01-05-SF-00
[MAP]
0 0 0 0 1 1 1 1 
0 0'0'0'1 1 1 2 
0 0'2 2 1 2 1 1 
0'0'2 2 1 1 1 1 
2 2 2 1 1 1 1 0 
0'2 2 1 2 1 0'0 
0'2 2 2 1 2 0'0 
0'1 1 1 1 1 0'0 
[END]
XT01-98-AM-564
XT01-05-PL-01-00-06-SF-00
XT01-PL-01-1620472274109
XT01-06-PL-01-00-06-SF-00
XT01-PL-02-1620472274222
[MAP]
0 0 0 0'1 1 1 1 
0 0 0 0'1 1 1 2 
0 0 2 2 1 2 1 1 
0 0 2 1 1 1 1 1 
2 2 1 1 1 1 1 0'
0'1 2 1 2 1 0'0 
1 1 1 1 1 2 0'0 
0'1 1 1 1 1 0 0 
[END]
XT01-06-PL-02-00-07-SF-00
[MAP]
0 0 0 0 1 1 1 1 
0 0'0'0'1 1 1 2 
0 0'2 2 1 2 1 1 
0'0'2 1 1 1 1 1 
2 2 1 1 1 1 1 0 
0'1 2 1 2 1 0'0 
1 2 1 1 1 2 0'0 
2 1 1 1 1 1 0'0 
[END]
XT01-98-AM-751
XT01-05-PL-01-00-03-SF-00
XT01-PL-01-1620472274340
XT01-06-PL-01-00-03-SF-00
XT01-PL-02-1620472274459
[MAP]
0 0 0 0'1 1 1 1 
0 0 0 0'1 1 1 2 
0'0 2 2 1 2 1 1 
1 0'2 1 1 1 1 1 
2 1 1 1 1 1 1 0'
0'1 1 1 2 1 0'0 
1 2 1 1 1 2 0'0 
2 1 1 1 1 1 0'0 
[END]
XT01-06-PL-02-00-05-SF-00
[MAP]
0 0 0 0 1 1 1 1 
0 0'0'0'1 1 1 2 
0 0'2 2 1 2 1 1 
1 0'2 1 1 1 1 1 
2 2 1 1 1 1 1 0 
2 2 2 2 2 1 0'0 
2 2 1 1 1 2 0'0 
2 1 1 1 1 1 0'0 
[END]
XT01-98-AM-499
XT01-05-PL-01-01-03-SF-00
XT01-PL-01-1620472274573
XT01-06-PL-01-01-03-SF-00
XT01-PL-02-1620472274683
[MAP]
0 0 0 0'1 1 1 1 
0 0 0 0'1 1 1 2 
0'0'2 2 1 2 1 1 
1 1 1 1 1 1 1 1 
2 1 1 1 1 1 1 0'
2 1 2 2 2 1 0'0 
2 1 1 1 1 2 0'0 
2 1 1 1 1 1 0'0 
[END]
XT01-06-PL-02-06-07-SF-00
[MAP]
0 0 0 0 1 1 1 1 
0 0'0'0'1 1 1 2 
0 0'2 2 1 2 1 1 
1 1 1 1 1 1 1 1 
2 1 1 1 1 1 1 0 
2 1 2 2 2 1 0 0 
2 1 1 1 1 2 0'0 
2 2 2 2 2 2 2 0 
[END]
XT01-98-AM-173
XT01-05-PL-01-06-06-SF-00
XT01-PL-01-1620472274793
XT01-06-PL-01-06-06-SF-00
XT01-PL-02-1620472274904
[MAP]
0 0 0 0'1 1 1 1 
0 0 0 0'1 1 1 2 
0'0'2 2 1 2 1 1 
1 1 1 1 1 1 1 1 
2 1 1 1 1 1 1 0'
2 1 2 2 2 1 0'0'
2 1 1 1 1 1 1 0'
2 2 2 2 2 2 2 0'
[END]
XT01-06-PL-02-00-02-SF-00
[MAP]
0 0 0 0 1 1 1 1 
0 0'0'0'1 1 1 2 
2 0'2 2 1 2 1 1 
2 2 1 1 1 1 1 1 
2 1 2 1 1 1 1 0 
2 1 2 2 2 1 0 0 
2 1 1 1 1 1 1 0 
2 2 2 2 2 2 2 0 
[END]
XT01-98-AM-76
XT01-05-PL-01-01-01-SF-00
XT01-PL-01-1620472275012
XT01-06-PL-01-01-01-SF-00
XT01-PL-02-1620472275120
[MAP]
0 0 0'0'1 1 1 1 
0 1 0'0'1 1 1 2 
2 0'1 2 1 2 1 1 
2 2 1 1 1 1 1 1 
2 1 2 1 1 1 1 0'
2 1 2 2 2 1 0'0'
2 1 1 1 1 1 1 0'
2 2 2 2 2 2 2 0 
[END]
XT01-06-PL-02-07-06-SF-00
[MAP]
0 0 0 0 1 1 1 1 
0 1 0'0'1 1 1 2 
2 0'1 2 1 2 1 1 
2 2 1 1 1 1 1 1 
2 1 2 1 1 1 1 0 
2 1 2 2 2 1 0 0 
2 2 2 2 2 2 2 2 
2 2 2 2 2 2 2 0'
[END]
XT01-98-AM-130
XT01-05-PL-01-01-02-SF-00
XT01-PL-01-1620472275225
XT01-06-PL-01-01-02-SF-00
XT01-PL-02-1620472275335
[MAP]
0'0'0'0'1 1 1 1 
0'1 0'0'1 1 1 2 
2 1 1 2 1 2 1 1 
2 1 1 1 1 1 1 1 
2 1 2 1 1 1 1 0'
2 1 2 2 2 1 0'0 
2 2 2 2 2 2 2 2 
2 2 2 2 2 2 2 0 
[END]
XT01-06-PL-02-00-01-SF-00
[MAP]
0 0 0 0 1 1 1 1 
2 1 0'0'1 1 1 2 
2 2 1 2 1 2 1 1 
2 1 2 1 1 1 1 1 
2 1 2 2 1 1 1 0 
2 1 2 2 2 1 0 0 
2 2 2 2 2 2 2 2 
2 2 2 2 2 2 2 0'
[END]
XT01-98-AM-83
XT01-05-PL-01-02-01-SF-00
XT01-PL-01-1620472275440
XT01-06-PL-01-02-01-SF-00
XT01-PL-02-1620472275543
[MAP]
0'0'0'0'1 1 1 1 
2 1 1 0'1 1 1 2 
2 2 1 1 1 2 1 1 
2 1 2 1 1 1 1 1 
2 1 2 2 1 1 1 0'
2 1 2 2 2 1 0'0 
2 2 2 2 2 2 2 2 
2 2 2 2 2 2 2 0 
[END]
XT01-06-PL-02-06-05-SF-00
[MAP]
0 0 0 0 1 1 1 1 
2 1 1 0 1 1 1 2 
2 2 1 1 1 2 1 1 
2 1 2 1 1 1 1 1 
2 1 2 2 1 1 1 0 
2 1 2 2 2 2 2 0'
2 2 2 2 2 2 2 2 
2 2 2 2 2 2 2 0'
[END]
XT01-98-AM-52
XT01-05-PL-01-07-05-SF-00
XT01-PL-01-1620472275647
XT01-06-PL-01-07-05-SF-00
XT01-PL-02-1620472275749
[MAP]
0'0'0'0'1 1 1 1 
2 1 1 0'1 1 1 2 
2 2 1 1 1 2 1 1 
2 1 2 1 1 1 1 1 
2 1 2 2 1 1 1 0'
2 1 1 1 1 1 1 1 
2 2 2 2 2 2 2 2 
2 2 2 2 2 2 2 0 
[END]
XT01-06-PL-02-00-00-SF-00
[MAP]
2 0'0 0 1 1 1 1 
2 2 1 0'1 1 1 2 
2 2 2 1 1 2 1 1 
2 1 2 2 1 1 1 1 
2 1 2 2 2 1 1 0 
2 1 1 1 1 2 1 1 
2 2 2 2 2 2 2 2 
2 2 2 2 2 2 2 0'
[END]
XT01-98-AM-45
XT01-05-PL-01-03-01-SF-00
XT01-PL-01-1620472275851
XT01-06-PL-01-03-01-SF-00
XT01-PL-02-1620472275958
[MAP]
2 0'0'0'1 1 1 1 
2 2 1 1 1 1 1 2 
2 2 1 1 1 2 1 1 
2 1 2 2 1 1 1 1 
2 1 2 2 2 1 1 0'
2 1 1 1 1 2 1 1 
2 2 2 2 2 2 2 2 
2 2 2 2 2 2 2 0 
[END]
XT01-06-PL-02-01-00-SF-00
[MAP]
2 2 0'0 1 1 1 1 
2 2 2 1 1 1 1 2 
2 2 1 2 1 2 1 1 
2 1 2 2 2 1 1 1 
2 1 2 2 2 2 1 0 
2 1 1 1 1 2 2 1 
2 2 2 2 2 2 2 2 
2 2 2 2 2 2 2 0'
[END]
XT01-98-AM-10
XT01-05-PL-01-02-00-SF-00
XT01-PL-01-1620472276061
XT01-06-PL-01-02-00-SF-00
XT01-PL-02-1620472276165
[MAP]
2 2 1 0'1 1 1 1 
2 2 1 1 1 1 1 2 
2 2 1 2 1 2 1 1 
2 1 2 2 2 1 1 1 
2 1 2 2 2 2 1 0'
2 1 1 1 1 2 2 1 
2 2 2 2 2 2 2 2 
2 2 2 2 2 2 2 0 
[END]
XT01-06-PL-02-03-00-SF-00
[MAP]
2 2 2 2 1 1 1 1 
2 2 2 2 2 1 1 2 
2 2 1 2 1 2 1 1 
2 1 2 2 2 1 1 1 
2 1 2 2 2 2 1 0 
2 1 1 1 1 2 2 1 
2 2 2 2 2 2 2 2 
2 2 2 2 2 2 2 0'
[END]
XT01-05-PL-01-07-07-SF-00
XT01-PL-01-1620472276267
XT01-06-PL-01-07-07-SF-00
XT01-PL-02-1620472276369
[MAP]
2 2 2 2 1 1 1 1 
2 2 2 2 2 1 1 2 
2 2 1 2 1 2 1 1 
2 1 2 1 2 1 1 1 
2 1 2 2 1 2 1 0'
2 1 1 1 1 1 2 1 
2 2 2 2 2 2 1 1 
2 2 2 2 2 2 2 1 
[END]
XT01-06-PL-02-07-04-SF-00
XT01-08
XT01-09
[MAP]
2 2 2 2 1 1 1 1 
2 2 2 2 2 1 1 2 
2 2 1 2 1 2 1 2 
2 1 2 1 2 1 2 2 
2 1 2 2 1 2 2 2 
2 1 1 1 1 1 2 1 
2 2 2 2 2 2 1 1 
2 2 2 2 2 2 2 1 
[END]