XT01-ALPHA-BETA-OFF
XT01-02-[50, 10, 48, 10, 48, 32, 48, 10, 56, 32, 56, 10, 48, 32, 48, 32, 48, 32, 48, 32, 48, 32, 48, 32, 48, 32, 48, 10, 48, 32, 48, 32, 48, 32, 48, 32, 48, 32, 48, 32, 48, 32, 48, 10, 48, 32, 48, 32, 48, 32, 48, 32, 48, 32, 48, 32, 48, 32, 48, 10, 48, 32, 48, 32, 48, 32, 49, 32, 50, 32, 48, 32, 48, 32, 48, 10, 48, 32, 48, 32, 48, 32, 50, 32, 49, 32, 48, 32, 48, 32, 48, 10, 48, 32, 48, 32, 48, 32, 48, 32, 48, 32, 48, 32, 48, 32, 48, 10, 48, 32, 48, 32, 48, 32, 48, 32, 48, 32, 48, 32, 48, 32, 48, 10, 48, 32, 48, 32, 48, 32, 48, 32, 48, 32, 48, 32, 48, 32, 48]
XT01-03-PL-01
[MAP]
0 0 0 0 0 0 0 0 
0 0 0 0 0 0 0 0 
0 0 0 0 0'0 0 0 
0 0 0 1 2 0'0 0 
0 0 0'2 1 0 0 0 
0 0 0 0'0 0 0 0 
0 0 0 0 0 0 0 0 
0 0 0 0 0 0 0 0 
[END]
XT01-98-AM-72
XT01-05-PL-01-04-02-SF-00
XT01-PL-01-1620472406830
XT01-06-PL-01-04-02-SF-00
XT01-PL-02-1620472406941
[MAP]
0 0 0 0 0 0 0 0 
0 0 0 0 0 0 0 0 
0 0 0 0'1 0'0 0 
0 0 0 1 1 0 0 0 
0 0 0 2 1 0'0 0 
0 0 0 0 0 0 0 0 
0 0 0 0 0 0 0 0 
0 0 0 0 0 0 0 0 
[END]
XT01-06-PL-02-05-04-SF-00
[MAP]
0 0 0 0 0 0 0 0 
0 0 0 0 0 0 0 0 
0 0 0 0 1 0 0 0 
0 0 0 1 1 0 0 0 
0 0 0 2 2 2 0 0 
0 0 0'0'0'0'0'0 
0 0 0 0 0 0 0 0 
0 0 0 0 0 0 0 0 
[END]
XT01-98-AM-148
XT01-05-PL-01-03-05-SF-00
XT01-PL-01-1620472407058
XT01-06-PL-01-03-05-SF-00
XT01-PL-02-1620472407178
[MAP]
0 0 0 0 0 0 0 0 
0 0 0 0 0'0 0 0 
0 0 0'0'1 0 0 0 
0 0 0 1 1 0 0 0 
0 0 0'1 2 2 0 0 
0 0 0 1 0 0 0 0 
0 0 0'0 0 0 0 0 
0 0 0 0 0 0 0 0 
[END]
XT01-06-PL-02-02-04-SF-00
[MAP]
0 0 0 0 0 0 0 0 
0 0 0 0 0 0 0 0 
0 0 0 0 1 0 0 0 
0 0'0 1 1 0'0 0 
0 0 2 2 2 2 0 0 
0 0'0'1 0'0'0'0 
0 0 0 0 0 0 0 0 
0 0 0 0 0 0 0 0 
[END]
XT01-98-AM-397
XT01-05-PL-01-04-05-SF-00
XT01-PL-01-1620472407308
XT01-06-PL-01-04-05-SF-00
XT01-PL-02-1620472407437
[MAP]
0 0 0 0 0 0 0 0 
0 0 0 0 0 0'0 0 
0 0 0 0'1 0'0 0 
0 0 0 1 1 0 0 0 
0 0 2 2 1 2 0 0 
0 0 0 1 1 0 0 0 
0 0 0 0'0'0'0 0 
0 0 0 0 0 0 0 0 
[END]
XT01-06-PL-02-05-02-SF-00
[MAP]
0 0 0 0 0 0 0 0 
0 0 0 0 0 0 0 0 
0 0 0 0 1 2 0'0 
0 0'0'1 2 0'0'0 
0 0'2 2 1 2 0'0 
0 0'0 1 1 0 0 0 
0 0 0 0 0 0 0 0 
0 0 0 0 0 0 0 0 
[END]
XT01-98-AM-575
XT01-05-PL-01-06-02-SF-00
XT01-PL-01-1620472407575
XT01-06-PL-01-06-02-SF-00
XT01-PL-02-1620472407705
[MAP]
0 0 0 0 0 0 0 0 
0 0 0 0 0'0'0'0 
0 0 0 0'1 1 1 0 
0 0 0'1 2 0 0 0 
0 0 2 2 1 2 0 0 
0 0 0 1 1 0 0 0 
0 0 0 0'0'0'0 0 
0 0 0 0 0 0 0 0 
[END]
XT01-06-PL-02-06-01-SF-00
[MAP]
0 0 0 0 0 0 0'0 
0 0 0 0 0 0 2 0 
0 0 0 0 1 2 1 0 
0 0'0'1 2 0'0'0 
0 0'2 2 1 2 0'0 
0 0'0 1 1 0 0 0 
0 0 0 0 0 0 0 0 
0 0 0 0 0 0 0 0 
[END]
XT01-98-AM-708
XT01-05-PL-01-05-03-SF-00
XT01-PL-01-1620472407850
XT01-06-PL-01-05-03-SF-00
XT01-PL-02-1620472407991
[MAP]
0 0 0 0 0 0 0 0 
0 0 0 0 0 0'2 0 
0 0 0 0'1 2 1 0'
0 0 0 1 1 1 0'0 
0 0 2 2 1 2 0 0 
0 0 0 1 1 0 0 0 
0 0 0 0'0'0'0 0 
0 0 0 0 0 0 0 0 
[END]
XT01-06-PL-02-03-06-SF-00
[MAP]
0 0 0 0 0 0 0'0'
0 0 0 0 0 0'2 0 
0 0 0 0 1 2 1 0 
0 0 0 1 1 1 0 0 
0 0'2 2 1 2 0'0 
0 0'0'2 2 0'0'0 
0 0 0'2 0'0 0 0 
0 0 0 0'0 0 0 0 
[END]
XT01-98-AM-1228
XT01-05-PL-01-03-07-SF-00
XT01-PL-01-1620472408156
XT01-06-PL-01-03-07-SF-00
XT01-PL-02-1620472408301
[MAP]
0 0 0 0 0 0 0 0 
0 0 0 0 0'0'2 0 
0 0 0 0'1 2 1 0'
0 0 0'1 1 1 0'0 
0 0 2 1 1 2 0 0 
0 0 0'1 2 0 0 0 
0 0 0 1 0'0 0 0 
0 0 0'1 0 0 0 0 
[END]
XT01-06-PL-02-02-05-SF-00
[MAP]
0 0 0 0 0 0 0'0 
0 0 0 0 0 0'2 0 
0 0 0 0 1 2 1 0 
0 0 0 1 2 1 0'0 
0 0'2 2 1 2 0'0 
0 0'2 2 2 0'0 0 
0 0 0'1 0'0 0 0 
0 0 0 1 0 0 0 0 
[END]
XT01-98-AM-1104
XT01-05-PL-01-01-04-SF-00
XT01-PL-01-1620472408465
XT01-06-PL-01-01-04-SF-00
XT01-PL-02-1620472408606
[MAP]
0 0 0 0 0 0 0 0 
0 0 0 0 0'0 2 0'
0 0 0 0'1 2 1 0'
0 0'0'1 2 1 0'0 
0'1 1 1 1 2 0 0 
0 0'1 2 2 0 0 0 
0 0'0 1 0 0 0 0 
0 0 0'1 0 0 0 0 
[END]
XT01-06-PL-02-00-04-SF-00
[MAP]
0 0 0 0 0 0 0'0'
0 0 0 0 0 0'2 0 
0 0 0 0 1 2 1 0 
0'0 0'1 2 1 0'0 
2 2 2 2 2 2 0 0 
0 0'1 2 2 0'0 0 
0 0 0'1 0'0 0 0 
0 0 0 1 0 0 0 0 
[END]
XT01-98-AM-1518
XT01-05-PL-01-07-00-SF-00
XT01-PL-01-1620472408774
XT01-06-PL-01-07-00-SF-00
XT01-PL-02-1620472408917
[MAP]
0 0 0 0 0 0 0 1 
0 0 0 0 0'0'1 0'
0 0 0'0'1 1 1 0 
0 0 0'1 1 1 0 0 
2 2 2 1 2 2 0 0 
0 0'1 2 2 0 0 0 
0 0 0'1 0 0 0 0 
0 0 0'1 0'0 0 0 
[END]
XT01-06-PL-02-05-01-SF-00
[MAP]
0 0 0 0 0'0 0 1 
0 0 0 0 0'2 1 0 
0 0 0 0'2 2 1 0 
0'0 0'2 1 2 0'0 
2 2 2 1 2 2 0'0 
0 0 1 2 2 0'0'0 
0 0 0'1 0'0'0 0 
0 0 0 1 0 0 0 0 
[END]
XT01-98-AM-1793
XT01-05-PL-01-02-06-SF-00
XT01-PL-01-1620472409068
XT01-06-PL-01-02-06-SF-00
XT01-PL-02-1620472409241
[MAP]
0 0 0 0 0 0 0 1 
0 0 0 0 0 2 1 0'
0 0 0 0'2 2 1 0'
0 0 0'2 1 1 0'0'
2 2 2 1 1 2 0'0 
0 0'1 1 2 0'0 0 
0 0'1 1 0'0 0 0 
0 0 0'1 0'0 0 0 
[END]
XT01-06-PL-02-02-07-SF-00
[MAP]
0 0 0 0 0'0'0 1 
0 0 0 0'0'2 1 0 
0 0 0'0'2 2 1 0 
0 0'0'2 1 1 0 0 
2 2 2 1 1 2 0'0 
0 0'2 1 2 0'0'0 
0 0'2 2 0'0'0 0 
0 0'2 1 0 0 0 0 
[END]
XT01-98-AM-2486
XT01-05-PL-01-01-07-SF-00
XT01-PL-01-1620472409408
XT01-06-PL-01-01-07-SF-00
XT01-PL-02-1620472409544
[MAP]
0 0 0 0 0 0 0 1 
0 0 0 0 0 2 1 0'
0 0 0 0'2 2 1 0'
0 0 0'2 1 1 0'0'
2 2 2 1 1 2 0'0 
0 0 2 1 2 0'0 0 
0 0'1 2 0'0 0 0 
0 1 1 1 0 0 0 0 
[END]
XT01-06-PL-02-06-03-SF-00
[MAP]
0 0 0 0 0'0 0 1 
0 0 0 0 0'2 1 0 
0 0 0'0'2 2 1 0'
0 0'0'2 2 2 2 0 
2 2 2 1 1 2 0'0 
0 0'2 1 2 0'0 0 
0 0'1 2 0'0'0 0 
0 1 1 1 0 0 0 0 
[END]
XT01-98-AM-1582
XT01-05-PL-01-07-02-SF-00
XT01-PL-01-1620472409692
XT01-06-PL-01-07-02-SF-00
XT01-PL-02-1620472409813
[MAP]
0 0 0 0 0 0 0 1 
0 0 0 0 0 2 1 0'
0 0 0 0 2 2 1 1 
0 0 0 2 2 2 1 0'
2 2 2 1 1 1 0'0'
0 0 2 1 1 0'0'0 
0 0 1 1 0'0 0 0 
0 1 1 1 0'0 0 0 
[END]
XT01-06-PL-02-05-05-SF-00
[MAP]
0 0 0 0 0'0 0 1 
0 0 0 0 0'2 1 0 
0 0 0 0'2 2 1 1 
0'0 0'2 2 2 1 0 
2 2 2 1 2 2 0'0 
0 0 2 2 2 2 0 0 
0 0'1 1 0 0'0 0 
0 1 1 1 0 0 0 0 
[END]
XT01-98-AM-685
XT01-05-PL-01-02-03-SF-00
XT01-PL-01-1620472409938
XT01-06-PL-01-02-03-SF-00
XT01-PL-02-1620472410066
[MAP]
0 0 0 0 0 0 0 1 
0 0 0 0 0 2 1 0'
0 0'0'0'2 2 1 1 
0 0'1 1 1 1 1 0'
2 2 1 1 2 2 0'0'
0 0'1 2 2 2 0 0 
0 0'1 1 0 0 0 0 
0 1 1 1 0'0 0 0 
[END]
XT01-06-PL-02-03-02-SF-00
[MAP]
0 0 0 0 0'0'0'1 
0 0 0 0'0'2 1 0 
0 0 0'2 2 2 1 1 
0'0'2 2 2 1 1 0 
2 2 1 2 2 2 0'0 
0 0 1 2 2 2 0'0 
0 0 1 1 0'0'0 0 
0 1 1 1 0 0 0 0 
[END]
XT01-98-AM-1462
XT01-05-PL-01-06-00-SF-00
XT01-PL-01-1620472410206
XT01-06-PL-01-06-00-SF-00
XT01-PL-02-1620472410332
[MAP]
0 0 0 0 0 0'1 1 
0 0 0 0 0'1 1 0'
0 0 0'2 1 2 1 1 
0 0'2 1 2 1 1 0'
2 2 1 2 2 2 0 0'
0 0'1 2 2 2 0 0 
0 0'1 1 0 0 0 0 
0 1 1 1 0'0 0 0 
[END]
XT01-06-PL-02-04-07-SF-00
[MAP]
0 0 0 0 0 0 1 1 
0 0 0 0'0'1 1 0 
0 0 0'2 1 2 1 1 
0 0'2 1 2 1 1 0 
2 2 1 2 2 2 0'0 
0 0 2 2 2 2 0 0 
0 0'1 2 0'0'0'0 
0 1 1 1 2 0'0 0 
[END]
XT01-98-AM-1185
XT01-05-PL-01-05-07-SF-00
XT01-PL-01-1620472410459
XT01-06-PL-01-05-07-SF-00
XT01-PL-02-1620472410573
[MAP]
0 0 0 0 0 0'1 1 
0 0 0 0 0'1 1 0'
0 0 0'2 1 2 1 1 
0 0'2 1 2 1 1 0'
2 2 1 2 2 2 0 0'
0 0 2 2 2 2 0 0 
0 0'1 2 0 0 0 0 
0 1 1 1 1 1 0 0 
[END]
XT01-06-PL-02-04-01-SF-00
[MAP]
0 0 0 0'0 0 1 1 
0 0 0 0'2 1 1 0 
0 0 0'2 2 2 1 1 
0'0'2 1 2 1 1 0 
2 2 1 2 2 2 0'0 
0 0 2 2 2 2 0 0 
0 0'1 2 0'0'0'0 
0 1 1 1 1 1 0 0 
[END]
XT01-98-AM-1225
XT01-05-PL-01-04-06-SF-00
XT01-PL-01-1620472410704
XT01-06-PL-01-04-06-SF-00
XT01-PL-02-1620472410816
[MAP]
0 0 0 0 0 0'1 1 
0 0 0 0 2 1 1 0'
0 0 0'2 2 2 1 1 
0 0 2 1 2 1 1 0'
2 2 1 2 2 2 0'0'
0 0'2 1 2 2 0 0 
0 0 1 1 1 0 0 0 
0 1 1 1 1 1 0 0 
[END]
XT01-06-PL-02-07-01-SF-00
[MAP]
0 0 0 0'0'0'1 1 
0 0 0 0'2 2 2 2 
0 0 0'2 2 2 2 1 
0'0'2 1 2 2 1 0 
2 2 1 2 2 2 0'0 
0 0'2 1 2 2 0'0 
0 0'1 1 1 0 0'0 
0 1 1 1 1 1 0 0 
[END]
XT01-98-AM-1120
XT01-05-PL-01-04-00-SF-00
XT01-PL-01-1620472410965
XT01-06-PL-01-04-00-SF-00
XT01-PL-02-1620472411083
[MAP]
0 0 0 0'1 0'1 1 
0 0 0 0'1 2 2 2 
0 0 0'2 1 2 2 1 
0 0 2 1 1 2 1 0'
2 2 1 2 1 2 0'0'
0 0'2 1 1 2 0 0 
0 0 1 1 1 0'0 0 
0 1 1 1 1 1 0 0 
[END]
XT01-06-PL-02-02-02-SF-00
[MAP]
0 0 0 0 1 0'1 1 
0 0 0'0'1 2 2 2 
0 0'2 2 1 2 2 1 
0'0'2 2 1 2 1 0'
2 2 1 2 2 2 0'0 
0'0'2 1 1 2 0'0 
0 0'1 1 1 0 0 0 
0 1 1 1 1 1 0 0 
[END]
XT01-98-AM-1444
XT01-05-PL-01-05-00-SF-00
XT01-PL-01-1620472411211
XT01-06-PL-01-05-00-SF-00
XT01-PL-02-1620472411323
[MAP]
0 0 0 0'1 1 1 1 
0 0 0 0'1 2 1 2 
0 0 2 2 1 2 2 1 
0 0 2 2 1 2 1 0'
2 2 1 2 2 2 0'0'
0 0'2 1 1 2 0 0 
0 0 1 1 1 0'0 0 
0 1 1 1 1 1 0 0 
[END]
XT01-06-PL-02-05-06-SF-00
[MAP]
0 0 0 0 1 1 1 1 
0 0 0'0'1 2 1 2 
0 0'2 2 1 2 2 1 
0'0'2 2 1 2 1 0'
2 2 1 2 2 2 0'0 
0'0'2 1 2 2 0'0 
0 0'1 1 1 2 0'0 
0 1 1 1 1 1 0 0 
[END]
XT01-98-AM-1349
XT01-05-PL-01-07-03-SF-00
XT01-PL-01-1620472411445
XT01-06-PL-01-07-03-SF-00
XT01-PL-02-1620472411552
[MAP]
0 0 0 0'1 1 1 1 
0 0 0 0'1 1 1 2 
0 0 2 2 1 2 1 1 
0 0 2 2 1 2 1 1 
2 2 1 2 2 2 0 0'
0 0'2 1 2 2 0 0 
0 0'1 1 1 2 0 0 
0 1 1 1 1 1 0 0 
[END]
XT01-06-PL-02-01-06-SF-00
[MAP]
0 0 0 0 1 1 1 1 
0 0 0'0'1 1 1 2 
0 0'2 2 1 2 1 1 
0'0'2 2 1 2 1 1 
2 2 1 2 2 2 0'0 
0'0'2 1 2 2 0'0 
0 2 2 2 2 2 0 0 
0'1 1 1 1 1 0 0 
[END]
XT01-98-AM-875
XT01-05-PL-01-06-04-SF-00
XT01-PL-01-1620472411668
XT01-06-PL-01-06-04-SF-00
XT01-PL-02-1620472411776
[MAP]
0 0 0 0'1 1 1 1 
0 0 0 0'1 1 1 2 
0 0 2 2 1 2 1 1 
0 0 2 2 1 1 1 1 
2 2 1 1 1 1 1 0'
0 0'2 1 2 1 0'0 
0 2 2 2 1 2 0'0 
0 1 1 1 1 1 0 0 
[END]
XT01-06-PL-02-01-05-SF-00
[MAP]
0 0 0 0 1 1 1 1 
0 0'0'0'1 1 1 2 
0 0'2 2 1 2 1 1 
0'0'2 2 1 1 1 1 
2 2 2 1 1 1 1 0 
0'2 2 1 2 1 0'0 
0'2 2 2 1 2 0'0 
0'1 1 1 1 1 0'0 
[END]
XT01-98-AM-1012
XT01-05-PL-01-00-06-SF-00
XT01-PL-01-1620472411899
XT01-06-PL-01-00-06-SF-00
XT01-PL-02-1620472412007
[MAP]
0 0 0 0'1 1 1 1 
0 0 0 0'1 1 1 2 
0 0 2 2 1 2 1 1 
0 0 2 1 1 1 1 1 
2 2 1 1 1 1 1 0'
0'1 2 1 2 1 0'0 
1 1 1 1 1 2 0'0 
0'1 1 1 1 1 0 0 
[END]
XT01-06-PL-02-00-07-SF-00
[MAP]
0 0 0 0 1 1 1 1 
0 0'0'0'1 1 1 2 
0 0'2 2 1 2 1 1 
0'0'2 1 1 1 1 1 
2 2 1 1 1 1 1 0 
0'1 2 1 2 1 0'0 
1 2 1 1 1 2 0'0 
2 1 1 1 1 1 0'0 
[END]
XT01-98-AM-761
XT01-05-PL-01-00-03-SF-00
XT01-PL-01-1620472412125
XT01-06-PL-01-00-03-SF-00
XT01-PL-02-1620472412238
[MAP]
0 0 0 0'1 1 1 1 
0 0 0 0'1 1 1 2 
0'0 2 2 1 2 1 1 
1 0'2 1 1 1 1 1 
2 1 1 1 1 1 1 0'
0'1 1 1 2 1 0'0 
1 2 1 1 1 2 0'0 
2 1 1 1 1 1 0'0 
[END]
XT01-06-PL-02-00-05-SF-00
[MAP]
0 0 0 0 1 1 1 1 
0 0'0'0'1 1 1 2 
0 0'2 2 1 2 1 1 
1 0'2 1 1 1 1 1 
2 2 1 1 1 1 1 0 
2 2 2 2 2 1 0'0 
2 2 1 1 1 2 0'0 
2 1 1 1 1 1 0'0 
[END]
XT01-98-AM-506
XT01-05-PL-01-01-03-SF-00
XT01-PL-01-1620472412350
XT01-06-PL-01-01-03-SF-00
XT01-PL-02-1620472412460
[MAP]
0 0 0 0'1 1 1 1 
0 0 0 0'1 1 1 2 
0'0'2 2 1 2 1 1 
1 1 1 1 1 1 1 1 
2 1 1 1 1 1 1 0'
2 1 2 2 2 1 0'0 
2 1 1 1 1 2 0'0 
2 1 1 1 1 1 0'0 
[END]
XT01-06-PL-02-06-07-SF-00
[MAP]
0 0 0 0 1 1 1 1 
0 0'0'0'1 1 1 2 
0 0'2 2 1 2 1 1 
1 1 1 1 1 1 1 1 
2 1 1 1 1 1 1 0 
2 1 2 2 2 1 0 0 
2 1 1 1 1 2 0'0 
2 2 2 2 2 2 2 0 
[END]
XT01-98-AM-203
XT01-05-PL-01-06-06-SF-00
XT01-PL-01-1620472412565
XT01-06-PL-01-06-06-SF-00
XT01-PL-02-1620472412670
[MAP]
0 0 0 0'1 1 1 1 
0 0 0 0'1 1 1 2 
0'0'2 2 1 2 1 1 
1 1 1 1 1 1 1 1 
2 1 1 1 1 1 1 0'
2 1 2 2 2 1 0'0'
2 1 1 1 1 1 1 0'
2 2 2 2 2 2 2 0'
[END]
XT01-06-PL-02-00-02-SF-00
[MAP]
0 0 0 0 1 1 1 1 
0 0'0'0'1 1 1 2 
2 0'2 2 1 2 1 1 
2 2 1 1 1 1 1 1 
2 1 2 1 1 1 1 0 
2 1 2 2 2 1 0 0 
2 1 1 1 1 1 1 0 
2 2 2 2 2 2 2 0 
[END]
XT01-98-AM-159
XT01-05-PL-01-01-01-SF-00
XT01-PL-01-1620472412779
XT01-06-PL-01-01-01-SF-00
XT01-PL-02-1620472412890
[MAP]
0 0 0'0'1 1 1 1 
0 1 0'0'1 1 1 2 
2 0'1 2 1 2 1 1 
2 2 1 1 1 1 1 1 
2 1 2 1 1 1 1 0'
2 1 2 2 2 1 0'0'
2 1 1 1 1 1 1 0'
2 2 2 2 2 2 2 0 
[END]
XT01-06-PL-02-07-06-SF-00
[MAP]
0 0 0 0 1 1 1 1 
0 1 0'0'1 1 1 2 
2 0'1 2 1 2 1 1 
2 2 1 1 1 1 1 1 
2 1 2 1 1 1 1 0 
2 1 2 2 2 1 0 0 
2 2 2 2 2 2 2 2 
2 2 2 2 2 2 2 0'
[END]
XT01-98-AM-154
XT01-05-PL-01-01-02-SF-00
XT01-PL-01-1620472412998
XT01-06-PL-01-01-02-SF-00
XT01-PL-02-1620472413103
[MAP]
0'0'0'0'1 1 1 1 
0'1 0'0'1 1 1 2 
2 1 1 2 1 2 1 1 
2 1 1 1 1 1 1 1 
2 1 2 1 1 1 1 0'
2 1 2 2 2 1 0'0 
2 2 2 2 2 2 2 2 
2 2 2 2 2 2 2 0 
[END]
XT01-06-PL-02-00-01-SF-00
[MAP]
0 0 0 0 1 1 1 1 
2 1 0'0'1 1 1 2 
2 2 1 2 1 2 1 1 
2 1 2 1 1 1 1 1 
2 1 2 2 1 1 1 0 
2 1 2 2 2 1 0 0 
2 2 2 2 2 2 2 2 
2 2 2 2 2 2 2 0'
[END]
XT01-98-AM-98
XT01-05-PL-01-02-01-SF-00
XT01-PL-01-1620472413212
XT01-06-PL-01-02-01-SF-00
XT01-PL-02-1620472413317
[MAP]
0'0'0'0'1 1 1 1 
2 1 1 0'1 1 1 2 
2 2 1 1 1 2 1 1 
2 1 2 1 1 1 1 1 
2 1 2 2 1 1 1 0'
2 1 2 2 2 1 0'0 
2 2 2 2 2 2 2 2 
2 2 2 2 2 2 2 0 
[END]
XT01-06-PL-02-06-05-SF-00
[MAP]
0 0 0 0 1 1 1 1 
2 1 1 0 1 1 1 2 
2 2 1 1 1 2 1 1 
2 1 2 1 1 1 1 1 
2 1 2 2 1 1 1 0 
2 1 2 2 2 2 2 0'
2 2 2 2 2 2 2 2 
2 2 2 2 2 2 2 0'
[END]
XT01-98-AM-54
XT01-05-PL-01-07-05-SF-00
XT01-PL-01-1620472413420
XT01-06-PL-01-07-05-SF-00
XT01-PL-02-1620472413525
[MAP]
0'0'0'0'1 1 1 1 
2 1 1 0'1 1 1 2 
2 2 1 1 1 2 1 1 
2 1 2 1 1 1 1 1 
2 1 2 2 1 1 1 0'
2 1 1 1 1 1 1 1 
2 2 2 2 2 2 2 2 
2 2 2 2 2 2 2 0 
[END]
XT01-06-PL-02-00-00-SF-00
[MAP]
2 0'0 0 1 1 1 1 
2 2 1 0'1 1 1 2 
2 2 2 1 1 2 1 1 
2 1 2 2 1 1 1 1 
2 1 2 2 2 1 1 0 
2 1 1 1 1 2 1 1 
2 2 2 2 2 2 2 2 
2 2 2 2 2 2 2 0'
[END]
XT01-98-AM-45
XT01-05-PL-01-03-01-SF-00
XT01-PL-01-1620472413628
XT01-06-PL-01-03-01-SF-00
XT01-PL-02-1620472413732
[MAP]
2 0'0'0'1 1 1 1 
2 2 1 1 1 1 1 2 
2 2 1 1 1 2 1 1 
2 1 2 2 1 1 1 1 
2 1 2 2 2 1 1 0'
2 1 1 1 1 2 1 1 
2 2 2 2 2 2 2 2 
2 2 2 2 2 2 2 0 
[END]
XT01-06-PL-02-01-00-SF-00
[MAP]
2 2 0'0 1 1 1 1 
2 2 2 1 1 1 1 2 
2 2 1 2 1 2 1 1 
2 1 2 2 2 1 1 1 
2 1 2 2 2 2 1 0 
2 1 1 1 1 2 2 1 
2 2 2 2 2 2 2 2 
2 2 2 2 2 2 2 0'
[END]
XT01-98-AM-10
XT01-05-PL-01-02-00-SF-00
XT01-PL-01-1620472413834
XT01-06-PL-01-02-00-SF-00
XT01-PL-02-1620472413935
[MAP]
2 2 1 0'1 1 1 1 
2 2 1 1 1 1 1 2 
2 2 1 2 1 2 1 1 
2 1 2 2 2 1 1 1 
2 1 2 2 2 2 1 0'
2 1 1 1 1 2 2 1 
2 2 2 2 2 2 2 2 
2 2 2 2 2 2 2 0 
[END]
XT01-06-PL-02-03-00-SF-00
[MAP]
2 2 2 2 1 1 1 1 
2 2 2 2 2 1 1 2 
2 2 1 2 1 2 1 1 
2 1 2 2 2 1 1 1 
2 1 2 2 2 2 1 0 
2 1 1 1 1 2 2 1 
2 2 2 2 2 2 2 2 
2 2 2 2 2 2 2 0'
[END]
XT01-05-PL-01-07-07-SF-00
XT01-PL-01-1620472414039
XT01-06-PL-01-07-07-SF-00
XT01-PL-02-1620472414141
[MAP]
2 2 2 2 1 1 1 1 
2 2 2 2 2 1 1 2 
2 2 1 2 1 2 1 1 
2 1 2 1 2 1 1 1 
2 1 2 2 1 2 1 0'
2 1 1 1 1 1 2 1 
2 2 2 2 2 2 1 1 
2 2 2 2 2 2 2 1 
[END]
XT01-06-PL-02-07-04-SF-00
XT01-08
XT01-09
[MAP]
2 2 2 2 1 1 1 1 
2 2 2 2 2 1 1 2 
2 2 1 2 1 2 1 2 
2 1 2 1 2 1 2 2 
2 1 2 2 1 2 2 2 
2 1 1 1 1 1 2 1 
2 2 2 2 2 2 1 1 
2 2 2 2 2 2 2 1 
[END]