XT01-ALPHA-BETA-ON
XT01-02-[50, 10, 48, 10, 48, 32, 48, 10, 56, 32, 56, 10, 48, 32, 48, 32, 48, 32, 48, 32, 48, 32, 48, 32, 48, 32, 48, 10, 48, 32, 48, 32, 48, 32, 48, 32, 48, 32, 48, 32, 48, 32, 48, 10, 48, 32, 48, 32, 48, 32, 48, 32, 48, 32, 48, 32, 48, 32, 48, 10, 48, 32, 48, 32, 48, 32, 49, 32, 50, 32, 48, 32, 48, 32, 48, 10, 48, 32, 48, 32, 48, 32, 50, 32, 49, 32, 48, 32, 48, 32, 48, 10, 48, 32, 48, 32, 48, 32, 48, 32, 48, 32, 48, 32, 48, 32, 48, 10, 48, 32, 48, 32, 48, 32, 48, 32, 48, 32, 48, 32, 48, 32, 48, 10, 48, 32, 48, 32, 48, 32, 48, 32, 48, 32, 48, 32, 48, 32, 48]
XT01-03-PL-02
XT01-PL-01-1620472406819
[MAP]
0 0 0 0 0 0 0 0 
0 0 0 0 0 0 0 0 
0 0 0 0 0'0 0 0 
0 0 0 1 2 0'0 0 
0 0 0'2 1 0 0 0 
0 0 0 0'0 0 0 0 
0 0 0 0 0 0 0 0 
0 0 0 0 0 0 0 0 
[END]
XT01-06-PL-01-04-02-SF-00
[MAP]
0 0 0 0 0 0 0 0 
0 0 0 0 0 0 0 0 
0 0 0 0'1 0'0 0 
0 0 0 1 1 0 0 0 
0 0 0 2 1 0'0 0 
0 0 0 0 0 0 0 0 
0 0 0 0 0 0 0 0 
0 0 0 0 0 0 0 0 
[END]
XT01-98-AM-78
XT01-05-PL-02-05-04-SF-00
XT01-PL-02-1620472406942
XT01-06-PL-02-05-04-SF-00
XT01-PL-01-1620472407058
[MAP]
0 0 0 0 0 0 0 0 
0 0 0 0 0 0 0 0 
0 0 0 0 1 0 0 0 
0 0 0 1 1 0 0 0 
0 0 0 2 2 2 0 0 
0 0 0'0'0'0'0'0 
0 0 0 0 0 0 0 0 
0 0 0 0 0 0 0 0 
[END]
XT01-06-PL-01-03-05-SF-00
[MAP]
0 0 0 0 0 0 0 0 
0 0 0 0 0'0 0 0 
0 0 0'0'1 0 0 0 
0 0 0 1 1 0 0 0 
0 0 0'1 2 2 0 0 
0 0 0 1 0 0 0 0 
0 0 0'0 0 0 0 0 
0 0 0 0 0 0 0 0 
[END]
XT01-98-AM-149
XT01-05-PL-02-02-04-SF-00
XT01-PL-02-1620472407178
XT01-06-PL-02-02-04-SF-00
XT01-PL-01-1620472407308
[MAP]
0 0 0 0 0 0 0 0 
0 0 0 0 0 0 0 0 
0 0 0 0 1 0 0 0 
0 0'0 1 1 0'0 0 
0 0 2 2 2 2 0 0 
0 0'0'1 0'0'0'0 
0 0 0 0 0 0 0 0 
0 0 0 0 0 0 0 0 
[END]
XT01-06-PL-01-04-05-SF-00
[MAP]
0 0 0 0 0 0 0 0 
0 0 0 0 0 0'0 0 
0 0 0 0'1 0'0 0 
0 0 0 1 1 0 0 0 
0 0 2 2 1 2 0 0 
0 0 0 1 1 0 0 0 
0 0 0 0'0'0'0 0 
0 0 0 0 0 0 0 0 
[END]
XT01-98-AM-308
XT01-05-PL-02-05-02-SF-00
XT01-PL-02-1620472407437
XT01-06-PL-02-05-02-SF-00
XT01-PL-01-1620472407574
[MAP]
0 0 0 0 0 0 0 0 
0 0 0 0 0 0 0 0 
0 0 0 0 1 2 0'0 
0 0'0'1 2 0'0'0 
0 0'2 2 1 2 0'0 
0 0'0 1 1 0 0 0 
0 0 0 0 0 0 0 0 
0 0 0 0 0 0 0 0 
[END]
XT01-06-PL-01-06-02-SF-00
[MAP]
0 0 0 0 0 0 0 0 
0 0 0 0 0'0'0'0 
0 0 0 0'1 1 1 0 
0 0 0'1 2 0 0 0 
0 0 2 2 1 2 0 0 
0 0 0 1 1 0 0 0 
0 0 0 0'0'0'0 0 
0 0 0 0 0 0 0 0 
[END]
XT01-98-AM-464
XT01-05-PL-02-06-01-SF-00
XT01-PL-02-1620472407706
XT01-06-PL-02-06-01-SF-00
XT01-PL-01-1620472407850
[MAP]
0 0 0 0 0 0 0'0 
0 0 0 0 0 0 2 0 
0 0 0 0 1 2 1 0 
0 0'0'1 2 0'0'0 
0 0'2 2 1 2 0'0 
0 0'0 1 1 0 0 0 
0 0 0 0 0 0 0 0 
0 0 0 0 0 0 0 0 
[END]
XT01-06-PL-01-05-03-SF-00
[MAP]
0 0 0 0 0 0 0 0 
0 0 0 0 0 0'2 0 
0 0 0 0'1 2 1 0'
0 0 0 1 1 1 0'0 
0 0 2 2 1 2 0 0 
0 0 0 1 1 0 0 0 
0 0 0 0'0'0'0 0 
0 0 0 0 0 0 0 0 
[END]
XT01-98-AM-588
XT01-05-PL-02-03-06-SF-00
XT01-PL-02-1620472407991
XT01-06-PL-02-03-06-SF-00
XT01-PL-01-1620472408156
[MAP]
0 0 0 0 0 0 0'0'
0 0 0 0 0 0'2 0 
0 0 0 0 1 2 1 0 
0 0 0 1 1 1 0 0 
0 0'2 2 1 2 0'0 
0 0'0'2 2 0'0'0 
0 0 0'2 0'0 0 0 
0 0 0 0'0 0 0 0 
[END]
XT01-06-PL-01-03-07-SF-00
[MAP]
0 0 0 0 0 0 0 0 
0 0 0 0 0'0'2 0 
0 0 0 0'1 2 1 0'
0 0 0'1 1 1 0'0 
0 0 2 1 1 2 0 0 
0 0 0'1 2 0 0 0 
0 0 0 1 0'0 0 0 
0 0 0'1 0 0 0 0 
[END]
XT01-98-AM-631
XT01-05-PL-02-02-05-SF-00
XT01-PL-02-1620472408301
XT01-06-PL-02-02-05-SF-00
XT01-PL-01-1620472408465
[MAP]
0 0 0 0 0 0 0'0 
0 0 0 0 0 0'2 0 
0 0 0 0 1 2 1 0 
0 0 0 1 2 1 0'0 
0 0'2 2 1 2 0'0 
0 0'2 2 2 0'0 0 
0 0 0'1 0'0 0 0 
0 0 0 1 0 0 0 0 
[END]
XT01-06-PL-01-01-04-SF-00
[MAP]
0 0 0 0 0 0 0 0 
0 0 0 0 0'0 2 0'
0 0 0 0'1 2 1 0'
0 0'0'1 2 1 0'0 
0'1 1 1 1 2 0 0 
0 0'1 2 2 0 0 0 
0 0'0 1 0 0 0 0 
0 0 0'1 0 0 0 0 
[END]
XT01-98-AM-630
XT01-05-PL-02-00-04-SF-00
XT01-PL-02-1620472408606
XT01-06-PL-02-00-04-SF-00
XT01-PL-01-1620472408773
[MAP]
0 0 0 0 0 0 0'0'
0 0 0 0 0 0'2 0 
0 0 0 0 1 2 1 0 
0'0 0'1 2 1 0'0 
2 2 2 2 2 2 0 0 
0 0'1 2 2 0'0 0 
0 0 0'1 0'0 0 0 
0 0 0 1 0 0 0 0 
[END]
XT01-06-PL-01-07-00-SF-00
[MAP]
0 0 0 0 0 0 0 1 
0 0 0 0 0'0'1 0'
0 0 0'0'1 1 1 0 
0 0 0'1 1 1 0 0 
2 2 2 1 2 2 0 0 
0 0'1 2 2 0 0 0 
0 0 0'1 0 0 0 0 
0 0 0'1 0'0 0 0 
[END]
XT01-98-AM-625
XT01-05-PL-02-05-01-SF-00
XT01-PL-02-1620472408917
XT01-06-PL-02-05-01-SF-00
XT01-PL-01-1620472409068
[MAP]
0 0 0 0 0'0 0 1 
0 0 0 0 0'2 1 0 
0 0 0 0'2 2 1 0 
0'0 0'2 1 2 0'0 
2 2 2 1 2 2 0'0 
0 0 1 2 2 0'0'0 
0 0 0'1 0'0'0 0 
0 0 0 1 0 0 0 0 
[END]
XT01-06-PL-01-02-06-SF-00
[MAP]
0 0 0 0 0 0 0 1 
0 0 0 0 0 2 1 0'
0 0 0 0'2 2 1 0'
0 0 0'2 1 1 0'0'
2 2 2 1 1 2 0'0 
0 0'1 1 2 0'0 0 
0 0'1 1 0'0 0 0 
0 0 0'1 0'0 0 0 
[END]
XT01-98-AM-1138
XT01-05-PL-02-02-07-SF-00
XT01-PL-02-1620472409241
XT01-06-PL-02-02-07-SF-00
XT01-PL-01-1620472409408
[MAP]
0 0 0 0 0'0'0 1 
0 0 0 0'0'2 1 0 
0 0 0'0'2 2 1 0 
0 0'0'2 1 1 0 0 
2 2 2 1 1 2 0'0 
0 0'2 1 2 0'0'0 
0 0'2 2 0'0'0 0 
0 0'2 1 0 0 0 0 
[END]
XT01-06-PL-01-01-07-SF-00
[MAP]
0 0 0 0 0 0 0 1 
0 0 0 0 0 2 1 0'
0 0 0 0'2 2 1 0'
0 0 0'2 1 1 0'0'
2 2 2 1 1 2 0'0 
0 0 2 1 2 0'0 0 
0 0'1 2 0'0 0 0 
0 1 1 1 0 0 0 0 
[END]
XT01-98-AM-552
XT01-05-PL-02-06-03-SF-00
XT01-PL-02-1620472409545
XT01-06-PL-02-06-03-SF-00
XT01-PL-01-1620472409691
[MAP]
0 0 0 0 0'0 0 1 
0 0 0 0 0'2 1 0 
0 0 0'0'2 2 1 0'
0 0'0'2 2 2 2 0 
2 2 2 1 1 2 0'0 
0 0'2 1 2 0'0 0 
0 0'1 2 0'0'0 0 
0 1 1 1 0 0 0 0 
[END]
XT01-06-PL-01-07-02-SF-00
[MAP]
0 0 0 0 0 0 0 1 
0 0 0 0 0 2 1 0'
0 0 0 0 2 2 1 1 
0 0 0 2 2 2 1 0'
2 2 2 1 1 1 0'0'
0 0 2 1 1 0'0'0 
0 0 1 1 0'0 0 0 
0 1 1 1 0'0 0 0 
[END]
XT01-98-AM-416
XT01-05-PL-02-05-05-SF-00
XT01-PL-02-1620472409814
XT01-06-PL-02-05-05-SF-00
XT01-PL-01-1620472409938
[MAP]
0 0 0 0 0'0 0 1 
0 0 0 0 0'2 1 0 
0 0 0 0'2 2 1 1 
0'0 0'2 2 2 1 0 
2 2 2 1 2 2 0'0 
0 0 2 2 2 2 0 0 
0 0'1 1 0 0'0 0 
0 1 1 1 0 0 0 0 
[END]
XT01-06-PL-01-02-03-SF-00
[MAP]
0 0 0 0 0 0 0 1 
0 0 0 0 0 2 1 0'
0 0'0'0'2 2 1 1 
0 0'1 1 1 1 1 0'
2 2 1 1 2 2 0'0'
0 0'1 2 2 2 0 0 
0 0'1 1 0 0 0 0 
0 1 1 1 0'0 0 0 
[END]
XT01-98-AM-933
XT01-05-PL-02-03-02-SF-00
XT01-PL-02-1620472410066
XT01-06-PL-02-03-02-SF-00
XT01-PL-01-1620472410206
[MAP]
0 0 0 0 0'0'0'1 
0 0 0 0'0'2 1 0 
0 0 0'2 2 2 1 1 
0'0'2 2 2 1 1 0 
2 2 1 2 2 2 0'0 
0 0 1 2 2 2 0'0 
0 0 1 1 0'0'0 0 
0 1 1 1 0 0 0 0 
[END]
XT01-06-PL-01-06-00-SF-00
[MAP]
0 0 0 0 0 0'1 1 
0 0 0 0 0'1 1 0'
0 0 0'2 1 2 1 1 
0 0'2 1 2 1 1 0'
2 2 1 2 2 2 0 0'
0 0'1 2 2 2 0 0 
0 0'1 1 0 0 0 0 
0 1 1 1 0'0 0 0 
[END]
XT01-98-AM-808
XT01-05-PL-02-04-07-SF-00
XT01-PL-02-1620472410332
XT01-06-PL-02-04-07-SF-00
XT01-PL-01-1620472410459
[MAP]
0 0 0 0 0 0 1 1 
0 0 0 0'0'1 1 0 
0 0 0'2 1 2 1 1 
0 0'2 1 2 1 1 0 
2 2 1 2 2 2 0'0 
0 0 2 2 2 2 0 0 
0 0'1 2 0'0'0'0 
0 1 1 1 2 0'0 0 
[END]
XT01-06-PL-01-05-07-SF-00
[MAP]
0 0 0 0 0 0'1 1 
0 0 0 0 0'1 1 0'
0 0 0'2 1 2 1 1 
0 0'2 1 2 1 1 0'
2 2 1 2 2 2 0 0'
0 0 2 2 2 2 0 0 
0 0'1 2 0 0 0 0 
0 1 1 1 1 1 0 0 
[END]
XT01-98-AM-641
XT01-05-PL-02-04-01-SF-00
XT01-PL-02-1620472410573
XT01-06-PL-02-04-01-SF-00
XT01-PL-01-1620472410704
[MAP]
0 0 0 0'0 0 1 1 
0 0 0 0'2 1 1 0 
0 0 0'2 2 2 1 1 
0'0'2 1 2 1 1 0 
2 2 1 2 2 2 0'0 
0 0 2 2 2 2 0 0 
0 0'1 2 0'0'0'0 
0 1 1 1 1 1 0 0 
[END]
XT01-06-PL-01-04-06-SF-00
[MAP]
0 0 0 0 0 0'1 1 
0 0 0 0 2 1 1 0'
0 0 0'2 2 2 1 1 
0 0 2 1 2 1 1 0'
2 2 1 2 2 2 0'0'
0 0'2 1 2 2 0 0 
0 0 1 1 1 0 0 0 
0 1 1 1 1 1 0 0 
[END]
XT01-98-AM-263
XT01-05-PL-02-07-01-SF-00
XT01-PL-02-1620472410817
XT01-06-PL-02-07-01-SF-00
XT01-PL-01-1620472410965
[MAP]
0 0 0 0'0'0'1 1 
0 0 0 0'2 2 2 2 
0 0 0'2 2 2 2 1 
0'0'2 1 2 2 1 0 
2 2 1 2 2 2 0'0 
0 0'2 1 2 2 0'0 
0 0'1 1 1 0 0'0 
0 1 1 1 1 1 0 0 
[END]
XT01-06-PL-01-04-00-SF-00
[MAP]
0 0 0 0'1 0'1 1 
0 0 0 0'1 2 2 2 
0 0 0'2 1 2 2 1 
0 0 2 1 1 2 1 0'
2 2 1 2 1 2 0'0'
0 0'2 1 1 2 0 0 
0 0 1 1 1 0'0 0 
0 1 1 1 1 1 0 0 
[END]
XT01-98-AM-426
XT01-05-PL-02-02-02-SF-00
XT01-PL-02-1620472411083
XT01-06-PL-02-02-02-SF-00
XT01-PL-01-1620472411211
[MAP]
0 0 0 0 1 0'1 1 
0 0 0'0'1 2 2 2 
0 0'2 2 1 2 2 1 
0'0'2 2 1 2 1 0'
2 2 1 2 2 2 0'0 
0'0'2 1 1 2 0'0 
0 0'1 1 1 0 0 0 
0 1 1 1 1 1 0 0 
[END]
XT01-06-PL-01-05-00-SF-00
[MAP]
0 0 0 0'1 1 1 1 
0 0 0 0'1 2 1 2 
0 0 2 2 1 2 2 1 
0 0 2 2 1 2 1 0'
2 2 1 2 2 2 0'0'
0 0'2 1 1 2 0 0 
0 0 1 1 1 0'0 0 
0 1 1 1 1 1 0 0 
[END]
XT01-98-AM-517
XT01-05-PL-02-05-06-SF-00
XT01-PL-02-1620472411323
XT01-06-PL-02-05-06-SF-00
XT01-PL-01-1620472411445
[MAP]
0 0 0 0 1 1 1 1 
0 0 0'0'1 2 1 2 
0 0'2 2 1 2 2 1 
0'0'2 2 1 2 1 0'
2 2 1 2 2 2 0'0 
0'0'2 1 2 2 0'0 
0 0'1 1 1 2 0'0 
0 1 1 1 1 1 0 0 
[END]
XT01-06-PL-01-07-03-SF-00
[MAP]
0 0 0 0'1 1 1 1 
0 0 0 0'1 1 1 2 
0 0 2 2 1 2 1 1 
0 0 2 2 1 2 1 1 
2 2 1 2 2 2 0 0'
0 0'2 1 2 2 0 0 
0 0'1 1 1 2 0 0 
0 1 1 1 1 1 0 0 
[END]
XT01-98-AM-241
XT01-05-PL-02-01-06-SF-00
XT01-PL-02-1620472411552
XT01-06-PL-02-01-06-SF-00
XT01-PL-01-1620472411668
[MAP]
0 0 0 0 1 1 1 1 
0 0 0'0'1 1 1 2 
0 0'2 2 1 2 1 1 
0'0'2 2 1 2 1 1 
2 2 1 2 2 2 0'0 
0'0'2 1 2 2 0'0 
0 2 2 2 2 2 0 0 
0'1 1 1 1 1 0 0 
[END]
XT01-06-PL-01-06-04-SF-00
[MAP]
0 0 0 0'1 1 1 1 
0 0 0 0'1 1 1 2 
0 0 2 2 1 2 1 1 
0 0 2 2 1 1 1 1 
2 2 1 1 1 1 1 0'
0 0'2 1 2 1 0'0 
0 2 2 2 1 2 0'0 
0 1 1 1 1 1 0 0 
[END]
XT01-98-AM-331
XT01-05-PL-02-01-05-SF-00
XT01-PL-02-1620472411776
XT01-06-PL-02-01-05-SF-00
XT01-PL-01-1620472411899
[MAP]
0 0 0 0 1 1 1 1 
0 0'0'0'1 1 1 2 
0 0'2 2 1 2 1 1 
0'0'2 2 1 1 1 1 
2 2 2 1 1 1 1 0 
0'2 2 1 2 1 0'0 
0'2 2 2 1 2 0'0 
0'1 1 1 1 1 0'0 
[END]
XT01-06-PL-01-00-06-SF-00
[MAP]
0 0 0 0'1 1 1 1 
0 0 0 0'1 1 1 2 
0 0 2 2 1 2 1 1 
0 0 2 1 1 1 1 1 
2 2 1 1 1 1 1 0'
0'1 2 1 2 1 0'0 
1 1 1 1 1 2 0'0 
0'1 1 1 1 1 0 0 
[END]
XT01-98-AM-356
XT01-05-PL-02-00-07-SF-00
XT01-PL-02-1620472412007
XT01-06-PL-02-00-07-SF-00
XT01-PL-01-1620472412125
[MAP]
0 0 0 0 1 1 1 1 
0 0'0'0'1 1 1 2 
0 0'2 2 1 2 1 1 
0'0'2 1 1 1 1 1 
2 2 1 1 1 1 1 0 
0'1 2 1 2 1 0'0 
1 2 1 1 1 2 0'0 
2 1 1 1 1 1 0'0 
[END]
XT01-06-PL-01-00-03-SF-00
[MAP]
0 0 0 0'1 1 1 1 
0 0 0 0'1 1 1 2 
0'0 2 2 1 2 1 1 
1 0'2 1 1 1 1 1 
2 1 1 1 1 1 1 0'
0'1 1 1 2 1 0'0 
1 2 1 1 1 2 0'0 
2 1 1 1 1 1 0'0 
[END]
XT01-98-AM-591
XT01-05-PL-02-00-05-SF-00
XT01-PL-02-1620472412238
XT01-06-PL-02-00-05-SF-00
XT01-PL-01-1620472412350
[MAP]
0 0 0 0 1 1 1 1 
0 0'0'0'1 1 1 2 
0 0'2 2 1 2 1 1 
1 0'2 1 1 1 1 1 
2 2 1 1 1 1 1 0 
2 2 2 2 2 1 0'0 
2 2 1 1 1 2 0'0 
2 1 1 1 1 1 0'0 
[END]
XT01-06-PL-01-01-03-SF-00
[MAP]
0 0 0 0'1 1 1 1 
0 0 0 0'1 1 1 2 
0'0'2 2 1 2 1 1 
1 1 1 1 1 1 1 1 
2 1 1 1 1 1 1 0'
2 1 2 2 2 1 0'0 
2 1 1 1 1 2 0'0 
2 1 1 1 1 1 0'0 
[END]
XT01-98-AM-329
XT01-05-PL-02-06-07-SF-00
XT01-PL-02-1620472412460
XT01-06-PL-02-06-07-SF-00
XT01-PL-01-1620472412565
[MAP]
0 0 0 0 1 1 1 1 
0 0'0'0'1 1 1 2 
0 0'2 2 1 2 1 1 
1 1 1 1 1 1 1 1 
2 1 1 1 1 1 1 0 
2 1 2 2 2 1 0 0 
2 1 1 1 1 2 0'0 
2 2 2 2 2 2 2 0 
[END]
XT01-06-PL-01-06-06-SF-00
[MAP]
0 0 0 0'1 1 1 1 
0 0 0 0'1 1 1 2 
0'0'2 2 1 2 1 1 
1 1 1 1 1 1 1 1 
2 1 1 1 1 1 1 0'
2 1 2 2 2 1 0'0'
2 1 1 1 1 1 1 0'
2 2 2 2 2 2 2 0'
[END]
XT01-98-AM-250
XT01-05-PL-02-00-02-SF-00
XT01-PL-02-1620472412670
XT01-06-PL-02-00-02-SF-00
XT01-PL-01-1620472412779
[MAP]
0 0 0 0 1 1 1 1 
0 0'0'0'1 1 1 2 
2 0'2 2 1 2 1 1 
2 2 1 1 1 1 1 1 
2 1 2 1 1 1 1 0 
2 1 2 2 2 1 0 0 
2 1 1 1 1 1 1 0 
2 2 2 2 2 2 2 0 
[END]
XT01-06-PL-01-01-01-SF-00
[MAP]
0 0 0'0'1 1 1 1 
0 1 0'0'1 1 1 2 
2 0'1 2 1 2 1 1 
2 2 1 1 1 1 1 1 
2 1 2 1 1 1 1 0'
2 1 2 2 2 1 0'0'
2 1 1 1 1 1 1 0'
2 2 2 2 2 2 2 0 
[END]
XT01-98-AM-281
XT01-05-PL-02-07-06-SF-00
XT01-PL-02-1620472412890
XT01-06-PL-02-07-06-SF-00
XT01-PL-01-1620472412998
[MAP]
0 0 0 0 1 1 1 1 
0 1 0'0'1 1 1 2 
2 0'1 2 1 2 1 1 
2 2 1 1 1 1 1 1 
2 1 2 1 1 1 1 0 
2 1 2 2 2 1 0 0 
2 2 2 2 2 2 2 2 
2 2 2 2 2 2 2 0'
[END]
XT01-06-PL-01-01-02-SF-00
[MAP]
0'0'0'0'1 1 1 1 
0'1 0'0'1 1 1 2 
2 1 1 2 1 2 1 1 
2 1 1 1 1 1 1 1 
2 1 2 1 1 1 1 0'
2 1 2 2 2 1 0'0 
2 2 2 2 2 2 2 2 
2 2 2 2 2 2 2 0 
[END]
XT01-98-AM-228
XT01-05-PL-02-00-01-SF-00
XT01-PL-02-1620472413103
XT01-06-PL-02-00-01-SF-00
XT01-PL-01-1620472413211
[MAP]
0 0 0 0 1 1 1 1 
2 1 0'0'1 1 1 2 
2 2 1 2 1 2 1 1 
2 1 2 1 1 1 1 1 
2 1 2 2 1 1 1 0 
2 1 2 2 2 1 0 0 
2 2 2 2 2 2 2 2 
2 2 2 2 2 2 2 0'
[END]
XT01-06-PL-01-02-01-SF-00
[MAP]
0'0'0'0'1 1 1 1 
2 1 1 0'1 1 1 2 
2 2 1 1 1 2 1 1 
2 1 2 1 1 1 1 1 
2 1 2 2 1 1 1 0'
2 1 2 2 2 1 0'0 
2 2 2 2 2 2 2 2 
2 2 2 2 2 2 2 0 
[END]
XT01-98-AM-83
XT01-05-PL-02-06-05-SF-00
XT01-PL-02-1620472413317
XT01-06-PL-02-06-05-SF-00
XT01-PL-01-1620472413420
[MAP]
0 0 0 0 1 1 1 1 
2 1 1 0 1 1 1 2 
2 2 1 1 1 2 1 1 
2 1 2 1 1 1 1 1 
2 1 2 2 1 1 1 0 
2 1 2 2 2 2 2 0'
2 2 2 2 2 2 2 2 
2 2 2 2 2 2 2 0'
[END]
XT01-06-PL-01-07-05-SF-00
[MAP]
0'0'0'0'1 1 1 1 
2 1 1 0'1 1 1 2 
2 2 1 1 1 2 1 1 
2 1 2 1 1 1 1 1 
2 1 2 2 1 1 1 0'
2 1 1 1 1 1 1 1 
2 2 2 2 2 2 2 2 
2 2 2 2 2 2 2 0 
[END]
XT01-98-AM-46
XT01-05-PL-02-00-00-SF-00
XT01-PL-02-1620472413525
XT01-06-PL-02-00-00-SF-00
XT01-PL-01-1620472413628
[MAP]
2 0'0 0 1 1 1 1 
2 2 1 0'1 1 1 2 
2 2 2 1 1 2 1 1 
2 1 2 2 1 1 1 1 
2 1 2 2 2 1 1 0 
2 1 1 1 1 2 1 1 
2 2 2 2 2 2 2 2 
2 2 2 2 2 2 2 0'
[END]
XT01-06-PL-01-03-01-SF-00
[MAP]
2 0'0'0'1 1 1 1 
2 2 1 1 1 1 1 2 
2 2 1 1 1 2 1 1 
2 1 2 2 1 1 1 1 
2 1 2 2 2 1 1 0'
2 1 1 1 1 2 1 1 
2 2 2 2 2 2 2 2 
2 2 2 2 2 2 2 0 
[END]
XT01-98-AM-19
XT01-05-PL-02-01-00-SF-00
XT01-PL-02-1620472413733
XT01-06-PL-02-01-00-SF-00
XT01-PL-01-1620472413833
[MAP]
2 2 0'0 1 1 1 1 
2 2 2 1 1 1 1 2 
2 2 1 2 1 2 1 1 
2 1 2 2 2 1 1 1 
2 1 2 2 2 2 1 0 
2 1 1 1 1 2 2 1 
2 2 2 2 2 2 2 2 
2 2 2 2 2 2 2 0'
[END]
XT01-06-PL-01-02-00-SF-00
[MAP]
2 2 1 0'1 1 1 1 
2 2 1 1 1 1 1 2 
2 2 1 2 1 2 1 1 
2 1 2 2 2 1 1 1 
2 1 2 2 2 2 1 0'
2 1 1 1 1 2 2 1 
2 2 2 2 2 2 2 2 
2 2 2 2 2 2 2 0 
[END]
XT01-98-AM-6
XT01-05-PL-02-03-00-SF-00
XT01-PL-02-1620472413936
XT01-06-PL-02-03-00-SF-00
XT01-PL-01-1620472414039
[MAP]
2 2 2 2 1 1 1 1 
2 2 2 2 2 1 1 2 
2 2 1 2 1 2 1 1 
2 1 2 2 2 1 1 1 
2 1 2 2 2 2 1 0 
2 1 1 1 1 2 2 1 
2 2 2 2 2 2 2 2 
2 2 2 2 2 2 2 0'
[END]
XT01-06-PL-01-07-07-SF-00
[MAP]
2 2 2 2 1 1 1 1 
2 2 2 2 2 1 1 2 
2 2 1 2 1 2 1 1 
2 1 2 1 2 1 1 1 
2 1 2 2 1 2 1 0'
2 1 1 1 1 1 2 1 
2 2 2 2 2 2 1 1 
2 2 2 2 2 2 2 1 
[END]
XT01-05-PL-02-07-04-SF-00
XT01-PL-02-1620472414142
XT01-06-PL-02-07-04-SF-00
XT01-08
XT01-09
[MAP]
2 2 2 2 1 1 1 1 
2 2 2 2 2 1 1 2 
2 2 1 2 1 2 1 2 
2 1 2 1 2 1 2 2 
2 1 2 2 1 2 2 2 
2 1 1 1 1 1 2 1 
2 2 2 2 2 2 1 1 
2 2 2 2 2 2 2 1 
[END]