XT01-ALPHA-BETA-OFF
XT01-02-[50, 10, 52, 10, 48, 32, 48, 10, 51, 55, 32, 50, 57, 10, 48, 32, 48, 32, 48, 32, 48, 32, 48, 32, 48, 32, 48, 32, 48, 32, 48, 32, 48, 32, 48, 32, 48, 32, 48, 32, 48, 32, 48, 32, 48, 32, 48, 32, 48, 32, 48, 32, 48, 32, 48, 32, 48, 32, 48, 32, 48, 32, 48, 32, 48, 32, 48, 32, 48, 32, 48, 10, 48, 32, 48, 32, 48, 32, 48, 32, 48, 32, 48, 32, 48, 32, 48, 32, 48, 32, 48, 32, 48, 32, 48, 32, 45, 32, 48, 32, 48, 32, 48, 32, 48, 32, 48, 32, 48, 32, 48, 32, 45, 32, 48, 32, 48, 32, 48, 32, 48, 32, 48, 32, 48, 32, 48, 32, 48, 10, 48, 32, 48, 32, 48, 32, 48, 32, 48, 32, 48, 32, 48, 32, 48, 32, 48, 32, 48, 32, 48, 32, 48, 32, 45, 32, 48, 32, 48, 32, 48, 32, 48, 32, 48, 32, 48, 32, 45, 32, 45, 32, 48, 32, 48, 32, 48, 32, 48, 32, 48, 32, 48, 32, 48, 32, 48, 10, 48, 32, 48, 32, 48, 32, 48, 32, 48, 32, 48, 32, 48, 32, 48, 32, 48, 32, 48, 32, 48, 32, 48, 32, 45, 32, 48, 32, 48, 32, 48, 32, 48, 32, 48, 32, 45, 32, 48, 32, 48, 32, 45, 32, 48, 32, 48, 32, 48, 32, 48, 32, 48, 32, 48, 32, 48, 10, 48, 32, 48, 32, 48, 32, 48, 32, 48, 32, 48, 32, 48, 32, 48, 32, 48, 32, 45, 32, 45, 32, 45, 32, 45, 32, 45, 32, 48, 32, 48, 32, 45, 32, 45, 32, 48, 32, 48, 32, 45, 32, 45, 32, 48, 32, 48, 32, 48, 32, 48, 32, 48, 32, 48, 32, 48, 10, 48, 32, 48, 32, 48, 32, 48, 32, 48, 32, 48, 32, 48, 32, 48, 32, 45, 32, 48, 32, 48, 32, 48, 32, 45, 32, 48, 32, 45, 32, 45, 32, 48, 32, 48, 32, 48, 32, 45, 32, 48, 32, 45, 32, 48, 32, 48, 32, 48, 32, 48, 32, 48, 32, 48, 32, 48, 10, 48, 32, 48, 32, 48, 32, 48, 32, 48, 32, 48, 32, 48, 32, 45, 32, 48, 32, 48, 32, 48, 32, 45, 32, 48, 32, 48, 32, 48, 32, 45, 32, 48, 32, 45, 32, 45, 32, 48, 32, 48, 32, 48, 32, 45, 32, 48, 32, 48, 32, 48, 32, 48, 32, 48, 32, 48, 10, 48, 32, 48, 32, 48, 32, 48, 32, 48, 32, 48, 32, 48, 32, 45, 32, 48, 32, 48, 32, 48, 32, 48, 32, 48, 32, 48, 32, 48, 32, 45, 32, 45, 32, 48, 32, 48, 32, 48, 32, 48, 32, 45, 32, 48, 32, 45, 32, 48, 32, 48, 32, 48, 32, 48, 32, 48, 10, 48, 32, 48, 32, 48, 32, 48, 32, 48, 32, 48, 32, 45, 32, 45, 32, 48, 32, 48, 32, 48, 32, 49, 32, 50, 32, 48, 32, 48, 32, 45, 32, 48, 32, 48, 32, 48, 32, 48, 32, 45, 32, 48, 32, 48, 32, 45, 32, 48, 32, 48, 32, 48, 32, 48, 32, 48, 10, 48, 32, 48, 32, 48, 32, 48, 32, 48, 32, 45, 32, 48, 32, 45, 32, 48, 32, 48, 32, 48, 32, 50, 32, 49, 32, 48, 32, 48, 32, 45, 32, 48, 32, 48, 32, 45, 32, 45, 32, 48, 32, 48, 32, 48, 32, 45, 32, 48, 32, 48, 32, 48, 32, 48, 32, 48, 10, 48, 32, 48, 32, 48, 32, 48, 32, 48, 32, 45, 32, 48, 32, 48, 32, 45, 32, 48, 32, 48, 32, 48, 32, 48, 32, 48, 32, 45, 32, 48, 32, 45, 32, 45, 32, 48, 32, 48, 32, 48, 32, 48, 32, 48, 32, 45, 32, 45, 32, 45, 32, 48, 32, 48, 32, 48, 10, 48, 32, 48, 32, 48, 32, 48, 32, 48, 32, 45, 32, 48, 32, 48, 32, 48, 32, 45, 32, 45, 32, 45, 32, 45, 32, 45, 32, 48, 32, 45, 32, 48, 32, 48, 32, 48, 32, 48, 32, 48, 32, 48, 32, 48, 32, 45, 32, 48, 32, 45, 32, 48, 32, 48, 32, 48, 10, 48, 32, 48, 32, 48, 32, 45, 32, 45, 32, 45, 32, 48, 32, 48, 32, 48, 32, 48, 32, 48, 32, 48, 32, 48, 32, 48, 32, 45, 32, 45, 32, 45, 32, 48, 32, 48, 32, 48, 32, 48, 32, 48, 32, 48, 32, 45, 32, 48, 32, 45, 32, 48, 32, 48, 32, 48, 10, 48, 32, 48, 32, 45, 32, 48, 32, 48, 32, 48, 32, 45, 32, 48, 32, 48, 32, 48, 32, 48, 32, 48, 32, 48, 32, 48, 32, 48, 32, 48, 32, 48, 32, 45, 32, 45, 32, 45, 32, 48, 32, 48, 32, 45, 32, 48, 32, 45, 32, 45, 32, 48, 32, 48, 32, 48, 10, 48, 32, 45, 32, 48, 32, 48, 32, 48, 32, 48, 32, 48, 32, 45, 32, 48, 32, 48, 32, 48, 32, 48, 32, 48, 32, 48, 32, 48, 32, 48, 32, 48, 32, 48, 32, 48, 32, 48, 32, 45, 32, 45, 32, 45, 32, 45, 32, 48, 32, 48, 32, 45, 32, 48, 32, 48, 10, 48, 32, 45, 32, 48, 32, 48, 32, 49, 32, 50, 32, 48, 32, 48, 32, 48, 32, 48, 32, 48, 32, 48, 32, 48, 32, 48, 32, 48, 32, 48, 32, 48, 32, 48, 32, 48, 32, 48, 32, 45, 32, 48, 32, 48, 32, 48, 32, 48, 32, 48, 32, 48, 32, 45, 32, 48, 10, 48, 32, 45, 32, 48, 32, 48, 32, 50, 32, 49, 32, 48, 32, 48, 32, 48, 32, 48, 32, 48, 32, 48, 32, 48, 32, 48, 32, 48, 32, 48, 32, 48, 32, 48, 32, 48, 32, 45, 32, 48, 32, 48, 32, 48, 32, 49, 32, 50, 32, 48, 32, 48, 32, 45, 32, 48, 10, 48, 32, 45, 32, 48, 32, 48, 32, 48, 32, 48, 32, 48, 32, 48, 32, 48, 32, 48, 32, 48, 32, 48, 32, 48, 32, 48, 32, 48, 32, 48, 32, 48, 32, 48, 32, 48, 32, 48, 32, 48, 32, 48, 32, 48, 32, 50, 32, 49, 32, 48, 32, 48, 32, 45, 32, 48, 10, 48, 32, 48, 32, 45, 32, 48, 32, 48, 32, 48, 32, 48, 32, 48, 32, 48, 32, 48, 32, 48, 32, 48, 32, 48, 32, 48, 32, 48, 32, 48, 32, 48, 32, 48, 32, 48, 32, 48, 32, 48, 32, 48, 32, 48, 32, 48, 32, 48, 32, 48, 32, 48, 32, 45, 32, 48, 10, 48, 32, 48, 32, 48, 32, 45, 32, 45, 32, 45, 32, 45, 32, 48, 32, 48, 32, 48, 32, 48, 32, 48, 32, 48, 32, 49, 32, 50, 32, 48, 32, 48, 32, 48, 32, 48, 32, 48, 32, 48, 32, 48, 32, 48, 32, 48, 32, 48, 32, 48, 32, 45, 32, 48, 32, 48, 10, 48, 32, 48, 32, 45, 32, 48, 32, 48, 32, 48, 32, 48, 32, 45, 32, 48, 32, 48, 32, 48, 32, 48, 32, 48, 32, 50, 32, 49, 32, 48, 32, 48, 32, 48, 32, 48, 32, 48, 32, 48, 32, 48, 32, 45, 32, 45, 32, 45, 32, 45, 32, 48, 32, 48, 32, 48, 10, 48, 32, 45, 32, 48, 32, 48, 32, 48, 32, 48, 32, 48, 32, 48, 32, 45, 32, 48, 32, 48, 32, 48, 32, 48, 32, 48, 32, 48, 32, 48, 32, 48, 32, 48, 32, 48, 32, 48, 32, 48, 32, 45, 32, 48, 32, 48, 32, 48, 32, 48, 32, 45, 32, 48, 32, 48, 10, 48, 32, 45, 32, 48, 32, 48, 32, 49, 32, 50, 32, 48, 32, 48, 32, 48, 32, 48, 32, 48, 32, 48, 32, 48, 32, 48, 32, 48, 32, 48, 32, 48, 32, 48, 32, 48, 32, 48, 32, 45, 32, 48, 32, 48, 32, 49, 32, 50, 32, 48, 32, 48, 32, 45, 32, 48, 10, 48, 32, 45, 32, 48, 32, 48, 32, 50, 32, 49, 32, 48, 32, 48, 32, 48, 32, 48, 32, 48, 32, 48, 32, 48, 32, 48, 32, 48, 32, 48, 32, 48, 32, 48, 32, 48, 32, 48, 32, 48, 32, 48, 32, 48, 32, 50, 32, 49, 32, 48, 32, 48, 32, 45, 32, 48, 10, 48, 32, 45, 32, 48, 32, 48, 32, 48, 32, 48, 32, 48, 32, 48, 32, 48, 32, 48, 32, 48, 32, 48, 32, 48, 32, 48, 32, 48, 32, 48, 32, 48, 32, 48, 32, 48, 32, 48, 32, 48, 32, 48, 32, 48, 32, 48, 32, 48, 32, 48, 32, 48, 32, 45, 32, 48, 10, 48, 32, 48, 32, 45, 32, 48, 32, 48, 32, 48, 32, 48, 32, 48, 32, 48, 32, 48, 32, 48, 32, 48, 32, 48, 32, 48, 32, 48, 32, 48, 32, 48, 32, 48, 32, 48, 32, 48, 32, 48, 32, 48, 32, 48, 32, 48, 32, 48, 32, 48, 32, 45, 32, 48, 32, 48, 10, 48, 32, 48, 32, 48, 32, 45, 32, 45, 32, 45, 32, 45, 32, 48, 32, 45, 32, 45, 32, 48, 32, 48, 32, 48, 32, 45, 32, 45, 32, 48, 32, 48, 32, 48, 32, 45, 32, 45, 32, 48, 32, 45, 32, 45, 32, 45, 32, 45, 32, 45, 32, 48, 32, 48, 32, 48, 10, 48, 32, 48, 32, 48, 32, 45, 32, 48, 32, 48, 32, 48, 32, 45, 32, 48, 32, 48, 32, 45, 32, 48, 32, 45, 32, 48, 32, 48, 32, 45, 32, 48, 32, 45, 32, 48, 32, 48, 32, 45, 32, 48, 32, 48, 32, 48, 32, 45, 32, 48, 32, 48, 32, 48, 32, 48, 10, 48, 32, 48, 32, 48, 32, 45, 32, 48, 32, 48, 32, 48, 32, 45, 32, 48, 32, 48, 32, 48, 32, 45, 32, 48, 32, 48, 32, 48, 32, 48, 32, 45, 32, 48, 32, 48, 32, 48, 32, 45, 32, 48, 32, 48, 32, 48, 32, 45, 32, 48, 32, 48, 32, 48, 32, 48, 10, 48, 32, 48, 32, 48, 32, 45, 32, 48, 32, 48, 32, 48, 32, 45, 32, 48, 32, 48, 32, 48, 32, 45, 32, 48, 32, 48, 32, 48, 32, 48, 32, 45, 32, 48, 32, 48, 32, 48, 32, 45, 32, 48, 32, 48, 32, 48, 32, 45, 32, 48, 32, 48, 32, 48, 32, 48, 10, 48, 32, 48, 32, 48, 32, 48, 32, 45, 32, 48, 32, 48, 32, 45, 32, 48, 32, 48, 32, 48, 32, 45, 32, 48, 32, 48, 32, 48, 32, 48, 32, 45, 32, 48, 32, 48, 32, 48, 32, 45, 32, 48, 32, 48, 32, 45, 32, 48, 32, 48, 32, 48, 32, 48, 32, 48, 10, 48, 32, 48, 32, 48, 32, 48, 32, 45, 32, 48, 32, 48, 32, 48, 32, 45, 32, 48, 32, 48, 32, 48, 32, 45, 32, 48, 32, 48, 32, 45, 32, 48, 32, 48, 32, 48, 32, 45, 32, 48, 32, 48, 32, 48, 32, 45, 32, 48, 32, 48, 32, 48, 32, 48, 32, 48, 10, 48, 32, 48, 32, 48, 32, 48, 32, 48, 32, 45, 32, 48, 32, 48, 32, 48, 32, 45, 32, 48, 32, 48, 32, 45, 32, 48, 32, 48, 32, 45, 32, 48, 32, 48, 32, 45, 32, 48, 32, 48, 32, 48, 32, 45, 32, 48, 32, 48, 32, 48, 32, 48, 32, 48, 32, 48, 10, 48, 32, 48, 32, 48, 32, 48, 32, 48, 32, 48, 32, 45, 32, 48, 32, 48, 32, 45, 32, 48, 32, 48, 32, 45, 32, 48, 32, 48, 32, 45, 32, 48, 32, 48, 32, 45, 32, 48, 32, 48, 32, 45, 32, 48, 32, 48, 32, 48, 32, 48, 32, 48, 32, 48, 32, 48, 10, 48, 32, 48, 32, 48, 32, 48, 32, 48, 32, 48, 32, 45, 32, 48, 32, 48, 32, 45, 32, 48, 32, 48, 32, 45, 32, 48, 32, 48, 32, 45, 32, 48, 32, 48, 32, 45, 32, 48, 32, 48, 32, 45, 32, 48, 32, 48, 32, 48, 32, 48, 32, 48, 32, 48, 32, 48, 10, 48, 32, 48, 32, 48, 32, 48, 32, 48, 32, 48, 32, 48, 32, 45, 32, 45, 32, 45, 32, 45, 32, 45, 32, 45, 32, 45, 32, 45, 32, 45, 32, 45, 32, 45, 32, 45, 32, 45, 32, 45, 32, 48, 32, 48, 32, 48, 32, 48, 32, 48, 32, 48, 32, 48, 32, 48, 10, 48, 32, 48, 32, 48, 32, 48, 32, 48, 32, 48, 32, 48, 32, 48, 32, 48, 32, 48, 32, 48, 32, 48, 32, 48, 32, 48, 32, 48, 32, 48, 32, 48, 32, 48, 32, 48, 32, 48, 32, 48, 32, 48, 32, 48, 32, 48, 32, 48, 32, 48, 32, 48, 32, 48, 32, 48]
XT01-03-PL-02
XT01-PL-01-1621162312205
XT01-06-PL-01-11-10-SF-00
Analyzed Maps: 239079
XT01-98-AM-239079
XT01-05-PL-02-23-15-SF-00
XT01-PL-02-1621162355009
XT01-06-PL-02-23-15-SF-00
XT01-PL-01-1621162355862
XT01-06-PL-01-13-07-SF-00
Analyzed Maps: 101832
XT01-98-AM-101832
XT01-05-PL-02-24-18-SF-00
XT01-PL-02-1621162373760
XT01-06-PL-02-24-18-SF-00
XT01-PL-01-1621162375527
XT01-06-PL-01-03-23-SF-00
Analyzed Maps: 43566
XT01-98-AM-43566
XT01-05-PL-02-05-24-SF-00
XT01-PL-02-1621162383102
XT01-06-PL-02-05-24-SF-00
XT01-PL-01-1621162384967
XT01-06-PL-01-06-22-SF-00
Analyzed Maps: 74527
XT01-98-AM-74527
XT01-05-PL-02-02-23-SF-00
XT01-PL-02-1621162398334
XT01-06-PL-02-02-23-SF-00
XT01-PL-01-1621162398971
XT01-06-PL-01-05-25-SF-00
Analyzed Maps: 66877
XT01-98-AM-66877
XT01-05-PL-02-06-16-SF-00
XT01-PL-02-1621162410780
XT01-06-PL-02-06-16-SF-00
XT01-PL-01-1621162411884
XT01-06-PL-01-04-17-SF-00
Analyzed Maps: 81698
XT01-98-AM-81698
XT01-05-PL-02-03-14-SF-00
XT01-PL-02-1621162426201
XT01-06-PL-02-03-14-SF-00
XT01-PL-01-1621162426747
XT01-06-PL-01-04-14-SF-00
Analyzed Maps: 111451
XT01-98-AM-111451
XT01-05-PL-02-03-17-SF-00
XT01-PL-02-1621162446379
XT01-06-PL-02-03-17-SF-00
XT01-PL-01-1621162446867
XT01-06-PL-01-02-14-SF-00
Analyzed Maps: 91674
XT01-98-AM-91674
XT01-05-PL-02-04-18-SF-00
XT01-PL-02-1621162463014
XT01-06-PL-02-04-18-SF-00
XT01-PL-01-1621162463522
XT01-06-PL-01-02-24-SF-00
Analyzed Maps: 52735
XT01-98-AM-52735
XT01-05-PL-02-06-25-SF-00
XT01-PL-02-1621162473425
XT01-06-PL-02-06-25-SF-00
XT01-PL-01-1621162473939
XT01-06-PL-01-06-15-SF-00
Analyzed Maps: 82212
XT01-98-AM-82212
XT01-05-PL-02-04-13-SF-00
XT01-PL-02-1621162488450
XT01-06-PL-02-04-13-SF-00
XT01-PL-01-1621162488912
XT01-06-PL-01-06-17-SF-00
Analyzed Maps: 83695
XT01-98-AM-83695
XT01-05-PL-02-07-17-SF-00
XT01-PL-02-1621162503645
XT01-06-PL-02-07-17-SF-00
XT01-PL-01-1621162504880
XT01-06-PL-01-02-22-SF-00
Analyzed Maps: 102439
XT01-98-AM-102439
XT01-05-PL-02-04-25-SF-00
XT01-PL-02-1621162522998
XT01-06-PL-02-04-25-SF-00
XT01-PL-01-1621162523779
XT01-06-PL-01-03-18-SF-00
Analyzed Maps: 92658
XT01-98-AM-92658
XT01-05-PL-02-05-21-SF-00
XT01-PL-02-1621162540075
XT01-06-PL-02-05-21-SF-00
XT01-PL-01-1621162540817
XT01-06-PL-01-05-18-SF-00
Analyzed Maps: 151666
XT01-98-AM-151666
XT01-05-PL-02-01-25-SF-00
XT01-PL-02-1621162567440
XT01-06-PL-02-01-25-SF-00
XT01-PL-01-1621162568068
XT01-06-PL-01-04-24-SF-00
Analyzed Maps: 184029
XT01-98-AM-184029
XT01-05-PL-02-02-21-SF-00
XT01-PL-02-1621162600505
XT01-06-PL-02-02-21-SF-00
XT01-PL-01-1621162601468
XT01-06-PL-01-02-16-SF-00
Analyzed Maps: 154099
XT01-98-AM-154099
XT01-05-PL-02-02-15-SF-00
XT01-PL-02-1621162628392
XT01-06-PL-02-02-15-SF-00
XT01-PL-01-1621162629132
XT01-06-PL-01-00-26-SF-00
Analyzed Maps: 150903
XT01-98-AM-150903
XT01-05-PL-02-07-18-SF-00
XT01-PL-02-1621162655455
XT01-06-PL-02-07-18-SF-00
XT01-PL-01-1621162656533
XT01-06-PL-01-06-14-SF-00
Analyzed Maps: 143305
XT01-98-AM-143305
XT01-05-PL-02-25-23-SF-00
XT01-PL-02-1621162681815
XT01-06-PL-02-25-23-SF-00
XT01-PL-01-1621162682740
XT01-06-PL-01-13-21-SF-00
Analyzed Maps: 98847
XT01-98-AM-98847
XT01-05-PL-02-06-23-SF-00
XT01-PL-02-1621162700014
XT01-06-PL-02-06-23-SF-00
XT01-PL-01-1621162700825
XT01-06-PL-01-15-19-SF-00
Analyzed Maps: 44604
XT01-98-AM-44604
XT01-05-PL-02-23-21-SF-00
XT01-PL-02-1621162708691
XT01-06-PL-02-23-21-SF-00
XT01-PL-01-1621162709065
XT01-06-PL-01-06-24-SF-00
Analyzed Maps: 31555
XT01-98-AM-31555
XT01-05-PL-02-07-15-SF-00
XT01-PL-02-1621162714638
XT01-06-PL-02-07-15-SF-00
XT01-PL-01-1621162714905
XT01-06-PL-01-06-18-SF-00
Analyzed Maps: 55941
XT01-98-AM-55941
XT01-05-PL-02-02-17-SF-00
XT01-PL-02-1621162724627
XT01-06-PL-02-02-17-SF-00
XT01-PL-01-1621162725018
XT01-06-PL-01-03-15-SF-00
Analyzed Maps: 52332
XT01-98-AM-52332
XT01-05-PL-02-05-14-SF-00
XT01-PL-02-1621162734230
XT01-06-PL-02-05-14-SF-00
XT01-PL-01-1621162734582
XT01-06-PL-01-05-20-SF-00
Analyzed Maps: 28693
XT01-98-AM-28693
XT01-05-PL-02-07-25-SF-00
XT01-PL-02-1621162740177
XT01-06-PL-02-07-25-SF-00
XT01-PL-01-1621162740770
XT01-06-PL-01-07-24-SF-00
Analyzed Maps: 39583
XT01-98-AM-39583
XT01-05-PL-02-06-21-SF-00
XT01-PL-02-1621162747750
XT01-06-PL-02-06-21-SF-00
XT01-PL-01-1621162748140
XT01-06-PL-01-07-26-SF-00
Analyzed Maps: 53336
XT01-98-AM-53336
XT01-05-PL-02-03-16-SF-00
XT01-PL-02-1621162758149
XT01-06-PL-02-03-16-SF-00
XT01-PL-01-1621162758828
XT01-06-PL-01-05-17-SF-00
Analyzed Maps: 38057
XT01-98-AM-38057
XT01-05-PL-02-08-25-SF-00
XT01-PL-02-1621162767800
XT01-06-PL-02-08-25-SF-00
XT01-PL-01-1621162768138
XT01-06-PL-01-07-23-SF-00
Analyzed Maps: 56912
XT01-98-AM-56912
XT01-05-PL-02-07-22-SF-00
XT01-PL-02-1621162778956
XT01-06-PL-02-07-22-SF-00
XT01-PL-01-1621162779425
XT01-06-PL-01-03-25-SF-00
Analyzed Maps: 55263
XT01-98-AM-55263
XT01-05-PL-02-06-20-SF-00
XT01-PL-02-1621162789945
XT01-06-PL-02-06-20-SF-00
XT01-PL-01-1621162790462
XT01-06-PL-01-07-21-SF-00
Analyzed Maps: 36839
XT01-98-AM-36839
XT01-05-PL-02-02-19-SF-00
XT01-PL-02-1621162797470
XT01-06-PL-02-02-19-SF-00
XT01-PL-01-1621162797982
XT01-06-PL-01-09-25-SF-00
Analyzed Maps: 25957
XT01-98-AM-25957
XT01-05-PL-02-04-20-SF-00
XT01-PL-02-1621162802970
XT01-06-PL-02-04-20-SF-00
XT01-PL-01-1621162803408
XT01-06-PL-01-03-21-SF-00
Analyzed Maps: 18971
XT01-98-AM-18971
XT01-05-PL-02-03-24-SF-00
XT01-PL-02-1621162807049
XT01-06-PL-02-03-24-SF-00
XT01-PL-01-1621162807328
XT01-06-PL-01-04-21-SF-00
Analyzed Maps: 18617
XT01-98-AM-18617
XT01-05-PL-02-07-16-SF-00
XT01-PL-02-1621162811015
XT01-06-PL-02-07-16-SF-00
XT01-PL-01-1621162811239
XT01-06-PL-01-05-13-SF-00
Analyzed Maps: 16455
XT01-98-AM-16455
XT01-05-PL-02-03-13-SF-00
XT01-PL-02-1621162814374
XT01-06-PL-02-03-13-SF-00
XT01-PL-01-1621162814694
XT01-06-PL-01-07-19-SF-00
Analyzed Maps: 15607
XT01-98-AM-15607
XT01-05-PL-02-03-22-SF-00
XT01-PL-02-1621162817687
XT01-06-PL-02-03-22-SF-00
XT01-PL-01-1621162817939
XT01-06-PL-01-03-20-SF-00
Analyzed Maps: 11358
XT01-98-AM-11358
XT01-05-PL-02-08-18-SF-00
XT01-PL-02-1621162820108
XT01-06-PL-02-08-18-SF-00
XT01-PL-01-1621162820403
XT01-06-PL-01-09-17-SF-00
Analyzed Maps: 12618
XT01-98-AM-12618
XT01-05-PL-02-09-19-SF-00
XT01-PL-02-1621162822847
XT01-06-PL-02-09-19-SF-00
XT01-PL-01-1621162823099
XT01-06-PL-01-08-14-SF-00
Analyzed Maps: 15670
XT01-98-AM-15670
XT01-05-PL-02-08-20-SF-00
XT01-PL-02-1621162826081
XT01-06-PL-02-08-20-SF-00
XT01-PL-01-1621162826359
XT01-06-PL-01-10-18-SF-00
Analyzed Maps: 11159
XT01-98-AM-11159
XT01-05-PL-02-08-23-SF-00
XT01-PL-02-1621162828533
XT01-06-PL-02-08-23-SF-00
XT01-PL-01-1621162828832
XT01-06-PL-01-01-20-SF-00
Analyzed Maps: 22733
XT01-98-AM-22733
XT01-05-PL-02-08-24-SF-00
XT01-PL-02-1621162833146
XT01-06-PL-02-08-24-SF-00
XT01-PL-01-1621162833511
XT01-06-PL-01-01-18-SF-00
Analyzed Maps: 17835
XT01-98-AM-17835
XT01-05-PL-02-00-21-SF-00
XT01-PL-02-1621162836884
XT01-06-PL-02-00-21-SF-00
XT01-PL-01-1621162837188
XT01-06-PL-01-00-19-SF-00
Analyzed Maps: 15018
XT01-98-AM-15018
XT01-05-PL-02-08-15-SF-00
XT01-PL-02-1621162840043
XT01-06-PL-02-08-15-SF-00
XT01-PL-01-1621162840425
XT01-06-PL-01-08-22-SF-00
Analyzed Maps: 14992
XT01-98-AM-14992
XT01-05-PL-02-00-17-SF-00
XT01-PL-02-1621162843258
XT01-06-PL-02-00-17-SF-00
XT01-PL-01-1621162843586
XT01-06-PL-01-08-19-SF-00
Analyzed Maps: 13403
XT01-98-AM-13403
XT01-05-PL-02-09-22-SF-00
XT01-PL-02-1621162846104
XT01-06-PL-02-09-22-SF-00
XT01-PL-01-1621162846498
XT01-06-PL-01-09-24-SF-00
Analyzed Maps: 26988
XT01-98-AM-26988
XT01-05-PL-02-09-23-SF-00
XT01-PL-02-1621162851524
XT01-06-PL-02-09-23-SF-00
XT01-PL-01-1621162851911
XT01-06-PL-01-10-23-SF-00
Analyzed Maps: 27195
XT01-98-AM-27195
XT01-05-PL-02-09-20-SF-00
XT01-PL-02-1621162856947
XT01-06-PL-02-09-20-SF-00
XT01-PL-01-1621162857412
XT01-06-PL-01-10-21-SF-00
Analyzed Maps: 24741
XT01-98-AM-24741
XT01-05-PL-02-11-23-SF-00
XT01-PL-02-1621162862006
XT01-06-PL-02-11-23-SF-00
XT01-PL-01-1621162862440
XT01-06-PL-01-10-24-SF-00
Analyzed Maps: 49662
XT01-98-AM-49662
XT01-05-PL-02-11-22-SF-00
XT01-PL-02-1621162871608
XT01-06-PL-02-11-22-SF-00
XT01-PL-01-1621162872273
XT01-06-PL-01-11-24-SF-00
Analyzed Maps: 69535
XT01-98-AM-69535
XT01-05-PL-02-10-22-SF-00
XT01-PL-02-1621162885141
XT01-06-PL-02-10-22-SF-00
XT01-PL-01-1621162885685
XT01-06-PL-01-09-15-SF-00
Analyzed Maps: 47233
XT01-98-AM-47233
XT01-05-PL-02-12-25-SF-00
XT01-PL-02-1621162894433
XT01-06-PL-02-12-25-SF-00
XT01-PL-01-1621162894846
XT01-06-PL-01-11-20-SF-00
Analyzed Maps: 39620
XT01-98-AM-39620
XT01-05-PL-02-06-27-SF-00
XT01-PL-02-1621162902224
XT01-06-PL-02-06-27-SF-00
XT01-PL-01-1621162902532
XT01-06-PL-01-10-25-SF-00
Analyzed Maps: 39090
XT01-98-AM-39090
XT01-05-PL-02-11-26-SF-00
XT01-PL-02-1621162909849
XT01-06-PL-02-11-26-SF-00
XT01-PL-01-1621162910370
XT01-06-PL-01-08-27-SF-00
Analyzed Maps: 53052
XT01-98-AM-53052
XT01-05-PL-02-09-21-SF-00
XT01-PL-02-1621162920262
XT01-06-PL-02-09-21-SF-00
XT01-PL-01-1621162920826
XT01-06-PL-01-11-21-SF-00
Analyzed Maps: 54526
XT01-98-AM-54526
XT01-05-PL-02-10-20-SF-00
XT01-PL-02-1621162930926
XT01-06-PL-02-10-20-SF-00
XT01-PL-01-1621162931533
XT01-06-PL-01-12-23-SF-00
Analyzed Maps: 61184
XT01-98-AM-61184
XT01-05-PL-02-10-15-SF-00
XT01-PL-02-1621162942753
XT01-06-PL-02-10-15-SF-00
XT01-PL-01-1621162943421
XT01-06-PL-01-11-19-SF-00
Analyzed Maps: 76561
XT01-98-AM-76561
XT01-05-PL-02-10-19-SF-00
XT01-PL-02-1621162957646
XT01-06-PL-02-10-19-SF-00
XT01-PL-01-1621162958535
XT01-06-PL-01-12-24-SF-00
Analyzed Maps: 83967
XT01-98-AM-83967
XT01-05-PL-02-12-20-SF-00
XT01-PL-02-1621162973858
XT01-06-PL-02-12-20-SF-00
XT01-PL-01-1621162974742
XT01-06-PL-01-09-14-SF-00
Analyzed Maps: 211199
XT01-98-AM-211199
XT01-05-PL-02-02-26-SF-00
XT01-PL-02-1621163014038
XT01-06-PL-02-02-26-SF-00
XT01-PL-01-1621163015208
XT01-06-PL-01-11-25-SF-00
Analyzed Maps: 205164
XT01-98-AM-205164
XT01-05-PL-02-13-25-SF-00
XT01-PL-02-1621163052723
XT01-06-PL-02-13-25-SF-00
XT01-PL-01-1621163054236
XT01-06-PL-01-12-26-SF-00
Analyzed Maps: 218576
XT01-98-AM-218576
XT01-05-PL-02-00-24-SF-00
XT01-PL-02-1621163094117
XT01-06-PL-02-00-24-SF-00
XT01-PL-01-1621163095826
XT01-06-PL-01-05-28-SF-00
Analyzed Maps: 198230
XT01-98-AM-198230
XT01-05-PL-02-11-27-SF-00
XT01-PL-02-1621163132123
XT01-06-PL-02-11-27-SF-00
XT01-PL-01-1621163132688
XT01-06-PL-01-13-27-SF-00
Analyzed Maps: 189864
XT01-98-AM-189864
XT01-05-PL-02-10-26-SF-00
XT01-PL-02-1621163167488
XT01-06-PL-02-10-26-SF-00
XT01-PL-01-1621163168717
XT01-06-PL-01-09-27-SF-00
Analyzed Maps: 203172
XT01-98-AM-203172
XT01-05-PL-02-06-12-SF-00
XT01-PL-02-1621163205817
XT01-06-PL-02-06-12-SF-00
XT01-PL-01-1621163207099
XT01-06-PL-01-09-16-SF-00
Analyzed Maps: 176130
XT01-98-AM-176130
XT01-05-PL-02-12-19-SF-00
XT01-PL-02-1621163239292
XT01-06-PL-02-12-19-SF-00
XT01-PL-01-1621163239917
XT01-06-PL-01-13-18-SF-00
Analyzed Maps: 169319
XT01-98-AM-169319
XT01-05-PL-02-08-16-SF-00
XT01-PL-02-1621163270796
XT01-06-PL-02-08-16-SF-00
XT01-PL-01-1621163271845
XT01-06-PL-01-12-21-SF-00
Analyzed Maps: 153573
XT01-98-AM-153573
XT01-05-PL-02-14-18-SF-00
XT01-PL-02-1621163299798
XT01-06-PL-02-14-18-SF-00
XT01-PL-01-1621163300802
XT01-06-PL-01-12-18-SF-00
Analyzed Maps: 271815
XT01-98-AM-271815
XT01-05-PL-02-13-24-SF-00
XT01-PL-02-1621163350239
XT01-06-PL-02-13-24-SF-00
XT01-PL-01-1621163351033
XT01-06-PL-01-14-24-SF-00
Analyzed Maps: 281552
XT01-98-AM-281552
XT01-05-PL-02-15-23-SF-00
XT01-PL-02-1621163402168
XT01-06-PL-02-15-23-SF-00
XT01-PL-01-1621163402703
XT01-06-PL-01-08-17-SF-00
Analyzed Maps: 249481
XT01-98-AM-249481
XT01-05-PL-02-09-18-SF-00
XT01-PL-02-1621163448127
XT01-06-PL-02-09-18-SF-00
XT01-PL-01-1621163448805
XT01-06-PL-01-02-12-SF-00
Analyzed Maps: 266551
XT01-98-AM-266551
XT01-05-PL-02-10-16-SF-00
XT01-PL-02-1621163497099
XT01-06-PL-02-10-16-SF-00
XT01-PL-01-1621163497843
XT01-06-PL-01-07-11-SF-00
Analyzed Maps: 213535
XT01-98-AM-213535
XT01-05-PL-02-11-18-SF-00
XT01-PL-02-1621163536519
XT01-06-PL-02-11-18-SF-00
XT01-PL-01-1621163537357
XT01-06-PL-01-10-17-SF-00
Analyzed Maps: 211363
XT01-98-AM-211363
XT01-05-PL-02-11-17-SF-00
XT01-PL-02-1621163575418
XT01-06-PL-02-11-17-SF-00
XT01-PL-01-1621163576398
XT01-06-PL-01-12-17-SF-00
Analyzed Maps: 214678
XT01-98-AM-214678
XT01-05-PL-02-04-29-SF-00
XT01-PL-02-1621163615317
XT01-06-PL-02-04-29-SF-00
XT01-PL-01-1621163616522
XT01-06-PL-01-03-30-SF-00
Analyzed Maps: 214559
XT01-98-AM-214559
XT01-05-PL-02-02-31-SF-00
XT01-PL-02-1621163654724
XT01-06-PL-02-02-31-SF-00
XT01-PL-01-1621163655639
XT01-06-PL-01-01-32-SF-00
Analyzed Maps: 187993
XT01-98-AM-187993
XT01-05-PL-02-12-22-SF-00
XT01-PL-02-1621163689525
XT01-06-PL-02-12-22-SF-00
XT01-PL-01-1621163690496
XT01-06-PL-01-13-22-SF-00
Analyzed Maps: 137336
XT01-98-AM-137336
XT01-05-PL-02-14-23-SF-00
XT01-PL-02-1621163715175
XT01-06-PL-02-14-23-SF-00
XT01-PL-01-1621163715883
XT01-06-PL-01-14-25-SF-00
Analyzed Maps: 236813
XT01-98-AM-236813
XT01-05-PL-02-00-33-SF-00
XT01-PL-02-1621163758449
XT01-06-PL-02-00-33-SF-00
XT01-PL-01-1621163759403
XT01-06-PL-01-01-27-SF-00
Analyzed Maps: 212254
XT01-98-AM-212254
XT01-05-PL-02-00-28-SF-00
XT01-PL-02-1621163797815
XT01-06-PL-02-00-28-SF-00
XT01-PL-01-1621163798723
XT01-06-PL-01-15-24-SF-00
Analyzed Maps: 231011
XT01-98-AM-231011
XT01-05-PL-02-13-23-SF-00
XT01-PL-02-1621163840019
XT01-06-PL-02-13-23-SF-00
XT01-PL-01-1621163841115
XT01-06-PL-01-14-21-SF-00
Analyzed Maps: 200426
XT01-98-AM-200426
XT01-05-PL-02-10-14-SF-00
XT01-PL-02-1621163877070
XT01-06-PL-02-10-14-SF-00
XT01-PL-01-1621163878100
XT01-06-PL-01-02-28-SF-00
Analyzed Maps: 189348
XT01-98-AM-189348
XT01-05-PL-02-14-17-SF-00
XT01-PL-02-1621163912095
XT01-06-PL-02-14-17-SF-00
XT01-PL-01-1621163912901
XT01-06-PL-01-15-16-SF-00
Analyzed Maps: 174392
XT01-98-AM-174392
XT01-05-PL-02-09-28-SF-00
XT01-PL-02-1621163944356
XT01-06-PL-02-09-28-SF-00
XT01-PL-01-1621163944901
XT01-06-PL-01-14-22-SF-00
Analyzed Maps: 179703
XT01-98-AM-179703
XT01-05-PL-02-15-22-SF-00
XT01-PL-02-1621163977603
XT01-06-PL-02-15-22-SF-00
XT01-PL-01-1621163978209
XT01-06-PL-01-16-24-SF-00
Analyzed Maps: 190623
XT01-98-AM-190623
XT01-05-PL-02-17-25-SF-00
XT01-PL-02-1621164011894
XT01-06-PL-02-17-25-SF-00
XT01-PL-01-1621164012454
XT01-06-PL-01-16-22-SF-00
Analyzed Maps: 163092
XT01-98-AM-163092
XT01-05-PL-02-17-22-SF-00
XT01-PL-02-1621164040040
XT01-06-PL-02-17-22-SF-00
XT01-PL-01-1621164040721
XT01-06-PL-01-15-21-SF-00
Analyzed Maps: 191456
XT01-98-AM-191456
XT01-05-PL-02-16-20-SF-00
XT01-PL-02-1621164074449
XT01-06-PL-02-16-20-SF-00
XT01-PL-01-1621164074891
XT01-06-PL-01-17-19-SF-00
Analyzed Maps: 190751
XT01-98-AM-190751
XT01-05-PL-02-17-21-SF-00
XT01-PL-02-1621164109414
XT01-06-PL-02-17-21-SF-00
XT01-PL-01-1621164109891
XT01-06-PL-01-10-29-SF-00
Analyzed Maps: 167482
XT01-98-AM-167482
XT01-05-PL-02-08-28-SF-00
XT01-PL-02-1621164138415
XT01-06-PL-02-08-28-SF-00
XT01-PL-01-1621164139433
XT01-06-PL-01-08-29-SF-00
Analyzed Maps: 189822
XT01-98-AM-189822
XT01-05-PL-02-15-18-SF-00
XT01-PL-02-1621164171155
XT01-06-PL-02-15-18-SF-00
XT01-PL-01-1621164171952
XT01-06-PL-01-11-13-SF-00
Analyzed Maps: 152156
XT01-98-AM-152156
XT01-05-PL-02-10-13-SF-00
XT01-PL-02-1621164200132
XT01-06-PL-02-10-13-SF-00
XT01-PL-01-1621164201063
XT01-06-PL-01-15-20-SF-00
Analyzed Maps: 191147
XT01-98-AM-191147
XT01-05-PL-02-08-13-SF-00
XT01-PL-02-1621164232548
XT01-06-PL-02-08-13-SF-00
XT01-PL-01-1621164233277
XT01-06-PL-01-17-24-SF-00
Analyzed Maps: 227060
XT01-98-AM-227060
XT01-05-PL-02-07-13-SF-00
XT01-PL-02-1621164273062
XT01-06-PL-02-07-13-SF-00
XT01-PL-01-1621164273846
XT01-06-PL-01-17-26-SF-00
Analyzed Maps: 167103
XT01-98-AM-167103
XT01-05-PL-02-16-19-SF-00
XT01-PL-02-1621164301317
XT01-06-PL-02-16-19-SF-00
XT01-PL-01-1621164302038
XT01-06-PL-01-11-16-SF-00
Analyzed Maps: 197307
XT01-98-AM-197307
XT01-05-PL-02-16-23-SF-00
XT01-PL-02-1621164334615
XT01-06-PL-02-16-23-SF-00
XT01-PL-01-1621164335217
XT01-06-PL-01-17-23-SF-00
Analyzed Maps: 221165
XT01-98-AM-221165
XT01-05-PL-02-16-21-SF-00
XT01-PL-02-1621164372185
XT01-06-PL-02-16-21-SF-00
XT01-PL-01-1621164372930
XT01-06-PL-01-11-12-SF-00
Analyzed Maps: 182910
XT01-98-AM-182910
XT01-05-PL-02-16-25-SF-00
XT01-PL-02-1621164403730
XT01-06-PL-02-16-25-SF-00
XT01-PL-01-1621164404498
XT01-06-PL-01-18-21-SF-00
Analyzed Maps: 212354
XT01-98-AM-212354
XT01-05-PL-02-17-20-SF-00
XT01-PL-02-1621164439585
XT01-06-PL-02-17-20-SF-00
XT01-PL-01-1621164440229
XT01-06-PL-01-18-20-SF-00
Analyzed Maps: 237325
XT01-98-AM-237325
XT01-05-PL-02-10-12-SF-00
XT01-PL-02-1621164479859
XT01-06-PL-02-10-12-SF-00
XT01-PL-01-1621164480833
XT01-06-PL-01-09-13-SF-00
Analyzed Maps: 261382
XT01-98-AM-261382
XT01-05-PL-02-09-12-SF-00
XT01-PL-02-1621164523902
XT01-06-PL-02-09-12-SF-00
XT01-PL-01-1621164524393
XT01-06-PL-01-11-14-SF-00
Analyzed Maps: 213450
XT01-98-AM-213450
XT01-05-PL-02-15-25-SF-00
XT01-PL-02-1621164559387
XT01-06-PL-02-15-25-SF-00
XT01-PL-01-1621164559903
XT01-06-PL-01-16-26-SF-00
Analyzed Maps: 178367
XT01-98-AM-178367
XT01-05-PL-02-12-12-SF-00
XT01-PL-02-1621164588767
XT01-06-PL-02-12-12-SF-00
XT01-PL-01-1621164589455
XT01-06-PL-01-08-12-SF-00
Analyzed Maps: 195365
XT01-98-AM-195365
XT01-05-PL-02-13-17-SF-00
XT01-PL-02-1621164620983
XT01-06-PL-02-13-17-SF-00
XT01-PL-01-1621164621624
XT01-06-PL-01-13-12-SF-00
Analyzed Maps: 211394
XT01-98-AM-211394
XT01-05-PL-02-12-16-SF-00
XT01-PL-02-1621164656056
XT01-06-PL-02-12-16-SF-00
XT01-PL-01-1621164656872
XT01-06-PL-01-15-26-SF-00
Analyzed Maps: 177803
XT01-98-AM-177803
XT01-05-PL-02-16-27-SF-00
XT01-PL-02-1621164685626
XT01-06-PL-02-16-27-SF-00
XT01-PL-01-1621164686391
XT01-06-PL-01-13-15-SF-00
Analyzed Maps: 222309
XT01-98-AM-222309
XT01-05-PL-02-15-17-SF-00
XT01-PL-02-1621164722736
XT01-06-PL-02-15-17-SF-00
XT01-PL-01-1621164723632
XT01-06-PL-01-14-16-SF-00
Analyzed Maps: 211286
XT01-98-AM-211286
XT01-05-PL-02-07-12-SF-00
XT01-PL-02-1621164757298
XT01-06-PL-02-07-12-SF-00
XT01-PL-01-1621164757869
XT01-06-PL-01-12-15-SF-00
Analyzed Maps: 199690
XT01-98-AM-199690
XT01-05-PL-02-14-14-SF-00
XT01-PL-02-1621164789479
XT01-06-PL-02-14-14-SF-00
XT01-PL-01-1621164790032
XT01-06-PL-01-06-11-SF-00
Analyzed Maps: 173437
XT01-98-AM-173437
XT01-05-PL-02-11-15-SF-00
XT01-PL-02-1621164818115
XT01-06-PL-02-11-15-SF-00
XT01-PL-01-1621164818485
XT01-06-PL-01-13-16-SF-00
Analyzed Maps: 159750
XT01-98-AM-159750
XT01-05-PL-02-14-15-SF-00
XT01-PL-02-1621164843636
XT01-06-PL-02-14-15-SF-00
XT01-PL-01-1621164844079
XT01-06-PL-01-14-13-SF-00
Analyzed Maps: 141946
XT01-98-AM-141946
XT01-05-PL-02-12-13-SF-00
XT01-PL-02-1621164865975
XT01-06-PL-02-12-13-SF-00
XT01-PL-01-1621164866396
XT01-06-PL-01-13-13-SF-00
Analyzed Maps: 125796
XT01-98-AM-125796
XT01-05-PL-02-12-14-SF-00
XT01-PL-02-1621164886406
XT01-06-PL-02-12-14-SF-00
XT01-PL-01-1621164886802
XT01-06-PL-01-14-27-SF-00
Analyzed Maps: 93575
XT01-98-AM-93575
XT01-05-PL-02-14-11-SF-00
XT01-PL-02-1621164901449
XT01-06-PL-02-14-11-SF-00
XT01-PL-01-1621164901803
XT01-06-PL-01-15-10-SF-00
Analyzed Maps: 92858
XT01-98-AM-92858
XT01-05-PL-02-16-09-SF-00
XT01-PL-02-1621164918013
XT01-06-PL-02-16-09-SF-00
XT01-PL-01-1621164918364
XT01-06-PL-01-13-14-SF-00
Analyzed Maps: 86906
XT01-98-AM-86906
XT01-05-PL-02-08-11-SF-00
XT01-PL-02-1621164934844
XT01-06-PL-02-08-11-SF-00
XT01-PL-01-1621164935731
XT01-06-PL-01-17-18-SF-00
Analyzed Maps: 101762
XT01-98-AM-101762
XT01-05-PL-02-16-18-SF-00
XT01-PL-02-1621164952967
XT01-06-PL-02-16-18-SF-00
XT01-PL-01-1621164953412
XT01-06-PL-01-16-17-SF-00
Analyzed Maps: 70055
XT01-98-AM-70055
XT01-05-PL-02-16-16-SF-00
XT01-PL-02-1621164965455
XT01-06-PL-02-16-16-SF-00
XT01-PL-01-1621164966074
XT01-06-PL-01-17-17-SF-00
Analyzed Maps: 120403
XT01-98-AM-120403
XT01-05-PL-02-15-15-SF-00
XT01-PL-02-1621164986063
XT01-06-PL-02-15-15-SF-00
XT01-PL-01-1621164986628
XT01-06-PL-01-10-28-SF-00
Analyzed Maps: 106233
XT01-98-AM-106233
XT01-05-PL-02-12-28-SF-00
XT01-PL-02-1621165003212
XT01-06-PL-02-12-28-SF-00
XT01-PL-01-1621165003774
XT01-06-PL-01-17-16-SF-00
Analyzed Maps: 103144
XT01-98-AM-103144
XT01-05-PL-02-16-15-SF-00
XT01-PL-02-1621165019723
XT01-06-PL-02-16-15-SF-00
XT01-PL-01-1621165020171
XT01-06-PL-01-17-14-SF-00
Analyzed Maps: 100464
XT01-98-AM-100464
XT01-05-PL-02-15-14-SF-00
XT01-PL-02-1621165035602
XT01-06-PL-02-15-14-SF-00
XT01-PL-01-1621165036029
XT01-06-PL-01-07-10-SF-00
Analyzed Maps: 82216
XT01-98-AM-82216
XT01-05-PL-02-06-10-SF-00
XT01-PL-02-1621165048640
XT01-06-PL-02-06-10-SF-00
XT01-PL-01-1621165049077
XT01-06-PL-01-06-09-SF-00
Analyzed Maps: 76692
XT01-98-AM-76692
XT01-05-PL-02-09-29-SF-00
XT01-PL-02-1621165060819
XT01-06-PL-02-09-29-SF-00
XT01-PL-01-1621165061331
XT01-06-PL-01-08-30-SF-00
Analyzed Maps: 82735
XT01-98-AM-82735
XT01-05-PL-02-16-14-SF-00
XT01-PL-02-1621165073910
XT01-06-PL-02-16-14-SF-00
XT01-PL-01-1621165074179
XT01-06-PL-01-17-15-SF-00
Analyzed Maps: 59278
XT01-98-AM-59278
XT01-05-PL-02-13-28-SF-00
XT01-PL-02-1621165083120
XT01-06-PL-02-13-28-SF-00
XT01-PL-01-1621165083522
XT01-06-PL-01-12-29-SF-00
Analyzed Maps: 57860
XT01-98-AM-57860
XT01-05-PL-02-12-30-SF-00
XT01-PL-02-1621165092233
XT01-06-PL-02-12-30-SF-00
XT01-PL-01-1621165092622
XT01-06-PL-01-13-29-SF-00
Analyzed Maps: 64082
XT01-98-AM-64082
XT01-05-PL-02-14-30-SF-00
XT01-PL-02-1621165102269
XT01-06-PL-02-14-30-SF-00
XT01-PL-01-1621165102622
XT01-06-PL-01-17-28-SF-00
Analyzed Maps: 42516
XT01-98-AM-42516
XT01-05-PL-02-18-29-SF-00
XT01-PL-02-1621165109131
XT01-06-PL-02-18-29-SF-00
XT01-PL-01-1621165109573
XT01-06-PL-01-15-28-SF-00
Analyzed Maps: 48781
XT01-98-AM-48781
XT01-05-PL-02-07-31-SF-00
XT01-PL-02-1621165116982
XT01-06-PL-02-07-31-SF-00
XT01-PL-01-1621165117494
XT01-06-PL-01-06-32-SF-00
Analyzed Maps: 48670
XT01-98-AM-48670
XT01-05-PL-02-18-14-SF-00
XT01-PL-02-1621165124912
XT01-06-PL-02-18-14-SF-00
XT01-PL-01-1621165125315
XT01-06-PL-01-19-30-SF-00
Analyzed Maps: 55257
XT01-98-AM-55257
XT01-05-PL-02-18-15-SF-00
XT01-PL-02-1621165133721
XT01-06-PL-02-18-15-SF-00
XT01-PL-01-1621165134005
XT01-06-PL-01-13-30-SF-00
Analyzed Maps: 83256
XT01-98-AM-83256
XT01-05-PL-02-14-29-SF-00
XT01-PL-02-1621165146901
XT01-06-PL-02-14-29-SF-00
XT01-PL-01-1621165147346
XT01-06-PL-01-15-30-SF-00
Analyzed Maps: 67358
XT01-98-AM-67358
XT01-05-PL-02-18-16-SF-00
XT01-PL-02-1621165157491
XT01-06-PL-02-18-16-SF-00
XT01-PL-01-1621165158095
XT01-06-PL-01-18-18-SF-00
Analyzed Maps: 60620
XT01-98-AM-60620
XT01-05-PL-02-05-08-SF-00
XT01-PL-02-1621165167312
XT01-06-PL-02-05-08-SF-00
XT01-PL-01-1621165167866
XT01-06-PL-01-04-07-SF-00
Analyzed Maps: 51047
XT01-98-AM-51047
XT01-05-PL-02-01-11-SF-00
XT01-PL-02-1621165179292
XT01-06-PL-02-01-11-SF-00
XT01-PL-01-1621165179658
XT01-06-PL-01-00-10-SF-00
Analyzed Maps: 47454
XT01-98-AM-47454
XT01-05-PL-02-01-13-SF-00
XT01-PL-02-1621165188970
XT01-06-PL-02-01-13-SF-00
XT01-PL-01-1621165189620
XT01-06-PL-01-00-12-SF-00
Analyzed Maps: 43439
XT01-98-AM-43439
XT01-05-PL-02-05-33-SF-00
XT01-PL-02-1621165196547
XT01-06-PL-02-05-33-SF-00
XT01-PL-01-1621165196846
XT01-06-PL-01-04-34-SF-00
Analyzed Maps: 38418
XT01-98-AM-38418
XT01-05-PL-02-13-31-SF-00
XT01-PL-02-1621165203051
XT01-06-PL-02-13-31-SF-00
XT01-PL-01-1621165203479
XT01-06-PL-01-13-32-SF-00
Analyzed Maps: 43366
XT01-98-AM-43366
XT01-05-PL-02-14-32-SF-00
XT01-PL-02-1621165210377
XT01-06-PL-02-14-32-SF-00
XT01-PL-01-1621165210830
XT01-06-PL-01-11-31-SF-00
Analyzed Maps: 37686
XT01-98-AM-37686
XT01-05-PL-02-14-31-SF-00
XT01-PL-02-1621165219478
XT01-06-PL-02-14-31-SF-00
XT01-PL-01-1621165220049
XT01-06-PL-01-18-17-SF-00
Analyzed Maps: 33500
XT01-98-AM-33500
XT01-05-PL-02-20-31-SF-00
XT01-PL-02-1621165226702
XT01-06-PL-02-20-31-SF-00
XT01-PL-01-1621165227080
XT01-06-PL-01-14-33-SF-00
Analyzed Maps: 30740
XT01-98-AM-30740
XT01-05-PL-02-14-28-SF-00
XT01-PL-02-1621165234040
XT01-06-PL-02-14-28-SF-00
XT01-PL-01-1621165234221
XT01-06-PL-01-15-29-SF-00
Analyzed Maps: 27268
XT01-98-AM-27268
XT01-05-PL-02-16-31-SF-00
XT01-PL-02-1621165238688
XT01-06-PL-02-16-31-SF-00
XT01-PL-01-1621165238940
XT01-06-PL-01-21-32-SF-00
Analyzed Maps: 24833
XT01-98-AM-24833
XT01-05-PL-02-14-34-SF-00
XT01-PL-02-1621165242937
XT01-06-PL-02-14-34-SF-00
XT01-PL-01-1621165243196
XT01-06-PL-01-19-15-SF-00
Analyzed Maps: 20762
XT01-98-AM-20762
XT01-05-PL-02-20-16-SF-00
XT01-PL-02-1621165246855
XT01-06-PL-02-20-16-SF-00
XT01-PL-01-1621165247046
XT01-06-PL-01-19-14-SF-00
Analyzed Maps: 16070
XT01-98-AM-16070
XT01-05-PL-02-15-13-SF-00
XT01-PL-02-1621165250974
XT01-06-PL-02-15-13-SF-00
XT01-PL-01-1621165251263
XT01-06-PL-01-16-13-SF-00
Analyzed Maps: 12850
XT01-98-AM-12850
XT01-05-PL-02-17-12-SF-00
XT01-PL-02-1621165253527
XT01-06-PL-02-17-12-SF-00
XT01-PL-01-1621165253748
XT01-06-PL-01-21-17-SF-00
Analyzed Maps: 11207
XT01-98-AM-11207
XT01-05-PL-02-20-13-SF-00
XT01-PL-02-1621165255642
XT01-06-PL-02-20-13-SF-00
XT01-PL-01-1621165255809
XT01-06-PL-01-21-12-SF-00
Analyzed Maps: 11010
XT01-98-AM-11010
XT01-05-PL-02-22-11-SF-00
XT01-PL-02-1621165257736
XT01-06-PL-02-22-11-SF-00
XT01-PL-01-1621165257838
XT01-06-PL-01-17-08-SF-00
Analyzed Maps: 9140
XT01-98-AM-9140
XT01-05-PL-02-18-07-SF-00
XT01-PL-02-1621165260071
XT01-06-PL-02-18-07-SF-00
XT01-PL-01-1621165260179
XT01-06-PL-01-02-22-SF-00
Analyzed Maps: 7646
XT01-98-AM-7646
XT01-05-PL-02-09-30-SF-00
XT01-PL-02-1621165261569
XT01-06-PL-02-09-30-SF-00
XT01-PL-01-1621165261743
XT01-06-PL-01-10-31-SF-00
Analyzed Maps: 11748
XT01-98-AM-11748
XT01-05-PL-02-03-35-SF-00
XT01-PL-02-1621165263672
XT01-06-PL-02-03-35-SF-00
XT01-PL-01-1621165263841
XT01-06-PL-01-10-30-SF-00
Analyzed Maps: 10726
XT01-98-AM-10726
XT01-05-PL-02-09-31-SF-00
XT01-PL-02-1621165265551
XT01-06-PL-02-09-31-SF-00
XT01-PL-01-1621165265724
XT01-06-PL-01-02-36-SF-00
Analyzed Maps: 13201
XT01-98-AM-13201
XT01-05-PL-02-11-32-SF-00
XT01-PL-02-1621165267860
XT01-06-PL-02-11-32-SF-00
XT01-PL-01-1621165268032
XT01-06-PL-01-08-32-SF-00
Analyzed Maps: 12623
XT01-98-AM-12623
XT01-05-PL-02-13-33-SF-00
XT01-PL-02-1621165270031
XT01-06-PL-02-13-33-SF-00
XT01-PL-01-1621165270206
XT01-06-PL-01-13-34-SF-00
Analyzed Maps: 11889
XT01-98-AM-11889
XT01-05-PL-02-18-25-SF-00
XT01-PL-02-1621165272055
XT01-06-PL-02-18-25-SF-00
XT01-PL-01-1621165272342
XT01-06-PL-01-18-24-SF-00
Analyzed Maps: 19289
XT01-98-AM-19289
XT01-05-PL-02-19-23-SF-00
XT01-PL-02-1621165275290
XT01-06-PL-02-19-23-SF-00
XT01-PL-01-1621165275452
XT01-06-PL-01-10-32-SF-00
Analyzed Maps: 11611
XT01-98-AM-11611
XT01-05-PL-02-22-33-SF-00
XT01-PL-02-1621165277268
XT01-06-PL-02-22-33-SF-00
XT01-PL-01-1621165277467
XT01-06-PL-01-11-33-SF-00
Analyzed Maps: 10287
XT01-98-AM-10287
XT01-05-PL-02-19-17-SF-00
XT01-PL-02-1621165279085
XT01-06-PL-02-19-17-SF-00
XT01-PL-01-1621165279327
XT01-06-PL-01-19-19-SF-00
Analyzed Maps: 15034
XT01-98-AM-15034
XT01-05-PL-02-18-19-SF-00
XT01-PL-02-1621165281676
XT01-06-PL-02-18-19-SF-00
XT01-PL-01-1621165281846
XT01-06-PL-01-19-20-SF-00
Analyzed Maps: 16365
XT01-98-AM-16365
XT01-05-PL-02-19-18-SF-00
XT01-PL-02-1621165284369
XT01-06-PL-02-19-18-SF-00
XT01-PL-01-1621165284569
XT01-06-PL-01-19-24-SF-00
Analyzed Maps: 19455
XT01-98-AM-19455
XT01-05-PL-02-21-15-SF-00
XT01-PL-02-1621165287514
XT01-06-PL-02-21-15-SF-00
XT01-PL-01-1621165287830
XT01-06-PL-01-17-32-SF-00
Analyzed Maps: 16518
XT01-98-AM-16518
XT01-05-PL-02-22-18-SF-00
XT01-PL-02-1621165290370
XT01-06-PL-02-22-18-SF-00
XT01-PL-01-1621165290673
XT01-06-PL-01-19-22-SF-00
Analyzed Maps: 16139
XT01-98-AM-16139
XT01-05-PL-02-18-27-SF-00
XT01-PL-02-1621165293147
XT01-06-PL-02-18-27-SF-00
XT01-PL-01-1621165293366
XT01-06-PL-01-19-28-SF-00
Analyzed Maps: 16379
XT01-98-AM-16379
XT01-05-PL-02-03-06-SF-00
XT01-PL-02-1621165295874
XT01-06-PL-02-03-06-SF-00
XT01-PL-01-1621165296105
XT01-06-PL-01-09-10-SF-00
Analyzed Maps: 17934
XT01-98-AM-17934
XT01-05-PL-02-18-23-SF-00
XT01-PL-02-1621165298900
XT01-06-PL-02-18-23-SF-00
XT01-PL-01-1621165299162
XT01-06-PL-01-17-30-SF-00
Analyzed Maps: 16283
XT01-98-AM-16283
XT01-05-PL-02-18-22-SF-00
XT01-PL-02-1621165301653
XT01-06-PL-02-18-22-SF-00
XT01-PL-01-1621165301825
XT01-06-PL-01-19-21-SF-00
Analyzed Maps: 9451
XT01-98-AM-9451
XT01-05-PL-02-20-18-SF-00
XT01-PL-02-1621165303311
XT01-06-PL-02-20-18-SF-00
XT01-PL-01-1621165303498
XT01-06-PL-01-08-09-SF-00
Analyzed Maps: 8853
XT01-98-AM-8853
XT01-05-PL-02-20-20-SF-00
XT01-PL-02-1621165304893
XT01-06-PL-02-20-20-SF-00
XT01-PL-01-1621165305062
XT01-06-PL-01-23-34-SF-00
Analyzed Maps: 7051
XT01-98-AM-7051
XT01-05-PL-02-20-21-SF-00
XT01-PL-02-1621165306193
XT01-06-PL-02-20-21-SF-00
XT01-PL-01-1621165306389
XT01-06-PL-01-20-23-SF-00
Analyzed Maps: 7399
XT01-98-AM-7399
XT01-05-PL-02-20-25-SF-00
XT01-PL-02-1621165307573
XT01-06-PL-02-20-25-SF-00
XT01-PL-01-1621165307768
XT01-06-PL-01-19-25-SF-00
Analyzed Maps: 5685
XT01-98-AM-5685
XT01-05-PL-02-20-24-SF-00
XT01-PL-02-1621165308702
XT01-06-PL-02-20-24-SF-00
XT01-PL-01-1621165308941
XT01-06-PL-01-21-24-SF-00
Analyzed Maps: 9876
XT01-98-AM-9876
XT01-05-PL-02-21-25-SF-00
XT01-PL-02-1621165310477
XT01-06-PL-02-21-25-SF-00
XT01-PL-01-1621165310672
XT01-06-PL-01-20-26-SF-00
Analyzed Maps: 7847
XT01-98-AM-7847
XT01-05-PL-02-19-27-SF-00
XT01-PL-02-1621165311916
XT01-06-PL-02-19-27-SF-00
XT01-PL-01-1621165312114
XT01-06-PL-01-21-27-SF-00
Analyzed Maps: 8891
XT01-98-AM-8891
XT01-05-PL-02-19-29-SF-00
XT01-PL-02-1621165313506
XT01-06-PL-02-19-29-SF-00
XT01-PL-01-1621165313718
XT01-06-PL-01-22-24-SF-00
Analyzed Maps: 10018
XT01-98-AM-10018
XT01-05-PL-02-17-29-SF-00
XT01-PL-02-1621165315265
XT01-06-PL-02-17-29-SF-00
XT01-PL-01-1621165315462
XT01-06-PL-01-18-28-SF-00
Analyzed Maps: 10421
XT01-98-AM-10421
XT01-05-PL-02-22-28-SF-00
XT01-PL-02-1621165317054
XT01-06-PL-02-22-28-SF-00
XT01-PL-01-1621165317269
XT01-06-PL-01-18-30-SF-00
Analyzed Maps: 7961
XT01-98-AM-7961
XT01-05-PL-02-17-31-SF-00
XT01-PL-02-1621165318574
XT01-06-PL-02-17-31-SF-00
XT01-PL-01-1621165318802
XT01-06-PL-01-23-29-SF-00
Analyzed Maps: 10254
XT01-98-AM-10254
XT01-05-PL-02-24-30-SF-00
XT01-PL-02-1621165320380
XT01-06-PL-02-24-30-SF-00
XT01-PL-01-1621165320586
XT01-06-PL-01-25-31-SF-00
Analyzed Maps: 10253
XT01-98-AM-10253
XT01-05-PL-02-26-32-SF-00
XT01-PL-02-1621165322173
XT01-06-PL-02-26-32-SF-00
XT01-PL-01-1621165322406
XT01-06-PL-01-02-05-SF-00
Analyzed Maps: 10390
XT01-98-AM-10390
XT01-05-PL-02-17-33-SF-00
XT01-PL-02-1621165324036
XT01-06-PL-02-17-33-SF-00
XT01-PL-01-1621165324277
XT01-06-PL-01-18-11-SF-00
Analyzed Maps: 9206
XT01-98-AM-9206
XT01-05-PL-02-19-10-SF-00
XT01-PL-02-1621165325709
XT01-06-PL-02-19-10-SF-00
XT01-PL-01-1621165325997
XT01-06-PL-01-25-21-SF-00
Analyzed Maps: 20011
XT01-98-AM-20011
XT01-05-PL-02-25-22-SF-00
XT01-PL-02-1621165329025
XT01-06-PL-02-25-22-SF-00
XT01-PL-01-1621165329328
XT01-06-PL-01-22-16-SF-00
Analyzed Maps: 28004
XT01-98-AM-28004
XT01-05-PL-02-20-19-SF-00
XT01-PL-02-1621165333468
XT01-06-PL-02-20-19-SF-00
XT01-PL-01-1621165333753
XT01-06-PL-01-24-14-SF-00
Analyzed Maps: 31289
XT01-98-AM-31289
XT01-05-PL-02-21-16-SF-00
XT01-PL-02-1621165338989
XT01-06-PL-02-21-16-SF-00
XT01-PL-01-1621165339227
XT01-06-PL-01-23-19-SF-00
Analyzed Maps: 21480
XT01-98-AM-21480
XT01-05-PL-02-20-17-SF-00
XT01-PL-02-1621165342519
XT01-06-PL-02-20-17-SF-00
XT01-PL-01-1621165342791
XT01-06-PL-01-22-15-SF-00
Analyzed Maps: 30102
XT01-98-AM-30102
XT01-05-PL-02-24-15-SF-00
XT01-PL-02-1621165347510
XT01-06-PL-02-24-15-SF-00
XT01-PL-01-1621165347883
XT01-06-PL-01-21-18-SF-00
Analyzed Maps: 23314
XT01-98-AM-23314
XT01-05-PL-02-26-20-SF-00
XT01-PL-02-1621165351440
XT01-06-PL-02-26-20-SF-00
XT01-PL-01-1621165351721
XT01-06-PL-01-21-19-SF-00
Analyzed Maps: 17635
XT01-98-AM-17635
XT01-05-PL-02-22-19-SF-00
XT01-PL-02-1621165354502
XT01-06-PL-02-22-19-SF-00
XT01-PL-01-1621165354768
XT01-06-PL-01-27-19-SF-00
Analyzed Maps: 34050
XT01-98-AM-34050
XT01-05-PL-02-24-21-SF-00
XT01-PL-02-1621165360094
XT01-06-PL-02-24-21-SF-00
XT01-PL-01-1621165360322
XT01-06-PL-01-22-21-SF-00
Analyzed Maps: 28540
XT01-98-AM-28540
XT01-05-PL-02-21-20-SF-00
XT01-PL-02-1621165365741
XT01-06-PL-02-21-20-SF-00
XT01-PL-01-1621165366099
XT01-06-PL-01-21-22-SF-00
Analyzed Maps: 20742
XT01-98-AM-20742
XT01-05-PL-02-21-23-SF-00
XT01-PL-02-1621165370239
XT01-06-PL-02-21-23-SF-00
XT01-PL-01-1621165370496
XT01-06-PL-01-22-23-SF-00
Analyzed Maps: 16510
XT01-98-AM-16510
XT01-05-PL-02-22-22-SF-00
XT01-PL-02-1621165374659
XT01-06-PL-02-22-22-SF-00
XT01-PL-01-1621165374991
XT01-06-PL-01-26-22-SF-00
Analyzed Maps: 18233
XT01-98-AM-18233
XT01-05-PL-02-27-21-SF-00
XT01-PL-02-1621165378364
XT01-06-PL-02-27-21-SF-00
XT01-PL-01-1621165378658
XT01-06-PL-01-23-18-SF-00
Analyzed Maps: 17162
XT01-98-AM-17162
XT01-05-PL-02-25-19-SF-00
XT01-PL-02-1621165381508
XT01-06-PL-02-25-19-SF-00
XT01-PL-01-1621165381732
XT01-06-PL-01-18-31-SF-00
Analyzed Maps: 20633
XT01-98-AM-20633
XT01-05-PL-02-24-19-SF-00
XT01-PL-02-1621165384750
XT01-06-PL-02-24-19-SF-00
XT01-PL-01-1621165384973
XT01-06-PL-01-16-33-SF-00
Analyzed Maps: 12027
XT01-98-AM-12027
XT01-05-PL-02-16-32-SF-00
XT01-PL-02-1621165386772
XT01-06-PL-02-16-32-SF-00
XT01-PL-01-1621165386991
XT01-06-PL-01-17-34-SF-00
Analyzed Maps: 10132
XT01-98-AM-10132
XT01-05-PL-02-19-32-SF-00
XT01-PL-02-1621165388673
XT01-06-PL-02-19-32-SF-00
XT01-PL-01-1621165388988
XT01-06-PL-01-24-24-SF-00
Analyzed Maps: 10564
XT01-98-AM-10564
XT01-05-PL-02-16-34-SF-00
XT01-PL-02-1621165391004
XT01-06-PL-02-16-34-SF-00
XT01-PL-01-1621165391318
XT01-06-PL-01-25-15-SF-00
Analyzed Maps: 15285
XT01-98-AM-15285
XT01-05-PL-02-28-18-SF-00
XT01-PL-02-1621165394045
XT01-06-PL-02-28-18-SF-00
XT01-PL-01-1621165394279
XT01-06-PL-01-25-18-SF-00
Analyzed Maps: 14413
XT01-98-AM-14413
XT01-05-PL-02-21-30-SF-00
XT01-PL-02-1621165396918
XT01-06-PL-02-21-30-SF-00
XT01-PL-01-1621165397142
XT01-06-PL-01-25-17-SF-00
Analyzed Maps: 9563
XT01-98-AM-9563
XT01-05-PL-02-26-16-SF-00
XT01-PL-02-1621165399105
XT01-06-PL-02-26-16-SF-00
XT01-PL-01-1621165399335
XT01-06-PL-01-25-16-SF-00
Analyzed Maps: 8607
XT01-98-AM-8607
XT01-05-PL-02-25-24-SF-00
XT01-PL-02-1621165400569
XT01-06-PL-02-25-24-SF-00
XT01-PL-01-1621165400777
XT01-06-PL-01-23-24-SF-00
Analyzed Maps: 6923
XT01-98-AM-6923
XT01-05-PL-02-22-25-SF-00
XT01-PL-02-1621165401819
XT01-06-PL-02-22-25-SF-00
XT01-PL-01-1621165402037
XT01-06-PL-01-26-23-SF-00
Analyzed Maps: 7459
XT01-98-AM-7459
XT01-05-PL-02-23-25-SF-00
XT01-PL-02-1621165403195
XT01-06-PL-02-23-25-SF-00
XT01-PL-01-1621165403367
XT01-06-PL-01-24-25-SF-00
Analyzed Maps: 2773
XT01-98-AM-2773
XT01-05-PL-02-26-24-SF-00
XT01-PL-02-1621165403829
XT01-06-PL-02-26-24-SF-00
XT01-PL-01-1621165403983
XT01-06-PL-01-25-25-SF-00
Analyzed Maps: 2406
XT01-98-AM-2406
XT01-05-PL-02-26-26-SF-00
XT01-PL-02-1621165404394
XT01-06-PL-02-26-26-SF-00
XT01-PL-01-1621165404530
XT01-06-PL-01-27-25-SF-00
Analyzed Maps: 2393
XT01-98-AM-2393
XT01-05-PL-02-22-17-SF-00
XT01-PL-02-1621165404953
XT01-06-PL-02-22-17-SF-00
XT01-PL-01-1621165405094
XT01-06-PL-01-25-14-SF-00
Analyzed Maps: 1626
XT01-98-AM-1626
XT01-05-PL-02-26-13-SF-00
XT01-PL-02-1621165405432
XT01-06-PL-02-26-13-SF-00
XT01-PL-01-1621165405576
XT01-06-PL-01-28-20-SF-00
Analyzed Maps: 1422
XT01-98-AM-1422
XT01-05-PL-02-26-18-SF-00
XT01-PL-02-1621165405901
XT01-06-PL-02-26-18-SF-00
XT01-PL-01-1621165406023
XT01-06-PL-01-26-17-SF-00
Analyzed Maps: 764
XT01-98-AM-764
XT01-05-PL-02-26-15-SF-00
XT01-PL-02-1621165406319
XT01-06-PL-02-26-15-SF-00
XT01-PL-01-1621165406457
XT01-06-PL-01-27-12-SF-00
Analyzed Maps: 495
XT01-98-AM-495
XT01-05-PL-02-28-11-SF-00
XT01-PL-02-1621165406652
XT01-06-PL-02-28-11-SF-00
XT01-PL-01-1621165406778
XT01-06-PL-01-25-27-SF-00
Analyzed Maps: 228
XT01-98-AM-228
XT01-05-PL-02-23-13-SF-00
XT01-PL-02-1621165406925
XT01-06-PL-02-23-13-SF-00
XT01-PL-01-1621165407038
XT01-06-PL-01-27-33-SF-00
Analyzed Maps: 149
XT01-98-AM-149
XT01-05-PL-02-28-34-SF-00
XT01-PL-02-1621165407169
XT01-06-PL-02-28-34-SF-00
XT01-PL-01-1621165407273
XT01-06-PL-01-27-14-SF-00
Analyzed Maps: 145
XT01-98-AM-145
XT01-05-PL-02-28-15-SF-00
XT01-PL-02-1621165407408
XT01-06-PL-02-28-15-SF-00
XT01-PL-01-1621165407515
XT01-06-PL-01-28-13-SF-00
Analyzed Maps: 69
XT01-98-AM-69
XT01-05-PL-02-27-27-SF-00
XT01-PL-02-1621165407631
XT01-06-PL-02-27-27-SF-00
XT01-PL-01-1621165407737
XT01-06-PL-01-26-11-SF-00
Analyzed Maps: 43
XT01-98-AM-43
XT01-05-PL-02-28-24-SF-00
XT01-PL-02-1621165407855
XT01-06-PL-02-28-24-SF-00
XT01-PL-01-1621165407960
XT01-06-PL-01-28-26-SF-00
Analyzed Maps: 51
XT01-98-AM-51
XT01-05-PL-02-28-22-SF-00
XT01-PL-02-1621165408075
XT01-06-PL-02-28-22-SF-00
XT01-PL-01-1621165408180
XT01-06-PL-01-26-28-SF-00
Analyzed Maps: 28
XT01-98-AM-28
XT01-05-PL-02-01-04-SF-00
XT01-PL-02-1621165408294
XT01-06-PL-02-01-04-SF-00
XT01-PL-01-1621165408400
XT01-06-PL-01-00-03-SF-00
Analyzed Maps: 19
XT01-98-AM-19
XT01-05-PL-02-28-28-SF-00
XT01-PL-02-1621165408508
XT01-06-PL-02-28-28-SF-00
XT01-PL-01-1621165408611
XT01-06-PL-01-19-06-SF-00
Analyzed Maps: 24
XT01-98-AM-24
XT01-05-PL-02-24-35-SF-00
XT01-PL-02-1621165408720
XT01-06-PL-02-24-35-SF-00
XT01-PL-01-1621165408825
XT01-06-PL-01-25-36-SF-00
Analyzed Maps: 32
XT01-98-AM-32
XT01-05-PL-02-25-29-SF-00
XT01-PL-02-1621165408933
XT01-06-PL-02-25-29-SF-00
XT01-PL-01-1621165409042
XT01-06-PL-01-22-29-SF-00
Analyzed Maps: 88
XT01-98-AM-88
XT01-05-PL-02-20-05-SF-00
XT01-PL-02-1621165409156
XT01-06-PL-02-20-05-SF-00
XT01-PL-01-1621165409268
XT01-06-PL-01-27-29-SF-00
Analyzed Maps: 61
XT01-98-AM-61
XT01-05-PL-02-23-28-SF-00
XT01-PL-02-1621165409383
XT01-06-PL-02-23-28-SF-00
XT01-PL-01-1621165409489
XT01-06-PL-01-14-25-SF-00
XT01-05-PL-02-26-30-SF-00
XT01-PL-02-1621165409594
XT01-06-PL-02-26-30-SF-00
XT01-PL-01-1621165409701
XT01-06-PL-01-28-30-SF-00
XT01-05-PL-02-14-25-SF-00
XT01-PL-02-1621165409812
XT01-06-PL-02-14-25-SF-00
XT01-PL-01-1621165409915
XT01-06-PL-01-24-32-SF-00
Analyzed Maps: 26
XT01-98-AM-26
XT01-05-PL-02-27-31-SF-00
XT01-PL-02-1621165410025
XT01-06-PL-02-27-31-SF-00
XT01-PL-01-1621165410128
XT01-06-PL-01-25-33-SF-00
Analyzed Maps: 66
XT01-98-AM-66
XT01-05-PL-02-23-33-SF-00
XT01-PL-02-1621165410251
XT01-06-PL-02-23-33-SF-00
XT01-PL-01-1621165410367
XT01-06-PL-01-22-34-SF-00
Analyzed Maps: 82
XT01-98-AM-82
XT01-05-PL-02-21-35-SF-00
XT01-PL-02-1621165410489
XT01-06-PL-02-21-35-SF-00
XT01-PL-01-1621165410608
XT01-06-PL-01-23-32-SF-00
Analyzed Maps: 259
XT01-98-AM-259
XT01-05-PL-02-24-34-SF-00
XT01-PL-02-1621165410765
XT01-06-PL-02-24-34-SF-00
XT01-PL-01-1621165410907
XT01-06-PL-01-22-35-SF-00
Analyzed Maps: 1038
XT01-98-AM-1038
XT01-05-PL-02-23-35-SF-00
XT01-PL-02-1621165411192
XT01-06-PL-02-23-35-SF-00
XT01-PL-01-1621165411331
XT01-06-PL-01-25-32-SF-00
Analyzed Maps: 974
XT01-98-AM-974
XT01-05-PL-02-24-36-SF-00
XT01-PL-02-1621165411609
XT01-06-PL-02-24-36-SF-00
XT01-PL-01-1621165411729
XT01-06-PL-01-25-30-SF-00
Analyzed Maps: 551
XT01-98-AM-551
XT01-05-PL-02-25-34-SF-00
XT01-PL-02-1621165411952
XT01-06-PL-02-25-34-SF-00
XT01-PL-01-1621165412088
XT01-06-PL-01-23-36-SF-00
Analyzed Maps: 1126
XT01-98-AM-1126
XT01-05-PL-02-24-33-SF-00
XT01-PL-02-1621165412413
XT01-06-PL-02-24-33-SF-00
XT01-PL-01-1621165412544
XT01-06-PL-01-22-36-SF-00
Analyzed Maps: 1911
XT01-98-AM-1911
XT01-05-PL-02-24-31-SF-00
XT01-PL-02-1621165412947
XT01-06-PL-02-24-31-SF-00
XT01-PL-01-1621165413082
XT01-06-PL-01-26-29-SF-00
Analyzed Maps: 3318
XT01-98-AM-3318
XT01-05-PL-02-22-31-SF-00
XT01-PL-02-1621165413634
XT01-06-PL-02-22-31-SF-00
XT01-PL-01-1621165413784
XT01-06-PL-01-26-31-SF-00
Analyzed Maps: 3283
XT01-98-AM-3283
XT01-05-PL-02-27-32-SF-00
XT01-PL-02-1621165414342
XT01-06-PL-02-27-32-SF-00
XT01-PL-01-1621165414498
XT01-06-PL-01-25-28-SF-00
Analyzed Maps: 3345
XT01-98-AM-3345
XT01-05-PL-02-21-36-SF-00
XT01-PL-02-1621165415035
XT01-06-PL-02-21-36-SF-00
XT01-PL-01-1621165415191
XT01-06-PL-01-20-36-SF-00
Analyzed Maps: 1450
XT01-98-AM-1450
XT01-05-PL-02-20-33-SF-00
XT01-PL-02-1621165415549
XT01-06-PL-02-20-33-SF-00
XT01-PL-01-1621165415686
XT01-06-PL-01-28-33-SF-00
Analyzed Maps: 1264
XT01-98-AM-1264
XT01-05-PL-02-28-32-SF-00
XT01-PL-02-1621165415970
XT01-06-PL-02-28-32-SF-00
XT01-PL-01-1621165416106
XT01-06-PL-01-26-34-SF-00
Analyzed Maps: 1534
XT01-98-AM-1534
XT01-05-PL-02-26-33-SF-00
XT01-PL-02-1621165416398
XT01-06-PL-02-26-33-SF-00
XT01-PL-01-1621165416520
XT01-06-PL-01-25-35-SF-00
Analyzed Maps: 759
XT01-98-AM-759
XT01-05-PL-02-26-35-SF-00
XT01-PL-02-1621165416723
XT01-06-PL-02-26-35-SF-00
XT01-PL-01-1621165416858
XT01-06-PL-01-27-35-SF-00
Analyzed Maps: 1246
XT01-98-AM-1246
XT01-05-PL-02-27-34-SF-00
XT01-PL-02-1621165417173
XT01-06-PL-02-27-34-SF-00
XT01-PL-01-1621165417296
XT01-06-PL-01-28-35-SF-00
Analyzed Maps: 715
XT01-98-AM-715
XT01-05-PL-02-28-36-SF-00
XT01-PL-02-1621165417509
XT01-06-PL-02-28-36-SF-00
XT01-PL-01-1621165417632
XT01-06-PL-01-27-36-SF-00
Analyzed Maps: 294
XT01-98-AM-294
XT01-05-PL-02-26-36-SF-00
XT01-PL-02-1621165417789
XT01-06-PL-02-26-36-SF-00
XT01-PL-01-1621165417903
XT01-06-PL-01-28-31-SF-00
Analyzed Maps: 205
XT01-98-AM-205
XT01-05-PL-02-19-36-SF-00
XT01-PL-02-1621165418035
XT01-06-PL-02-19-36-SF-00
XT01-PL-01-1621165418137
XT01-06-PL-01-28-29-SF-00
Analyzed Maps: 111
XT01-98-AM-111
XT01-05-PL-02-27-30-SF-00
XT01-PL-02-1621165418258
XT01-06-PL-02-27-30-SF-00
XT01-PL-01-1621165418359
XT01-06-PL-01-28-27-SF-00
Analyzed Maps: 58
XT01-98-AM-58
XT01-05-PL-02-20-34-SF-00
XT01-PL-02-1621165418470
XT01-06-PL-02-20-34-SF-00
XT01-PL-01-1621165418575
XT01-06-PL-01-26-27-SF-00
Analyzed Maps: 9
XT01-98-AM-9
XT01-05-PL-02-27-28-SF-00
XT01-PL-02-1621165418679
XT01-06-PL-02-27-28-SF-00
XT01-PL-01-1621165418788
XT01-06-PL-01-14-25-SF-00
Analyzed Maps: 12
XT01-98-AM-12
XT01-05-PL-02-28-25-SF-00
XT01-PL-02-1621165418896
XT01-06-PL-02-28-25-SF-00
XT01-PL-01-1621165419001
XT01-06-PL-01-20-09-SF-00
XT01-05-PL-02-27-26-SF-00
XT01-PL-02-1621165419107
XT01-06-PL-02-27-26-SF-00
XT01-PL-01-1621165419214
XT01-06-PL-01-28-11-SF-00
XT01-05-PL-02-14-25-SF-00
XT01-PL-02-1621165419321
XT01-06-PL-02-14-25-SF-00
XT01-05-PL-02-21-08-SF-00
XT01-PL-02-1621165419423
XT01-06-PL-02-21-08-SF-00
XT01-PL-01-1621165419531
XT01-06-PL-01-22-07-SF-00
XT01-05-PL-02-23-06-SF-00
XT01-PL-02-1621165419636
XT01-06-PL-02-23-06-SF-00
XT01-05-PL-02-16-20-SF-00
XT01-PL-02-1621165419743
XT01-06-PL-02-16-20-SF-00
XT01-05-PL-02-00-10-SF-00
XT01-PL-02-1621165419853
XT01-06-PL-02-00-10-SF-00
XT01-PL-01-1621165419957
XT01-06-PL-01-03-11-SF-00
XT01-PL-01-1621165420058
XT01-06-PL-01-02-10-SF-00
XT01-08
XT01-09