XT01-ALPHA-BETA-ON
XT01-02-[50, 10, 52, 10, 48, 32, 48, 10, 50, 53, 32, 50, 53, 10, 45, 32, 45, 32, 45, 32, 45, 32, 45, 32, 45, 32, 45, 32, 48, 32, 45, 32, 48, 32, 45, 32, 48, 32, 45, 32, 48, 32, 45, 32, 48, 32, 45, 32, 48, 32, 45, 32, 45, 32, 45, 32, 45, 32, 45, 32, 45, 32, 45, 32, 10, 45, 32, 48, 32, 48, 32, 48, 32, 48, 32, 48, 32, 45, 32, 48, 32, 48, 32, 45, 32, 45, 32, 45, 32, 45, 32, 45, 32, 48, 32, 45, 32, 48, 32, 48, 32, 45, 32, 48, 32, 48, 32, 48, 32, 48, 32, 48, 32, 45, 32, 10, 45, 32, 48, 32, 45, 32, 45, 32, 45, 32, 48, 32, 45, 32, 48, 32, 45, 32, 45, 32, 45, 32, 48, 32, 48, 32, 48, 32, 48, 32, 45, 32, 48, 32, 48, 32, 45, 32, 48, 32, 45, 32, 45, 32, 45, 32, 48, 32, 45, 32, 10, 45, 32, 48, 32, 45, 32, 45, 32, 45, 32, 48, 32, 45, 32, 48, 32, 45, 32, 45, 32, 45, 32, 48, 32, 45, 32, 45, 32, 45, 32, 45, 32, 45, 32, 48, 32, 45, 32, 48, 32, 45, 32, 45, 32, 45, 32, 48, 32, 45, 32, 10, 45, 32, 48, 32, 45, 32, 45, 32, 45, 32, 48, 32, 45, 32, 48, 32, 45, 32, 48, 32, 48, 32, 45, 32, 45, 32, 48, 32, 48, 32, 45, 32, 48, 32, 48, 32, 45, 32, 48, 32, 45, 32, 45, 32, 45, 32, 48, 32, 45, 32, 10, 45, 32, 48, 32, 48, 32, 48, 32, 48, 32, 48, 32, 45, 32, 48, 32, 48, 32, 48, 32, 45, 32, 45, 32, 48, 32, 48, 32, 45, 32, 45, 32, 45, 32, 48, 32, 45, 32, 48, 32, 48, 32, 48, 32, 48, 32, 48, 32, 45, 32, 10, 45, 32, 45, 32, 45, 32, 45, 32, 45, 32, 45, 32, 45, 32, 48, 32, 45, 32, 48, 32, 45, 32, 48, 32, 45, 32, 48, 32, 45, 32, 48, 32, 45, 32, 48, 32, 45, 32, 45, 32, 45, 32, 45, 32, 45, 32, 45, 32, 45, 32, 10, 48, 32, 48, 32, 48, 32, 48, 32, 48, 32, 48, 32, 48, 32, 48, 32, 48, 32, 48, 32, 45, 32, 48, 32, 45, 32, 48, 32, 45, 32, 45, 32, 45, 32, 48, 32, 48, 32, 48, 32, 48, 32, 48, 32, 48, 32, 48, 32, 48, 32, 10, 45, 32, 45, 32, 45, 32, 45, 32, 48, 32, 48, 32, 45, 32, 48, 32, 45, 32, 48, 32, 45, 32, 45, 32, 48, 32, 48, 32, 48, 32, 48, 32, 48, 32, 45, 32, 48, 32, 48, 32, 45, 32, 45, 32, 45, 32, 48, 32, 45, 32, 10, 48, 32, 45, 32, 48, 32, 45, 32, 45, 32, 45, 32, 48, 32, 48, 32, 48, 32, 48, 32, 45, 32, 48, 32, 45, 32, 48, 32, 45, 32, 48, 32, 48, 32, 45, 32, 48, 32, 45, 32, 45, 32, 48, 32, 48, 32, 48, 32, 45, 32, 10, 45, 32, 49, 32, 50, 32, 48, 32, 48, 32, 45, 32, 45, 32, 45, 32, 48, 32, 45, 32, 45, 32, 45, 32, 48, 32, 45, 32, 48, 32, 48, 32, 45, 32, 48, 32, 48, 32, 48, 32, 48, 32, 45, 32, 45, 32, 45, 32, 45, 32, 10, 48, 32, 50, 32, 49, 32, 48, 32, 45, 32, 45, 32, 48, 32, 48, 32, 48, 32, 45, 32, 45, 32, 48, 32, 49, 32, 50, 32, 48, 32, 45, 32, 48, 32, 48, 32, 45, 32, 45, 32, 48, 32, 45, 32, 45, 32, 48, 32, 45, 32, 10, 45, 32, 48, 32, 48, 32, 45, 32, 48, 32, 48, 32, 45, 32, 45, 32, 48, 32, 45, 32, 45, 32, 48, 32, 50, 32, 49, 32, 48, 32, 45, 32, 45, 32, 45, 32, 48, 32, 45, 32, 45, 32, 45, 32, 48, 32, 45, 32, 45, 32, 10, 48, 32, 48, 32, 45, 32, 45, 32, 48, 32, 45, 32, 48, 32, 48, 32, 45, 32, 48, 32, 48, 32, 48, 32, 45, 32, 48, 32, 45, 32, 48, 32, 45, 32, 48, 32, 48, 32, 45, 32, 48, 32, 45, 32, 48, 32, 48, 32, 48, 32, 10, 48, 32, 45, 32, 48, 32, 48, 32, 48, 32, 48, 32, 45, 32, 48, 32, 48, 32, 48, 32, 45, 32, 45, 32, 48, 32, 48, 32, 45, 32, 48, 32, 48, 32, 45, 32, 48, 32, 45, 32, 45, 32, 45, 32, 48, 32, 48, 32, 45, 32, 10, 45, 32, 48, 32, 45, 32, 45, 32, 48, 32, 48, 32, 48, 32, 48, 32, 45, 32, 45, 32, 45, 32, 45, 32, 45, 32, 48, 32, 48, 32, 48, 32, 45, 32, 48, 32, 48, 32, 48, 32, 48, 32, 48, 32, 48, 32, 45, 32, 45, 32, 10, 48, 32, 48, 32, 45, 32, 48, 32, 48, 32, 45, 32, 45, 32, 45, 32, 48, 32, 48, 32, 45, 32, 45, 32, 45, 32, 48, 32, 48, 32, 48, 32, 45, 32, 45, 32, 45, 32, 45, 32, 45, 32, 48, 32, 48, 32, 45, 32, 48, 32, 10, 48, 32, 48, 32, 48, 32, 48, 32, 48, 32, 48, 32, 48, 32, 48, 32, 45, 32, 45, 32, 48, 32, 48, 32, 45, 32, 45, 32, 45, 32, 45, 32, 45, 32, 48, 32, 48, 32, 48, 32, 45, 32, 45, 32, 45, 32, 48, 32, 48, 32, 10, 45, 32, 45, 32, 45, 32, 45, 32, 45, 32, 45, 32, 45, 32, 48, 32, 48, 32, 48, 32, 45, 32, 45, 32, 45, 32, 45, 32, 48, 32, 48, 32, 45, 32, 48, 32, 45, 32, 48, 32, 45, 32, 48, 32, 45, 32, 45, 32, 45, 32, 10, 45, 32, 48, 32, 48, 32, 48, 32, 48, 32, 48, 32, 45, 32, 49, 32, 50, 32, 45, 32, 45, 32, 48, 32, 45, 32, 45, 32, 45, 32, 48, 32, 45, 32, 48, 32, 48, 32, 48, 32, 45, 32, 48, 32, 48, 32, 45, 32, 45, 10, 45, 32, 48, 32, 45, 32, 45, 32, 45, 32, 48, 32, 45, 32, 50, 32, 49, 32, 48, 32, 48, 32, 48, 32, 45, 32, 48, 32, 45, 32, 45, 32, 45, 32, 45, 32, 45, 32, 45, 32, 45, 32, 48, 32, 45, 32, 48, 32, 45, 32, 10, 45, 32, 48, 32, 45, 32, 45, 32, 45, 32, 48, 32, 45, 32, 48, 32, 45, 32, 48, 32, 45, 32, 45, 32, 48, 32, 48, 32, 48, 32, 45, 32, 45, 32, 48, 32, 45, 32, 48, 32, 45, 32, 48, 32, 48, 32, 45, 32, 45, 32, 10, 45, 32, 48, 32, 45, 32, 45, 32, 45, 32, 48, 32, 45, 32, 48, 32, 45, 32, 45, 32, 48, 32, 48, 32, 48, 32, 45, 32, 48, 32, 45, 32, 48, 32, 48, 32, 48, 32, 48, 32, 48, 32, 45, 32, 45, 32, 45, 32, 48, 32, 10, 45, 32, 48, 32, 48, 32, 48, 32, 48, 32, 48, 32, 45, 32, 48, 32, 45, 32, 48, 32, 48, 32, 45, 32, 45, 32, 45, 32, 48, 32, 48, 32, 48, 32, 45, 32, 48, 32, 48, 32, 45, 32, 48, 32, 45, 32, 45, 32, 45, 32, 10, 45, 32, 45, 32, 45, 32, 45, 32, 45, 32, 45, 32, 45, 32, 48, 32, 45, 32, 48, 32, 48, 32, 48, 32, 48, 32, 45, 32, 48, 32, 45, 32, 48, 32, 45, 32, 48, 32, 48, 32, 48, 32, 48, 32, 45, 32, 45, 32, 45, 32, 10, 55, 32, 48, 32, 48, 32, 60, 45, 62, 32, 55, 32, 50, 52, 32, 52, 10, 48, 32, 55, 32, 54, 32, 60, 45, 62, 32, 50, 52, 32, 55, 32, 50, 10, 49, 32, 49, 32, 48, 32, 60, 45, 62, 32, 49, 32, 49, 32, 54, 10, 53, 32, 49, 32, 48, 32, 60, 45, 62, 32, 53, 32, 49, 32, 50, 10, 49, 32, 53, 32, 52, 32, 60, 45, 62, 32, 49, 32, 53, 32, 54, 10, 53, 32, 53, 32, 52, 32, 60, 45, 62, 32, 52, 32, 49, 50, 32, 48, 10, 52, 32, 49, 55, 32, 52, 32, 60, 45, 62, 32, 53, 32, 49, 57, 32, 48, 10, 49, 32, 49, 57, 32, 48, 32, 60, 45, 62, 32, 49, 32, 49, 57, 32, 54, 10, 49, 32, 50, 51, 32, 52, 32, 60, 45, 62, 32, 49, 32, 50, 51, 32, 54, 10, 53, 32, 50, 51, 32, 50, 32, 60, 45, 62, 32, 53, 32, 50, 51, 32, 52, 10, 49, 55, 32, 50, 49, 32, 48, 32, 60, 45, 62, 32, 49, 55, 32, 49, 57, 32, 52, 10, 49, 57, 32, 50, 49, 32, 48, 32, 60, 45, 62, 32, 49, 57, 32, 49, 57, 32, 52, 10, 50, 48, 32, 49, 51, 32, 50, 32, 60, 45, 62, 32, 50, 50, 32, 49, 51, 32, 54, 10, 50, 48, 32, 49, 51, 32, 52, 32, 60, 45, 62, 32, 50, 48, 32, 49, 53, 32, 48, 10, 50, 48, 32, 49, 51, 32, 54, 32, 60, 45, 62, 32, 49, 56, 32, 49, 51, 32, 50, 10, 50, 48, 32, 49, 51, 32, 48, 32, 60, 45, 62, 32, 50, 48, 32, 49, 49, 32, 52, 10, 55, 32, 49, 55, 32, 50, 32, 60, 45, 62, 32, 55, 32, 49, 55, 32, 48, 10, 49, 55, 32, 50, 50, 32, 52, 32, 60, 45, 62, 32, 49, 56, 32, 50, 52, 32, 54, 10, 50, 49, 32, 50, 52, 32, 50, 32, 60, 45, 62, 32, 49, 57, 32, 50, 52, 32, 52, 10, 49, 57, 32, 49, 55, 32, 50, 32, 60, 45, 62, 32, 49, 57, 32, 49, 55, 32, 48, 10, 49, 55, 32, 49, 55, 32, 54, 32, 60, 45, 62, 32, 49, 55, 32, 49, 55, 32, 48, 10, 49, 54, 32, 50, 52, 32, 52, 32, 60, 45, 62, 32, 49, 55, 32, 50, 50, 32, 55, 10]
XT01-03-PL-01
Analyzed Maps: 1115
XT01-98-AM-1115
XT01-05-PL-01-02-09-SF-00
XT01-PL-01-1621185653966
XT01-06-PL-01-02-09-SF-00
XT01-PL-02-1621185657479
XT01-06-PL-02-07-18-SF-00
Analyzed Maps: 309
XT01-98-AM-309
XT01-05-PL-01-14-11-SF-00
XT01-PL-01-1621185657673
XT01-06-PL-01-14-11-SF-00
XT01-PL-02-1621185659862
XT01-06-PL-02-14-10-SF-00
Analyzed Maps: 260
XT01-98-AM-260
XT01-05-PL-01-11-12-SF-00
XT01-PL-01-1621185660019
XT01-06-PL-01-11-12-SF-00
XT01-PL-02-1621185661973
XT01-06-PL-02-11-13-SF-00
Analyzed Maps: 431
XT01-98-AM-431
XT01-05-PL-01-08-18-SF-00
XT01-PL-01-1621185662141
XT01-06-PL-01-08-18-SF-00
XT01-PL-02-1621185663683
XT01-06-PL-02-09-18-SF-00
Analyzed Maps: 105
XT01-98-AM-105
XT01-05-PL-01-00-11-SF-00
XT01-PL-01-1621185663816
XT01-06-PL-01-00-11-SF-00
XT01-PL-02-1621185663971
XT01-06-PL-02-09-20-SF-00
XT01-05-PL-01-13-12-SF-00
XT01-PL-01-1621185664076
XT01-06-PL-01-13-12-SF-00
XT01-PL-02-1621185664225
XT01-06-PL-02-14-12-SF-00
Analyzed Maps: 73
XT01-98-AM-73
XT01-05-PL-01-15-09-SF-00
XT01-PL-01-1621185664348
XT01-06-PL-01-15-09-SF-00
XT01-PL-02-1621185664492
XT01-06-PL-02-16-08-SF-00
XT01-05-PL-01-15-10-SF-00
XT01-PL-01-1621185664598
XT01-06-PL-01-15-10-SF-00
XT01-PL-02-1621185664746
XT01-06-PL-02-13-13-SF-00
XT01-05-PL-01-15-08-SF-00
XT01-PL-01-1621185664847
XT01-06-PL-01-15-08-SF-00
XT01-PL-02-1621185664997
XT01-06-PL-02-14-08-SF-00
Analyzed Maps: 53
XT01-98-AM-53
XT01-05-PL-01-17-07-SF-00
XT01-PL-01-1621185665114
XT01-06-PL-01-17-07-SF-00
XT01-PL-02-1621185665256
XT01-06-PL-02-12-10-SF-00
Analyzed Maps: 110
XT01-98-AM-110
XT01-05-PL-01-11-11-SF-00
XT01-PL-01-1621185665375
XT01-06-PL-01-11-11-SF-00
XT01-PL-02-1621185665481
XT01-06-PL-02-16-09-SF-00
Analyzed Maps: 280
XT01-98-AM-280
XT01-05-PL-01-13-08-SF-00
XT01-PL-01-1621185665628
XT01-06-PL-01-13-08-SF-00
XT01-PL-02-1621185665733
XT01-06-PL-02-11-11-SF-00
XT01-05-PL-01-17-10-SF-00
XT01-PL-01-1621185665837
XT01-06-PL-01-17-10-SF-00
XT01-PL-02-1621185665939
XT01-06-PL-02-17-07-SF-00
XT01-05-PL-01-13-12-SF-00
XT01-PL-01-1621185666044
XT01-06-PL-01-13-12-SF-00
XT01-PL-02-1621185666158
XT01-06-PL-02-13-07-SF-00
Analyzed Maps: 28
XT01-98-AM-28
XT01-05-PL-01-13-06-SF-00
XT01-PL-01-1621185666272
XT01-06-PL-01-13-06-SF-00
XT01-PL-02-1621185666377
XT01-06-PL-02-12-08-SF-00
Analyzed Maps: 43
XT01-98-AM-43
XT01-05-PL-01-13-09-SF-00
XT01-PL-01-1621185666493
XT01-06-PL-01-13-09-SF-00
XT01-PL-02-1621185666597
XT01-06-PL-02-14-08-SF-00
Analyzed Maps: 18
XT01-98-AM-18
XT01-05-PL-01-11-09-SF-00
XT01-PL-01-1621185666707
XT01-06-PL-01-11-09-SF-00
XT01-PL-02-1621185666820
XT01-06-PL-02-13-05-SF-00
Analyzed Maps: 8
XT01-98-AM-8
XT01-05-PL-01-15-13-SF-00
XT01-PL-01-1621185666929
XT01-06-PL-01-15-13-SF-00
XT01-PL-02-1621185667036
XT01-06-PL-02-11-07-SF-00
Analyzed Maps: 3
XT01-98-AM-3
XT01-05-PL-01-13-14-SF-00
XT01-PL-01-1621185667139
XT01-06-PL-01-13-14-SF-00
XT01-PL-02-1621185667241
XT01-06-PL-02-14-12-SF-00
XT01-05-PL-01-17-07-SF-00
XT01-PL-01-1621185667347
XT01-06-PL-01-17-07-SF-00
XT01-PL-02-1621185667460
XT01-06-PL-02-13-15-SF-00
XT01-05-PL-01-13-16-SF-00
XT01-PL-01-1621185667565
XT01-06-PL-01-13-16-SF-00
XT01-PL-02-1621185667670
XT01-06-PL-02-12-14-SF-00
XT01-05-PL-01-12-08-SF-00
XT01-PL-01-1621185667774
XT01-06-PL-01-12-08-SF-00
XT01-PL-02-1621185667887
XT01-06-PL-02-16-14-SF-00
Analyzed Maps: 12
XT01-98-AM-12
XT01-05-PL-01-13-04-SF-00
XT01-PL-01-1621185667994
XT01-06-PL-01-13-04-SF-00
XT01-PL-02-1621185668097
XT01-06-PL-02-14-16-SF-00
Analyzed Maps: 4
XT01-98-AM-4
XT01-05-PL-01-17-15-SF-00
XT01-PL-01-1621185668205
XT01-06-PL-01-17-15-SF-00
XT01-05-PL-01-15-16-SF-00
XT01-PL-01-1621185668307
XT01-06-PL-01-15-16-SF-00
XT01-08
XT01-09