XT01-ALPHA-BETA-ON
XT01-02-[52, 10, 48, 10, 48, 32, 48, 10, 51, 55, 32, 52, 48, 10, 45, 32, 45, 32, 45, 32, 45, 32, 45, 32, 45, 32, 45, 32, 48, 32, 45, 32, 45, 32, 45, 32, 45, 32, 45, 32, 45, 32, 45, 32, 45, 32, 45, 32, 45, 32, 45, 32, 45, 32, 45, 32, 45, 32, 45, 32, 45, 32, 45, 32, 45, 32, 45, 32, 45, 32, 45, 32, 45, 32, 45, 32, 45, 32, 48, 32, 45, 32, 45, 32, 45, 32, 45, 32, 45, 32, 45, 32, 45, 10, 45, 32, 45, 32, 45, 32, 45, 32, 45, 32, 45, 32, 48, 32, 48, 32, 48, 32, 45, 32, 45, 32, 45, 32, 45, 32, 45, 32, 45, 32, 45, 32, 45, 32, 45, 32, 45, 32, 45, 32, 45, 32, 45, 32, 45, 32, 45, 32, 45, 32, 45, 32, 45, 32, 45, 32, 45, 32, 45, 32, 45, 32, 48, 32, 48, 32, 48, 32, 45, 32, 45, 32, 45, 32, 45, 32, 45, 32, 45, 10, 45, 32, 45, 32, 45, 32, 45, 32, 45, 32, 45, 32, 48, 32, 48, 32, 48, 32, 45, 32, 45, 32, 45, 32, 45, 32, 45, 32, 45, 32, 45, 32, 45, 32, 45, 32, 45, 32, 45, 32, 45, 32, 45, 32, 45, 32, 45, 32, 45, 32, 45, 32, 45, 32, 45, 32, 45, 32, 45, 32, 45, 32, 48, 32, 48, 32, 48, 32, 45, 32, 45, 32, 45, 32, 45, 32, 45, 32, 45, 10, 45, 32, 45, 32, 45, 32, 45, 32, 45, 32, 45, 32, 48, 32, 48, 32, 48, 32, 45, 32, 45, 32, 45, 32, 45, 32, 45, 32, 45, 32, 45, 32, 45, 32, 45, 32, 45, 32, 45, 32, 45, 32, 45, 32, 45, 32, 45, 32, 45, 32, 45, 32, 45, 32, 45, 32, 45, 32, 45, 32, 45, 32, 48, 32, 48, 32, 48, 32, 45, 32, 45, 32, 45, 32, 45, 32, 45, 32, 45, 10, 45, 32, 45, 32, 45, 32, 45, 32, 45, 32, 48, 32, 48, 32, 48, 32, 48, 32, 48, 32, 45, 32, 45, 32, 45, 32, 45, 32, 45, 32, 45, 32, 45, 32, 45, 32, 45, 32, 45, 32, 45, 32, 45, 32, 45, 32, 45, 32, 45, 32, 45, 32, 45, 32, 45, 32, 45, 32, 45, 32, 48, 32, 48, 32, 48, 32, 48, 32, 48, 32, 45, 32, 45, 32, 45, 32, 45, 32, 45, 10, 45, 32, 45, 32, 45, 32, 45, 32, 45, 32, 48, 32, 48, 32, 120, 32, 48, 32, 48, 32, 45, 32, 45, 32, 45, 32, 45, 32, 45, 32, 45, 32, 45, 32, 45, 32, 45, 32, 45, 32, 45, 32, 45, 32, 45, 32, 45, 32, 45, 32, 45, 32, 45, 32, 45, 32, 45, 32, 45, 32, 48, 32, 48, 32, 120, 32, 48, 32, 48, 32, 45, 32, 45, 32, 45, 32, 45, 32, 45, 10, 45, 32, 45, 32, 45, 32, 45, 32, 45, 32, 48, 32, 48, 32, 120, 32, 48, 32, 48, 32, 45, 32, 45, 32, 45, 32, 45, 32, 45, 32, 45, 32, 45, 32, 45, 32, 45, 32, 45, 32, 45, 32, 45, 32, 45, 32, 45, 32, 45, 32, 45, 32, 45, 32, 45, 32, 45, 32, 45, 32, 48, 32, 48, 32, 120, 32, 48, 32, 48, 32, 45, 32, 45, 32, 45, 32, 45, 32, 45, 10, 45, 32, 45, 32, 45, 32, 45, 32, 48, 32, 48, 32, 120, 32, 120, 32, 120, 32, 48, 32, 48, 32, 45, 32, 45, 32, 45, 32, 45, 32, 45, 32, 45, 32, 45, 32, 45, 32, 45, 32, 45, 32, 45, 32, 45, 32, 45, 32, 45, 32, 45, 32, 45, 32, 45, 32, 45, 32, 48, 32, 48, 32, 120, 32, 120, 32, 120, 32, 48, 32, 48, 32, 45, 32, 45, 32, 45, 32, 45, 10, 45, 32, 45, 32, 45, 32, 45, 32, 48, 32, 48, 32, 120, 32, 120, 32, 120, 32, 48, 32, 48, 32, 45, 32, 45, 32, 45, 32, 45, 32, 45, 32, 45, 32, 45, 32, 45, 32, 45, 32, 45, 32, 45, 32, 45, 32, 45, 32, 45, 32, 45, 32, 45, 32, 45, 32, 45, 32, 48, 32, 48, 32, 120, 32, 120, 32, 120, 32, 48, 32, 48, 32, 45, 32, 45, 32, 45, 32, 45, 10, 45, 32, 45, 32, 45, 32, 45, 32, 48, 32, 48, 32, 120, 32, 120, 32, 120, 32, 48, 32, 48, 32, 45, 32, 45, 32, 45, 32, 45, 32, 45, 32, 45, 32, 45, 32, 45, 32, 45, 32, 45, 32, 45, 32, 45, 32, 45, 32, 45, 32, 45, 32, 45, 32, 45, 32, 45, 32, 48, 32, 48, 32, 120, 32, 120, 32, 120, 32, 48, 32, 48, 32, 45, 32, 45, 32, 45, 32, 45, 10, 45, 32, 45, 32, 45, 32, 45, 32, 48, 32, 48, 32, 120, 32, 120, 32, 120, 32, 120, 32, 48, 32, 48, 32, 45, 32, 45, 32, 45, 32, 45, 32, 45, 32, 45, 32, 45, 32, 45, 32, 45, 32, 45, 32, 45, 32, 45, 32, 45, 32, 45, 32, 45, 32, 45, 32, 48, 32, 48, 32, 120, 32, 120, 32, 120, 32, 120, 32, 48, 32, 48, 32, 45, 32, 45, 32, 45, 32, 45, 10, 45, 32, 45, 32, 45, 32, 48, 32, 48, 32, 120, 32, 120, 32, 120, 32, 120, 32, 120, 32, 48, 32, 48, 32, 45, 32, 45, 32, 45, 32, 45, 32, 45, 32, 45, 32, 45, 32, 45, 32, 45, 32, 45, 32, 45, 32, 45, 32, 45, 32, 45, 32, 45, 32, 45, 32, 48, 32, 48, 32, 120, 32, 120, 32, 120, 32, 120, 32, 120, 32, 48, 32, 48, 32, 45, 32, 45, 32, 45, 10, 45, 32, 45, 32, 45, 32, 48, 32, 48, 32, 120, 32, 120, 32, 120, 32, 120, 32, 120, 32, 120, 32, 48, 32, 48, 32, 45, 32, 45, 32, 45, 32, 45, 32, 45, 32, 45, 32, 45, 32, 45, 32, 45, 32, 45, 32, 45, 32, 45, 32, 45, 32, 45, 32, 48, 32, 48, 32, 120, 32, 120, 32, 120, 32, 120, 32, 120, 32, 120, 32, 48, 32, 48, 32, 45, 32, 45, 32, 45, 10, 45, 32, 45, 32, 45, 32, 48, 32, 48, 32, 120, 32, 120, 32, 120, 32, 120, 32, 120, 32, 120, 32, 48, 32, 48, 32, 45, 32, 45, 32, 45, 32, 45, 32, 45, 32, 45, 32, 45, 32, 45, 32, 45, 32, 45, 32, 45, 32, 45, 32, 45, 32, 45, 32, 48, 32, 48, 32, 120, 32, 120, 32, 120, 32, 120, 32, 120, 32, 120, 32, 48, 32, 48, 32, 45, 32, 45, 32, 45, 10, 45, 32, 45, 32, 48, 32, 48, 32, 48, 32, 48, 32, 48, 32, 48, 32, 48, 32, 48, 32, 48, 32, 48, 32, 48, 32, 48, 32, 48, 32, 48, 32, 48, 32, 48, 32, 48, 32, 48, 32, 48, 32, 48, 32, 48, 32, 48, 32, 48, 32, 48, 32, 48, 32, 48, 32, 48, 32, 48, 32, 48, 32, 48, 32, 48, 32, 48, 32, 48, 32, 48, 32, 48, 32, 48, 32, 45, 32, 45, 10, 45, 32, 45, 32, 48, 32, 48, 32, 48, 32, 48, 32, 48, 32, 48, 32, 48, 32, 48, 32, 48, 32, 48, 32, 48, 32, 48, 32, 48, 32, 48, 32, 48, 32, 48, 32, 48, 32, 48, 32, 48, 32, 48, 32, 48, 32, 48, 32, 48, 32, 48, 32, 48, 32, 48, 32, 48, 32, 48, 32, 48, 32, 48, 32, 48, 32, 48, 32, 48, 32, 48, 32, 48, 32, 48, 32, 45, 32, 45, 10, 45, 32, 45, 32, 48, 32, 48, 32, 48, 32, 48, 32, 48, 32, 48, 32, 48, 32, 48, 32, 48, 32, 48, 32, 48, 32, 48, 32, 48, 32, 48, 32, 48, 32, 48, 32, 48, 32, 48, 32, 48, 32, 48, 32, 48, 32, 48, 32, 48, 32, 48, 32, 48, 32, 48, 32, 48, 32, 48, 32, 48, 32, 48, 32, 48, 32, 48, 32, 48, 32, 48, 32, 48, 32, 48, 32, 45, 32, 45, 10, 45, 32, 48, 32, 48, 32, 48, 32, 48, 32, 48, 32, 48, 32, 48, 32, 48, 32, 48, 32, 48, 32, 48, 32, 48, 32, 48, 32, 48, 32, 48, 32, 48, 32, 48, 32, 48, 32, 48, 32, 48, 32, 48, 32, 48, 32, 48, 32, 48, 32, 48, 32, 48, 32, 48, 32, 48, 32, 48, 32, 48, 32, 48, 32, 48, 32, 48, 32, 48, 32, 48, 32, 48, 32, 48, 32, 48, 32, 45, 10, 45, 32, 48, 32, 48, 32, 48, 32, 48, 32, 48, 32, 48, 32, 48, 32, 48, 32, 48, 32, 48, 32, 48, 32, 48, 32, 48, 32, 48, 32, 48, 32, 48, 32, 48, 32, 48, 32, 48, 32, 48, 32, 48, 32, 48, 32, 48, 32, 48, 32, 48, 32, 48, 32, 48, 32, 48, 32, 48, 32, 48, 32, 48, 32, 48, 32, 48, 32, 48, 32, 48, 32, 48, 32, 48, 32, 48, 32, 45, 10, 45, 32, 48, 32, 48, 32, 48, 32, 48, 32, 48, 32, 48, 32, 48, 32, 48, 32, 50, 32, 49, 32, 50, 32, 48, 32, 48, 32, 48, 32, 48, 32, 48, 32, 48, 32, 48, 32, 48, 32, 48, 32, 48, 32, 48, 32, 48, 32, 48, 32, 48, 32, 48, 32, 48, 32, 52, 32, 51, 32, 52, 32, 48, 32, 48, 32, 48, 32, 48, 32, 48, 32, 48, 32, 48, 32, 48, 32, 45, 10, 48, 32, 48, 32, 48, 32, 48, 32, 48, 32, 48, 32, 48, 32, 48, 32, 48, 32, 49, 32, 50, 32, 49, 32, 48, 32, 48, 32, 48, 32, 48, 32, 48, 32, 48, 32, 48, 32, 48, 32, 48, 32, 48, 32, 48, 32, 48, 32, 48, 32, 48, 32, 48, 32, 48, 32, 51, 32, 52, 32, 51, 32, 48, 32, 48, 32, 48, 32, 48, 32, 48, 32, 48, 32, 48, 32, 48, 32, 48, 10, 48, 32, 48, 32, 48, 32, 48, 32, 48, 32, 48, 32, 48, 32, 48, 32, 48, 32, 48, 32, 48, 32, 48, 32, 48, 32, 48, 32, 48, 32, 48, 32, 48, 32, 48, 32, 48, 32, 48, 32, 48, 32, 48, 32, 48, 32, 48, 32, 48, 32, 48, 32, 48, 32, 48, 32, 48, 32, 48, 32, 48, 32, 48, 32, 48, 32, 48, 32, 48, 32, 48, 32, 48, 32, 48, 32, 48, 32, 48, 10, 48, 32, 48, 32, 48, 32, 48, 32, 48, 32, 48, 32, 48, 32, 48, 32, 48, 32, 48, 32, 48, 32, 48, 32, 48, 32, 48, 32, 48, 32, 48, 32, 48, 32, 48, 32, 48, 32, 48, 32, 48, 32, 48, 32, 48, 32, 48, 32, 48, 32, 48, 32, 48, 32, 48, 32, 48, 32, 48, 32, 48, 32, 48, 32, 48, 32, 48, 32, 48, 32, 48, 32, 48, 32, 48, 32, 48, 32, 48, 10, 45, 32, 48, 32, 48, 32, 48, 32, 48, 32, 48, 32, 48, 32, 48, 32, 48, 32, 48, 32, 48, 32, 48, 32, 48, 32, 48, 32, 48, 32, 48, 32, 48, 32, 48, 32, 48, 32, 48, 32, 48, 32, 48, 32, 48, 32, 48, 32, 48, 32, 48, 32, 48, 32, 48, 32, 48, 32, 48, 32, 48, 32, 48, 32, 48, 32, 48, 32, 48, 32, 48, 32, 48, 32, 48, 32, 48, 32, 45, 10, 45, 32, 45, 32, 48, 32, 48, 32, 48, 32, 48, 32, 48, 32, 48, 32, 48, 32, 48, 32, 48, 32, 48, 32, 48, 32, 48, 32, 48, 32, 48, 32, 48, 32, 48, 32, 48, 32, 48, 32, 48, 32, 48, 32, 48, 32, 48, 32, 48, 32, 48, 32, 48, 32, 48, 32, 48, 32, 48, 32, 48, 32, 48, 32, 48, 32, 48, 32, 48, 32, 48, 32, 48, 32, 48, 32, 45, 32, 45, 10, 45, 32, 45, 32, 45, 32, 45, 32, 48, 32, 48, 32, 48, 32, 48, 32, 48, 32, 48, 32, 48, 32, 48, 32, 48, 32, 48, 32, 48, 32, 48, 32, 48, 32, 48, 32, 48, 32, 48, 32, 48, 32, 48, 32, 48, 32, 48, 32, 48, 32, 48, 32, 48, 32, 48, 32, 48, 32, 48, 32, 48, 32, 48, 32, 48, 32, 48, 32, 48, 32, 48, 32, 45, 32, 45, 32, 45, 32, 45, 10, 45, 32, 45, 32, 45, 32, 45, 32, 45, 32, 45, 32, 48, 32, 48, 32, 48, 32, 48, 32, 48, 32, 48, 32, 48, 32, 48, 32, 48, 32, 48, 32, 48, 32, 48, 32, 48, 32, 48, 32, 48, 32, 48, 32, 48, 32, 48, 32, 48, 32, 48, 32, 48, 32, 48, 32, 48, 32, 48, 32, 48, 32, 48, 32, 48, 32, 48, 32, 48, 32, 45, 32, 45, 32, 45, 32, 45, 32, 45, 10, 45, 32, 45, 32, 45, 32, 45, 32, 45, 32, 45, 32, 48, 32, 48, 32, 48, 32, 48, 32, 48, 32, 48, 32, 48, 32, 48, 32, 48, 32, 48, 32, 48, 32, 48, 32, 48, 32, 48, 32, 48, 32, 48, 32, 48, 32, 48, 32, 48, 32, 48, 32, 48, 32, 48, 32, 48, 32, 48, 32, 48, 32, 48, 32, 48, 32, 48, 32, 45, 32, 45, 32, 45, 32, 45, 32, 45, 32, 45, 10, 45, 32, 45, 32, 45, 32, 45, 32, 45, 32, 45, 32, 45, 32, 45, 32, 48, 32, 48, 32, 48, 32, 48, 32, 48, 32, 48, 32, 48, 32, 48, 32, 48, 32, 48, 32, 48, 32, 48, 32, 48, 32, 48, 32, 48, 32, 48, 32, 48, 32, 48, 32, 48, 32, 48, 32, 48, 32, 48, 32, 48, 32, 48, 32, 45, 32, 45, 32, 45, 32, 45, 32, 45, 32, 45, 32, 45, 32, 45, 10, 45, 32, 45, 32, 45, 32, 45, 32, 45, 32, 45, 32, 45, 32, 45, 32, 45, 32, 45, 32, 48, 32, 48, 32, 48, 32, 48, 32, 48, 32, 48, 32, 48, 32, 48, 32, 48, 32, 48, 32, 48, 32, 48, 32, 48, 32, 48, 32, 48, 32, 48, 32, 48, 32, 48, 32, 48, 32, 48, 32, 45, 32, 45, 32, 45, 32, 45, 32, 45, 32, 45, 32, 45, 32, 45, 32, 45, 32, 45, 10, 45, 32, 45, 32, 45, 32, 45, 32, 45, 32, 45, 32, 45, 32, 45, 32, 45, 32, 45, 32, 45, 32, 48, 32, 48, 32, 48, 32, 48, 32, 48, 32, 48, 32, 48, 32, 48, 32, 48, 32, 48, 32, 48, 32, 48, 32, 48, 32, 48, 32, 48, 32, 48, 32, 48, 32, 48, 32, 45, 32, 45, 32, 45, 32, 45, 32, 45, 32, 45, 32, 45, 32, 45, 32, 45, 32, 45, 32, 45, 10, 45, 32, 45, 32, 45, 32, 45, 32, 45, 32, 45, 32, 45, 32, 45, 32, 45, 32, 45, 32, 45, 32, 45, 32, 48, 32, 48, 32, 48, 32, 48, 32, 48, 32, 48, 32, 48, 32, 48, 32, 48, 32, 48, 32, 48, 32, 48, 32, 48, 32, 48, 32, 48, 32, 48, 32, 45, 32, 45, 32, 45, 32, 45, 32, 45, 32, 45, 32, 45, 32, 45, 32, 45, 32, 45, 32, 45, 32, 45, 10, 45, 32, 45, 32, 45, 32, 45, 32, 45, 32, 45, 32, 45, 32, 45, 32, 45, 32, 45, 32, 45, 32, 45, 32, 45, 32, 48, 32, 48, 32, 48, 32, 48, 32, 48, 32, 48, 32, 48, 32, 48, 32, 48, 32, 48, 32, 48, 32, 48, 32, 48, 32, 48, 32, 45, 32, 45, 32, 45, 32, 45, 32, 45, 32, 45, 32, 45, 32, 45, 32, 45, 32, 45, 32, 45, 32, 45, 32, 45, 10, 45, 32, 45, 32, 45, 32, 45, 32, 45, 32, 45, 32, 45, 32, 45, 32, 45, 32, 45, 32, 45, 32, 45, 32, 45, 32, 45, 32, 45, 32, 48, 32, 48, 32, 48, 32, 48, 32, 48, 32, 48, 32, 48, 32, 48, 32, 48, 32, 48, 32, 45, 32, 45, 32, 45, 32, 45, 32, 45, 32, 45, 32, 45, 32, 45, 32, 45, 32, 45, 32, 45, 32, 45, 32, 45, 32, 45, 32, 45, 10, 45, 32, 45, 32, 45, 32, 45, 32, 45, 32, 45, 32, 45, 32, 45, 32, 45, 32, 45, 32, 45, 32, 45, 32, 45, 32, 45, 32, 45, 32, 45, 32, 45, 32, 48, 32, 48, 32, 48, 32, 48, 32, 48, 32, 48, 32, 45, 32, 45, 32, 45, 32, 45, 32, 45, 32, 45, 32, 45, 32, 45, 32, 45, 32, 45, 32, 45, 32, 45, 32, 45, 32, 45, 32, 45, 32, 45, 32, 45, 10, 45, 32, 45, 32, 45, 32, 45, 32, 45, 32, 45, 32, 45, 32, 45, 32, 45, 32, 45, 32, 45, 32, 45, 32, 45, 32, 45, 32, 45, 32, 45, 32, 45, 32, 45, 32, 48, 32, 48, 32, 48, 32, 48, 32, 45, 32, 45, 32, 45, 32, 45, 32, 45, 32, 45, 32, 45, 32, 45, 32, 45, 32, 45, 32, 45, 32, 45, 32, 45, 32, 45, 32, 45, 32, 45, 32, 45, 32, 45, 10, 45, 32, 45, 32, 45, 32, 45, 32, 45, 32, 45, 32, 45, 32, 45, 32, 45, 32, 45, 32, 45, 32, 45, 32, 45, 32, 45, 32, 45, 32, 45, 32, 45, 32, 45, 32, 45, 32, 99, 32, 99, 32, 45, 32, 45, 32, 45, 32, 45, 32, 45, 32, 45, 32, 45, 32, 45, 32, 45, 32, 45, 32, 45, 32, 45, 32, 45, 32, 45, 32, 45, 32, 45, 32, 45, 32, 45, 32, 45, 10, 55, 32, 48, 32, 48, 32, 60, 45, 62, 32, 51, 50, 32, 48, 32, 48, 10]
XT01-03-PL-01
XT01-05-PL-01-09-18-SF-00
XT01-06-PL-01-09-18-SF-00
XT01-06-PL-02-08-19-SF-00
XT01-06-PL-03-28-18-SF-00
XT01-06-PL-04-27-19-SF-00
XT01-05-PL-01-11-18-SF-00
XT01-06-PL-01-11-18-SF-00
XT01-06-PL-02-12-19-SF-00
XT01-06-PL-03-30-18-SF-00
XT01-06-PL-04-31-19-SF-00
XT01-05-PL-01-07-18-SF-00
XT01-06-PL-01-07-18-SF-00
XT01-06-PL-02-10-17-SF-00
XT01-06-PL-03-26-18-SF-00
XT01-06-PL-04-29-17-SF-00
XT01-05-PL-01-13-19-SF-00
XT01-06-PL-01-13-19-SF-00
XT01-06-PL-02-07-20-SF-00
XT01-06-PL-03-32-19-SF-00
XT01-06-PL-04-26-20-SF-00
XT01-05-PL-01-09-16-SF-00
XT01-06-PL-01-09-16-SF-00
XT01-06-PL-02-14-19-SF-00
XT01-06-PL-03-28-16-SF-00
XT01-06-PL-04-33-19-SF-00
XT01-05-PL-01-06-21-SF-00
XT01-06-PL-01-06-21-SF-00
XT01-06-PL-02-08-15-SF-00
XT01-06-PL-03-25-21-SF-00
XT01-06-PL-04-26-19-SF-00
XT01-05-PL-01-15-19-SF-00
XT01-06-PL-01-15-19-SF-00
XT01-06-PL-02-05-22-SF-00
XT01-06-PL-03-32-18-SF-00
XT01-06-PL-04-32-17-SF-00
XT01-05-PL-01-08-17-SF-00
XT01-06-PL-01-08-17-SF-00
XT01-06-PL-02-16-19-SF-00
XT01-06-PL-03-33-17-SF-00
XT01-06-PL-04-34-17-SF-00
XT01-05-PL-01-11-17-SF-00
XT01-06-PL-01-11-17-SF-00
XT01-06-PL-02-06-19-SF-00
XT01-06-PL-03-34-16-SF-00
XT01-06-PL-04-34-15-SF-00
XT01-05-PL-01-07-19-SF-00
XT01-06-PL-01-07-19-SF-00
XT01-06-PL-02-10-21-SF-00
XT01-06-PL-03-34-20-SF-00
XT01-06-PL-04-34-19-SF-00
XT01-05-PL-01-09-21-SF-00
XT01-06-PL-01-09-21-SF-00
XT01-06-PL-02-11-16-SF-00
XT01-06-PL-03-32-16-SF-00
XT01-06-PL-04-32-15-SF-00
XT01-05-PL-01-12-17-SF-00
XT01-06-PL-01-12-17-SF-00
XT01-06-PL-02-10-18-SF-00
XT01-06-PL-03-31-15-SF-00
XT01-06-PL-04-29-21-SF-00
XT01-05-PL-01-12-16-SF-00
XT01-06-PL-01-12-16-SF-00
XT01-06-PL-02-13-17-SF-00
XT01-06-PL-03-32-20-SF-00
XT01-06-PL-04-32-21-SF-00
XT01-05-PL-01-12-20-SF-00
XT01-06-PL-01-12-20-SF-00
XT01-06-PL-02-11-21-SF-00
XT01-06-PL-03-30-22-SF-00
XT01-06-PL-04-30-15-SF-00
XT01-05-PL-01-13-16-SF-00
XT01-06-PL-01-13-16-SF-00
XT01-06-PL-02-08-20-SF-00
XT01-06-PL-03-29-18-SF-00
XT01-06-PL-04-27-17-SF-00
XT01-05-PL-01-09-17-SF-00
XT01-06-PL-01-09-17-SF-00
XT01-06-PL-02-14-16-SF-00
XT01-06-PL-03-28-17-SF-00
XT01-06-PL-04-30-17-SF-00
XT01-05-PL-01-13-21-SF-00
XT01-06-PL-01-13-21-SF-00
XT01-06-PL-02-10-16-SF-00
XT01-06-PL-03-31-17-SF-00
XT01-06-PL-04-27-20-SF-00
XT01-05-PL-01-06-20-SF-00
XT01-06-PL-01-06-20-SF-00
XT01-06-PL-02-08-21-SF-00
XT01-06-PL-03-29-16-SF-00
XT01-06-PL-04-34-18-SF-00
XT01-05-PL-01-07-16-SF-00
XT01-06-PL-01-07-16-SF-00
XT01-06-PL-02-07-17-SF-00
XT01-06-PL-03-31-20-SF-00
XT01-06-PL-04-25-20-SF-00
XT01-05-PL-01-07-21-SF-00
XT01-06-PL-01-07-21-SF-00
XT01-06-PL-02-06-22-SF-00
XT01-06-PL-03-28-21-SF-00
XT01-06-PL-04-28-22-SF-00
XT01-05-PL-01-08-16-SF-00
XT01-06-PL-01-08-16-SF-00
XT01-06-PL-02-06-16-SF-00
XT01-06-PL-03-28-23-SF-00
XT01-06-PL-04-27-21-SF-00
XT01-05-PL-01-06-15-SF-00
XT01-06-PL-01-06-15-SF-00
XT01-06-PL-02-14-22-SF-00
XT01-06-PL-03-30-16-SF-00
XT01-06-PL-04-27-16-SF-00
XT01-05-PL-01-08-18-SF-00
XT01-06-PL-01-08-18-SF-00
XT01-06-PL-02-05-21-SF-00
XT01-06-PL-03-26-21-SF-00
XT01-06-PL-04-24-22-SF-00
XT01-05-PL-01-07-22-SF-00
XT01-06-PL-01-07-22-SF-00
XT01-06-PL-02-06-23-SF-00
XT01-06-PL-03-27-18-SF-00
XT01-06-PL-04-25-19-SF-00
XT01-05-PL-01-12-21-SF-00
XT01-06-PL-01-12-21-SF-00
XT01-06-PL-02-09-22-SF-00
XT01-06-PL-03-25-17-SF-00
XT01-06-PL-04-29-15-SF-00
XT01-05-PL-01-12-18-SF-00
XT01-06-PL-01-12-18-SF-00
XT01-06-PL-02-12-22-SF-00
XT01-06-PL-03-24-18-SF-00
XT01-06-PL-04-24-20-SF-00
XT01-05-PL-01-13-22-SF-00
XT01-06-PL-01-13-22-SF-00
XT01-06-PL-02-07-15-SF-00
XT01-06-PL-03-26-17-SF-00
XT01-06-PL-04-27-22-SF-00
XT01-05-PL-01-11-15-SF-00
XT01-06-PL-01-11-15-SF-00
XT01-06-PL-02-12-14-SF-00
XT01-06-PL-03-25-22-SF-00
XT01-06-PL-04-31-18-SF-00
XT01-05-PL-01-13-18-SF-00
XT01-06-PL-01-13-18-SF-00
XT01-06-PL-02-14-18-SF-00
XT01-06-PL-03-25-18-SF-00
XT01-06-PL-04-24-17-SF-00
XT01-05-PL-01-15-20-SF-00
XT01-06-PL-01-15-20-SF-00
XT01-06-PL-02-14-17-SF-00
XT01-06-PL-03-35-19-SF-00
XT01-06-PL-04-35-21-SF-00
XT01-05-PL-01-15-18-SF-00
XT01-06-PL-01-15-18-SF-00
XT01-06-PL-02-05-15-SF-00
XT01-06-PL-03-25-16-SF-00
XT01-06-PL-04-23-18-SF-00
XT01-05-PL-01-06-18-SF-00
XT01-06-PL-01-06-18-SF-00
XT01-06-PL-02-06-17-SF-00
XT01-06-PL-03-31-16-SF-00
XT01-06-PL-04-33-16-SF-00
XT01-05-PL-01-05-14-SF-00
XT01-06-PL-01-05-14-SF-00
XT01-06-PL-02-16-18-SF-00
XT01-06-PL-03-33-20-SF-00
XT01-06-PL-04-27-23-SF-00
XT01-05-PL-01-10-09-SF-00
XT01-06-PL-01-10-09-SF-00
XT01-06-PL-02-14-20-SF-00
XT01-06-PL-03-22-19-SF-00
XT01-06-PL-04-23-17-SF-00
XT01-05-PL-01-05-06-SF-00
XT01-06-PL-01-05-06-SF-00
XT01-06-PL-02-16-20-SF-00
XT01-06-PL-03-26-16-SF-00
XT01-06-PL-04-24-16-SF-00
XT01-05-PL-01-16-21-SF-00
XT01-06-PL-01-16-21-SF-00
XT01-06-PL-02-15-21-SF-00
XT01-06-PL-03-23-19-SF-00
XT01-06-PL-04-26-22-SF-00
XT01-05-PL-01-16-17-SF-00
XT01-06-PL-01-16-17-SF-00
XT01-06-PL-02-17-18-SF-00
XT01-06-PL-03-28-24-SF-00
XT01-06-PL-04-23-20-SF-00
XT01-05-PL-01-14-21-SF-00
XT01-06-PL-01-14-21-SF-00
XT01-06-PL-02-17-21-SF-00
XT01-06-PL-03-22-18-SF-00
XT01-06-PL-04-21-18-SF-00
XT01-05-PL-01-18-17-SF-00
XT01-06-PL-01-18-17-SF-00
XT01-06-PL-02-10-15-SF-00
XT01-06-PL-03-33-15-SF-00
XT01-06-PL-04-29-25-SF-00
XT01-05-PL-01-05-19-SF-00
XT01-06-PL-01-05-19-SF-00
XT01-06-PL-02-05-20-SF-00
XT01-06-PL-03-33-18-SF-00
XT01-06-PL-04-30-21-SF-00
XT01-05-PL-01-16-22-SF-00
XT01-06-PL-01-16-22-SF-00
XT01-06-PL-02-17-23-SF-00
XT01-06-PL-03-35-17-SF-00
XT01-06-PL-04-35-18-SF-00
XT01-05-PL-01-09-07-SF-00
XT01-06-PL-01-09-07-SF-00
XT01-06-PL-02-17-20-SF-00
XT01-06-PL-03-23-16-SF-00
XT01-06-PL-04-34-14-SF-00
XT01-05-PL-01-17-19-SF-00
XT01-06-PL-01-17-19-SF-00
XT01-06-PL-02-17-17-SF-00
XT01-06-PL-03-26-23-SF-00
XT01-06-PL-04-29-09-SF-00
XT01-05-PL-01-18-19-SF-00
XT01-06-PL-01-18-19-SF-00
XT01-06-PL-02-18-18-SF-00
XT01-06-PL-03-31-21-SF-00
XT01-06-PL-04-34-06-SF-00
XT01-05-PL-01-09-15-SF-00
XT01-06-PL-01-09-15-SF-00
XT01-06-PL-02-05-17-SF-00
XT01-06-PL-03-35-16-SF-00
XT01-06-PL-04-25-23-SF-00
XT01-05-PL-01-08-22-SF-00
XT01-06-PL-01-08-22-SF-00
XT01-06-PL-02-07-23-SF-00
XT01-06-PL-03-25-24-SF-00
XT01-06-PL-04-24-21-SF-00
XT01-05-PL-01-13-20-SF-00
XT01-06-PL-01-13-20-SF-00
XT01-06-PL-02-13-23-SF-00
XT01-06-PL-03-20-17-SF-00
XT01-06-PL-04-30-23-SF-00
XT01-05-PL-01-04-20-SF-00
XT01-06-PL-01-04-20-SF-00
XT01-06-PL-02-04-18-SF-00
XT01-06-PL-03-24-19-SF-00
XT01-06-PL-04-23-21-SF-00
XT01-05-PL-01-05-18-SF-00
XT01-06-PL-01-05-18-SF-00
XT01-06-PL-02-04-21-SF-00
XT01-06-PL-03-22-20-SF-00
XT01-06-PL-04-21-20-SF-00
XT01-05-PL-01-09-23-SF-00
XT01-06-PL-01-09-23-SF-00
XT01-06-PL-02-08-23-SF-00
XT01-06-PL-03-30-14-SF-00
XT01-06-PL-04-29-14-SF-00
XT01-05-PL-01-08-24-SF-00
XT01-06-PL-01-08-24-SF-00
XT01-06-PL-02-10-24-SF-00
XT01-06-PL-03-28-12-SF-00
XT01-06-PL-04-24-25-SF-00
XT01-05-PL-01-15-16-SF-00
XT01-06-PL-01-15-16-SF-00
XT01-06-PL-02-08-14-SF-00
XT01-06-PL-03-21-19-SF-00
XT01-06-PL-04-22-16-SF-00
XT01-05-PL-01-04-19-SF-00
XT01-06-PL-01-04-19-SF-00
XT01-06-PL-02-04-10-SF-00
XT01-06-PL-03-21-16-SF-00
XT01-06-PL-04-21-17-SF-00
XT01-05-PL-01-10-14-SF-00
XT01-06-PL-01-10-14-SF-00
XT01-06-PL-02-11-11-SF-00
XT01-06-PL-03-29-23-SF-00
XT01-06-PL-04-24-23-SF-00
XT01-05-PL-01-13-24-SF-00
XT01-06-PL-01-13-24-SF-00
XT01-06-PL-02-10-10-SF-00
XT01-06-PL-03-26-24-SF-00
XT01-06-PL-04-27-25-SF-00
XT01-05-PL-01-10-22-SF-00
XT01-06-PL-01-10-22-SF-00
XT01-06-PL-02-10-08-SF-00
XT01-06-PL-03-20-20-SF-00
XT01-06-PL-04-19-20-SF-00
XT01-05-PL-01-09-14-SF-00
XT01-06-PL-01-09-14-SF-00
XT01-06-PL-02-05-07-SF-00
XT01-06-PL-03-23-22-SF-00
XT01-06-PL-04-22-17-SF-00
XT01-05-PL-01-04-07-SF-00
XT01-06-PL-01-04-07-SF-00
XT01-06-PL-02-16-16-SF-00
XT01-06-PL-03-20-21-SF-00
XT01-06-PL-04-30-07-SF-00
XT01-05-PL-01-11-12-SF-00
XT01-06-PL-01-11-12-SF-00
XT01-06-PL-02-13-25-SF-00
XT01-06-PL-03-34-21-SF-00
XT01-06-PL-04-35-20-SF-00
XT01-05-PL-01-07-14-SF-00
XT01-06-PL-01-07-14-SF-00
XT01-06-PL-02-21-22-SF-00
XT01-06-PL-03-36-19-SF-00
XT01-06-PL-04-36-21-SF-00
XT01-05-PL-01-04-11-SF-00
XT01-06-PL-01-04-11-SF-00
XT01-06-PL-02-03-11-SF-00
XT01-06-PL-03-31-22-SF-00
XT01-06-PL-04-29-22-SF-00
XT01-05-PL-01-15-17-SF-00
XT01-06-PL-01-15-17-SF-00
XT01-06-PL-02-36-20-SF-00
XT01-06-PL-03-31-24-SF-00
XT01-06-PL-04-33-21-SF-00
XT01-05-PL-01-19-19-SF-00
XT01-06-PL-01-19-19-SF-00
XT01-06-PL-02-19-17-SF-00
XT01-06-PL-03-04-17-SF-00
XT01-06-PL-04-22-23-SF-00
XT01-05-PL-01-14-23-SF-00
XT01-06-PL-01-14-23-SF-00
XT01-06-PL-02-14-24-SF-00
XT01-06-PL-03-12-24-SF-00
XT01-06-PL-04-22-21-SF-00
XT01-05-PL-01-15-22-SF-00
XT01-06-PL-01-15-22-SF-00
XT01-06-PL-02-04-16-SF-00
XT01-06-PL-03-32-22-SF-00
XT01-06-PL-04-31-23-SF-00
XT01-05-PL-01-17-16-SF-00
XT01-06-PL-01-17-16-SF-00
XT01-06-PL-02-18-16-SF-00
XT01-06-PL-03-25-25-SF-00
XT01-06-PL-04-24-24-SF-00
XT01-05-PL-01-05-16-SF-00
XT01-06-PL-01-05-16-SF-00
XT01-06-PL-02-10-23-SF-00
XT01-06-PL-03-29-24-SF-00
XT01-06-PL-04-33-22-SF-00
XT01-05-PL-01-10-25-SF-00
XT01-06-PL-01-10-25-SF-00
XT01-06-PL-02-11-22-SF-00
XT01-06-PL-03-33-23-SF-00
XT01-06-PL-04-30-24-SF-00
XT01-05-PL-01-15-25-SF-00
XT01-06-PL-01-15-25-SF-00
XT01-06-PL-02-18-21-SF-00
XT01-06-PL-03-21-21-SF-00
XT01-06-PL-04-32-23-SF-00
XT01-05-PL-01-09-24-SF-00
XT01-06-PL-01-09-24-SF-00
XT01-06-PL-02-15-23-SF-00
XT01-06-PL-03-03-19-SF-00
XT01-06-PL-04-20-19-SF-00
XT01-05-PL-01-16-23-SF-00
XT01-06-PL-01-16-23-SF-00
XT01-06-PL-02-16-24-SF-00
XT01-06-PL-03-17-22-SF-00
XT01-06-PL-04-27-24-SF-00
XT01-05-PL-01-18-23-SF-00
XT01-06-PL-01-18-23-SF-00
XT01-06-PL-02-19-24-SF-00
XT01-06-PL-03-03-21-SF-00
XT01-06-PL-04-19-16-SF-00
XT01-05-PL-01-11-23-SF-00
XT01-06-PL-01-11-23-SF-00
XT01-06-PL-02-09-25-SF-00
XT01-06-PL-03-26-25-SF-00
XT01-06-PL-04-12-23-SF-00
XT01-05-PL-01-08-25-SF-00
XT01-06-PL-01-08-25-SF-00
XT01-06-PL-02-18-20-SF-00
XT01-06-PL-03-15-24-SF-00
XT01-06-PL-04-23-24-SF-00
XT01-05-PL-01-16-25-SF-00
XT01-06-PL-01-16-25-SF-00
XT01-06-PL-02-11-24-SF-00
XT01-06-PL-03-04-22-SF-00
XT01-06-PL-04-28-25-SF-00
XT01-05-PL-01-14-25-SF-00
XT01-06-PL-01-14-25-SF-00
XT01-06-PL-02-12-25-SF-00
XT01-06-PL-03-27-26-SF-00
XT01-06-PL-04-28-26-SF-00
XT01-05-PL-01-09-09-SF-00
XT01-06-PL-01-09-09-SF-00
XT01-06-PL-02-16-26-SF-00
XT01-06-PL-03-13-26-SF-00
XT01-06-PL-04-32-24-SF-00
XT01-05-PL-01-12-12-SF-00
XT01-06-PL-01-12-12-SF-00
XT01-06-PL-02-14-27-SF-00
XT01-06-PL-03-31-25-SF-00
XT01-06-PL-04-35-15-SF-00
XT01-05-PL-01-10-07-SF-00
XT01-06-PL-01-10-07-SF-00
XT01-06-PL-02-06-14-SF-00
XT01-06-PL-03-36-14-SF-00
XT01-06-PL-04-26-27-SF-00
XT01-05-PL-01-11-25-SF-00
XT01-06-PL-01-11-25-SF-00
XT01-06-PL-02-09-08-SF-00
XT01-06-PL-03-10-26-SF-00
XT01-06-PL-04-24-26-SF-00
XT01-05-PL-01-17-26-SF-00
XT01-06-PL-01-17-26-SF-00
XT01-06-PL-02-14-26-SF-00
XT01-06-PL-03-09-06-SF-00
XT01-06-PL-04-25-26-SF-00
XT01-05-PL-01-15-26-SF-00
XT01-06-PL-01-15-26-SF-00
XT01-06-PL-02-17-24-SF-00
XT01-06-PL-03-12-27-SF-00
XT01-06-PL-04-30-25-SF-00
XT01-05-PL-01-11-26-SF-00
XT01-06-PL-01-11-26-SF-00
XT01-06-PL-02-12-26-SF-00
XT01-06-PL-03-18-26-SF-00
XT01-06-PL-04-31-14-SF-00
XT01-05-PL-01-19-18-SF-00
XT01-06-PL-01-19-18-SF-00
XT01-06-PL-02-20-18-SF-00
XT01-06-PL-03-28-11-SF-00
XT01-06-PL-04-35-10-SF-00
XT01-05-PL-01-16-27-SF-00
XT01-06-PL-01-16-27-SF-00
XT01-06-PL-02-16-28-SF-00
XT01-06-PL-03-34-07-SF-00
XT01-06-PL-04-35-07-SF-00
XT01-05-PL-01-15-27-SF-00
XT01-06-PL-01-15-27-SF-00
XT01-06-PL-02-13-27-SF-00
XT01-06-PL-03-20-16-SF-00
XT01-06-PL-04-29-10-SF-00
XT01-05-PL-01-17-25-SF-00
XT01-06-PL-01-17-25-SF-00
XT01-06-PL-02-17-27-SF-00
XT01-06-PL-03-29-26-SF-00
XT01-06-PL-04-34-22-SF-00
XT01-05-PL-01-18-25-SF-00
XT01-06-PL-01-18-25-SF-00
XT01-06-PL-02-03-20-SF-00
XT01-06-PL-03-16-29-SF-00
XT01-06-PL-04-35-11-SF-00
XT01-05-PL-01-18-27-SF-00
XT01-06-PL-01-18-27-SF-00
XT01-06-PL-02-19-26-SF-00
XT01-06-PL-03-19-21-SF-00
XT01-06-PL-04-27-12-SF-00
XT01-05-PL-01-19-25-SF-00
XT01-06-PL-01-19-25-SF-00
XT01-06-PL-02-13-28-SF-00
XT01-06-PL-03-15-28-SF-00
XT01-06-PL-04-33-14-SF-00
XT01-05-PL-01-20-25-SF-00
XT01-06-PL-01-20-25-SF-00
XT01-06-PL-02-19-27-SF-00
XT01-06-PL-03-23-25-SF-00
XT01-06-PL-04-23-23-SF-00
XT01-05-PL-01-17-28-SF-00
XT01-06-PL-01-17-28-SF-00
XT01-06-PL-02-20-27-SF-00
XT01-06-PL-03-17-29-SF-00
XT01-06-PL-04-22-26-SF-00
XT01-05-PL-01-18-24-SF-00
XT01-06-PL-01-18-24-SF-00
XT01-06-PL-02-18-28-SF-00
XT01-06-PL-03-20-26-SF-00
XT01-06-PL-04-23-26-SF-00
XT01-05-PL-01-15-30-SF-00
XT01-06-PL-01-15-30-SF-00
XT01-06-PL-02-21-27-SF-00
XT01-06-PL-03-22-24-SF-00
XT01-06-PL-04-22-22-SF-00
XT01-05-PL-01-20-23-SF-00
XT01-06-PL-01-20-23-SF-00
XT01-06-PL-02-35-22-SF-00
XT01-06-PL-03-20-24-SF-00
XT01-06-PL-04-21-24-SF-00
XT01-05-PL-01-18-22-SF-00
XT01-06-PL-01-18-22-SF-00
XT01-06-PL-02-32-14-SF-00
XT01-06-PL-03-19-22-SF-00
XT01-06-PL-04-20-28-SF-00
XT01-05-PL-01-19-23-SF-00
XT01-06-PL-01-19-23-SF-00
XT01-06-PL-02-19-29-SF-00
XT01-06-PL-03-23-27-SF-00
XT01-06-PL-04-18-30-SF-00
XT01-05-PL-01-20-29-SF-00
XT01-06-PL-01-20-29-SF-00
XT01-06-PL-02-19-28-SF-00
XT01-06-PL-03-22-25-SF-00
XT01-06-PL-04-22-27-SF-00
XT01-05-PL-01-14-28-SF-00
XT01-06-PL-01-14-28-SF-00
XT01-06-PL-02-21-28-SF-00
XT01-06-PL-03-19-30-SF-00
XT01-06-PL-04-18-31-SF-00
XT01-05-PL-01-21-30-SF-00
XT01-06-PL-01-21-30-SF-00
XT01-06-PL-02-20-30-SF-00
XT01-06-PL-03-15-29-SF-00
XT01-06-PL-04-20-22-SF-00
XT01-05-PL-01-21-23-SF-00
XT01-06-PL-01-21-23-SF-00
XT01-06-PL-02-22-28-SF-00
XT01-06-PL-03-22-29-SF-00
XT01-06-PL-04-26-26-SF-00
XT01-05-PL-01-21-26-SF-00
XT01-06-PL-01-21-26-SF-00
XT01-06-PL-02-21-25-SF-00
XT01-06-PL-03-20-31-SF-00
XT01-06-PL-04-16-30-SF-00
XT01-05-PL-01-22-31-SF-00
XT01-06-PL-01-22-31-SF-00
XT01-06-PL-02-23-30-SF-00
XT01-06-PL-03-26-28-SF-00
XT01-06-PL-04-25-27-SF-00
XT01-05-PL-01-18-29-SF-00
XT01-06-PL-01-18-29-SF-00
XT01-06-PL-02-21-31-SF-00
XT01-06-PL-03-17-30-SF-00
XT01-06-PL-04-27-27-SF-00
XT01-05-PL-01-24-29-SF-00
XT01-06-PL-01-24-29-SF-00
XT01-06-PL-02-19-32-SF-00
XT01-06-PL-03-17-31-SF-00
XT01-06-PL-04-25-29-SF-00
XT01-05-PL-01-22-30-SF-00
XT01-06-PL-01-22-30-SF-00
XT01-06-PL-02-19-31-SF-00
XT01-06-PL-03-24-27-SF-00
XT01-06-PL-04-23-29-SF-00
XT01-05-PL-01-04-15-SF-00
XT01-06-PL-01-04-15-SF-00
XT01-06-PL-02-03-14-SF-00
XT01-06-PL-03-14-29-SF-00
XT01-06-PL-04-03-18-SF-00
XT01-05-PL-01-02-17-SF-00
XT01-06-PL-01-02-17-SF-00
XT01-06-PL-02-28-15-SF-00
XT01-06-PL-03-36-18-SF-00
XT01-06-PL-04-37-17-SF-00
XT01-05-PL-01-03-22-SF-00
XT01-06-PL-01-03-22-SF-00
XT01-06-PL-02-21-29-SF-00
XT01-06-PL-03-36-22-SF-00
XT01-06-PL-04-05-23-SF-00
XT01-05-PL-01-33-24-SF-00
XT01-06-PL-01-33-24-SF-00
XT01-06-PL-02-04-24-SF-00
XT01-06-PL-03-27-14-SF-00
XT01-06-PL-04-34-23-SF-00
XT01-05-PL-01-09-26-SF-00
XT01-06-PL-01-09-26-SF-00
XT01-06-PL-02-35-24-SF-00
XT01-06-PL-03-08-27-SF-00
XT01-06-PL-04-32-25-SF-00
XT01-05-PL-01-07-24-SF-00
XT01-06-PL-01-07-24-SF-00
XT01-06-PL-02-37-23-SF-00
XT01-06-PL-03-06-25-SF-00
XT01-06-PL-04-34-25-SF-00
XT01-05-PL-01-30-26-SF-00
XT01-06-PL-01-30-26-SF-00
XT01-06-PL-02-24-30-SF-00
XT01-06-PL-03-31-27-SF-00
XT01-06-PL-04-11-27-SF-00
XT01-05-PL-01-12-28-SF-00
XT01-06-PL-01-12-28-SF-00
XT01-06-PL-02-02-23-SF-00
XT01-06-PL-03-10-28-SF-00
XT01-06-PL-04-28-27-SF-00
XT01-05-PL-01-27-28-SF-00
XT01-06-PL-01-27-28-SF-00
XT01-06-PL-02-24-28-SF-00
XT01-06-PL-03-29-28-SF-00
XT01-06-PL-04-20-32-SF-00
XT01-05-PL-01-23-28-SF-00
XT01-06-PL-01-23-28-SF-00
XT01-06-PL-02-26-29-SF-00
XT01-06-PL-03-11-29-SF-00
XT01-06-PL-04-13-29-SF-00
XT01-05-PL-01-25-28-SF-00
XT01-06-PL-01-25-28-SF-00
XT01-06-PL-02-14-30-SF-00
XT01-06-PL-03-28-29-SF-00
XT01-06-PL-04-25-30-SF-00
XT01-05-PL-01-16-31-SF-00
XT01-06-PL-01-16-31-SF-00
XT01-06-PL-02-26-31-SF-00
XT01-06-PL-03-27-30-SF-00
XT01-06-PL-04-21-32-SF-00
XT01-05-PL-01-19-33-SF-00
XT01-06-PL-01-19-33-SF-00
XT01-06-PL-02-22-33-SF-00
XT01-06-PL-03-25-32-SF-00
XT01-06-PL-04-18-34-SF-00
XT01-05-PL-01-23-31-SF-00
XT01-06-PL-01-23-31-SF-00
XT01-06-PL-02-12-30-SF-00
XT01-06-PL-03-33-26-SF-00
XT01-06-PL-04-32-27-SF-00
XT01-05-PL-01-20-33-SF-00
XT01-06-PL-01-20-33-SF-00
XT01-06-PL-02-31-28-SF-00
XT01-06-PL-03-33-27-SF-00
XT01-06-PL-04-32-26-SF-00
XT01-05-PL-01-31-26-SF-00
XT01-06-PL-01-31-26-SF-00
XT01-06-PL-02-21-34-SF-00
XT01-06-PL-03-34-26-SF-00
XT01-06-PL-04-24-31-SF-00
XT01-05-PL-01-18-32-SF-00
XT01-06-PL-01-18-32-SF-00
XT01-06-PL-02-33-25-SF-00
XT01-06-PL-03-17-33-SF-00
XT01-06-PL-04-28-13-SF-00
XT01-05-PL-01-35-25-SF-00
XT01-06-PL-01-35-25-SF-00
XT01-06-PL-02-15-32-SF-00
XT01-06-PL-03-34-24-SF-00
XT01-06-PL-04-04-14-SF-00
XT01-05-PL-01-03-13-SF-00
XT01-06-PL-01-03-13-SF-00
XT01-06-PL-02-03-12-SF-00
XT01-06-PL-03-36-24-SF-00
XT01-06-PL-04-11-14-SF-00
XT01-05-PL-01-02-14-SF-00
XT01-06-PL-01-02-14-SF-00
XT01-06-PL-02-12-13-SF-00
XT01-06-PL-03-38-22-SF-00
XT01-06-PL-04-11-13-SF-00
XT01-05-PL-01-13-14-SF-00
XT01-06-PL-01-13-14-SF-00
XT01-06-PL-02-04-13-SF-00
XT01-06-PL-03-11-10-SF-00
XT01-06-PL-04-10-11-SF-00
XT01-05-PL-01-13-31-SF-00
XT01-06-PL-01-13-31-SF-00
XT01-06-PL-02-24-32-SF-00
XT01-06-PL-03-24-33-SF-00
XT01-06-PL-04-37-21-SF-00
XT01-05-PL-01-27-15-SF-00
XT01-06-PL-01-27-15-SF-00
XT01-06-PL-02-12-15-SF-00
XT01-06-PL-03-14-32-SF-00
XT01-06-PL-04-27-13-SF-00
XT01-05-PL-01-15-31-SF-00
XT01-06-PL-01-15-31-SF-00
XT01-06-PL-02-13-32-SF-00
XT01-06-PL-03-15-33-SF-00
XT01-06-PL-04-28-14-SF-00
XT01-05-PL-01-04-12-SF-00
XT01-06-PL-01-04-12-SF-00
XT01-06-PL-02-14-31-SF-00
XT01-06-PL-03-35-23-SF-00
XT01-06-PL-04-30-28-SF-00
XT01-05-PL-01-04-09-SF-00
XT01-06-PL-01-04-09-SF-00
XT01-06-PL-02-16-33-SF-00
XT01-06-PL-03-26-14-SF-00
XT01-06-PL-04-25-14-SF-00
XT01-05-PL-01-17-32-SF-00
XT01-06-PL-01-17-32-SF-00
XT01-06-PL-02-05-10-SF-00
XT01-06-PL-03-30-27-SF-00
XT01-06-PL-04-29-27-SF-00
XT01-05-PL-01-17-34-SF-00
XT01-06-PL-01-17-34-SF-00
XT01-06-PL-02-04-08-SF-00
XT01-06-PL-03-29-29-SF-00
XT01-06-PL-04-28-30-SF-00
XT01-05-PL-01-27-29-SF-00
XT01-06-PL-01-27-29-SF-00
XT01-06-PL-02-12-31-SF-00
XT01-06-PL-03-38-20-SF-00
XT01-06-PL-04-27-31-SF-00
XT01-05-PL-01-28-28-SF-00
XT01-06-PL-01-28-28-SF-00
XT01-06-PL-02-14-14-SF-00
XT01-06-PL-03-26-32-SF-00
XT01-06-PL-04-13-15-SF-00
XT01-05-PL-01-15-14-SF-00
XT01-06-PL-01-15-14-SF-00
XT01-06-PL-02-14-15-SF-00
XT01-06-PL-03-25-31-SF-00
XT01-06-PL-04-13-30-SF-00
XT01-05-PL-01-26-15-SF-00
XT01-06-PL-01-26-15-SF-00
XT01-06-PL-02-26-30-SF-00
XT01-06-PL-03-28-10-SF-00
XT01-06-PL-04-23-33-SF-00
XT01-05-PL-01-35-14-SF-00
XT01-06-PL-01-35-14-SF-00
XT01-06-PL-02-36-13-SF-00
XT01-06-PL-03-24-14-SF-00
XT01-06-PL-04-25-15-SF-00
XT01-05-PL-01-18-33-SF-00
XT01-06-PL-01-18-33-SF-00
XT01-06-PL-02-37-14-SF-00
XT01-06-PL-03-29-08-SF-00
XT01-06-PL-04-11-30-SF-00
XT01-05-PL-01-12-29-SF-00
XT01-06-PL-01-12-29-SF-00
XT01-06-PL-02-23-14-SF-00
XT01-06-PL-03-29-11-SF-00
XT01-06-PL-04-24-15-SF-00
XT01-05-PL-01-23-32-SF-00
XT01-06-PL-01-23-32-SF-00
XT01-06-PL-02-10-29-SF-00
XT01-06-PL-03-36-11-SF-00
XT01-06-PL-04-03-17-SF-00
XT01-05-PL-01-36-17-SF-00
XT01-06-PL-01-36-17-SF-00
XT01-06-PL-02-37-16-SF-00
XT01-06-PL-03-35-09-SF-00
XT01-06-PL-04-01-17-SF-00
XT01-05-PL-01-11-28-SF-00
XT01-06-PL-01-11-28-SF-00
XT01-06-PL-02-09-28-SF-00
XT01-06-PL-03-10-27-SF-00
XT01-06-PL-04-37-15-SF-00
XT01-05-PL-01-36-15-SF-00
XT01-06-PL-01-36-15-SF-00
XT01-06-PL-02-36-16-SF-00
XT01-06-PL-03-36-12-SF-00
XT01-06-PL-04-34-10-SF-00
XT01-05-PL-01-05-09-SF-00
XT01-06-PL-01-05-09-SF-00
XT01-06-PL-02-35-12-SF-00
XT01-06-PL-03-38-18-SF-00
XT01-06-PL-04-38-17-SF-00
XT01-05-PL-01-05-08-SF-00
XT01-06-PL-01-05-08-SF-00
XT01-06-PL-02-05-05-SF-00
XT01-06-PL-03-30-06-SF-00
XT01-06-PL-04-30-05-SF-00
XT01-05-PL-01-37-18-SF-00
XT01-06-PL-01-37-18-SF-00
XT01-06-PL-02-31-06-SF-00
XT01-06-PL-03-38-19-SF-00
XT01-06-PL-04-30-09-SF-00
XT01-05-PL-01-35-13-SF-00
XT01-06-PL-01-35-13-SF-00
XT01-06-PL-02-33-04-SF-00
XT01-06-PL-03-16-32-SF-00
XT01-06-PL-04-39-20-SF-00
XT01-05-PL-01-04-23-SF-00
XT01-06-PL-01-04-23-SF-00
XT01-06-PL-02-03-24-SF-00
XT01-06-PL-03-02-16-SF-00
XT01-06-PL-04-37-20-SF-00
XT01-05-PL-01-05-04-SF-00
XT01-06-PL-01-05-04-SF-00
XT01-06-PL-02-37-19-SF-00
XT01-06-PL-03-22-34-SF-00
XT01-06-PL-04-02-15-SF-00
XT01-05-PL-01-39-21-SF-00
XT01-06-PL-01-39-21-SF-00
XT01-06-PL-02-03-15-SF-00
XT01-06-PL-03-06-05-SF-00
XT01-06-PL-04-39-22-SF-00
XT01-05-PL-01-04-25-SF-00
XT01-06-PL-01-04-25-SF-00
XT01-06-PL-02-22-32-SF-00
XT01-06-PL-03-06-06-SF-00
XT01-06-PL-04-38-21-SF-00
XT01-05-PL-01-02-24-SF-00
XT01-06-PL-01-02-24-SF-00
XT01-06-PL-02-08-04-SF-00
XT01-06-PL-03-03-23-SF-00
XT01-06-PL-04-38-23-SF-00
XT01-05-PL-01-03-16-SF-00
XT01-06-PL-01-03-16-SF-00
XT01-06-PL-02-37-22-SF-00
XT01-06-PL-03-01-18-SF-00
XT01-06-PL-04-01-19-SF-00
XT01-05-PL-01-02-18-SF-00
XT01-06-PL-01-02-18-SF-00
XT01-06-PL-02-00-20-SF-00
XT01-06-PL-03-01-23-SF-00
XT01-06-PL-04-01-20-SF-00
XT01-05-PL-01-00-22-SF-00
XT01-06-PL-01-00-22-SF-00
XT01-06-PL-02-37-24-SF-00
XT01-06-PL-03-21-33-SF-00
XT01-06-PL-04-36-23-SF-00
XT01-05-PL-01-01-22-SF-00
XT01-06-PL-01-01-22-SF-00
XT01-06-PL-02-02-20-SF-00
XT01-06-PL-03-05-25-SF-00
XT01-06-PL-04-02-22-SF-00
XT01-05-PL-01-05-24-SF-00
XT01-06-PL-01-05-24-SF-00
XT01-06-PL-02-06-04-SF-00
XT01-06-PL-03-02-19-SF-00
XT01-06-PL-04-29-07-SF-00
XT01-05-PL-01-00-21-SF-00
XT01-06-PL-01-00-21-SF-00
XT01-06-PL-02-16-14-SF-00
XT01-06-PL-03-06-03-SF-00
XT01-06-PL-04-06-24-SF-00
XT01-05-PL-01-17-14-SF-00
XT01-06-PL-01-17-14-SF-00
XT01-06-PL-02-35-08-SF-00
XT01-06-PL-03-01-21-SF-00
XT01-06-PL-04-30-08-SF-00
XT01-05-PL-01-34-09-SF-00
XT01-06-PL-01-34-09-SF-00
XT01-06-PL-02-08-26-SF-00
XT01-06-PL-03-30-04-SF-00
XT01-06-PL-04-34-08-SF-00
XT01-05-PL-01-02-21-SF-00
XT01-06-PL-01-02-21-SF-00
XT01-06-PL-02-09-05-SF-00
XT01-06-PL-03-34-05-SF-00
XT01-06-PL-04-31-05-SF-00
XT01-05-PL-01-08-06-SF-00
XT01-06-PL-01-08-06-SF-00
XT01-06-PL-02-31-04-SF-00
XT01-06-PL-03-33-06-SF-00
XT01-06-PL-04-07-25-SF-00
XT01-05-PL-01-15-15-SF-00
XT01-06-PL-01-15-15-SF-00
XT01-06-PL-02-08-28-SF-00
XT01-06-PL-03-07-04-SF-00
XT01-06-PL-04-23-15-SF-00
XT01-05-PL-01-08-03-SF-00
XT01-06-PL-01-08-03-SF-00
XT01-06-PL-02-08-02-SF-00
XT01-06-PL-03-22-14-SF-00
XT01-06-PL-04-22-15-SF-00
XT01-05-PL-01-09-27-SF-00
XT01-06-PL-01-09-27-SF-00
XT01-06-PL-02-07-03-SF-00
XT01-06-PL-03-21-14-SF-00
XT01-06-PL-04-21-15-SF-00
XT01-05-PL-01-06-02-SF-00
XT01-06-PL-01-06-02-SF-00
XT01-06-PL-02-17-15-SF-00
XT01-06-PL-03-20-14-SF-00
XT01-06-PL-04-18-14-SF-00
XT01-05-PL-01-09-04-SF-00
XT01-06-PL-01-09-04-SF-00
XT01-06-PL-02-08-05-SF-00
XT01-06-PL-03-06-01-SF-00
XT01-06-PL-04-16-15-SF-00
XT01-05-PL-01-19-15-SF-00
XT01-06-PL-01-19-15-SF-00
XT01-06-PL-02-20-15-SF-00
XT01-06-PL-03-31-03-SF-00
XT01-06-PL-04-32-04-SF-00
XT01-05-PL-01-18-15-SF-00
XT01-06-PL-01-18-15-SF-00
XT01-06-PL-02-31-02-SF-00
XT01-06-PL-03-19-14-SF-00
XT01-06-PL-04-34-04-SF-00
XT01-05-PL-01-32-03-SF-00
XT01-06-PL-01-32-03-SF-00
XT01-06-PL-02-33-02-SF-00
XT01-06-PL-03-33-05-SF-00
XT01-06-PL-04-33-03-SF-00
XT01-05-PL-01-19-34-SF-00
XT01-06-PL-01-19-34-SF-00
XT01-06-PL-02-07-26-SF-00
XT01-06-PL-03-06-27-SF-00
XT01-06-PL-04-07-27-SF-00
XT01-05-PL-01-06-26-SF-00
XT01-06-PL-01-06-26-SF-00
XT01-06-PL-02-20-34-SF-00
XT01-06-PL-03-33-01-SF-00
XT01-06-PL-04-31-01-SF-00
XT01-05-PL-01-32-02-SF-00
XT01-06-PL-01-32-02-SF-00
XT01-06-PL-02-32-01-SF-00
XT01-06-PL-03-32-00-SF-00
XT01-06-PL-04-08-01-SF-00
XT01-05-PL-01-07-02-SF-00
XT01-06-PL-01-07-02-SF-00
XT01-06-PL-02-07-01-SF-00
XT01-06-PL-03-07-00-SF-00
XT01-06-PL-04-20-35-SF-00
XT01-05-PL-01-20-36-SF-03
XT01-06-PL-01-20-36-SF-03
XT01-06-PL-02-19-36-SF-01
XT01-06-PL-03-18-35-SF-00
XT01-06-PL-04-21-35-SF-00
XT01-05-PL-01-19-35-SF-00
XT01-06-PL-01-19-35-SF-00
XT01-08
XT01-09
