XT01-ALPHA-BETA-ON
XT01-02-[50, 10, 48, 10, 48, 32, 48, 10, 56, 32, 56, 10, 48, 32, 48, 32, 48, 32, 48, 32, 48, 32, 48, 32, 48, 32, 48, 10, 48, 32, 48, 32, 48, 32, 48, 32, 48, 32, 48, 32, 48, 32, 48, 10, 48, 32, 48, 32, 48, 32, 48, 32, 48, 32, 48, 32, 48, 32, 48, 10, 48, 32, 48, 32, 48, 32, 49, 32, 50, 32, 48, 32, 48, 32, 48, 10, 48, 32, 48, 32, 48, 32, 50, 32, 49, 32, 48, 32, 48, 32, 48, 10, 48, 32, 48, 32, 48, 32, 48, 32, 48, 32, 48, 32, 48, 32, 48, 10, 48, 32, 48, 32, 48, 32, 48, 32, 48, 32, 48, 32, 48, 32, 48, 10, 48, 32, 48, 32, 48, 32, 48, 32, 48, 32, 48, 32, 48, 32, 48]
XT01-03-PL-02
XT01-PL-01-1620474327450
[MAP]
0 0 0 0 0 0 0 0 
0 0 0 0 0 0 0 0 
0 0 0 0 0'0 0 0 
0 0 0 1 2 0'0 0 
0 0 0'2 1 0 0 0 
0 0 0 0'0 0 0 0 
0 0 0 0 0 0 0 0 
0 0 0 0 0 0 0 0 
[END]
XT01-06-PL-01-04-02-SF-00
[MAP]
0 0 0 0 0 0 0 0 
0 0 0 0 0 0 0 0 
0 0 0 0'1 0'0 0 
0 0 0 1 1 0 0 0 
0 0 0 2 1 0'0 0 
0 0 0 0 0 0 0 0 
0 0 0 0 0 0 0 0 
0 0 0 0 0 0 0 0 
[END]
XT01-98-AM-4339
XT01-05-PL-02-05-04-SF-00
XT01-PL-02-1620474327835
XT01-06-PL-02-05-04-SF-00
XT01-PL-01-1620474328777
[MAP]
0 0 0 0 0 0 0 0 
0 0 0 0 0 0 0 0 
0 0 0 0 1 0 0 0 
0 0 0 1 1 0 0 0 
0 0 0 2 2 2 0 0 
0 0 0'0'0'0'0'0 
0 0 0 0 0 0 0 0 
0 0 0 0 0 0 0 0 
[END]
XT01-06-PL-01-03-05-SF-00
[MAP]
0 0 0 0 0 0 0 0 
0 0 0 0 0'0 0 0 
0 0 0'0'1 0 0 0 
0 0 0 1 1 0 0 0 
0 0 0'1 2 2 0 0 
0 0 0 1 0 0 0 0 
0 0 0'0 0 0 0 0 
0 0 0 0 0 0 0 0 
[END]
XT01-98-AM-9297
XT01-05-PL-02-04-01-SF-00
XT01-PL-02-1620474329116
XT01-06-PL-02-04-01-SF-00
XT01-PL-01-1620474331166
[MAP]
0 0 0 0 0 0 0 0 
0 0 0 0 2 0'0 0 
0 0 0 0 2 0'0 0 
0 0 0 1 2 0'0 0 
0 0 0 1 2 2 0'0 
0 0 0 1 0 0'0 0 
0 0 0 0 0 0 0 0 
0 0 0 0 0 0 0 0 
[END]
XT01-06-PL-01-06-04-SF-00
[MAP]
0 0 0 0 0 0 0 0 
0 0 0 0 2 0 0 0 
0 0 0 0 2 0 0 0 
0 0 0'1 2 0 0 0 
0 0 0'1 1 1 1 0 
0 0 0'1 0'0 0'0 
0 0 0 0 0 0 0 0 
0 0 0 0 0 0 0 0 
[END]
XT01-98-AM-10371
XT01-05-PL-02-06-05-SF-00
XT01-PL-02-1620474331504
XT01-06-PL-02-06-05-SF-00
XT01-PL-01-1620474333897
[MAP]
0 0 0 0 0'0 0 0 
0 0 0 0 2 0'0 0 
0 0 0 0 2 0'0 0 
0 0 0 1 2 0'0 0 
0 0 0 1 1 2 1 0 
0 0 0 1 0 0 2 0 
0 0 0 0 0 0 0'0 
0 0 0 0 0 0 0 0 
[END]
XT01-06-PL-01-04-00-SF-00
[MAP]
0 0 0 0 1 0 0 0 
0 0 0 0 1 0 0 0 
0 0 0 0'1 0 0 0 
0 0 0 1 1 0 0'0 
0 0 0'1 1 2 1 0'
0 0 0 1 0 0 2 0 
0 0 0 0 0 0 0 0 
0 0 0 0 0 0 0 0 
[END]
XT01-98-AM-6368
XT01-05-PL-02-07-04-SF-00
XT01-PL-02-1620474334146
XT01-06-PL-02-07-04-SF-00
XT01-PL-01-1620474334250
[MAP]
0 0 0 0 1 0 0 0 
0 0 0 0 1 0 0 0 
0 0 0 0 1 0 0 0 
0 0 0 1 1 0 0 0 
0 0 0 1 1 2 2 2 
0 0 0 1 0 0 2 0 
0 0 0 0 0 0 0 0'
0 0 0 0 0 0 0 0 
[END]
XT01-06-PL-01-07-06-SF-00
[MAP]
0 0 0 0 1 0 0 0 
0 0 0 0 1 0 0 0 
0 0 0 0 1 0 0 0 
0 0 0 1 1 0 0 0 
0 0 0'1 1 1 2 2 
0 0 0 1 0 0 1 0 
0 0 0 0 0 0'0'1 
0 0 0 0 0 0 0 0 
[END]
XT01-98-AM-6574
XT01-05-PL-02-05-06-SF-00
XT01-PL-02-1620474334504
XT01-06-PL-02-05-06-SF-00
[MAP]
0 0 0 0 1 0 0 0 
0 0 0 0 1 0 0 0 
0 0 0 0'1 0 0 0 
0 0 0 1 1 0 0 0 
0 0 0'1 1 1 2 2 
0 0 0 1 0 0 2 0 
0 0 0 0 0 2 0 1 
0 0 0 0 0 0 0 0 
[END]
XT01-98-AM-5642
XT01-05-PL-02-03-02-SF-00
XT01-PL-02-1620474334733
XT01-06-PL-02-03-02-SF-00
XT01-PL-01-1620474336333
[MAP]
0 0 0 0 1 0 0 0 
0 0 0'0'1 0 0 0 
0 0 0'2 1 0'0 0 
0 0 0'1 2 0'0 0 
0 0 0 1 1 2 2 2 
0 0 0 1 0 0 2 0 
0 0 0 0 0 2 0 1 
0 0 0 0 0 0 0 0 
[END]
XT01-06-PL-01-02-02-SF-00
[MAP]
0 0 0 0 1 0 0 0 
0 0 0'0 1 0 0 0 
0 0 1 1 1 0 0 0 
0 0 0'1 2 0 0 0 
0 0 0'1 1 2 2 2 
0 0 0'1 0'0 2 0 
0 0 0 0 0 2 0 1 
0 0 0 0 0 0 0 0 
[END]
XT01-98-AM-10673
XT01-05-PL-02-02-05-SF-00
XT01-PL-02-1620474336670
XT01-06-PL-02-02-05-SF-00
XT01-PL-01-1620474338042
[MAP]
0 0 0 0 1 0 0 0 
0 0 0 0 1 0 0 0 
0 0 1 1 1 0 0 0 
0 0 0 1 2 0'0 0 
0 0 0'2 1 2 2 2 
0 0'2 1 0 0 2 0 
0 0 0 0 0 2 0 1 
0 0 0 0 0 0 0 0 
[END]
XT01-06-PL-01-01-05-SF-00
[MAP]
0 0 0 0 1 0 0 0 
0 0 0'0'1 0 0 0 
0 0 1 1 1 0 0 0 
0 0 0'1 2 0 0 0 
0 0 0 2 1 2 2 2 
0 1 1 1 0'0 2 0 
0 0'0 0'0 2 0 1 
0 0 0 0 0 0 0 0 
[END]
XT01-98-AM-11747
XT01-05-PL-02-01-06-SF-00
XT01-PL-02-1620474338391
XT01-06-PL-02-01-06-SF-00
XT01-PL-01-1620474340278
[MAP]
0 0 0 0 1 0 0 0 
0 0 0 0 1 0 0 0 
0 0 1 1 1 0 0 0 
0 0 0 1 2 0'0 0 
0 0 0'2 1 2 2 2 
0 1 2 1 0 0 2 0 
0 2 0 0 0 2 0 1 
0 0'0 0 0 0 0 0 
[END]
XT01-06-PL-01-02-04-SF-00
[MAP]
0 0 0 0 1 0 0 0 
0 0 0'0 1 0 0 0 
0 0 1 1 1 0 0 0 
0 0 0'1 2 0 0 0 
0 0'1 1 1 2 2 2 
0'1 2 1 0'0 2 0 
0 2 0 0 0 2 0 1 
0 0 0 0 0 0 0 0 
[END]
XT01-98-AM-32056
XT01-05-PL-02-00-05-SF-00
XT01-PL-02-1620474341055
XT01-06-PL-02-00-05-SF-00
XT01-PL-01-1620474345749
[MAP]
0 0 0 0 1 0 0 0 
0 0 0 0 1 0 0 0 
0 0 1 1 1 0'0 0 
0 0 0 1 2 0'0 0 
0 0 1 1 1 2 2 2 
2 2 2 1 0 0 2 0 
0'2 0'0 0 2 0 1 
0'0 0 0 0 0 0 0 
[END]
XT01-06-PL-01-00-07-SF-00
[MAP]
0 0 0 0 1 0 0 0 
0 0 0'0 1 0'0 0 
0 0 1 1 1 0 0 0 
0 0 0'1 2 0 0 0 
0 0'1 1 1 2 2 2 
2 2 1 1 0'0 2 0 
0 1 0 0 0 2 0 1 
1 0'0'0 0 0 0 0 
[END]
XT01-98-AM-26102
XT01-05-PL-02-02-03-SF-00
XT01-PL-02-1620474346373
XT01-06-PL-02-02-03-SF-00
XT01-PL-01-1620474353824
[MAP]
0 0 0 0 1 0 0 0 
0 0 0 0 1 0 0 0 
0 0'1 1 1 0'0 0 
0 0 2 2 2 0 0 0 
0 0'1 1 1 2 2 2 
2 2 1 1 0 0 2 0 
0'1 0 0 0 2 0 1 
1 0 0 0 0 0 0 0 
[END]
XT01-06-PL-01-00-06-SF-00
[MAP]
0 0 0 0 1 0'0 0 
0 0'0'0'1 0'0 0 
0 0 1 1 1 0 0 0 
0 0 2 2 2 0 0 0 
0 0'1 1 1 2 2 2 
2 1 1 1 0'0'2 0 
1 1 0'0'0 2 0 1 
1 0 0'0 0 0 0 0 
[END]
XT01-98-AM-50940
XT01-05-PL-02-02-07-SF-00
XT01-PL-02-1620474354917
XT01-06-PL-02-02-07-SF-00
XT01-PL-01-1620474364398
[MAP]
0 0 0 0 1 0 0 0 
0 0 0 0 1 0 0 0 
0 0'1 1 1 0'0 0 
0 0 2 2 2 0 0 0 
0'0'1 1 1 2 2 2 
2 1 1 1 0 0 2 0 
1 2 0'0 0 2 0 1 
1 0'2 0 0 0 0 0 
[END]
XT01-06-PL-01-00-04-SF-00
[MAP]
0 0 0 0 1 0'0 0 
0 0'0'0'1 0'0 0 
0 0 1 1 1 0 0 0 
0 0 2 2 2 0 0 0 
1 0'1 1 1 2 2 2 
1 1 1 1 0'0'2 0 
1 2 0'0'0 2 0 1 
1 0 2 0 0 0 0 0 
[END]
XT01-98-AM-44416
XT01-05-PL-02-01-04-SF-00
XT01-PL-02-1620474365301
XT01-06-PL-02-01-04-SF-00
XT01-PL-01-1620474377359
[MAP]
0 0 0 0 1 0 0 0 
0 0 0 0 1 0 0 0 
0 0 1 1 1 0'0 0 
0'0'2 2 2 0'0 0 
1 2 2 2 2 2 2 2 
1 2 1 1 0'0'2 0 
1 2 0'0 0 2 0 1 
1 0 2 0 0 0 0 0 
[END]
XT01-06-PL-01-02-06-SF-00
[MAP]
0 0 0 0 1 0'0 0 
0 0'0'0'1 0'0 0 
0 0 1 1 1 0 0 0 
0 0 2 2 2 0 0 0 
1 2 2 2 2 2 2 2 
1 1 1 1 0 0 2 0 
1 1 1 0'0'2 0 1 
1 0'2 0 0 0 0 0 
[END]
XT01-98-AM-37851
XT01-05-PL-02-05-00-SF-00
XT01-PL-02-1620474378120
XT01-06-PL-02-05-00-SF-00
XT01-PL-01-1620474392934
[MAP]
0 0 0 0 1 2 0'0 
0 0 0'0'2 0 0 0 
0 0 1 2 1 0'0 0 
0'0'2 2 2 0'0 0 
1 2 2 2 2 2 2 2 
1 1 1 1 0'0'2 0 
1 1 1 0 0 2 0 1 
1 0 2 0 0 0 0 0 
[END]
XT01-06-PL-01-06-00-SF-00
[MAP]
0 0 0 0 1 1 1 0 
0 0'0'0 2 0'0 0 
0 0'1 2 1 0'0 0 
0 0 2 2 2 0 0 0 
1 2 2 2 2 2 2 2 
1 1 1 1 0 0 2 0 
1 1 1 0'0'2 0 1 
1 0'2 0 0 0 0 0 
[END]
XT01-98-AM-65809
XT01-05-PL-02-03-06-SF-00
XT01-PL-02-1620474394128
XT01-06-PL-02-03-06-SF-00
XT01-PL-01-1620474403981
[MAP]
0 0 0 0 1 1 1 0 
0 0 0'0 2 0 0 0 
0 0 1 2 1 0'0 0 
0 0'2 2 2 0'0 0 
1 2 2 2 2 2 2 2 
1 1 2 2 0'0'2 0 
1 1 1 2 0'2 0 1 
1 0 2 0 0 0 0 0 
[END]
XT01-06-PL-01-04-05-SF-00
[MAP]
0 0 0 0 1 1 1 0 
0 0'0'0 2 0'0 0 
0 0'1 2 1 0'0 0 
0 0 2 2 1 0'0 0 
1 2 2 2 1 2 2 2 
1 1 1 1 1 0'2 0 
1 1 1 2 0'2 0 1 
1 0'2 0 0 0 0 0 
[END]
XT01-98-AM-116095
XT01-05-PL-02-05-05-SF-00
XT01-PL-02-1620474405900
XT01-06-PL-02-05-05-SF-00
XT01-PL-01-1620474429260
[MAP]
0 0 0 0 1 1 1 0 
0 0 0'0'2 0 0 0 
0 0'1 2 1 0 0 0 
0'0'2 2 1 0'0'0 
1 2 2 2 2 2 2 2 
1 1 1 1 1 2 2 0'
1 1 1 2 0'2 0'1 
1 0 2 0'0'0 0'0 
[END]
XT01-06-PL-01-00-03-SF-00
[MAP]
0 0 0 0 1 1 1 0 
0 0'0'0 2 0'0 0 
0 0'1 2 1 0'0 0 
1 0 2 2 1 0'0 0 
1 1 2 2 2 2 2 2 
1 1 1 1 1 2 2 0 
1 1 1 2 0'2 0 1 
1 0'2 0 0 0 0 0 
[END]
XT01-98-AM-105853
XT01-05-PL-02-05-03-SF-00
XT01-PL-02-1620474430935
XT01-06-PL-02-05-03-SF-00
XT01-PL-01-1620474452874
[MAP]
0 0 0 0 1 1 1 0 
0 0 0'0'2 0 0 0 
0 0'1 2 1 0'0'0 
1 0'2 2 2 2 0'0 
1 1 2 2 2 2 2 2 
1 1 1 1 1 2 2 0'
1 1 1 2 0'2 0'1 
1 0 2 0'0'0 0'0 
[END]
XT01-06-PL-01-01-03-SF-00
[MAP]
0 0 0 0 1 1 1 0 
0 0'0'0'2 0'0 0 
0 0'1 2 1 0'0 0 
1 1 2 2 2 2 0 0 
1 1 1 2 2 2 2 2 
1 1 1 1 1 2 2 0 
1 1 1 2 0'2 0 1 
1 0'2 0 0 0 0 0 
[END]
XT01-98-AM-98572
XT01-05-PL-02-05-02-SF-00
XT01-PL-02-1620474454396
XT01-06-PL-02-05-02-SF-00
XT01-PL-01-1620474466742
[MAP]
0 0 0 0 1 1 1 0 
0 0 0'0'2 0'0'0 
0 0'1 2 2 2 0'0 
1 1 2 2 2 2 0'0 
1 1 1 2 2 2 2 2 
1 1 1 1 1 2 2 0'
1 1 1 2 0'2 0'1 
1 0 2 0'0'0 0'0 
[END]
XT01-06-PL-01-05-01-SF-00
[MAP]
0 0 0 0 1 1 1 0 
0 0'0'0'2 1 0'0 
0 0'1 2 1 2 0 0 
1 1 2 1 2 2 0 0 
1 1 1 2 2 2 2 2 
1 1 1 1 1 2 2 0 
1 1 1 2 0'2 0 1 
1 0'2 0 0 0 0 0 
[END]
XT01-98-AM-107421
XT01-05-PL-02-06-01-SF-00
XT01-PL-02-1620474468297
XT01-06-PL-02-06-01-SF-00
XT01-PL-01-1620474486894
[MAP]
0 0 0 0 1 1 1 0'
0 0 0'0'2 2 2 0 
0 0'1 2 1 2 0'0'
1 1 2 1 2 2 0'0 
1 1 1 2 2 2 2 2 
1 1 1 1 1 2 2 0'
1 1 1 2 0'2 0'1 
1 0 2 0'0'0'0'0 
[END]
XT01-06-PL-01-07-00-SF-00
[MAP]
0 0 0 0 1 1 1 1 
0 0'0'0'2 2 1 0'
0 0'1 2 1 1 0'0 
1 1 2 1 1 2 0'0 
1 1 1 1 2 2 2 2 
1 1 1 1 1 2 2 0 
1 1 1 2 0'2 0 1 
1 0'2 0 0 0 0 0 
[END]
XT01-98-AM-67970
XT01-05-PL-02-06-02-SF-00
XT01-PL-02-1620474487874
XT01-06-PL-02-06-02-SF-00
XT01-PL-01-1620474499439
[MAP]
0 0 0 0 1 1 1 1 
0 0 0'0'2 2 1 0'
0 0'1 2 2 2 2 0'
1 1 2 1 1 2 0'0'
1 1 1 1 2 2 2 2 
1 1 1 1 1 2 2 0'
1 1 1 2 0'2 0'1 
1 0 2 0'0'0'0'0 
[END]
XT01-06-PL-01-07-03-SF-00
[MAP]
0 0 0 0 1 1 1 1 
0 0'0'0 2 1 1 0'
0 0'1 2 2 2 1 0'
1 1 2 1 1 2 0 1 
1 1 1 1 2 2 2 2 
1 1 1 1 1 2 2 0 
1 1 1 2 0'2 0 1 
1 0'2 0 0 0 0 0 
[END]
XT01-98-AM-59237
XT01-05-PL-02-04-06-SF-00
XT01-PL-02-1620474500240
XT01-06-PL-02-04-06-SF-00
XT01-PL-01-1620474506469
[MAP]
0 0 0 0 1 1 1 1 
0 0 0'0'2 1 1 0 
0 0'1 2 2 2 1 0 
1 1 2 1 1 2 0'1 
1 1 1 1 2 2 2 2 
1 1 1 1 2 2 2 0'
1 1 1 2 2 2 0'1 
1 0 2 0'0'0'0'0 
[END]
XT01-06-PL-01-06-03-SF-00
[MAP]
0 0 0 0 1 1 1 1 
0 0'0'0 2 1 1 0'
0'0'1 2 2 2 1 0'
1 1 2 1 1 1 1 1 
1 1 1 1 2 2 2 2 
1 1 1 1 2 2 2 0 
1 1 1 2 2 2 0 1 
1 0'2 0 0 0 0 0 
[END]
XT01-98-AM-24408
XT01-05-PL-02-00-02-SF-00
XT01-PL-02-1620474506854
XT01-06-PL-02-00-02-SF-00
XT01-PL-01-1620474512548
[MAP]
0 0 0 0'1 1 1 1 
0'0 0'0'2 1 1 0 
2 0'1 2 2 2 1 0 
1 2 2 1 1 1 1 1 
1 1 2 1 2 2 2 2 
1 1 1 2 2 2 2 0'
1 1 1 2 2 2 0'1 
1 0 2 0'0'0'0'0 
[END]
XT01-06-PL-01-03-00-SF-00
[MAP]
0 0 0 1 1 1 1 1 
0 0'0'0'1 1 1 0'
2 0'1 2 2 1 1 0'
1 2 2 1 1 1 1 1 
1 1 2 1 2 2 2 2 
1 1 1 2 2 2 2 0 
1 1 1 2 2 2 0 1 
1 0'2 0 0 0 0 0 
[END]
XT01-98-AM-9434
XT01-05-PL-02-01-02-SF-00
XT01-PL-02-1620474512767
XT01-06-PL-02-01-02-SF-00
XT01-PL-01-1620474515065
[MAP]
0 0 0 1 1 1 1 1 
0'0'0'0'1 1 1 0 
2 2 2 2 2 1 1 0 
1 2 2 1 1 1 1 1 
1 1 2 1 2 2 2 2 
1 1 1 2 2 2 2 0'
1 1 1 2 2 2 0'1 
1 0 2 0'0'0'0'0 
[END]
XT01-06-PL-01-00-01-SF-00
[MAP]
0 0 0 1 1 1 1 1 
1 0'0 0 1 1 1 0'
1 1 2 2 2 1 1 0'
1 2 1 1 1 1 1 1 
1 1 2 1 2 2 2 2 
1 1 1 2 2 2 2 0 
1 1 1 2 2 2 0 1 
1 0'2 0 0 0 0 0 
[END]
XT01-98-AM-10455
XT01-05-PL-02-01-07-SF-00
XT01-PL-02-1620474515275
XT01-06-PL-02-01-07-SF-00
XT01-PL-01-1620474516474
[MAP]
0 0 0 1 1 1 1 1 
1 0'0'0'1 1 1 0 
1 1 2 2 2 1 1 0 
1 2 1 1 1 1 1 1 
1 2 2 1 2 2 2 2 
1 2 1 2 2 2 2 0'
1 2 2 2 2 2 0'1 
1 2 2 0'0'0'0'0 
[END]
XT01-06-PL-01-07-05-SF-00
[MAP]
0 0 0 1 1 1 1 1 
1 0'0 0 1 1 1 0'
1 1 2 2 2 1 1 0'
1 2 1 1 1 1 1 1 
1 2 2 1 2 2 1 1 
1 2 1 1 1 1 1 1 
1 2 2 2 2 2 0'1 
1 2 2 0 0 0 0 0 
[END]
XT01-98-AM-11110
XT01-05-PL-02-07-02-SF-00
XT01-PL-02-1620474516683
XT01-06-PL-02-07-02-SF-00
XT01-PL-01-1620474517226
[MAP]
0 0 0 1 1 1 1 1 
1 0'0'0'1 1 1 0'
1 1 2 2 2 2 2 2 
1 2 1 1 1 1 2 1 
1 2 2 1 2 2 1 1 
1 2 1 1 1 1 1 1 
1 2 2 2 2 2 0'1 
1 2 2 0'0'0'0'0 
[END]
XT01-06-PL-01-07-01-SF-00
[MAP]
0 0 0 1 1 1 1 1 
1 0'0 0 1 1 1 1 
1 1 2 2 2 2 1 1 
1 2 1 1 1 1 2 1 
1 2 2 1 2 2 1 1 
1 2 1 1 1 1 1 1 
1 2 2 2 2 2 0'1 
1 2 2 0 0 0 0 0 
[END]
XT01-98-AM-2820
XT01-05-PL-02-06-06-SF-00
XT01-PL-02-1620474517357
XT01-06-PL-02-06-06-SF-00
XT01-PL-01-1620474517567
[MAP]
0 0 0 1 1 1 1 1 
1 0'0'0'1 1 1 1 
1 1 2 2 2 2 1 1 
1 2 1 1 1 1 2 1 
1 2 2 1 2 2 2 1 
1 2 1 1 1 2 2 1 
1 2 2 2 2 2 2 1 
1 2 2 0'0'0'0'0'
[END]
XT01-06-PL-01-03-07-SF-00
[MAP]
0 0 0 1 1 1 1 1 
1 0'0 0 1 1 1 1 
1 1 2 2 2 2 1 1 
1 2 1 1 1 1 2 1 
1 2 2 1 2 2 1 1 
1 1 1 1 1 1 2 1 
1 2 1 1 1 2 2 1 
1 1 1 1 0'0'0 0 
[END]
XT01-98-AM-2372
XT01-05-PL-02-01-01-SF-00
XT01-PL-02-1620474517689
XT01-06-PL-02-01-01-SF-00
XT01-PL-01-1620474517856
[MAP]
0'0'0'1 1 1 1 1 
1 2 0'0'1 1 1 1 
1 2 2 2 2 2 1 1 
1 2 1 1 1 1 2 1 
1 2 2 1 2 2 1 1 
1 1 1 1 1 1 2 1 
1 2 1 1 1 2 2 1 
1 1 1 1 0'0'0'0'
[END]
XT01-06-PL-01-01-00-SF-00
[MAP]
0'1 0 1 1 1 1 1 
1 1 0 0 1 1 1 1 
1 1 2 2 2 2 1 1 
1 1 1 1 1 1 2 1 
1 1 2 1 2 2 1 1 
1 1 1 1 1 1 2 1 
1 2 1 1 1 2 2 1 
1 1 1 1 0'0'0 0 
[END]
XT01-98-AM-576
XT01-05-PL-02-00-00-SF-00
XT01-PL-02-1620474517963
XT01-06-PL-02-00-00-SF-00
XT01-PL-01-1620474518078
[MAP]
2 1 0'1 1 1 1 1 
1 2 0'0'1 1 1 1 
1 1 2 2 2 2 1 1 
1 1 1 1 1 1 2 1 
1 1 2 1 2 2 1 1 
1 1 1 1 1 1 2 1 
1 2 1 1 1 2 2 1 
1 1 1 1 0'0'0'0'
[END]
XT01-06-PL-01-02-01-SF-00
[MAP]
2 1 0'1 1 1 1 1 
1 1 1 0 1 1 1 1 
1 1 1 1 2 2 1 1 
1 1 1 1 1 1 2 1 
1 1 2 1 2 2 1 1 
1 1 1 1 1 1 2 1 
1 2 1 1 1 2 2 1 
1 1 1 1 0'0'0 0 
[END]
XT01-98-AM-154
XT01-05-PL-02-02-00-SF-00
XT01-PL-02-1620474518185
XT01-06-PL-02-02-00-SF-00
XT01-PL-01-1620474518292
[MAP]
2 2 2 1 1 1 1 1 
1 1 2 0'1 1 1 1 
1 1 2 1 2 2 1 1 
1 1 2 1 1 1 2 1 
1 1 2 1 2 2 1 1 
1 1 1 1 1 1 2 1 
1 2 1 1 1 2 2 1 
1 1 1 1 0'0'0'0'
[END]
XT01-06-PL-01-03-01-SF-00
[MAP]
2 2 2 1 1 1 1 1 
1 1 1 1 1 1 1 1 
1 1 1 1 1 2 1 1 
1 1 2 1 1 1 2 1 
1 1 2 1 2 2 1 1 
1 1 1 1 1 1 2 1 
1 2 1 1 1 2 2 1 
1 1 1 1 0'0'0 0 
[END]
XT01-98-AM-16
XT01-05-PL-02-04-07-SF-00
XT01-PL-02-1620474518396
XT01-06-PL-02-04-07-SF-00
XT01-PL-01-1620474518500
[MAP]
2 2 2 1 1 1 1 1 
1 1 1 1 1 1 1 1 
1 1 1 1 1 2 1 1 
1 1 2 1 1 1 2 1 
1 1 2 1 2 2 1 1 
1 1 1 1 2 1 2 1 
1 2 1 1 2 2 2 1 
1 1 1 1 2 0'0'0'
[END]
XT01-06-PL-01-05-07-SF-00
[MAP]
2 2 2 1 1 1 1 1 
1 1 1 1 1 1 1 1 
1 1 1 1 1 2 1 1 
1 1 2 1 1 1 2 1 
1 1 2 1 2 2 1 1 
1 1 1 1 2 1 2 1 
1 2 1 1 1 1 1 1 
1 1 1 1 1 1 0'0'
[END]
XT01-98-AM-4
XT01-05-PL-02-06-07-SF-00
XT01-PL-02-1620474518604
XT01-06-PL-02-06-07-SF-00
XT01-PL-01-1620474518708
[MAP]
2 2 2 1 1 1 1 1 
1 1 1 1 1 1 1 1 
1 1 1 1 1 2 1 1 
1 1 2 1 1 1 2 1 
1 1 2 1 2 2 1 1 
1 1 1 1 2 1 2 1 
1 2 1 1 1 2 2 1 
1 1 1 1 1 1 2 0'
[END]
XT01-06-PL-01-07-07-SF-00
XT01-08
XT01-09
[MAP]
2 2 2 1 1 1 1 1 
1 1 1 1 1 1 1 1 
1 1 1 1 1 2 1 1 
1 1 2 1 1 1 2 1 
1 1 2 1 2 2 1 1 
1 1 1 1 2 1 2 1 
1 2 1 1 1 2 1 1 
1 1 1 1 1 1 1 1 
[END]