XT01-ALPHA-BETA-ON
XT01-02-[50, 10, 52, 10, 48, 32, 48, 10, 51, 55, 32, 50, 57, 10, 48, 32, 48, 32, 48, 32, 48, 32, 48, 32, 48, 32, 48, 32, 48, 32, 48, 32, 48, 32, 48, 32, 48, 32, 48, 32, 48, 32, 48, 32, 48, 32, 48, 32, 48, 32, 48, 32, 48, 32, 48, 32, 48, 32, 48, 32, 48, 32, 48, 32, 48, 32, 48, 32, 48, 32, 48, 10, 48, 32, 48, 32, 48, 32, 48, 32, 48, 32, 48, 32, 48, 32, 48, 32, 48, 32, 48, 32, 48, 32, 48, 32, 45, 32, 48, 32, 48, 32, 48, 32, 48, 32, 48, 32, 48, 32, 48, 32, 45, 32, 48, 32, 48, 32, 48, 32, 48, 32, 48, 32, 48, 32, 48, 32, 48, 10, 48, 32, 48, 32, 48, 32, 48, 32, 48, 32, 48, 32, 48, 32, 48, 32, 48, 32, 48, 32, 48, 32, 48, 32, 45, 32, 48, 32, 48, 32, 48, 32, 48, 32, 48, 32, 48, 32, 45, 32, 45, 32, 48, 32, 48, 32, 48, 32, 48, 32, 48, 32, 48, 32, 48, 32, 48, 10, 48, 32, 48, 32, 48, 32, 48, 32, 48, 32, 48, 32, 48, 32, 48, 32, 48, 32, 48, 32, 48, 32, 48, 32, 45, 32, 48, 32, 48, 32, 48, 32, 48, 32, 48, 32, 45, 32, 48, 32, 48, 32, 45, 32, 48, 32, 48, 32, 48, 32, 48, 32, 48, 32, 48, 32, 48, 10, 48, 32, 48, 32, 48, 32, 48, 32, 48, 32, 48, 32, 48, 32, 48, 32, 48, 32, 45, 32, 45, 32, 45, 32, 45, 32, 45, 32, 48, 32, 48, 32, 45, 32, 45, 32, 48, 32, 48, 32, 45, 32, 45, 32, 48, 32, 48, 32, 48, 32, 48, 32, 48, 32, 48, 32, 48, 10, 48, 32, 48, 32, 48, 32, 48, 32, 48, 32, 48, 32, 48, 32, 48, 32, 45, 32, 48, 32, 48, 32, 48, 32, 45, 32, 48, 32, 45, 32, 45, 32, 48, 32, 48, 32, 48, 32, 45, 32, 48, 32, 45, 32, 48, 32, 48, 32, 48, 32, 48, 32, 48, 32, 48, 32, 48, 10, 48, 32, 48, 32, 48, 32, 48, 32, 48, 32, 48, 32, 48, 32, 45, 32, 48, 32, 48, 32, 48, 32, 45, 32, 48, 32, 48, 32, 48, 32, 45, 32, 48, 32, 45, 32, 45, 32, 48, 32, 48, 32, 48, 32, 45, 32, 48, 32, 48, 32, 48, 32, 48, 32, 48, 32, 48, 10, 48, 32, 48, 32, 48, 32, 48, 32, 48, 32, 48, 32, 48, 32, 45, 32, 48, 32, 48, 32, 48, 32, 48, 32, 48, 32, 48, 32, 48, 32, 45, 32, 45, 32, 48, 32, 48, 32, 48, 32, 48, 32, 45, 32, 48, 32, 45, 32, 48, 32, 48, 32, 48, 32, 48, 32, 48, 10, 48, 32, 48, 32, 48, 32, 48, 32, 48, 32, 48, 32, 45, 32, 45, 32, 48, 32, 48, 32, 48, 32, 49, 32, 50, 32, 48, 32, 48, 32, 45, 32, 48, 32, 48, 32, 48, 32, 48, 32, 45, 32, 48, 32, 48, 32, 45, 32, 48, 32, 48, 32, 48, 32, 48, 32, 48, 10, 48, 32, 48, 32, 48, 32, 48, 32, 48, 32, 45, 32, 48, 32, 45, 32, 48, 32, 48, 32, 48, 32, 50, 32, 49, 32, 48, 32, 48, 32, 45, 32, 48, 32, 48, 32, 45, 32, 45, 32, 48, 32, 48, 32, 48, 32, 45, 32, 48, 32, 48, 32, 48, 32, 48, 32, 48, 10, 48, 32, 48, 32, 48, 32, 48, 32, 48, 32, 45, 32, 48, 32, 48, 32, 45, 32, 48, 32, 48, 32, 48, 32, 48, 32, 48, 32, 45, 32, 48, 32, 45, 32, 45, 32, 48, 32, 48, 32, 48, 32, 48, 32, 48, 32, 45, 32, 45, 32, 45, 32, 48, 32, 48, 32, 48, 10, 48, 32, 48, 32, 48, 32, 48, 32, 48, 32, 45, 32, 48, 32, 48, 32, 48, 32, 45, 32, 45, 32, 45, 32, 45, 32, 45, 32, 48, 32, 45, 32, 48, 32, 48, 32, 48, 32, 48, 32, 48, 32, 48, 32, 48, 32, 45, 32, 48, 32, 45, 32, 48, 32, 48, 32, 48, 10, 48, 32, 48, 32, 48, 32, 45, 32, 45, 32, 45, 32, 48, 32, 48, 32, 48, 32, 48, 32, 48, 32, 48, 32, 48, 32, 48, 32, 45, 32, 45, 32, 45, 32, 48, 32, 48, 32, 48, 32, 48, 32, 48, 32, 48, 32, 45, 32, 48, 32, 45, 32, 48, 32, 48, 32, 48, 10, 48, 32, 48, 32, 45, 32, 48, 32, 48, 32, 48, 32, 45, 32, 48, 32, 48, 32, 48, 32, 48, 32, 48, 32, 48, 32, 48, 32, 48, 32, 48, 32, 48, 32, 45, 32, 45, 32, 45, 32, 48, 32, 48, 32, 45, 32, 48, 32, 45, 32, 45, 32, 48, 32, 48, 32, 48, 10, 48, 32, 45, 32, 48, 32, 48, 32, 48, 32, 48, 32, 48, 32, 45, 32, 48, 32, 48, 32, 48, 32, 48, 32, 48, 32, 48, 32, 48, 32, 48, 32, 48, 32, 48, 32, 48, 32, 48, 32, 45, 32, 45, 32, 45, 32, 45, 32, 48, 32, 48, 32, 45, 32, 48, 32, 48, 10, 48, 32, 45, 32, 48, 32, 48, 32, 49, 32, 50, 32, 48, 32, 48, 32, 48, 32, 48, 32, 48, 32, 48, 32, 48, 32, 48, 32, 48, 32, 48, 32, 48, 32, 48, 32, 48, 32, 48, 32, 45, 32, 48, 32, 48, 32, 48, 32, 48, 32, 48, 32, 48, 32, 45, 32, 48, 10, 48, 32, 45, 32, 48, 32, 48, 32, 50, 32, 49, 32, 48, 32, 48, 32, 48, 32, 48, 32, 48, 32, 48, 32, 48, 32, 48, 32, 48, 32, 48, 32, 48, 32, 48, 32, 48, 32, 45, 32, 48, 32, 48, 32, 48, 32, 49, 32, 50, 32, 48, 32, 48, 32, 45, 32, 48, 10, 48, 32, 45, 32, 48, 32, 48, 32, 48, 32, 48, 32, 48, 32, 48, 32, 48, 32, 48, 32, 48, 32, 48, 32, 48, 32, 48, 32, 48, 32, 48, 32, 48, 32, 48, 32, 48, 32, 48, 32, 48, 32, 48, 32, 48, 32, 50, 32, 49, 32, 48, 32, 48, 32, 45, 32, 48, 10, 48, 32, 48, 32, 45, 32, 48, 32, 48, 32, 48, 32, 48, 32, 48, 32, 48, 32, 48, 32, 48, 32, 48, 32, 48, 32, 48, 32, 48, 32, 48, 32, 48, 32, 48, 32, 48, 32, 48, 32, 48, 32, 48, 32, 48, 32, 48, 32, 48, 32, 48, 32, 48, 32, 45, 32, 48, 10, 48, 32, 48, 32, 48, 32, 45, 32, 45, 32, 45, 32, 45, 32, 48, 32, 48, 32, 48, 32, 48, 32, 48, 32, 48, 32, 49, 32, 50, 32, 48, 32, 48, 32, 48, 32, 48, 32, 48, 32, 48, 32, 48, 32, 48, 32, 48, 32, 48, 32, 48, 32, 45, 32, 48, 32, 48, 10, 48, 32, 48, 32, 45, 32, 48, 32, 48, 32, 48, 32, 48, 32, 45, 32, 48, 32, 48, 32, 48, 32, 48, 32, 48, 32, 50, 32, 49, 32, 48, 32, 48, 32, 48, 32, 48, 32, 48, 32, 48, 32, 48, 32, 45, 32, 45, 32, 45, 32, 45, 32, 48, 32, 48, 32, 48, 10, 48, 32, 45, 32, 48, 32, 48, 32, 48, 32, 48, 32, 48, 32, 48, 32, 45, 32, 48, 32, 48, 32, 48, 32, 48, 32, 48, 32, 48, 32, 48, 32, 48, 32, 48, 32, 48, 32, 48, 32, 48, 32, 45, 32, 48, 32, 48, 32, 48, 32, 48, 32, 45, 32, 48, 32, 48, 10, 48, 32, 45, 32, 48, 32, 48, 32, 49, 32, 50, 32, 48, 32, 48, 32, 48, 32, 48, 32, 48, 32, 48, 32, 48, 32, 48, 32, 48, 32, 48, 32, 48, 32, 48, 32, 48, 32, 48, 32, 45, 32, 48, 32, 48, 32, 49, 32, 50, 32, 48, 32, 48, 32, 45, 32, 48, 10, 48, 32, 45, 32, 48, 32, 48, 32, 50, 32, 49, 32, 48, 32, 48, 32, 48, 32, 48, 32, 48, 32, 48, 32, 48, 32, 48, 32, 48, 32, 48, 32, 48, 32, 48, 32, 48, 32, 48, 32, 48, 32, 48, 32, 48, 32, 50, 32, 49, 32, 48, 32, 48, 32, 45, 32, 48, 10, 48, 32, 45, 32, 48, 32, 48, 32, 48, 32, 48, 32, 48, 32, 48, 32, 48, 32, 48, 32, 48, 32, 48, 32, 48, 32, 48, 32, 48, 32, 48, 32, 48, 32, 48, 32, 48, 32, 48, 32, 48, 32, 48, 32, 48, 32, 48, 32, 48, 32, 48, 32, 48, 32, 45, 32, 48, 10, 48, 32, 48, 32, 45, 32, 48, 32, 48, 32, 48, 32, 48, 32, 48, 32, 48, 32, 48, 32, 48, 32, 48, 32, 48, 32, 48, 32, 48, 32, 48, 32, 48, 32, 48, 32, 48, 32, 48, 32, 48, 32, 48, 32, 48, 32, 48, 32, 48, 32, 48, 32, 45, 32, 48, 32, 48, 10, 48, 32, 48, 32, 48, 32, 45, 32, 45, 32, 45, 32, 45, 32, 48, 32, 45, 32, 45, 32, 48, 32, 48, 32, 48, 32, 45, 32, 45, 32, 48, 32, 48, 32, 48, 32, 45, 32, 45, 32, 48, 32, 45, 32, 45, 32, 45, 32, 45, 32, 45, 32, 48, 32, 48, 32, 48, 10, 48, 32, 48, 32, 48, 32, 45, 32, 48, 32, 48, 32, 48, 32, 45, 32, 48, 32, 48, 32, 45, 32, 48, 32, 45, 32, 48, 32, 48, 32, 45, 32, 48, 32, 45, 32, 48, 32, 48, 32, 45, 32, 48, 32, 48, 32, 48, 32, 45, 32, 48, 32, 48, 32, 48, 32, 48, 10, 48, 32, 48, 32, 48, 32, 45, 32, 48, 32, 48, 32, 48, 32, 45, 32, 48, 32, 48, 32, 48, 32, 45, 32, 48, 32, 48, 32, 48, 32, 48, 32, 45, 32, 48, 32, 48, 32, 48, 32, 45, 32, 48, 32, 48, 32, 48, 32, 45, 32, 48, 32, 48, 32, 48, 32, 48, 10, 48, 32, 48, 32, 48, 32, 45, 32, 48, 32, 48, 32, 48, 32, 45, 32, 48, 32, 48, 32, 48, 32, 45, 32, 48, 32, 48, 32, 48, 32, 48, 32, 45, 32, 48, 32, 48, 32, 48, 32, 45, 32, 48, 32, 48, 32, 48, 32, 45, 32, 48, 32, 48, 32, 48, 32, 48, 10, 48, 32, 48, 32, 48, 32, 48, 32, 45, 32, 48, 32, 48, 32, 45, 32, 48, 32, 48, 32, 48, 32, 45, 32, 48, 32, 48, 32, 48, 32, 48, 32, 45, 32, 48, 32, 48, 32, 48, 32, 45, 32, 48, 32, 48, 32, 45, 32, 48, 32, 48, 32, 48, 32, 48, 32, 48, 10, 48, 32, 48, 32, 48, 32, 48, 32, 45, 32, 48, 32, 48, 32, 48, 32, 45, 32, 48, 32, 48, 32, 48, 32, 45, 32, 48, 32, 48, 32, 45, 32, 48, 32, 48, 32, 48, 32, 45, 32, 48, 32, 48, 32, 48, 32, 45, 32, 48, 32, 48, 32, 48, 32, 48, 32, 48, 10, 48, 32, 48, 32, 48, 32, 48, 32, 48, 32, 45, 32, 48, 32, 48, 32, 48, 32, 45, 32, 48, 32, 48, 32, 45, 32, 48, 32, 48, 32, 45, 32, 48, 32, 48, 32, 45, 32, 48, 32, 48, 32, 48, 32, 45, 32, 48, 32, 48, 32, 48, 32, 48, 32, 48, 32, 48, 10, 48, 32, 48, 32, 48, 32, 48, 32, 48, 32, 48, 32, 45, 32, 48, 32, 48, 32, 45, 32, 48, 32, 48, 32, 45, 32, 48, 32, 48, 32, 45, 32, 48, 32, 48, 32, 45, 32, 48, 32, 48, 32, 45, 32, 48, 32, 48, 32, 48, 32, 48, 32, 48, 32, 48, 32, 48, 10, 48, 32, 48, 32, 48, 32, 48, 32, 48, 32, 48, 32, 45, 32, 48, 32, 48, 32, 45, 32, 48, 32, 48, 32, 45, 32, 48, 32, 48, 32, 45, 32, 48, 32, 48, 32, 45, 32, 48, 32, 48, 32, 45, 32, 48, 32, 48, 32, 48, 32, 48, 32, 48, 32, 48, 32, 48, 10, 48, 32, 48, 32, 48, 32, 48, 32, 48, 32, 48, 32, 48, 32, 45, 32, 45, 32, 45, 32, 45, 32, 45, 32, 45, 32, 45, 32, 45, 32, 45, 32, 45, 32, 45, 32, 45, 32, 45, 32, 45, 32, 48, 32, 48, 32, 48, 32, 48, 32, 48, 32, 48, 32, 48, 32, 48, 10, 48, 32, 48, 32, 48, 32, 48, 32, 48, 32, 48, 32, 48, 32, 48, 32, 48, 32, 48, 32, 48, 32, 48, 32, 48, 32, 48, 32, 48, 32, 48, 32, 48, 32, 48, 32, 48, 32, 48, 32, 48, 32, 48, 32, 48, 32, 48, 32, 48, 32, 48, 32, 48, 32, 48, 32, 48]
XT01-03-PL-02
XT01-PL-01-1621165880269
XT01-06-PL-01-11-10-SF-00
Analyzed Maps: 28971
XT01-98-AM-28971
XT01-05-PL-02-23-15-SF-00
XT01-PL-02-1621165887232
XT01-06-PL-02-23-15-SF-00
XT01-PL-01-1621165926685
XT01-06-PL-01-13-07-SF-00
Analyzed Maps: 4588
XT01-98-AM-4588
XT01-05-PL-02-24-18-SF-00
XT01-PL-02-1621165927863
XT01-06-PL-02-24-18-SF-00
XT01-PL-01-1621165938259
XT01-06-PL-01-03-23-SF-00
Analyzed Maps: 8980
XT01-98-AM-8980
XT01-05-PL-02-05-24-SF-00
XT01-PL-02-1621165940352
XT01-06-PL-02-05-24-SF-00
XT01-PL-01-1621165953565
XT01-06-PL-01-06-22-SF-00
Analyzed Maps: 1998
XT01-98-AM-1998
XT01-05-PL-02-02-23-SF-00
XT01-PL-02-1621165954181
XT01-06-PL-02-02-23-SF-00
XT01-PL-01-1621165969094
XT01-06-PL-01-05-25-SF-00
Analyzed Maps: 7362
XT01-98-AM-7362
XT01-05-PL-02-06-16-SF-00
XT01-PL-02-1621165970882
XT01-06-PL-02-06-16-SF-00
XT01-PL-01-1621165981505
XT01-06-PL-01-04-17-SF-00
Analyzed Maps: 2469
XT01-98-AM-2469
XT01-05-PL-02-03-14-SF-00
XT01-PL-02-1621165982229
XT01-06-PL-02-03-14-SF-00
XT01-PL-01-1621165997345
XT01-06-PL-01-04-14-SF-00
Analyzed Maps: 2369
XT01-98-AM-2369
XT01-05-PL-02-03-17-SF-00
XT01-PL-02-1621165998118
XT01-06-PL-02-03-17-SF-00
XT01-PL-01-1621166020331
XT01-06-PL-01-02-14-SF-00
Analyzed Maps: 1644
XT01-98-AM-1644
XT01-05-PL-02-04-18-SF-00
XT01-PL-02-1621166020877
XT01-06-PL-02-04-18-SF-00
XT01-PL-01-1621166032462
XT01-06-PL-01-02-24-SF-00
Analyzed Maps: 1388
XT01-98-AM-1388
XT01-05-PL-02-06-25-SF-00
XT01-PL-02-1621166032890
XT01-06-PL-02-06-25-SF-00
XT01-PL-01-1621166044695
XT01-06-PL-01-06-15-SF-00
Analyzed Maps: 2803
XT01-98-AM-2803
XT01-05-PL-02-04-13-SF-00
XT01-PL-02-1621166045446
XT01-06-PL-02-04-13-SF-00
XT01-PL-01-1621166068320
XT01-06-PL-01-06-17-SF-00
Analyzed Maps: 3286
XT01-98-AM-3286
XT01-05-PL-02-07-17-SF-00
XT01-PL-02-1621166069213
XT01-06-PL-02-07-17-SF-00
XT01-PL-01-1621166091018
XT01-06-PL-01-02-22-SF-00
Analyzed Maps: 4306
XT01-98-AM-4306
XT01-05-PL-02-04-25-SF-00
XT01-PL-02-1621166092020
XT01-06-PL-02-04-25-SF-00
XT01-PL-01-1621166106216
XT01-06-PL-01-03-18-SF-00
Analyzed Maps: 4018
XT01-98-AM-4018
XT01-05-PL-02-05-21-SF-00
XT01-PL-02-1621166107147
XT01-06-PL-02-05-21-SF-00
XT01-PL-01-1621166138977
XT01-06-PL-01-05-18-SF-00
Analyzed Maps: 2125
XT01-98-AM-2125
XT01-05-PL-02-01-25-SF-00
XT01-PL-02-1621166139607
XT01-06-PL-02-01-25-SF-00
XT01-PL-01-1621166160901
XT01-06-PL-01-04-24-SF-00
Analyzed Maps: 4313
XT01-98-AM-4313
XT01-05-PL-02-02-21-SF-00
XT01-PL-02-1621166161970
XT01-06-PL-02-02-21-SF-00
XT01-PL-01-1621166200208
XT01-06-PL-01-02-16-SF-00
Analyzed Maps: 4023
XT01-98-AM-4023
XT01-05-PL-02-02-15-SF-00
XT01-PL-02-1621166201471
XT01-06-PL-02-02-15-SF-00
XT01-PL-01-1621166243296
XT01-06-PL-01-00-26-SF-00
Analyzed Maps: 2760
XT01-98-AM-2760
XT01-05-PL-02-07-18-SF-00
XT01-PL-02-1621166244045
XT01-06-PL-02-07-18-SF-00
XT01-PL-01-1621166271580
XT01-06-PL-01-06-14-SF-00
Analyzed Maps: 2646
XT01-98-AM-2646
XT01-05-PL-02-25-23-SF-00
XT01-PL-02-1621166272345
XT01-06-PL-02-25-23-SF-00
XT01-PL-01-1621166304661
XT01-06-PL-01-13-21-SF-00
Analyzed Maps: 2240
XT01-98-AM-2240
XT01-05-PL-02-06-23-SF-00
XT01-PL-02-1621166305359
XT01-06-PL-02-06-23-SF-00
XT01-PL-01-1621166332123
XT01-06-PL-01-15-19-SF-00
Analyzed Maps: 1371
XT01-98-AM-1371
XT01-05-PL-02-23-21-SF-00
XT01-PL-02-1621166332606
XT01-06-PL-02-23-21-SF-00
XT01-PL-01-1621166338747
XT01-06-PL-01-06-24-SF-00
Analyzed Maps: 868
XT01-98-AM-868
XT01-05-PL-02-07-15-SF-00
XT01-PL-02-1621166339077
XT01-06-PL-02-07-15-SF-00
XT01-PL-01-1621166344757
XT01-06-PL-01-06-18-SF-00
Analyzed Maps: 2257
XT01-98-AM-2257
XT01-05-PL-02-02-17-SF-00
XT01-PL-02-1621166345454
XT01-06-PL-02-02-17-SF-00
XT01-PL-01-1621166357026
XT01-06-PL-01-03-15-SF-00
Analyzed Maps: 1424
XT01-98-AM-1424
XT01-05-PL-02-05-14-SF-00
XT01-PL-02-1621166357519
XT01-06-PL-02-05-14-SF-00
XT01-PL-01-1621166367758
XT01-06-PL-01-05-20-SF-00
Analyzed Maps: 1119
XT01-98-AM-1119
XT01-05-PL-02-07-25-SF-00
XT01-PL-02-1621166368181
XT01-06-PL-02-07-25-SF-00
XT01-PL-01-1621166375200
XT01-06-PL-01-07-24-SF-00
Analyzed Maps: 1275
XT01-98-AM-1275
XT01-05-PL-02-06-21-SF-00
XT01-PL-02-1621166375601
XT01-06-PL-02-06-21-SF-00
XT01-PL-01-1621166386165
XT01-06-PL-01-07-26-SF-00
Analyzed Maps: 1921
XT01-98-AM-1921
XT01-05-PL-02-03-16-SF-00
XT01-PL-02-1621166386734
XT01-06-PL-02-03-16-SF-00
XT01-PL-01-1621166398751
XT01-06-PL-01-05-17-SF-00
Analyzed Maps: 2204
XT01-98-AM-2204
XT01-05-PL-02-08-25-SF-00
XT01-PL-02-1621166399640
XT01-06-PL-02-08-25-SF-00
XT01-PL-01-1621166407780
XT01-06-PL-01-07-23-SF-00
Analyzed Maps: 1218
XT01-98-AM-1218
XT01-05-PL-02-07-22-SF-00
XT01-PL-02-1621166408566
XT01-06-PL-02-07-22-SF-00
XT01-PL-01-1621166422980
XT01-06-PL-01-03-25-SF-00
Analyzed Maps: 1894
XT01-98-AM-1894
XT01-05-PL-02-06-20-SF-00
XT01-PL-02-1621166423554
XT01-06-PL-02-06-20-SF-00
XT01-PL-01-1621166435318
XT01-06-PL-01-07-21-SF-00
Analyzed Maps: 2220
XT01-98-AM-2220
XT01-05-PL-02-02-19-SF-00
XT01-PL-02-1621166435946
XT01-06-PL-02-02-19-SF-00
XT01-PL-01-1621166444253
XT01-06-PL-01-09-25-SF-00
Analyzed Maps: 1291
XT01-98-AM-1291
XT01-05-PL-02-04-20-SF-00
XT01-PL-02-1621166444680
XT01-06-PL-02-04-20-SF-00
XT01-PL-01-1621166449628
XT01-06-PL-01-03-21-SF-00
Analyzed Maps: 938
XT01-98-AM-938
XT01-05-PL-02-03-24-SF-00
XT01-PL-02-1621166449980
XT01-06-PL-02-03-24-SF-00
XT01-PL-01-1621166455116
XT01-06-PL-01-04-21-SF-00
Analyzed Maps: 851
XT01-98-AM-851
XT01-05-PL-02-07-16-SF-00
XT01-PL-02-1621166455494
XT01-06-PL-02-07-16-SF-00
XT01-PL-01-1621166459513
XT01-06-PL-01-05-13-SF-00
Analyzed Maps: 767
XT01-98-AM-767
XT01-05-PL-02-03-13-SF-00
XT01-PL-02-1621166459814
XT01-06-PL-02-03-13-SF-00
XT01-PL-01-1621166463267
XT01-06-PL-01-07-19-SF-00
Analyzed Maps: 682
XT01-98-AM-682
XT01-05-PL-02-03-22-SF-00
XT01-PL-02-1621166463564
XT01-06-PL-02-03-22-SF-00
XT01-PL-01-1621166466318
XT01-06-PL-01-03-20-SF-00
Analyzed Maps: 586
XT01-98-AM-586
XT01-05-PL-02-08-18-SF-00
XT01-PL-02-1621166466570
XT01-06-PL-02-08-18-SF-00
XT01-PL-01-1621166470040
XT01-06-PL-01-09-17-SF-00
Analyzed Maps: 727
XT01-98-AM-727
XT01-05-PL-02-09-19-SF-00
XT01-PL-02-1621166470330
XT01-06-PL-02-09-19-SF-00
XT01-PL-01-1621166472593
XT01-06-PL-01-08-14-SF-00
Analyzed Maps: 690
XT01-98-AM-690
XT01-05-PL-02-08-20-SF-00
XT01-PL-02-1621166472865
XT01-06-PL-02-08-20-SF-00
XT01-PL-01-1621166477163
XT01-06-PL-01-10-18-SF-00
Analyzed Maps: 1639
XT01-98-AM-1639
XT01-05-PL-02-08-23-SF-00
XT01-PL-02-1621166477642
XT01-06-PL-02-08-23-SF-00
XT01-PL-01-1621166483237
XT01-06-PL-01-01-20-SF-00
Analyzed Maps: 1339
XT01-98-AM-1339
XT01-05-PL-02-08-24-SF-00
XT01-PL-02-1621166483818
XT01-06-PL-02-08-24-SF-00
XT01-PL-01-1621166488450
XT01-06-PL-01-01-18-SF-00
Analyzed Maps: 871
XT01-98-AM-871
XT01-05-PL-02-00-21-SF-00
XT01-PL-02-1621166488766
XT01-06-PL-02-00-21-SF-00
XT01-PL-01-1621166492650
XT01-06-PL-01-00-19-SF-00
Analyzed Maps: 1218
XT01-98-AM-1218
XT01-05-PL-02-08-15-SF-00
XT01-PL-02-1621166493067
XT01-06-PL-02-08-15-SF-00
XT01-PL-01-1621166497454
XT01-06-PL-01-08-22-SF-00
Analyzed Maps: 976
XT01-98-AM-976
XT01-05-PL-02-00-17-SF-00
XT01-PL-02-1621166497795
XT01-06-PL-02-00-17-SF-00
XT01-PL-01-1621166499726
XT01-06-PL-01-08-19-SF-00
Analyzed Maps: 871
XT01-98-AM-871
XT01-05-PL-02-09-22-SF-00
XT01-PL-02-1621166500024
XT01-06-PL-02-09-22-SF-00
XT01-PL-01-1621166504149
XT01-06-PL-01-09-24-SF-00
Analyzed Maps: 1062
XT01-98-AM-1062
XT01-05-PL-02-09-23-SF-00
XT01-PL-02-1621166504506
XT01-06-PL-02-09-23-SF-00
XT01-PL-01-1621166510408
XT01-06-PL-01-10-23-SF-00
Analyzed Maps: 1042
XT01-98-AM-1042
XT01-05-PL-02-09-20-SF-00
XT01-PL-02-1621166510757
XT01-06-PL-02-09-20-SF-00
XT01-PL-01-1621166516555
XT01-06-PL-01-10-21-SF-00
Analyzed Maps: 1058
XT01-98-AM-1058
XT01-05-PL-02-11-23-SF-00
XT01-PL-02-1621166516893
XT01-06-PL-02-11-23-SF-00
XT01-PL-01-1621166526076
XT01-06-PL-01-10-24-SF-00
Analyzed Maps: 1531
XT01-98-AM-1531
XT01-05-PL-02-11-22-SF-00
XT01-PL-02-1621166526518
XT01-06-PL-02-11-22-SF-00
XT01-PL-01-1621166541641
XT01-06-PL-01-11-24-SF-00
Analyzed Maps: 1761
XT01-98-AM-1761
XT01-05-PL-02-10-22-SF-00
XT01-PL-02-1621166542350
XT01-06-PL-02-10-22-SF-00
XT01-PL-01-1621166554977
XT01-06-PL-01-09-15-SF-00
Analyzed Maps: 1515
XT01-98-AM-1515
XT01-05-PL-02-12-25-SF-00
XT01-PL-02-1621166555480
XT01-06-PL-02-12-25-SF-00
XT01-PL-01-1621166564130
XT01-06-PL-01-11-20-SF-00
Analyzed Maps: 1045
XT01-98-AM-1045
XT01-05-PL-02-06-27-SF-00
XT01-PL-02-1621166564545
XT01-06-PL-02-06-27-SF-00
XT01-PL-01-1621166573030
XT01-06-PL-01-10-25-SF-00
Analyzed Maps: 1398
XT01-98-AM-1398
XT01-05-PL-02-11-26-SF-00
XT01-PL-02-1621166573464
XT01-06-PL-02-11-26-SF-00
XT01-PL-01-1621166583852
XT01-06-PL-01-08-27-SF-00
Analyzed Maps: 1605
XT01-98-AM-1605
XT01-05-PL-02-09-21-SF-00
XT01-PL-02-1621166584364
XT01-06-PL-02-09-21-SF-00
XT01-PL-01-1621166596417
XT01-06-PL-01-11-21-SF-00
Analyzed Maps: 2355
XT01-98-AM-2355
XT01-05-PL-02-10-20-SF-00
XT01-PL-02-1621166597209
XT01-06-PL-02-10-20-SF-00
XT01-PL-01-1621166610995
XT01-06-PL-01-12-23-SF-00
Analyzed Maps: 1827
XT01-98-AM-1827
XT01-05-PL-02-10-15-SF-00
XT01-PL-02-1621166611547
XT01-06-PL-02-10-15-SF-00
XT01-PL-01-1621166626966
XT01-06-PL-01-11-19-SF-00
Analyzed Maps: 2186
XT01-98-AM-2186
XT01-05-PL-02-10-19-SF-00
XT01-PL-02-1621166627621
XT01-06-PL-02-10-19-SF-00
XT01-PL-01-1621166641224
XT01-06-PL-01-12-24-SF-00
Analyzed Maps: 2467
XT01-98-AM-2467
XT01-05-PL-02-12-20-SF-00
XT01-PL-02-1621166641851
XT01-06-PL-02-12-20-SF-00
XT01-PL-01-1621166667851
XT01-06-PL-01-09-14-SF-00
Analyzed Maps: 4811
XT01-98-AM-4811
XT01-05-PL-02-02-26-SF-00
XT01-PL-02-1621166668934
XT01-06-PL-02-02-26-SF-00
XT01-PL-01-1621166707093
XT01-06-PL-01-11-25-SF-00
Analyzed Maps: 6058
XT01-98-AM-6058
XT01-05-PL-02-13-25-SF-00
XT01-PL-02-1621166708379
XT01-06-PL-02-13-25-SF-00
XT01-PL-01-1621166746030
XT01-06-PL-01-12-26-SF-00
Analyzed Maps: 4445
XT01-98-AM-4445
XT01-05-PL-02-00-24-SF-00
XT01-PL-02-1621166747030
XT01-06-PL-02-00-24-SF-00
XT01-PL-01-1621166782197
XT01-06-PL-01-05-28-SF-00
Analyzed Maps: 2713
XT01-98-AM-2713
XT01-05-PL-02-11-27-SF-00
XT01-PL-02-1621166782916
XT01-06-PL-02-11-27-SF-00
XT01-PL-01-1621166810967
XT01-06-PL-01-13-27-SF-00
Analyzed Maps: 2679
XT01-98-AM-2679
XT01-05-PL-02-10-26-SF-00
XT01-PL-02-1621166811723
XT01-06-PL-02-10-26-SF-00
XT01-PL-01-1621166858926
XT01-06-PL-01-09-27-SF-00
Analyzed Maps: 4207
XT01-98-AM-4207
XT01-05-PL-02-06-12-SF-00
XT01-PL-02-1621166860023
XT01-06-PL-02-06-12-SF-00
XT01-PL-01-1621166902763
XT01-06-PL-01-09-16-SF-00
Analyzed Maps: 6009
XT01-98-AM-6009
XT01-05-PL-02-12-19-SF-00
XT01-PL-02-1621166904847
XT01-06-PL-02-12-19-SF-00
XT01-PL-01-1621166944523
XT01-06-PL-01-13-18-SF-00
Analyzed Maps: 3548
XT01-98-AM-3548
XT01-05-PL-02-08-16-SF-00
XT01-PL-02-1621166945510
XT01-06-PL-02-08-16-SF-00
XT01-PL-01-1621166978505
XT01-06-PL-01-12-21-SF-00
Analyzed Maps: 5869
XT01-98-AM-5869
XT01-05-PL-02-14-18-SF-00
XT01-PL-02-1621166979927
XT01-06-PL-02-14-18-SF-00
XT01-PL-01-1621167031561
XT01-06-PL-01-12-18-SF-00
Analyzed Maps: 2946
XT01-98-AM-2946
XT01-05-PL-02-13-24-SF-00
XT01-PL-02-1621167032401
XT01-06-PL-02-13-24-SF-00
XT01-PL-01-1621167092780
XT01-06-PL-01-14-24-SF-00
Analyzed Maps: 3793
XT01-98-AM-3793
XT01-05-PL-02-15-23-SF-00
XT01-PL-02-1621167093885
XT01-06-PL-02-15-23-SF-00
XT01-PL-01-1621167161192
XT01-06-PL-01-08-17-SF-00
Analyzed Maps: 2305
XT01-98-AM-2305
XT01-05-PL-02-09-18-SF-00
XT01-PL-02-1621167161944
XT01-06-PL-02-09-18-SF-00
XT01-PL-01-1621167216933
XT01-06-PL-01-02-12-SF-00
Analyzed Maps: 3582
XT01-98-AM-3582
XT01-05-PL-02-10-16-SF-00
XT01-PL-02-1621167218020
XT01-06-PL-02-10-16-SF-00
XT01-PL-01-1621167264783
XT01-06-PL-01-07-11-SF-00
Analyzed Maps: 4704
XT01-98-AM-4704
XT01-05-PL-02-11-18-SF-00
XT01-PL-02-1621167266078
XT01-06-PL-02-11-18-SF-00
XT01-PL-01-1621167299897
XT01-06-PL-01-10-17-SF-00
Analyzed Maps: 2497
XT01-98-AM-2497
XT01-05-PL-02-11-17-SF-00
XT01-PL-02-1621167300596
XT01-06-PL-02-11-17-SF-00
XT01-PL-01-1621167343120
XT01-06-PL-01-12-17-SF-00
Analyzed Maps: 5860
XT01-98-AM-5860
XT01-05-PL-02-04-29-SF-00
XT01-PL-02-1621167344893
XT01-06-PL-02-04-29-SF-00
XT01-PL-01-1621167385305
XT01-06-PL-01-03-30-SF-00
Analyzed Maps: 5497
XT01-98-AM-5497
XT01-05-PL-02-02-31-SF-00
XT01-PL-02-1621167386618
XT01-06-PL-02-02-31-SF-00
XT01-PL-01-1621167424572
XT01-06-PL-01-01-32-SF-00
Analyzed Maps: 4059
XT01-98-AM-4059
XT01-05-PL-02-12-22-SF-00
XT01-PL-02-1621167425608
XT01-06-PL-02-12-22-SF-00
XT01-PL-01-1621167455932
XT01-06-PL-01-13-22-SF-00
Analyzed Maps: 5364
XT01-98-AM-5364
XT01-05-PL-02-14-23-SF-00
XT01-PL-02-1621167457131
XT01-06-PL-02-14-23-SF-00
XT01-PL-01-1621167484210
XT01-06-PL-01-14-25-SF-00
Analyzed Maps: 2309
XT01-98-AM-2309
XT01-05-PL-02-00-33-SF-00
XT01-PL-02-1621167484822
XT01-06-PL-02-00-33-SF-00
XT01-PL-01-1621167524553
XT01-06-PL-01-01-27-SF-00
Analyzed Maps: 2172
XT01-98-AM-2172
XT01-05-PL-02-00-28-SF-00
XT01-PL-02-1621167525207
XT01-06-PL-02-00-28-SF-00
XT01-PL-01-1621167566000
XT01-06-PL-01-15-24-SF-00
Analyzed Maps: 4653
XT01-98-AM-4653
XT01-05-PL-02-13-23-SF-00
XT01-PL-02-1621167567187
XT01-06-PL-02-13-23-SF-00
XT01-PL-01-1621167602725
XT01-06-PL-01-14-21-SF-00
Analyzed Maps: 7478
XT01-98-AM-7478
XT01-05-PL-02-10-14-SF-00
XT01-PL-02-1621167604336
XT01-06-PL-02-10-14-SF-00
XT01-PL-01-1621167636947
XT01-06-PL-01-02-28-SF-00
Analyzed Maps: 5438
XT01-98-AM-5438
XT01-05-PL-02-14-17-SF-00
XT01-PL-02-1621167638296
XT01-06-PL-02-14-17-SF-00
XT01-PL-01-1621167674812
XT01-06-PL-01-15-16-SF-00
Analyzed Maps: 6749
XT01-98-AM-6749
XT01-05-PL-02-09-28-SF-00
XT01-PL-02-1621167676374
XT01-06-PL-02-09-28-SF-00
XT01-PL-01-1621167716148
XT01-06-PL-01-14-22-SF-00
Analyzed Maps: 3003
XT01-98-AM-3003
XT01-05-PL-02-15-22-SF-00
XT01-PL-02-1621167717566
XT01-06-PL-02-15-22-SF-00
XT01-PL-01-1621167761244
XT01-06-PL-01-16-24-SF-00
Analyzed Maps: 4581
XT01-98-AM-4581
XT01-05-PL-02-17-25-SF-00
XT01-PL-02-1621167762683
XT01-06-PL-02-17-25-SF-00
XT01-PL-01-1621167796976
XT01-06-PL-01-16-22-SF-00
Analyzed Maps: 3922
XT01-98-AM-3922
XT01-05-PL-02-17-22-SF-00
XT01-PL-02-1621167798035
XT01-06-PL-02-17-22-SF-00
XT01-PL-01-1621167834404
XT01-06-PL-01-15-21-SF-00
Analyzed Maps: 5679
XT01-98-AM-5679
XT01-05-PL-02-16-20-SF-00
XT01-PL-02-1621167835727
XT01-06-PL-02-16-20-SF-00
XT01-PL-01-1621167890626
XT01-06-PL-01-17-19-SF-00
Analyzed Maps: 4767
XT01-98-AM-4767
XT01-05-PL-02-17-21-SF-00
XT01-PL-02-1621167892295
XT01-06-PL-02-17-21-SF-00
XT01-PL-01-1621167931545
XT01-06-PL-01-10-29-SF-00
Analyzed Maps: 2151
XT01-98-AM-2151
XT01-05-PL-02-08-28-SF-00
XT01-PL-02-1621167932128
XT01-06-PL-02-08-28-SF-00
XT01-PL-01-1621167970855
XT01-06-PL-01-08-29-SF-00
Analyzed Maps: 3276
XT01-98-AM-3276
XT01-05-PL-02-15-18-SF-00
XT01-PL-02-1621167971727
XT01-06-PL-02-15-18-SF-00
XT01-PL-01-1621168005393
XT01-06-PL-01-11-13-SF-00
Analyzed Maps: 4081
XT01-98-AM-4081
XT01-05-PL-02-10-13-SF-00
XT01-PL-02-1621168006477
XT01-06-PL-02-10-13-SF-00
XT01-PL-01-1621168056709
XT01-06-PL-01-15-20-SF-00
Analyzed Maps: 4397
XT01-98-AM-4397
XT01-05-PL-02-08-13-SF-00
XT01-PL-02-1621168058304
XT01-06-PL-02-08-13-SF-00
XT01-PL-01-1621168109786
XT01-06-PL-01-17-24-SF-00
Analyzed Maps: 2769
XT01-98-AM-2769
XT01-05-PL-02-07-13-SF-00
XT01-PL-02-1621168110942
XT01-06-PL-02-07-13-SF-00
XT01-PL-01-1621168158033
XT01-06-PL-01-17-26-SF-00
Analyzed Maps: 2790
XT01-98-AM-2790
XT01-05-PL-02-16-19-SF-00
XT01-PL-02-1621168159235
XT01-06-PL-02-16-19-SF-00
XT01-PL-01-1621168195732
XT01-06-PL-01-11-16-SF-00
Analyzed Maps: 3372
XT01-98-AM-3372
XT01-05-PL-02-16-23-SF-00
XT01-PL-02-1621168196563
XT01-06-PL-02-16-23-SF-00
XT01-PL-01-1621168236268
XT01-06-PL-01-17-23-SF-00
Analyzed Maps: 4985
XT01-98-AM-4985
XT01-05-PL-02-16-21-SF-00
XT01-PL-02-1621168237533
XT01-06-PL-02-16-21-SF-00
XT01-PL-01-1621168281058
XT01-06-PL-01-11-12-SF-00
Analyzed Maps: 2820
XT01-98-AM-2820
XT01-05-PL-02-16-25-SF-00
XT01-PL-02-1621168281845
XT01-06-PL-02-16-25-SF-00
XT01-PL-01-1621168325026
XT01-06-PL-01-18-21-SF-00
Analyzed Maps: 3344
XT01-98-AM-3344
XT01-05-PL-02-17-20-SF-00
XT01-PL-02-1621168325994
XT01-06-PL-02-17-20-SF-00
XT01-PL-01-1621168378051
XT01-06-PL-01-18-20-SF-00
Analyzed Maps: 3071
XT01-98-AM-3071
XT01-05-PL-02-10-12-SF-00
XT01-PL-02-1621168379027
XT01-06-PL-02-10-12-SF-00
XT01-PL-01-1621168443748
XT01-06-PL-01-09-13-SF-00
Analyzed Maps: 3163
XT01-98-AM-3163
XT01-05-PL-02-09-12-SF-00
XT01-PL-02-1621168444623
XT01-06-PL-02-09-12-SF-00
XT01-PL-01-1621168491595
XT01-06-PL-01-11-14-SF-00
Analyzed Maps: 1839
XT01-98-AM-1839
XT01-05-PL-02-15-25-SF-00
XT01-PL-02-1621168492190
XT01-06-PL-02-15-25-SF-00
XT01-PL-01-1621168519649
XT01-06-PL-01-16-26-SF-00
Analyzed Maps: 3102
XT01-98-AM-3102
XT01-05-PL-02-12-12-SF-00
XT01-PL-02-1621168520492
XT01-06-PL-02-12-12-SF-00
XT01-PL-01-1621168553380
XT01-06-PL-01-08-12-SF-00
Analyzed Maps: 3392
XT01-98-AM-3392
XT01-05-PL-02-13-17-SF-00
XT01-PL-02-1621168554382
XT01-06-PL-02-13-17-SF-00
XT01-PL-01-1621168598013
XT01-06-PL-01-13-12-SF-00
Analyzed Maps: 3994
XT01-98-AM-3994
XT01-05-PL-02-12-16-SF-00
XT01-PL-02-1621168599266
XT01-06-PL-02-12-16-SF-00
XT01-PL-01-1621168637924
XT01-06-PL-01-15-26-SF-00
Analyzed Maps: 2610
XT01-98-AM-2610
XT01-05-PL-02-16-27-SF-00
XT01-PL-02-1621168638744
XT01-06-PL-02-16-27-SF-00
XT01-PL-01-1621168677074
XT01-06-PL-01-13-15-SF-00
Analyzed Maps: 3916
XT01-98-AM-3916
XT01-05-PL-02-15-17-SF-00
XT01-PL-02-1621168678098
XT01-06-PL-02-15-17-SF-00
XT01-PL-01-1621168712047
XT01-06-PL-01-14-16-SF-00
Analyzed Maps: 3059
XT01-98-AM-3059
XT01-05-PL-02-07-12-SF-00
XT01-PL-02-1621168712848
XT01-06-PL-02-07-12-SF-00
XT01-PL-01-1621168750875
XT01-06-PL-01-12-15-SF-00
Analyzed Maps: 2522
XT01-98-AM-2522
XT01-05-PL-02-14-14-SF-00
XT01-PL-02-1621168751546
XT01-06-PL-02-14-14-SF-00
XT01-PL-01-1621168785806
XT01-06-PL-01-06-11-SF-00
Analyzed Maps: 2769
XT01-98-AM-2769
XT01-05-PL-02-11-15-SF-00
XT01-PL-02-1621168786535
XT01-06-PL-02-11-15-SF-00
XT01-PL-01-1621168815603
XT01-06-PL-01-13-16-SF-00
Analyzed Maps: 1888
XT01-98-AM-1888
XT01-05-PL-02-14-15-SF-00
XT01-PL-02-1621168816419
XT01-06-PL-02-14-15-SF-00
XT01-PL-01-1621168853000
XT01-06-PL-01-14-13-SF-00
Analyzed Maps: 2149
XT01-98-AM-2149
XT01-05-PL-02-12-13-SF-00
XT01-PL-02-1621168853662
XT01-06-PL-02-12-13-SF-00
XT01-PL-01-1621168879729
XT01-06-PL-01-13-13-SF-00
Analyzed Maps: 1489
XT01-98-AM-1489
XT01-05-PL-02-12-14-SF-00
XT01-PL-02-1621168880321
XT01-06-PL-02-12-14-SF-00
XT01-PL-01-1621168896379
XT01-06-PL-01-14-27-SF-00
Analyzed Maps: 1852
XT01-98-AM-1852
XT01-05-PL-02-14-11-SF-00
XT01-PL-02-1621168896936
XT01-06-PL-02-14-11-SF-00
XT01-PL-01-1621168911164
XT01-06-PL-01-15-10-SF-00
Analyzed Maps: 1526
XT01-98-AM-1526
XT01-05-PL-02-16-09-SF-00
XT01-PL-02-1621168911604
XT01-06-PL-02-16-09-SF-00
XT01-PL-01-1621168923642
XT01-06-PL-01-13-14-SF-00
Analyzed Maps: 1302
XT01-98-AM-1302
XT01-05-PL-02-08-11-SF-00
XT01-PL-02-1621168924075
XT01-06-PL-02-08-11-SF-00
XT01-PL-01-1621168939908
XT01-06-PL-01-17-18-SF-00
Analyzed Maps: 1580
XT01-98-AM-1580
XT01-05-PL-02-16-18-SF-00
XT01-PL-02-1621168940374
XT01-06-PL-02-16-18-SF-00
XT01-PL-01-1621168953326
XT01-06-PL-01-16-17-SF-00
Analyzed Maps: 1958
XT01-98-AM-1958
XT01-05-PL-02-16-16-SF-00
XT01-PL-02-1621168953879
XT01-06-PL-02-16-16-SF-00
XT01-PL-01-1621168970340
XT01-06-PL-01-17-17-SF-00
Analyzed Maps: 2410
XT01-98-AM-2410
XT01-05-PL-02-15-15-SF-00
XT01-PL-02-1621168970962
XT01-06-PL-02-15-15-SF-00
XT01-PL-01-1621168989221
XT01-06-PL-01-10-28-SF-00
Analyzed Maps: 1926
XT01-98-AM-1926
XT01-05-PL-02-12-28-SF-00
XT01-PL-02-1621168989785
XT01-06-PL-02-12-28-SF-00
XT01-PL-01-1621169007614
XT01-06-PL-01-17-16-SF-00
Analyzed Maps: 2047
XT01-98-AM-2047
XT01-05-PL-02-16-15-SF-00
XT01-PL-02-1621169008301
XT01-06-PL-02-16-15-SF-00
XT01-PL-01-1621169021952
XT01-06-PL-01-17-14-SF-00
Analyzed Maps: 2106
XT01-98-AM-2106
XT01-05-PL-02-15-14-SF-00
XT01-PL-02-1621169022524
XT01-06-PL-02-15-14-SF-00
XT01-PL-01-1621169035553
XT01-06-PL-01-07-10-SF-00
Analyzed Maps: 1511
XT01-98-AM-1511
XT01-05-PL-02-06-10-SF-00
XT01-PL-02-1621169036035
XT01-06-PL-02-06-10-SF-00
XT01-PL-01-1621169045722
XT01-06-PL-01-06-09-SF-00
Analyzed Maps: 1433
XT01-98-AM-1433
XT01-05-PL-02-09-29-SF-00
XT01-PL-02-1621169046153
XT01-06-PL-02-09-29-SF-00
XT01-PL-01-1621169059134
XT01-06-PL-01-08-30-SF-00
Analyzed Maps: 1380
XT01-98-AM-1380
XT01-05-PL-02-16-14-SF-00
XT01-PL-02-1621169059666
XT01-06-PL-02-16-14-SF-00
XT01-PL-01-1621169067423
XT01-06-PL-01-17-15-SF-00
Analyzed Maps: 1634
XT01-98-AM-1634
XT01-05-PL-02-13-28-SF-00
XT01-PL-02-1621169068021
XT01-06-PL-02-13-28-SF-00
XT01-PL-01-1621169075449
XT01-06-PL-01-12-29-SF-00
Analyzed Maps: 1661
XT01-98-AM-1661
XT01-05-PL-02-12-30-SF-00
XT01-PL-02-1621169075938
XT01-06-PL-02-12-30-SF-00
XT01-PL-01-1621169081575
XT01-06-PL-01-13-29-SF-00
Analyzed Maps: 1297
XT01-98-AM-1297
XT01-05-PL-02-14-30-SF-00
XT01-PL-02-1621169082018
XT01-06-PL-02-14-30-SF-00
XT01-PL-01-1621169087538
XT01-06-PL-01-17-28-SF-00
Analyzed Maps: 1346
XT01-98-AM-1346
XT01-05-PL-02-18-29-SF-00
XT01-PL-02-1621169087987
XT01-06-PL-02-18-29-SF-00
XT01-PL-01-1621169093637
XT01-06-PL-01-15-28-SF-00
Analyzed Maps: 1648
XT01-98-AM-1648
XT01-05-PL-02-07-31-SF-00
XT01-PL-02-1621169094119
XT01-06-PL-02-07-31-SF-00
XT01-PL-01-1621169100849
XT01-06-PL-01-06-32-SF-00
Analyzed Maps: 1502
XT01-98-AM-1502
XT01-05-PL-02-18-14-SF-00
XT01-PL-02-1621169101287
XT01-06-PL-02-18-14-SF-00
XT01-PL-01-1621169107911
XT01-06-PL-01-19-30-SF-00
Analyzed Maps: 1644
XT01-98-AM-1644
XT01-05-PL-02-18-15-SF-00
XT01-PL-02-1621169108349
XT01-06-PL-02-18-15-SF-00
XT01-PL-01-1621169115663
XT01-06-PL-01-13-30-SF-00
Analyzed Maps: 1191
XT01-98-AM-1191
XT01-05-PL-02-14-29-SF-00
XT01-PL-02-1621169116027
XT01-06-PL-02-14-29-SF-00
XT01-PL-01-1621169124604
XT01-06-PL-01-15-30-SF-00
Analyzed Maps: 1667
XT01-98-AM-1667
XT01-05-PL-02-18-16-SF-00
XT01-PL-02-1621169125121
XT01-06-PL-02-18-16-SF-00
XT01-PL-01-1621169131679
XT01-06-PL-01-18-18-SF-00
Analyzed Maps: 1860
XT01-98-AM-1860
XT01-05-PL-02-05-08-SF-00
XT01-PL-02-1621169132184
XT01-06-PL-02-05-08-SF-00
XT01-PL-01-1621169143005
XT01-06-PL-01-04-07-SF-00
Analyzed Maps: 1757
XT01-98-AM-1757
XT01-05-PL-02-01-11-SF-00
XT01-PL-02-1621169143456
XT01-06-PL-02-01-11-SF-00
XT01-PL-01-1621169149494
XT01-06-PL-01-00-10-SF-00
Analyzed Maps: 1732
XT01-98-AM-1732
XT01-05-PL-02-01-13-SF-00
XT01-PL-02-1621169150003
XT01-06-PL-02-01-13-SF-00
XT01-PL-01-1621169159211
XT01-06-PL-01-00-12-SF-00
Analyzed Maps: 1360
XT01-98-AM-1360
XT01-05-PL-02-05-33-SF-00
XT01-PL-02-1621169159699
XT01-06-PL-02-05-33-SF-00
XT01-PL-01-1621169167260
XT01-06-PL-01-04-34-SF-00
Analyzed Maps: 1650
XT01-98-AM-1650
XT01-05-PL-02-13-31-SF-00
XT01-PL-02-1621169167741
XT01-06-PL-02-13-31-SF-00
XT01-PL-01-1621169173351
XT01-06-PL-01-13-32-SF-00
Analyzed Maps: 1171
XT01-98-AM-1171
XT01-05-PL-02-14-32-SF-00
XT01-PL-02-1621169173760
XT01-06-PL-02-14-32-SF-00
XT01-PL-01-1621169179799
XT01-06-PL-01-11-31-SF-00
Analyzed Maps: 1507
XT01-98-AM-1507
XT01-05-PL-02-14-31-SF-00
XT01-PL-02-1621169180305
XT01-06-PL-02-14-31-SF-00
XT01-PL-01-1621169186209
XT01-06-PL-01-18-17-SF-00
Analyzed Maps: 1086
XT01-98-AM-1086
XT01-05-PL-02-20-31-SF-00
XT01-PL-02-1621169186611
XT01-06-PL-02-20-31-SF-00
XT01-PL-01-1621169191978
XT01-06-PL-01-14-33-SF-00
Analyzed Maps: 742
XT01-98-AM-742
XT01-05-PL-02-14-28-SF-00
XT01-PL-02-1621169192403
XT01-06-PL-02-14-28-SF-00
XT01-PL-01-1621169199095
XT01-06-PL-01-15-29-SF-00
Analyzed Maps: 599
XT01-98-AM-599
XT01-05-PL-02-16-31-SF-00
XT01-PL-02-1621169199375
XT01-06-PL-02-16-31-SF-00
XT01-PL-01-1621169202683
XT01-06-PL-01-21-32-SF-00
Analyzed Maps: 643
XT01-98-AM-643
XT01-05-PL-02-14-34-SF-00
XT01-PL-02-1621169202981
XT01-06-PL-02-14-34-SF-00
XT01-PL-01-1621169205546
XT01-06-PL-01-19-15-SF-00
Analyzed Maps: 675
XT01-98-AM-675
XT01-05-PL-02-20-16-SF-00
XT01-PL-02-1621169205835
XT01-06-PL-02-20-16-SF-00
XT01-PL-01-1621169207645
XT01-06-PL-01-19-14-SF-00
Analyzed Maps: 649
XT01-98-AM-649
XT01-05-PL-02-15-13-SF-00
XT01-PL-02-1621169207924
XT01-06-PL-02-15-13-SF-00
XT01-PL-01-1621169209226
XT01-06-PL-01-16-13-SF-00
Analyzed Maps: 663
XT01-98-AM-663
XT01-05-PL-02-17-12-SF-00
XT01-PL-02-1621169209542
XT01-06-PL-02-17-12-SF-00
XT01-PL-01-1621169210457
XT01-06-PL-01-21-17-SF-00
Analyzed Maps: 650
XT01-98-AM-650
XT01-05-PL-02-20-13-SF-00
XT01-PL-02-1621169210744
XT01-06-PL-02-20-13-SF-00
XT01-PL-01-1621169211652
XT01-06-PL-01-21-12-SF-00
Analyzed Maps: 613
XT01-98-AM-613
XT01-05-PL-02-22-11-SF-00
XT01-PL-02-1621169211944
XT01-06-PL-02-22-11-SF-00
XT01-PL-01-1621169212067
XT01-06-PL-01-17-08-SF-00
Analyzed Maps: 858
XT01-98-AM-858
XT01-05-PL-02-18-07-SF-00
XT01-PL-02-1621169212405
XT01-06-PL-02-18-07-SF-00
XT01-PL-01-1621169212525
XT01-06-PL-01-02-22-SF-00
Analyzed Maps: 594
XT01-98-AM-594
XT01-05-PL-02-09-30-SF-00
XT01-PL-02-1621169212782
XT01-06-PL-02-09-30-SF-00
XT01-PL-01-1621169213572
XT01-06-PL-01-10-31-SF-00
Analyzed Maps: 741
XT01-98-AM-741
XT01-05-PL-02-03-35-SF-00
XT01-PL-02-1621169213855
XT01-06-PL-02-03-35-SF-00
XT01-PL-01-1621169214559
XT01-06-PL-01-10-30-SF-00
Analyzed Maps: 681
XT01-98-AM-681
XT01-05-PL-02-09-31-SF-00
XT01-PL-02-1621169214859
XT01-06-PL-02-09-31-SF-00
XT01-PL-01-1621169215780
XT01-06-PL-01-02-36-SF-00
Analyzed Maps: 654
XT01-98-AM-654
XT01-05-PL-02-11-32-SF-00
XT01-PL-02-1621169216073
XT01-06-PL-02-11-32-SF-00
XT01-PL-01-1621169217123
XT01-06-PL-01-08-32-SF-00
Analyzed Maps: 736
XT01-98-AM-736
XT01-05-PL-02-13-33-SF-00
XT01-PL-02-1621169217401
XT01-06-PL-02-13-33-SF-00
XT01-PL-01-1621169218357
XT01-06-PL-01-13-34-SF-00
Analyzed Maps: 677
XT01-98-AM-677
XT01-05-PL-02-18-25-SF-00
XT01-PL-02-1621169218622
XT01-06-PL-02-18-25-SF-00
XT01-PL-01-1621169221123
XT01-06-PL-01-18-24-SF-00
Analyzed Maps: 685
XT01-98-AM-685
XT01-05-PL-02-19-23-SF-00
XT01-PL-02-1621169221392
XT01-06-PL-02-19-23-SF-00
XT01-PL-01-1621169222866
XT01-06-PL-01-10-32-SF-00
Analyzed Maps: 299
XT01-98-AM-299
XT01-05-PL-02-22-33-SF-00
XT01-PL-02-1621169223055
XT01-06-PL-02-22-33-SF-00
XT01-PL-01-1621169224391
XT01-06-PL-01-11-33-SF-00
Analyzed Maps: 642
XT01-98-AM-642
XT01-05-PL-02-19-17-SF-00
XT01-PL-02-1621169224666
XT01-06-PL-02-19-17-SF-00
XT01-PL-01-1621169227004
XT01-06-PL-01-19-19-SF-00
Analyzed Maps: 539
XT01-98-AM-539
XT01-05-PL-02-18-19-SF-00
XT01-PL-02-1621169227250
XT01-06-PL-02-18-19-SF-00
XT01-PL-01-1621169229439
XT01-06-PL-01-19-20-SF-00
Analyzed Maps: 482
XT01-98-AM-482
XT01-05-PL-02-19-18-SF-00
XT01-PL-02-1621169229695
XT01-06-PL-02-19-18-SF-00
XT01-PL-01-1621169232060
XT01-06-PL-01-19-24-SF-00
Analyzed Maps: 480
XT01-98-AM-480
XT01-05-PL-02-21-15-SF-00
XT01-PL-02-1621169232287
XT01-06-PL-02-21-15-SF-00
XT01-PL-01-1621169234808
XT01-06-PL-01-17-32-SF-00
Analyzed Maps: 699
XT01-98-AM-699
XT01-05-PL-02-22-18-SF-00
XT01-PL-02-1621169235074
XT01-06-PL-02-22-18-SF-00
XT01-PL-01-1621169237317
XT01-06-PL-01-19-22-SF-00
Analyzed Maps: 702
XT01-98-AM-702
XT01-05-PL-02-18-27-SF-00
XT01-PL-02-1621169237575
XT01-06-PL-02-18-27-SF-00
XT01-PL-01-1621169239599
XT01-06-PL-01-19-28-SF-00
Analyzed Maps: 758
XT01-98-AM-758
XT01-05-PL-02-03-06-SF-00
XT01-PL-02-1621169239888
XT01-06-PL-02-03-06-SF-00
XT01-PL-01-1621169242652
XT01-06-PL-01-09-10-SF-00
Analyzed Maps: 547
XT01-98-AM-547
XT01-05-PL-02-18-23-SF-00
XT01-PL-02-1621169242893
XT01-06-PL-02-18-23-SF-00
XT01-PL-01-1621169245378
XT01-06-PL-01-17-30-SF-00
Analyzed Maps: 361
XT01-98-AM-361
XT01-05-PL-02-18-22-SF-00
XT01-PL-02-1621169245610
XT01-06-PL-02-18-22-SF-00
XT01-PL-01-1621169247292
XT01-06-PL-01-19-21-SF-00
Analyzed Maps: 329
XT01-98-AM-329
XT01-05-PL-02-20-18-SF-00
XT01-PL-02-1621169247498
XT01-06-PL-02-20-18-SF-00
XT01-PL-01-1621169249406
XT01-06-PL-01-08-09-SF-00
Analyzed Maps: 430
XT01-98-AM-430
XT01-05-PL-02-20-20-SF-00
XT01-PL-02-1621169249614
XT01-06-PL-02-20-20-SF-00
XT01-PL-01-1621169251104
XT01-06-PL-01-23-34-SF-00
Analyzed Maps: 448
XT01-98-AM-448
XT01-05-PL-02-20-21-SF-00
XT01-PL-02-1621169251322
XT01-06-PL-02-20-21-SF-00
XT01-PL-01-1621169252879
XT01-06-PL-01-20-23-SF-00
Analyzed Maps: 494
XT01-98-AM-494
XT01-05-PL-02-20-25-SF-00
XT01-PL-02-1621169253128
XT01-06-PL-02-20-25-SF-00
XT01-PL-01-1621169255039
XT01-06-PL-01-19-25-SF-00
Analyzed Maps: 801
XT01-98-AM-801
XT01-05-PL-02-20-24-SF-00
XT01-PL-02-1621169255326
XT01-06-PL-02-20-24-SF-00
XT01-PL-01-1621169257180
XT01-06-PL-01-21-24-SF-00
Analyzed Maps: 670
XT01-98-AM-670
XT01-05-PL-02-21-25-SF-00
XT01-PL-02-1621169257456
XT01-06-PL-02-21-25-SF-00
XT01-PL-01-1621169259529
XT01-06-PL-01-20-26-SF-00
Analyzed Maps: 645
XT01-98-AM-645
XT01-05-PL-02-19-27-SF-00
XT01-PL-02-1621169259799
XT01-06-PL-02-19-27-SF-00
XT01-PL-01-1621169261497
XT01-06-PL-01-21-27-SF-00
Analyzed Maps: 490
XT01-98-AM-490
XT01-05-PL-02-19-29-SF-00
XT01-PL-02-1621169261730
XT01-06-PL-02-19-29-SF-00
XT01-PL-01-1621169264140
XT01-06-PL-01-22-24-SF-00
Analyzed Maps: 783
XT01-98-AM-783
XT01-05-PL-02-17-29-SF-00
XT01-PL-02-1621169264431
XT01-06-PL-02-17-29-SF-00
XT01-PL-01-1621169266991
XT01-06-PL-01-18-28-SF-00
Analyzed Maps: 1230
XT01-98-AM-1230
XT01-05-PL-02-22-28-SF-00
XT01-PL-02-1621169267355
XT01-06-PL-02-22-28-SF-00
XT01-PL-01-1621169270434
XT01-06-PL-01-18-30-SF-00
Analyzed Maps: 1143
XT01-98-AM-1143
XT01-05-PL-02-17-31-SF-00
XT01-PL-02-1621169270874
XT01-06-PL-02-17-31-SF-00
XT01-PL-01-1621169273763
XT01-06-PL-01-23-29-SF-00
Analyzed Maps: 794
XT01-98-AM-794
XT01-05-PL-02-24-30-SF-00
XT01-PL-02-1621169274019
XT01-06-PL-02-24-30-SF-00
XT01-PL-01-1621169276489
XT01-06-PL-01-25-31-SF-00
Analyzed Maps: 562
XT01-98-AM-562
XT01-05-PL-02-26-32-SF-00
XT01-PL-02-1621169276791
XT01-06-PL-02-26-32-SF-00
XT01-PL-01-1621169279566
XT01-06-PL-01-02-05-SF-00
Analyzed Maps: 1381
XT01-98-AM-1381
XT01-05-PL-02-17-33-SF-00
XT01-PL-02-1621169279932
XT01-06-PL-02-17-33-SF-00
XT01-PL-01-1621169282112
XT01-06-PL-01-18-11-SF-00
Analyzed Maps: 1229
XT01-98-AM-1229
XT01-05-PL-02-19-10-SF-00
XT01-PL-02-1621169282452
XT01-06-PL-02-19-10-SF-00
XT01-PL-01-1621169284389
XT01-06-PL-01-25-21-SF-00
Analyzed Maps: 1666
XT01-98-AM-1666
XT01-05-PL-02-25-22-SF-00
XT01-PL-02-1621169284830
XT01-06-PL-02-25-22-SF-00
XT01-PL-01-1621169288045
XT01-06-PL-01-22-16-SF-00
Analyzed Maps: 1105
XT01-98-AM-1105
XT01-05-PL-02-20-19-SF-00
XT01-PL-02-1621169288403
XT01-06-PL-02-20-19-SF-00
XT01-PL-01-1621169294043
XT01-06-PL-01-24-14-SF-00
Analyzed Maps: 1091
XT01-98-AM-1091
XT01-05-PL-02-21-16-SF-00
XT01-PL-02-1621169294400
XT01-06-PL-02-21-16-SF-00
XT01-PL-01-1621169299279
XT01-06-PL-01-23-19-SF-00
Analyzed Maps: 957
XT01-98-AM-957
XT01-05-PL-02-20-17-SF-00
XT01-PL-02-1621169299619
XT01-06-PL-02-20-17-SF-00
XT01-PL-01-1621169304236
XT01-06-PL-01-22-15-SF-00
Analyzed Maps: 1175
XT01-98-AM-1175
XT01-05-PL-02-24-15-SF-00
XT01-PL-02-1621169304612
XT01-06-PL-02-24-15-SF-00
XT01-PL-01-1621169309824
XT01-06-PL-01-21-18-SF-00
Analyzed Maps: 1906
XT01-98-AM-1906
XT01-05-PL-02-26-20-SF-00
XT01-PL-02-1621169310315
XT01-06-PL-02-26-20-SF-00
XT01-PL-01-1621169314569
XT01-06-PL-01-21-19-SF-00
Analyzed Maps: 838
XT01-98-AM-838
XT01-05-PL-02-22-19-SF-00
XT01-PL-02-1621169314849
XT01-06-PL-02-22-19-SF-00
XT01-PL-01-1621169318355
XT01-06-PL-01-27-19-SF-00
Analyzed Maps: 1299
XT01-98-AM-1299
XT01-05-PL-02-24-21-SF-00
XT01-PL-02-1621169318738
XT01-06-PL-02-24-21-SF-00
XT01-PL-01-1621169323145
XT01-06-PL-01-22-21-SF-00
Analyzed Maps: 1886
XT01-98-AM-1886
XT01-05-PL-02-21-20-SF-00
XT01-PL-02-1621169323631
XT01-06-PL-02-21-20-SF-00
XT01-PL-01-1621169328725
XT01-06-PL-01-21-22-SF-00
Analyzed Maps: 1029
XT01-98-AM-1029
XT01-05-PL-02-21-23-SF-00
XT01-PL-02-1621169329035
XT01-06-PL-02-21-23-SF-00
XT01-PL-01-1621169333153
XT01-06-PL-01-22-23-SF-00
Analyzed Maps: 863
XT01-98-AM-863
XT01-05-PL-02-22-22-SF-00
XT01-PL-02-1621169333437
XT01-06-PL-02-22-22-SF-00
XT01-PL-01-1621169337148
XT01-06-PL-01-26-22-SF-00
Analyzed Maps: 1181
XT01-98-AM-1181
XT01-05-PL-02-27-21-SF-00
XT01-PL-02-1621169337503
XT01-06-PL-02-27-21-SF-00
XT01-PL-01-1621169342003
XT01-06-PL-01-23-18-SF-00
Analyzed Maps: 903
XT01-98-AM-903
XT01-05-PL-02-25-19-SF-00
XT01-PL-02-1621169342289
XT01-06-PL-02-25-19-SF-00
XT01-PL-01-1621169345400
XT01-06-PL-01-18-31-SF-00
Analyzed Maps: 1060
XT01-98-AM-1060
XT01-05-PL-02-24-19-SF-00
XT01-PL-02-1621169345726
XT01-06-PL-02-24-19-SF-00
XT01-PL-01-1621169348701
XT01-06-PL-01-16-33-SF-00
Analyzed Maps: 837
XT01-98-AM-837
XT01-05-PL-02-16-32-SF-00
XT01-PL-02-1621169348980
XT01-06-PL-02-16-32-SF-00
XT01-PL-01-1621169351462
XT01-06-PL-01-17-34-SF-00
Analyzed Maps: 821
XT01-98-AM-821
XT01-05-PL-02-19-32-SF-00
XT01-PL-02-1621169351720
XT01-06-PL-02-19-32-SF-00
XT01-PL-01-1621169353879
XT01-06-PL-01-24-24-SF-00
Analyzed Maps: 974
XT01-98-AM-974
XT01-05-PL-02-16-34-SF-00
XT01-PL-02-1621169354203
XT01-06-PL-02-16-34-SF-00
XT01-PL-01-1621169355922
XT01-06-PL-01-25-15-SF-00
Analyzed Maps: 1078
XT01-98-AM-1078
XT01-05-PL-02-28-18-SF-00
XT01-PL-02-1621169356242
XT01-06-PL-02-28-18-SF-00
XT01-PL-01-1621169358608
XT01-06-PL-01-25-18-SF-00
Analyzed Maps: 779
XT01-98-AM-779
XT01-05-PL-02-21-30-SF-00
XT01-PL-02-1621169358906
XT01-06-PL-02-21-30-SF-00
XT01-PL-01-1621169360985
XT01-06-PL-01-25-17-SF-00
Analyzed Maps: 805
XT01-98-AM-805
XT01-05-PL-02-26-16-SF-00
XT01-PL-02-1621169361287
XT01-06-PL-02-26-16-SF-00
XT01-PL-01-1621169363148
XT01-06-PL-01-25-16-SF-00
Analyzed Maps: 557
XT01-98-AM-557
XT01-05-PL-02-25-24-SF-00
XT01-PL-02-1621169363376
XT01-06-PL-02-25-24-SF-00
XT01-PL-01-1621169364614
XT01-06-PL-01-23-24-SF-00
Analyzed Maps: 594
XT01-98-AM-594
XT01-05-PL-02-22-25-SF-00
XT01-PL-02-1621169364829
XT01-06-PL-02-22-25-SF-00
XT01-PL-01-1621169365887
XT01-06-PL-01-26-23-SF-00
Analyzed Maps: 447
XT01-98-AM-447
XT01-05-PL-02-23-25-SF-00
XT01-PL-02-1621169366105
XT01-06-PL-02-23-25-SF-00
XT01-PL-01-1621169366604
XT01-06-PL-01-24-25-SF-00
Analyzed Maps: 369
XT01-98-AM-369
XT01-05-PL-02-26-24-SF-00
XT01-PL-02-1621169366789
XT01-06-PL-02-26-24-SF-00
XT01-PL-01-1621169367249
XT01-06-PL-01-25-25-SF-00
Analyzed Maps: 267
XT01-98-AM-267
XT01-05-PL-02-26-26-SF-00
XT01-PL-02-1621169367421
XT01-06-PL-02-26-26-SF-00
XT01-PL-01-1621169367743
XT01-06-PL-01-27-25-SF-00
Analyzed Maps: 304
XT01-98-AM-304
XT01-05-PL-02-22-17-SF-00
XT01-PL-02-1621169367930
XT01-06-PL-02-22-17-SF-00
XT01-PL-01-1621169368313
XT01-06-PL-01-25-14-SF-00
Analyzed Maps: 310
XT01-98-AM-310
XT01-05-PL-02-26-13-SF-00
XT01-PL-02-1621169368475
XT01-06-PL-02-26-13-SF-00
XT01-PL-01-1621169368798
XT01-06-PL-01-28-20-SF-00
Analyzed Maps: 257
XT01-98-AM-257
XT01-05-PL-02-26-18-SF-00
XT01-PL-02-1621169368971
XT01-06-PL-02-26-18-SF-00
XT01-PL-01-1621169369196
XT01-06-PL-01-26-17-SF-00
Analyzed Maps: 195
XT01-98-AM-195
XT01-05-PL-02-26-15-SF-00
XT01-PL-02-1621169369358
XT01-06-PL-02-26-15-SF-00
XT01-PL-01-1621169369565
XT01-06-PL-01-27-12-SF-00
Analyzed Maps: 104
XT01-98-AM-104
XT01-05-PL-02-28-11-SF-00
XT01-PL-02-1621169369695
XT01-06-PL-02-28-11-SF-00
XT01-PL-01-1621169369875
XT01-06-PL-01-25-27-SF-00
Analyzed Maps: 101
XT01-98-AM-101
XT01-05-PL-02-23-13-SF-00
XT01-PL-02-1621169370000
XT01-06-PL-02-23-13-SF-00
XT01-PL-01-1621169370144
XT01-06-PL-01-27-33-SF-00
Analyzed Maps: 102
XT01-98-AM-102
XT01-05-PL-02-28-34-SF-00
XT01-PL-02-1621169370292
XT01-06-PL-02-28-34-SF-00
XT01-PL-01-1621169370420
XT01-06-PL-01-27-14-SF-00
Analyzed Maps: 139
XT01-98-AM-139
XT01-05-PL-02-28-15-SF-00
XT01-PL-02-1621169370554
XT01-06-PL-02-28-15-SF-00
XT01-PL-01-1621169370672
XT01-06-PL-01-28-13-SF-00
Analyzed Maps: 38
XT01-98-AM-38
XT01-05-PL-02-27-27-SF-00
XT01-PL-02-1621169370790
XT01-06-PL-02-27-27-SF-00
XT01-PL-01-1621169370922
XT01-06-PL-01-26-11-SF-00
Analyzed Maps: 37
XT01-98-AM-37
XT01-05-PL-02-28-24-SF-00
XT01-PL-02-1621169371035
XT01-06-PL-02-28-24-SF-00
XT01-PL-01-1621169371172
XT01-06-PL-01-28-26-SF-00
Analyzed Maps: 33
XT01-98-AM-33
XT01-05-PL-02-28-22-SF-00
XT01-PL-02-1621169371287
XT01-06-PL-02-28-22-SF-00
XT01-PL-01-1621169371422
XT01-06-PL-01-26-28-SF-00
Analyzed Maps: 26
XT01-98-AM-26
XT01-05-PL-02-01-04-SF-00
XT01-PL-02-1621169371535
XT01-06-PL-02-01-04-SF-00
XT01-PL-01-1621169371671
XT01-06-PL-01-00-03-SF-00
Analyzed Maps: 13
XT01-98-AM-13
XT01-05-PL-02-28-28-SF-00
XT01-PL-02-1621169371783
XT01-06-PL-02-28-28-SF-00
XT01-PL-01-1621169371922
XT01-06-PL-01-19-06-SF-00
Analyzed Maps: 23
XT01-98-AM-23
XT01-05-PL-02-24-35-SF-00
XT01-PL-02-1621169372032
XT01-06-PL-02-24-35-SF-00
XT01-PL-01-1621169372172
XT01-06-PL-01-25-36-SF-00
Analyzed Maps: 27
XT01-98-AM-27
XT01-05-PL-02-25-29-SF-00
XT01-PL-02-1621169372283
XT01-06-PL-02-25-29-SF-00
XT01-PL-01-1621169372432
XT01-06-PL-01-22-29-SF-00
Analyzed Maps: 45
XT01-98-AM-45
XT01-05-PL-02-20-05-SF-00
XT01-PL-02-1621169372581
XT01-06-PL-02-20-05-SF-00
XT01-PL-01-1621169372730
XT01-06-PL-01-27-29-SF-00
Analyzed Maps: 26
XT01-98-AM-26
XT01-05-PL-02-23-28-SF-00
XT01-PL-02-1621169372878
XT01-06-PL-02-23-28-SF-00
XT01-PL-01-1621169373025
XT01-06-PL-01-14-25-SF-00
XT01-05-PL-02-26-30-SF-00
XT01-PL-02-1621169373131
XT01-06-PL-02-26-30-SF-00
XT01-PL-01-1621169373271
XT01-06-PL-01-28-30-SF-00
XT01-05-PL-02-14-25-SF-00
XT01-PL-02-1621169373384
XT01-06-PL-02-14-25-SF-00
XT01-PL-01-1621169373521
XT01-06-PL-01-24-32-SF-00
Analyzed Maps: 13
XT01-98-AM-13
XT01-05-PL-02-27-31-SF-00
XT01-PL-02-1621169373634
XT01-06-PL-02-27-31-SF-00
XT01-PL-01-1621169373771
XT01-06-PL-01-25-33-SF-00
Analyzed Maps: 49
XT01-98-AM-49
XT01-05-PL-02-23-33-SF-00
XT01-PL-02-1621169373887
XT01-06-PL-02-23-33-SF-00
XT01-PL-01-1621169374044
XT01-06-PL-01-22-34-SF-00
Analyzed Maps: 53
XT01-98-AM-53
XT01-05-PL-02-21-35-SF-00
XT01-PL-02-1621169374182
XT01-06-PL-02-21-35-SF-00
XT01-PL-01-1621169374351
XT01-06-PL-01-23-32-SF-00
Analyzed Maps: 126
XT01-98-AM-126
XT01-05-PL-02-24-34-SF-00
XT01-PL-02-1621169374498
XT01-06-PL-02-24-34-SF-00
XT01-PL-01-1621169374726
XT01-06-PL-01-22-35-SF-00
Analyzed Maps: 261
XT01-98-AM-261
XT01-05-PL-02-23-35-SF-00
XT01-PL-02-1621169374885
XT01-06-PL-02-23-35-SF-00
XT01-PL-01-1621169375222
XT01-06-PL-01-25-32-SF-00
Analyzed Maps: 255
XT01-98-AM-255
XT01-05-PL-02-24-36-SF-00
XT01-PL-02-1621169375377
XT01-06-PL-02-24-36-SF-00
XT01-PL-01-1621169375656
XT01-06-PL-01-25-30-SF-00
Analyzed Maps: 120
XT01-98-AM-120
XT01-05-PL-02-25-34-SF-00
XT01-PL-02-1621169375799
XT01-06-PL-02-25-34-SF-00
XT01-PL-01-1621169376076
XT01-06-PL-01-23-36-SF-00
Analyzed Maps: 176
XT01-98-AM-176
XT01-05-PL-02-24-33-SF-00
XT01-PL-02-1621169376222
XT01-06-PL-02-24-33-SF-00
XT01-PL-01-1621169376611
XT01-06-PL-01-22-36-SF-00
Analyzed Maps: 277
XT01-98-AM-277
XT01-05-PL-02-24-31-SF-00
XT01-PL-02-1621169376775
XT01-06-PL-02-24-31-SF-00
XT01-PL-01-1621169377230
XT01-06-PL-01-26-29-SF-00
Analyzed Maps: 190
XT01-98-AM-190
XT01-05-PL-02-22-31-SF-00
XT01-PL-02-1621169377416
XT01-06-PL-02-22-31-SF-00
XT01-PL-01-1621169378203
XT01-06-PL-01-26-31-SF-00
Analyzed Maps: 483
XT01-98-AM-483
XT01-05-PL-02-27-32-SF-00
XT01-PL-02-1621169378405
XT01-06-PL-02-27-32-SF-00
XT01-PL-01-1621169379260
XT01-06-PL-01-25-28-SF-00
Analyzed Maps: 331
XT01-98-AM-331
XT01-05-PL-02-21-36-SF-00
XT01-PL-02-1621169379439
XT01-06-PL-02-21-36-SF-00
XT01-PL-01-1621169380045
XT01-06-PL-01-20-36-SF-00
Analyzed Maps: 254
XT01-98-AM-254
XT01-05-PL-02-20-33-SF-00
XT01-PL-02-1621169380227
XT01-06-PL-02-20-33-SF-00
XT01-PL-01-1621169380529
XT01-06-PL-01-28-33-SF-00
Analyzed Maps: 150
XT01-98-AM-150
XT01-05-PL-02-28-32-SF-00
XT01-PL-02-1621169380667
XT01-06-PL-02-28-32-SF-00
XT01-PL-01-1621169380910
XT01-06-PL-01-26-34-SF-00
Analyzed Maps: 161
XT01-98-AM-161
XT01-05-PL-02-26-33-SF-00
XT01-PL-02-1621169381063
XT01-06-PL-02-26-33-SF-00
XT01-PL-01-1621169381299
XT01-06-PL-01-25-35-SF-00
Analyzed Maps: 150
XT01-98-AM-150
XT01-05-PL-02-26-35-SF-00
XT01-PL-02-1621169381460
XT01-06-PL-02-26-35-SF-00
XT01-PL-01-1621169381695
XT01-06-PL-01-27-35-SF-00
Analyzed Maps: 171
XT01-98-AM-171
XT01-05-PL-02-27-34-SF-00
XT01-PL-02-1621169381865
XT01-06-PL-02-27-34-SF-00
XT01-PL-01-1621169382054
XT01-06-PL-01-28-35-SF-00
Analyzed Maps: 114
XT01-98-AM-114
XT01-05-PL-02-28-36-SF-00
XT01-PL-02-1621169382205
XT01-06-PL-02-28-36-SF-00
XT01-PL-01-1621169382378
XT01-06-PL-01-27-36-SF-00
Analyzed Maps: 70
XT01-98-AM-70
XT01-05-PL-02-26-36-SF-00
XT01-PL-02-1621169382501
XT01-06-PL-02-26-36-SF-00
XT01-PL-01-1621169382657
XT01-06-PL-01-28-31-SF-00
Analyzed Maps: 63
XT01-98-AM-63
XT01-05-PL-02-19-36-SF-00
XT01-PL-02-1621169382792
XT01-06-PL-02-19-36-SF-00
XT01-PL-01-1621169382932
XT01-06-PL-01-28-29-SF-00
Analyzed Maps: 36
XT01-98-AM-36
XT01-05-PL-02-27-30-SF-00
XT01-PL-02-1621169383046
XT01-06-PL-02-27-30-SF-00
XT01-PL-01-1621169383182
XT01-06-PL-01-28-27-SF-00
Analyzed Maps: 41
XT01-98-AM-41
XT01-05-PL-02-20-34-SF-00
XT01-PL-02-1621169383301
XT01-06-PL-02-20-34-SF-00
XT01-PL-01-1621169383433
XT01-06-PL-01-26-27-SF-00
Analyzed Maps: 9
XT01-98-AM-9
XT01-05-PL-02-27-28-SF-00
XT01-PL-02-1621169383543
XT01-06-PL-02-27-28-SF-00
XT01-PL-01-1621169383689
XT01-06-PL-01-14-25-SF-00
Analyzed Maps: 12
XT01-98-AM-12
XT01-05-PL-02-28-25-SF-00
XT01-PL-02-1621169383836
XT01-06-PL-02-28-25-SF-00
XT01-PL-01-1621169383944
XT01-06-PL-01-20-09-SF-00
XT01-05-PL-02-27-26-SF-00
XT01-PL-02-1621169384083
XT01-06-PL-02-27-26-SF-00
XT01-PL-01-1621169384197
XT01-06-PL-01-28-11-SF-00
XT01-05-PL-02-14-25-SF-00
XT01-PL-02-1621169384341
XT01-06-PL-02-14-25-SF-00
XT01-05-PL-02-21-08-SF-00
XT01-PL-02-1621169384484
XT01-06-PL-02-21-08-SF-00
XT01-PL-01-1621169384590
XT01-06-PL-01-22-07-SF-00
XT01-05-PL-02-23-06-SF-00
XT01-PL-02-1621169384732
XT01-06-PL-02-23-06-SF-00
XT01-05-PL-02-16-20-SF-00
XT01-PL-02-1621169384843
XT01-06-PL-02-16-20-SF-00
XT01-05-PL-02-00-10-SF-00
XT01-PL-02-1621169384990
XT01-06-PL-02-00-10-SF-00
XT01-PL-01-1621169385099
XT01-06-PL-01-03-11-SF-00
XT01-PL-01-1621169385232
XT01-06-PL-01-02-10-SF-00
XT01-08
XT01-09