XT01-ALPHA-BETA-OFF
XT01-02-[50, 10, 48, 10, 48, 32, 48, 10, 56, 32, 56, 10, 48, 32, 48, 32, 48, 32, 48, 32, 48, 32, 48, 32, 48, 32, 48, 10, 48, 32, 48, 32, 48, 32, 48, 32, 48, 32, 48, 32, 48, 32, 48, 10, 48, 32, 48, 32, 48, 32, 48, 32, 48, 32, 48, 32, 48, 32, 48, 10, 48, 32, 48, 32, 48, 32, 49, 32, 50, 32, 48, 32, 48, 32, 48, 10, 48, 32, 48, 32, 48, 32, 50, 32, 49, 32, 48, 32, 48, 32, 48, 10, 48, 32, 48, 32, 48, 32, 48, 32, 48, 32, 48, 32, 48, 32, 48, 10, 48, 32, 48, 32, 48, 32, 48, 32, 48, 32, 48, 32, 48, 32, 48, 10, 48, 32, 48, 32, 48, 32, 48, 32, 48, 32, 48, 32, 48, 32, 48]
XT01-03-PL-01
[MAP]
0 0 0 0 0 0 0 0 
0 0 0 0 0 0 0 0 
0 0 0 0 0'0 0 0 
0 0 0 1 2 0'0 0 
0 0 0'2 1 0 0 0 
0 0 0 0'0 0 0 0 
0 0 0 0 0 0 0 0 
0 0 0 0 0 0 0 0 
[END]
XT01-98-AM-316
XT01-05-PL-01-04-02-SF-00
XT01-PL-01-1620472932934
XT01-06-PL-01-04-02-SF-00
XT01-PL-02-1620472933081
[MAP]
0 0 0 0 0 0 0 0 
0 0 0 0 0 0 0 0 
0 0 0 0'1 0'0 0 
0 0 0 1 1 0 0 0 
0 0 0 2 1 0'0 0 
0 0 0 0 0 0 0 0 
0 0 0 0 0 0 0 0 
0 0 0 0 0 0 0 0 
[END]
XT01-06-PL-02-05-04-SF-00
[MAP]
0 0 0 0 0 0 0 0 
0 0 0 0 0 0 0 0 
0 0 0 0 1 0 0 0 
0 0 0 1 1 0 0 0 
0 0 0 2 2 2 0 0 
0 0 0'0'0'0'0'0 
0 0 0 0 0 0 0 0 
0 0 0 0 0 0 0 0 
[END]
XT01-98-AM-846
XT01-05-PL-01-03-05-SF-00
XT01-PL-01-1620472933238
XT01-06-PL-01-03-05-SF-00
XT01-PL-02-1620472933385
[MAP]
0 0 0 0 0 0 0 0 
0 0 0 0 0'0 0 0 
0 0 0'0'1 0 0 0 
0 0 0 1 1 0 0 0 
0 0 0'1 2 2 0 0 
0 0 0 1 0 0 0 0 
0 0 0'0 0 0 0 0 
0 0 0 0 0 0 0 0 
[END]
XT01-06-PL-02-03-02-SF-00
[MAP]
0 0 0 0 0 0 0 0 
0 0 0 0'0 0 0 0 
0 0 0'2 1 0'0 0 
0 0 0 1 2 0'0 0 
0 0 0 1 2 2 0'0 
0 0 0 1 0'0'0 0 
0 0 0 0 0 0 0 0 
0 0 0 0 0 0 0 0 
[END]
XT01-98-AM-2481
XT01-05-PL-01-06-04-SF-00
XT01-PL-01-1620472933624
XT01-06-PL-01-06-04-SF-00
XT01-PL-02-1620472933779
[MAP]
0 0 0 0 0 0 0 0 
0 0 0 0 0'0 0 0 
0 0 0 2 1 0'0 0 
0 0 0'1 2 0 0 0 
0 0 0 1 1 1 1 0 
0 0 0'1 0'0 0'0 
0 0 0 0'0 0 0 0 
0 0 0 0 0 0 0 0 
[END]
XT01-06-PL-02-03-06-SF-00
[MAP]
0 0 0 0 0 0 0 0 
0 0 0'0 0 0 0 0 
0 0 0'2 1 0 0 0 
0 0 0 2 2 0 0 0 
0 0 0'2 1 1 1 0 
0 0 0 2 0 0 0 0 
0 0 0'2 0 0 0 0 
0 0 0 0 0 0 0 0 
[END]
XT01-98-AM-1949
XT01-05-PL-01-02-04-SF-00
XT01-PL-01-1620472933976
XT01-06-PL-01-02-04-SF-00
XT01-PL-02-1620472934197
[MAP]
0 0 0 0 0 0 0 0 
0 0 0 0 0'0 0 0 
0 0 0 2 1 0'0 0 
0 0'0'1 2 0'0 0 
0 0 1 1 1 1 1 0 
0 0 0'2 0'0 0'0 
0 0 0 2 0 0 0 0 
0 0 0 0 0 0 0 0 
[END]
XT01-06-PL-02-01-03-SF-00
[MAP]
0 0 0 0 0 0 0 0 
0 0 0'0'0 0 0 0 
0 0 0'2 1 0'0 0 
0 2 0 1 2 0'0 0 
0 0'2 1 1 1 1 0 
0 0'0 2 0 0 0 0 
0 0 0'2 0 0 0 0 
0 0 0 0'0 0 0 0 
[END]
XT01-98-AM-5818
XT01-05-PL-01-03-07-SF-00
XT01-PL-01-1620472934444
XT01-06-PL-01-03-07-SF-00
XT01-PL-02-1620472934620
[MAP]
0 0 0 0 0 0 0 0 
0 0 0 0 0'0'0 0 
0 0 0 2 1 0'0 0 
0 2 0'1 2 0 0 0 
0 0 2 1 1 1 1 0'
0 0 0'1 0'0 0'0 
0 0 0 1 0'0 0 0 
0 0 0 1 0 0 0 0 
[END]
XT01-06-PL-02-07-04-SF-00
[MAP]
0 0 0 0 0 0 0 0 
0 0 0 0'0 0 0 0 
0'0 0'2 1 0 0 0 
0 2 0 1 2 0'0 0 
0 0 2 2 2 2 2 2 
0 0'0 1 0'0'0 0 
0 0 0 1 0 0 0 0 
0 0 0 1 0 0 0 0 
[END]
XT01-98-AM-2855
XT01-05-PL-01-04-05-SF-00
XT01-PL-01-1620472934792
XT01-06-PL-01-04-05-SF-00
XT01-PL-02-1620472934946
[MAP]
0 0 0 0 0 0 0 0 
0 0 0 0 0 0'0 0 
0 0 0 2 1 0'0 0 
0 2 0 1 1 0 0 0 
0 0 2 2 1 2 2 2 
0 0 0 1 1 0 0 0 
0 0 0 1 0'0'0 0 
0 0 0'1 0 0 0 0 
[END]
XT01-06-PL-02-05-01-SF-00
[MAP]
0 0 0 0 0 0 0 0 
0 0 0'0'0'2 0 0 
0'0 0'2 2 0 0 0 
0 2 0'2 1 0 0'0 
0 0'2 2 1 2 2 2 
0 0 0'1 1 0 0'0 
0 0 0 1 0 0 0 0 
0 0 0 1 0 0 0 0 
[END]
XT01-98-AM-5885
XT01-05-PL-01-00-02-SF-00
XT01-PL-01-1620472935193
XT01-06-PL-01-00-02-SF-00
XT01-PL-02-1620472935346
[MAP]
0 0 0 0 0 0 0 0 
0 0 0 0 0 2 0 0 
1 0 0 2 2 0'0 0 
0 1 0 2 1 0'0 0 
0 0'1 2 1 2 2 2 
0 0'0 1 1 0'0 0 
0 0 0 1 0'0'0 0 
0 0 0'1 0 0 0 0 
[END]
XT01-06-PL-02-01-05-SF-00
[MAP]
0 0 0 0 0 0 0 0 
0 0 0'0'0'2 0 0 
1 0 0'2 2 0 0 0 
0 1 0'2 1 0 0'0 
0 0'2 2 1 2 2 2 
0 2 0'1 1 0 0'0 
0 0 0 1 0 0 0 0 
0 0 0 1 0 0 0 0 
[END]
XT01-98-AM-4718
XT01-05-PL-01-03-01-SF-00
XT01-PL-01-1620472935572
XT01-06-PL-01-03-01-SF-00
XT01-PL-02-1620472935712
[MAP]
0 0 0'0 0 0 0 0 
0 0 0'1 0 2 0 0 
1 0 0'1 2 0 0 0 
0 1 0 1 1 0 0 0 
0 0 2 1 1 2 2 2 
0 2 0 1 1 0 0 0 
0 0 0 1 0'0 0 0 
0 0 0'1 0 0 0 0 
[END]
XT01-06-PL-02-02-07-SF-00
[MAP]
0 0 0 0 0 0 0'0 
0 0 0 1 0'2 0 0 
1 0 0 1 2 0'0 0 
0 1 0 1 1 0'0 0 
0 0'2 1 1 2 2 2 
0 2 0 1 2 0'0'0 
0'0 0 2 0'0'0 0 
0 0'2 1 0 0 0 0 
[END]
XT01-98-AM-8543
XT01-05-PL-01-06-00-SF-00
XT01-PL-01-1620472936011
XT01-06-PL-01-06-00-SF-00
XT01-PL-02-1620472936145
[MAP]
0 0 0 0'0 0 1 0 
0 0 0'1 0'1 0 0 
1 0 0 1 1 0 0 0 
0 1 0'1 1 0 0 0 
0 0 2 1 1 2 2 2 
0 2 0'1 2 0 0 0 
0 0 0 2 0'0 0 0 
0 0 2 1 0'0 0 0 
[END]
XT01-06-PL-02-03-00-SF-00
[MAP]
0 0 0'2 0 0 1 0 
0 0 0'2 0 1 0 0 
1 0 0'2 1 0 0 0 
0 1 0'2 1 0 0 0 
0 0'2 2 1 2 2 2 
0 2 0'2 2 0 0'0 
0'0 0'2 0'0 0 0 
0 0'2 1 0 0 0 0 
[END]
XT01-98-AM-6256
XT01-05-PL-01-02-05-SF-00
XT01-PL-01-1620472936392
XT01-06-PL-01-02-05-SF-00
XT01-PL-02-1620472936576
[MAP]
0 0 0 2 0 0 1 0 
0 0 0 2 0'1 0 0 
1 0 0 2 1 0'0 0 
0 1 0'2 1 0'0 0 
0 0'2 1 1 2 2 2 
0 2 1 2 2 0'0 0 
0 0 0'2 0 0 0 0 
0 0 2 1 0'0 0 0 
[END]
XT01-06-PL-02-04-07-SF-00
[MAP]
0 0 0'2 0 0 1 0 
0 0 0'2 0 1 0 0 
1 0 0'2 1 0 0 0 
0 1 0'2 1 0 0 0 
0 0'2 1 1 2 2 2 
0'2 1 2 2 0'0'0 
0'0 0'2 0'0'0 0 
0 0 2 2 2 0 0 0 
[END]
XT01-98-AM-8989
XT01-05-PL-01-02-02-SF-00
XT01-PL-01-1620472936868
XT01-06-PL-01-02-02-SF-00
XT01-PL-02-1620472937037
[MAP]
0 0 0 2 0 0 1 0 
0 0 0'2 0'1 0 0 
1 0 1 1 1 0 0 0 
0 1 0'1 1 0'0 0 
0'0'2 1 1 2 2 2 
0 2 1 2 2 0 0 0 
0 0 0'2 0 0 0 0 
0 0 2 2 2 0 0 0 
[END]
XT01-06-PL-02-00-04-SF-00
[MAP]
0 0 0'2 0 0 1 0 
0 0'0 2 0 1 0 0 
1 0'2 1 1 0 0 0 
0 2 0'1 1 0 0 0 
2 0'2 1 1 2 2 2 
0'2 1 2 2 0'0'0 
0'0 0'2 0'0'0 0 
0 0 2 2 2 0 0 0 
[END]
XT01-98-AM-10522
XT01-05-PL-01-01-04-SF-00
XT01-PL-01-1620472937341
XT01-06-PL-01-01-04-SF-00
XT01-PL-02-1620472937506
[MAP]
0 0 0 2 0 0 1 0 
0 0 0'2 0'1 0 0 
1 0 2 1 1 0'0 0 
0'2 0'1 1 0'0 0 
2 1 1 1 1 2 2 2 
0 2 1 2 2 0'0 0 
0 0 0 2 0 0 0 0 
0 0 2 2 2 0 0 0 
[END]
XT01-06-PL-02-04-01-SF-00
[MAP]
0 0 0 2 0 0'1 0 
0 0'0'2 2 1 0 0 
1 0'2 1 2 0'0 0 
0 2 0 1 2 0'0 0 
2 1 1 1 2 2 2 2 
0'2 1 2 2 0'0'0 
0'0'0 2 0'0'0 0 
0 0 2 2 2 0 0 0 
[END]
XT01-98-AM-11255
XT01-05-PL-01-05-02-SF-00
XT01-PL-01-1620472937827
XT01-06-PL-01-05-02-SF-00
XT01-PL-02-1620472937991
[MAP]
0 0 0 2 0 0 1 0 
0 0 0'2 2 1 0'0 
1 0 2 1 1 1 0'0 
0'2 0'1 1 0'0'0 
2 1 1 1 2 2 2 2 
0 2 1 2 2 0 0 0 
0 0 0 2 0 0 0 0 
0 0 2 2 2 0 0 0 
[END]
XT01-06-PL-02-02-03-SF-00
[MAP]
0 0 0'2 0'0'1 0 
0 0'0'2 2 1 0 0 
1 0'2 2 1 1 0 0 
0'2 2 1 1 0 0 0 
2 1 1 2 2 2 2 2 
0'2 1 2 2 0'0'0 
0'0'0 2 0'0 0 0 
0 0 2 2 2 0 0 0 
[END]
XT01-98-AM-17051
XT01-05-PL-01-04-06-SF-00
XT01-PL-01-1620472938401
XT01-06-PL-01-04-06-SF-00
XT01-PL-02-1620472938615
[MAP]
0 0 0 2 0 0 1 0 
0 0 0 2 2 1 0'0 
1 0 2 2 1 1 0'0 
0'2 2 1 1 0'0'0 
2 1 1 2 1 2 2 2 
0'2 1 1 1 0'0 0 
0 0'0'2 1 0'0 0 
0 0 2 2 2 0'0 0 
[END]
XT01-06-PL-02-05-05-SF-00
[MAP]
0 0 0'2 0'0'1 0 
0 0 0'2 2 1 0 0 
1 0'2 2 1 1 0 0 
0'2 2 2 1 0 0 0 
2 1 1 2 2 2 2 2 
0 2 2 2 2 2 0'0 
0'0'0'2 2 0 0 0 
0 0 2 2 2 0'0 0 
[END]
XT01-98-AM-10465
XT01-05-PL-01-05-07-SF-00
XT01-PL-01-1620472938940
XT01-06-PL-01-05-07-SF-00
XT01-PL-02-1620472939164
[MAP]
0 0 0 2 0 0 1 0 
0 0 0 2 2 1 0'0 
1 0 2 2 1 1 0'0 
0'2 2 2 1 0'0'0 
2 1 1 2 2 2 2 2 
0'2 2 1 2 2 0 0 
0 0 0'2 1 0'0 0 
0 0 2 2 2 1 0'0 
[END]
XT01-06-PL-02-06-07-SF-00
[MAP]
0 0 0'2 0'0'1 0 
0 0 0'2 2 1 0 0 
1 0'2 2 1 1 0 0 
0'2 2 2 1 0'0 0'
2 1 1 2 2 2 2 2 
0'2 2 1 2 2 0'0 
0'0'0'2 1 0 0 0 
0 0 2 2 2 2 2 0 
[END]
XT01-98-AM-16789
XT01-05-PL-01-05-03-SF-00
XT01-PL-01-1620472939529
XT01-06-PL-01-05-03-SF-00
XT01-PL-02-1620472939683
[MAP]
0 0 0 2 0 0'1 0 
0 0 0 2 2 1 0'0 
1 0 2 2 1 1 0'0 
0'2 2 2 1 1 0'0 
2 1 1 2 1 2 2 2 
0'2 2 1 2 2 0 0 
0 0 0 2 1 0'0 0 
0 0 2 2 2 2 2 0 
[END]
XT01-06-PL-02-05-00-SF-00
[MAP]
0 0 0'2 0'2 1 0 
0 0'0'2 2 2 0'0 
1 0'2 2 1 2 0'0 
0'2 2 2 1 2 0'0'
2 1 1 2 1 2 2 2 
0'2 2 1 2 2 0'0'
0'0'0'2 1 0 0'0 
0 0 2 2 2 2 2 0 
[END]
XT01-98-AM-17246
XT01-05-PL-01-04-00-SF-00
XT01-PL-01-1620472940033
XT01-06-PL-01-04-00-SF-00
XT01-PL-02-1620472940157
[MAP]
0 0 0 2 1 1 1 0'
0 0 0 2 1 2 0 0 
1 0 2 2 1 2 0 0 
0'2 2 2 1 2 0 0 
2 1 1 2 1 2 2 2 
0'2 2 1 2 2 0 0 
0 0 0'2 1 0'0 0 
0 0 2 2 2 2 2 0 
[END]
XT01-06-PL-02-07-00-SF-00
[MAP]
0 0 0'2 2 2 2 2 
0 0'0'2 1 2 0'0 
1 0'2 2 1 2 0'0 
0'2 2 2 1 2 0'0'
2 1 1 2 1 2 2 2 
0'2 2 1 2 2 0'0'
0'0'0'2 1 0 0'0 
0 0 2 2 2 2 2 0 
[END]
XT01-98-AM-12401
XT01-05-PL-01-00-03-SF-00
XT01-PL-01-1620472940431
XT01-06-PL-01-00-03-SF-00
XT01-PL-02-1620472940575
[MAP]
0 0 0 2 2 2 2 2 
0'0 0 2 1 2 0 0 
1 0'2 2 1 2 0 0 
1 1 1 1 1 2 0 0 
2 1 1 2 1 2 2 2 
0'2 2 1 2 2 0 0 
0 0 0'2 1 0'0 0 
0 0 2 2 2 2 2 0 
[END]
XT01-06-PL-02-00-01-SF-00
[MAP]
0 0 0'2 2 2 2 2 
2 0'0'2 1 2 0'0 
2 0'2 2 1 2 0'0 
2 1 1 1 1 2 0'0'
2 1 1 2 1 2 2 2 
0'2 2 1 2 2 0'0'
0'0'0'2 1 0'0'0 
0 0 2 2 2 2 2 0 
[END]
XT01-98-AM-10675
XT01-05-PL-01-02-06-SF-00
XT01-PL-01-1620472940824
XT01-06-PL-01-02-06-SF-00
XT01-PL-02-1620472940964
[MAP]
0 0 0 2 2 2 2 2 
2 0 0 2 1 2 0 0 
2 0'2 2 1 2 0 0 
2 1 1 1 1 2 0 0 
2 1 1 2 1 2 2 2 
0'2 1 1 2 2 0 0 
0 0'1 1 1 0 0 0 
0 0'2 2 2 2 2 0 
[END]
XT01-06-PL-02-01-07-SF-00
[MAP]
0 0 0'2 2 2 2 2 
2 0'0'2 1 2 0'0 
2 0'2 2 1 2 0'0 
2 1 1 1 1 2 0'0'
2 1 1 2 2 2 2 2 
0'2 1 2 2 2 0'0'
0'0'2 1 1 0'0'0 
0 2 2 2 2 2 2 0 
[END]
XT01-98-AM-10308
XT01-05-PL-01-01-06-SF-00
XT01-PL-01-1620472941200
XT01-06-PL-01-01-06-SF-00
XT01-PL-02-1620472941342
[MAP]
0 0 0 2 2 2 2 2 
2 0 0 2 1 2 0 0 
2 0'2 2 1 2 0 0 
2 1 1 1 1 2 0 0 
2 1 1 2 2 2 2 2 
0'1 1 2 2 2 0 0 
0'1 1 1 1 0 0 0 
0'2 2 2 2 2 2 0 
[END]
XT01-06-PL-02-00-07-SF-00
[MAP]
0 0 0'2 2 2 2 2 
2 0'0'2 1 2 0'0 
2 0'2 2 1 2 0'0 
2 1 1 1 1 2 0'0'
2 1 1 2 2 2 2 2 
0 1 2 2 2 2 0'0'
0'2 1 1 1 0'0'0 
2 2 2 2 2 2 2 0 
[END]
XT01-98-AM-7813
XT01-05-PL-01-00-06-SF-00
XT01-PL-01-1620472941548
XT01-06-PL-01-00-06-SF-00
XT01-PL-02-1620472941664
[MAP]
0 0 0 2 2 2 2 2 
2 0 0 2 1 2 0 0 
2 0'2 2 1 2 0 0 
2 1 1 1 1 2 0 0 
2 1 1 2 2 2 2 2 
0'1 2 2 2 2 0 0 
1 1 1 1 1 0 0 0 
2 2 2 2 2 2 2 0 
[END]
XT01-06-PL-02-00-05-SF-00
[MAP]
0 0 0'2 2 2 2 2 
2 0'0'2 1 2 0'0 
2 0'2 2 1 2 0'0 
2 1 2 1 1 2 0'0'
2 2 1 2 2 2 2 2 
2 2 2 2 2 2 0'0'
2 2 1 1 1 0 0'0 
2 2 2 2 2 2 2 0 
[END]
XT01-98-AM-4194
XT01-05-PL-01-02-00-SF-00
XT01-PL-01-1620472941818
XT01-06-PL-01-02-00-SF-00
XT01-PL-02-1620472941927
[MAP]
0 0'1 2 2 2 2 2 
2 0 0'1 1 2 0 0 
2 0'2 2 1 2 0 0 
2 1 2 1 1 2 0 0 
2 2 1 2 2 2 2 2 
2 2 2 2 2 2 0 0 
2 2 1 1 1 0'0 0 
2 2 2 2 2 2 2 0 
[END]
XT01-06-PL-02-01-00-SF-00
[MAP]
0 2 2 2 2 2 2 2 
2 0'0'1 1 2 0'0 
2 0'2 2 1 2 0'0 
2 1 2 1 1 2 0'0'
2 2 1 2 2 2 2 2 
2 2 2 2 2 2 0'0'
2 2 1 1 1 0 0'0 
2 2 2 2 2 2 2 0 
[END]
XT01-98-AM-3721
XT01-05-PL-01-01-01-SF-00
XT01-PL-01-1620472942076
XT01-06-PL-01-01-01-SF-00
XT01-PL-02-1620472942185
[MAP]
0'2 2 2 2 2 2 2 
2 1 0'1 1 2 0 0 
2 0'1 2 1 2 0 0 
2 1 2 1 1 2 0 0 
2 2 1 2 2 2 2 2 
2 2 2 2 2 2 0 0 
2 2 1 1 1 0'0 0 
2 2 2 2 2 2 2 0 
[END]
XT01-06-PL-02-00-00-SF-00
[MAP]
2 2 2 2 2 2 2 2 
2 2 0'1 1 2 0'0 
2 0'2 2 1 2 0'0 
2 1 2 2 1 2 0'0'
2 2 1 2 2 2 2 2 
2 2 2 2 2 2 0'0'
2 2 1 1 1 0 0 0 
2 2 2 2 2 2 2 0 
[END]
XT01-98-AM-2415
XT01-05-PL-01-06-05-SF-00
XT01-PL-01-1620472942314
XT01-06-PL-01-06-05-SF-00
XT01-PL-02-1620472942427
[MAP]
2 2 2 2 2 2 2 2 
2 2 0'1 1 2 0 0 
2 0'2 2 1 2 0 0 
2 1 2 2 1 2 0'0 
2 2 1 2 2 1 2 2 
2 2 2 2 2 2 1 0'
2 2 1 1 1 0'0'0'
2 2 2 2 2 2 2 0 
[END]
XT01-06-PL-02-05-06-SF-00
[MAP]
2 2 2 2 2 2 2 2 
2 2 0'1 1 2 0'0 
2 0'2 2 1 2 0'0 
2 1 2 2 1 2 0'0 
2 2 1 2 2 1 2 2 
2 2 2 2 2 2 2 0'
2 2 2 2 2 2 0 0'
2 2 2 2 2 2 2 0 
[END]
XT01-98-AM-1087
XT01-05-PL-01-01-02-SF-00
XT01-PL-01-1620472942545
XT01-06-PL-01-01-02-SF-00
XT01-PL-02-1620472942648
[MAP]
2 2 2 2 2 2 2 2 
2 2 0'1 1 2 0 0 
2 1 1 1 1 2 0 0 
2 1 2 2 1 2 0'0 
2 2 1 2 2 1 2 2 
2 2 2 2 2 2 2 0 
2 2 2 2 2 2 0 0 
2 2 2 2 2 2 2 0 
[END]
XT01-06-PL-02-02-01-SF-00
[MAP]
2 2 2 2 2 2 2 2 
2 2 2 2 2 2 0 0 
2 2 2 2 1 2 0'0 
2 1 2 2 2 2 0'0 
2 2 1 2 2 2 2 2 
2 2 2 2 2 2 2 0'
2 2 2 2 2 2 0 0 
2 2 2 2 2 2 2 0 
[END]
XT01-98-AM-163
XT01-05-PL-01-06-03-SF-00
XT01-PL-01-1620472942752
XT01-06-PL-01-06-03-SF-00
XT01-PL-02-1620472942855
[MAP]
2 2 2 2 2 2 2 2 
2 2 2 2 2 2 0 0 
2 2 2 2 1 2 0'0'
2 1 1 1 1 1 1 0'
2 2 1 2 2 2 2 2 
2 2 2 2 2 2 2 0 
2 2 2 2 2 2 0 0 
2 2 2 2 2 2 2 0 
[END]
XT01-06-PL-02-07-03-SF-00
[MAP]
2 2 2 2 2 2 2 2 
2 2 2 2 2 2 0 0 
2 2 2 2 1 2 0'0 
2 2 2 2 2 2 2 2 
2 2 1 2 2 2 2 2 
2 2 2 2 2 2 2 0'
2 2 2 2 2 2 0 0 
2 2 2 2 2 2 2 0 
[END]
XT01-98-AM-33
XT01-05-PL-01-07-05-SF-00
XT01-PL-01-1620472942959
XT01-06-PL-01-07-05-SF-00
XT01-PL-02-1620472943066
[MAP]
2 2 2 2 2 2 2 2 
2 2 2 2 2 2 0 0 
2 2 2 2 1 2 0'0 
2 2 2 2 2 1 2 2 
2 2 1 2 2 2 1 2 
2 2 2 2 2 2 2 1 
2 2 2 2 2 2 0 0'
2 2 2 2 2 2 2 0 
[END]
XT01-06-PL-02-06-02-SF-00
[MAP]
2 2 2 2 2 2 2 2 
2 2 2 2 2 2 0'0 
2 2 2 2 1 2 2 0'
2 2 2 2 2 2 2 2 
2 2 1 2 2 2 1 2 
2 2 2 2 2 2 2 1 
2 2 2 2 2 2 0'0 
2 2 2 2 2 2 2 0 
[END]
XT01-98-AM-48
XT01-05-PL-01-07-02-SF-00
XT01-PL-01-1620472943169
XT01-06-PL-01-07-02-SF-00
XT01-PL-02-1620472943275
[MAP]
2 2 2 2 2 2 2 2 
2 2 2 2 2 2 0'0'
2 2 2 2 1 1 1 1 
2 2 2 2 2 2 2 1 
2 2 1 2 2 2 1 1 
2 2 2 2 2 2 2 1 
2 2 2 2 2 2 0 0 
2 2 2 2 2 2 2 0 
[END]
XT01-06-PL-02-06-01-SF-00
[MAP]
2 2 2 2 2 2 2 2 
2 2 2 2 2 2 2 0 
2 2 2 2 1 2 2 1 
2 2 2 2 2 2 2 1 
2 2 1 2 2 2 1 1 
2 2 2 2 2 2 2 1 
2 2 2 2 2 2 0'0 
2 2 2 2 2 2 2 0 
[END]
XT01-05-PL-01-06-06-SF-00
XT01-PL-01-1620472943377
XT01-06-PL-01-06-06-SF-00
XT01-PL-02-1620472943478
[MAP]
2 2 2 2 2 2 2 2 
2 2 2 2 2 2 2 0 
2 2 2 2 1 2 2 1 
2 2 2 2 2 2 2 1 
2 2 1 2 2 2 1 1 
2 2 2 2 2 2 1 1 
2 2 2 2 2 2 1 0'
2 2 2 2 2 2 2 0'
[END]
XT01-06-PL-02-07-06-SF-00
[MAP]
2 2 2 2 2 2 2 2 
2 2 2 2 2 2 2 0 
2 2 2 2 1 2 2 1 
2 2 2 2 2 2 2 1 
2 2 1 2 2 2 1 1 
2 2 2 2 2 2 2 1 
2 2 2 2 2 2 2 2 
2 2 2 2 2 2 2 0'
[END]
XT01-05-PL-01-07-07-SF-00
XT01-PL-01-1620472943582
XT01-06-PL-01-07-07-SF-00
XT01-08
XT01-09
[MAP]
2 2 2 2 2 2 2 2 
2 2 2 2 2 2 2 0 
2 2 2 2 1 2 2 1 
2 2 2 2 2 2 2 1 
2 2 1 2 2 2 1 1 
2 2 2 2 2 2 2 1 
2 2 2 2 2 2 2 1 
2 2 2 2 2 2 2 1 
[END]