XT01-ALPHA-BETA-ON
XT01-02-[50, 10, 48, 10, 48, 32, 48, 10, 56, 32, 56, 10, 48, 32, 48, 32, 48, 32, 48, 32, 48, 32, 48, 32, 48, 32, 48, 10, 48, 32, 48, 32, 48, 32, 48, 32, 48, 32, 48, 32, 48, 32, 48, 10, 48, 32, 48, 32, 48, 32, 48, 32, 48, 32, 48, 32, 48, 32, 48, 10, 48, 32, 48, 32, 48, 32, 49, 32, 50, 32, 48, 32, 48, 32, 48, 10, 48, 32, 48, 32, 48, 32, 50, 32, 49, 32, 48, 32, 48, 32, 48, 10, 48, 32, 48, 32, 48, 32, 48, 32, 48, 32, 48, 32, 48, 32, 48, 10, 48, 32, 48, 32, 48, 32, 48, 32, 48, 32, 48, 32, 48, 32, 48, 10, 48, 32, 48, 32, 48, 32, 48, 32, 48, 32, 48, 32, 48, 32, 48]
XT01-03-PL-02
XT01-PL-01-1620472932924
[MAP]
0 0 0 0 0 0 0 0 
0 0 0 0 0 0 0 0 
0 0 0 0 0'0 0 0 
0 0 0 1 2 0'0 0 
0 0 0'2 1 0 0 0 
0 0 0 0'0 0 0 0 
0 0 0 0 0 0 0 0 
0 0 0 0 0 0 0 0 
[END]
XT01-06-PL-01-04-02-SF-00
[MAP]
0 0 0 0 0 0 0 0 
0 0 0 0 0 0 0 0 
0 0 0 0'1 0'0 0 
0 0 0 1 1 0 0 0 
0 0 0 2 1 0'0 0 
0 0 0 0 0 0 0 0 
0 0 0 0 0 0 0 0 
0 0 0 0 0 0 0 0 
[END]
XT01-98-AM-287
XT01-05-PL-02-05-04-SF-00
XT01-PL-02-1620472933081
XT01-06-PL-02-05-04-SF-00
XT01-PL-01-1620472933238
[MAP]
0 0 0 0 0 0 0 0 
0 0 0 0 0 0 0 0 
0 0 0 0 1 0 0 0 
0 0 0 1 1 0 0 0 
0 0 0 2 2 2 0 0 
0 0 0'0'0'0'0'0 
0 0 0 0 0 0 0 0 
0 0 0 0 0 0 0 0 
[END]
XT01-06-PL-01-03-05-SF-00
[MAP]
0 0 0 0 0 0 0 0 
0 0 0 0 0'0 0 0 
0 0 0'0'1 0 0 0 
0 0 0 1 1 0 0 0 
0 0 0'1 2 2 0 0 
0 0 0 1 0 0 0 0 
0 0 0'0 0 0 0 0 
0 0 0 0 0 0 0 0 
[END]
XT01-98-AM-652
XT01-05-PL-02-03-02-SF-00
XT01-PL-02-1620472933385
XT01-06-PL-02-03-02-SF-00
XT01-PL-01-1620472933623
[MAP]
0 0 0 0 0 0 0 0 
0 0 0 0'0 0 0 0 
0 0 0'2 1 0'0 0 
0 0 0 1 2 0'0 0 
0 0 0 1 2 2 0'0 
0 0 0 1 0'0'0 0 
0 0 0 0 0 0 0 0 
0 0 0 0 0 0 0 0 
[END]
XT01-06-PL-01-06-04-SF-00
[MAP]
0 0 0 0 0 0 0 0 
0 0 0 0 0'0 0 0 
0 0 0 2 1 0'0 0 
0 0 0'1 2 0 0 0 
0 0 0 1 1 1 1 0 
0 0 0'1 0'0 0'0 
0 0 0 0'0 0 0 0 
0 0 0 0 0 0 0 0 
[END]
XT01-98-AM-881
XT01-05-PL-02-03-06-SF-00
XT01-PL-02-1620472933779
XT01-06-PL-02-03-06-SF-00
XT01-PL-01-1620472933976
[MAP]
0 0 0 0 0 0 0 0 
0 0 0'0 0 0 0 0 
0 0 0'2 1 0 0 0 
0 0 0 2 2 0 0 0 
0 0 0'2 1 1 1 0 
0 0 0 2 0 0 0 0 
0 0 0'2 0 0 0 0 
0 0 0 0 0 0 0 0 
[END]
XT01-06-PL-01-02-04-SF-00
[MAP]
0 0 0 0 0 0 0 0 
0 0 0 0 0'0 0 0 
0 0 0 2 1 0'0 0 
0 0'0'1 2 0'0 0 
0 0 1 1 1 1 1 0 
0 0 0'2 0'0 0'0 
0 0 0 2 0 0 0 0 
0 0 0 0 0 0 0 0 
[END]
XT01-98-AM-2344
XT01-05-PL-02-01-03-SF-00
XT01-PL-02-1620472934197
XT01-06-PL-02-01-03-SF-00
XT01-PL-01-1620472934444
[MAP]
0 0 0 0 0 0 0 0 
0 0 0'0'0 0 0 0 
0 0 0'2 1 0'0 0 
0 2 0 1 2 0'0 0 
0 0'2 1 1 1 1 0 
0 0'0 2 0 0 0 0 
0 0 0'2 0 0 0 0 
0 0 0 0'0 0 0 0 
[END]
XT01-06-PL-01-03-07-SF-00
[MAP]
0 0 0 0 0 0 0 0 
0 0 0 0 0'0'0 0 
0 0 0 2 1 0'0 0 
0 2 0'1 2 0 0 0 
0 0 2 1 1 1 1 0'
0 0 0'1 0'0 0'0 
0 0 0 1 0'0 0 0 
0 0 0 1 0 0 0 0 
[END]
XT01-98-AM-1766
XT01-05-PL-02-07-04-SF-00
XT01-PL-02-1620472934620
XT01-06-PL-02-07-04-SF-00
XT01-PL-01-1620472934791
[MAP]
0 0 0 0 0 0 0 0 
0 0 0 0'0 0 0 0 
0'0 0'2 1 0 0 0 
0 2 0 1 2 0'0 0 
0 0 2 2 2 2 2 2 
0 0'0 1 0'0'0 0 
0 0 0 1 0 0 0 0 
0 0 0 1 0 0 0 0 
[END]
XT01-06-PL-01-04-05-SF-00
[MAP]
0 0 0 0 0 0 0 0 
0 0 0 0 0 0'0 0 
0 0 0 2 1 0'0 0 
0 2 0 1 1 0 0 0 
0 0 2 2 1 2 2 2 
0 0 0 1 1 0 0 0 
0 0 0 1 0'0'0 0 
0 0 0'1 0 0 0 0 
[END]
XT01-98-AM-1772
XT01-05-PL-02-05-01-SF-00
XT01-PL-02-1620472934946
XT01-06-PL-02-05-01-SF-00
XT01-PL-01-1620472935193
[MAP]
0 0 0 0 0 0 0 0 
0 0 0'0'0'2 0 0 
0'0 0'2 2 0 0 0 
0 2 0'2 1 0 0'0 
0 0'2 2 1 2 2 2 
0 0 0'1 1 0 0'0 
0 0 0 1 0 0 0 0 
0 0 0 1 0 0 0 0 
[END]
XT01-06-PL-01-00-02-SF-00
[MAP]
0 0 0 0 0 0 0 0 
0 0 0 0 0 2 0 0 
1 0 0 2 2 0'0 0 
0 1 0 2 1 0'0 0 
0 0'1 2 1 2 2 2 
0 0'0 1 1 0'0 0 
0 0 0 1 0'0'0 0 
0 0 0'1 0 0 0 0 
[END]
XT01-98-AM-1733
XT01-05-PL-02-01-05-SF-00
XT01-PL-02-1620472935346
XT01-06-PL-02-01-05-SF-00
XT01-PL-01-1620472935572
[MAP]
0 0 0 0 0 0 0 0 
0 0 0'0'0'2 0 0 
1 0 0'2 2 0 0 0 
0 1 0'2 1 0 0'0 
0 0'2 2 1 2 2 2 
0 2 0'1 1 0 0'0 
0 0 0 1 0 0 0 0 
0 0 0 1 0 0 0 0 
[END]
XT01-06-PL-01-03-01-SF-00
[MAP]
0 0 0'0 0 0 0 0 
0 0 0'1 0 2 0 0 
1 0 0'1 2 0 0 0 
0 1 0 1 1 0 0 0 
0 0 2 1 1 2 2 2 
0 2 0 1 1 0 0 0 
0 0 0 1 0'0 0 0 
0 0 0'1 0 0 0 0 
[END]
XT01-98-AM-1566
XT01-05-PL-02-02-07-SF-00
XT01-PL-02-1620472935712
XT01-06-PL-02-02-07-SF-00
XT01-PL-01-1620472936011
[MAP]
0 0 0 0 0 0 0'0 
0 0 0 1 0'2 0 0 
1 0 0 1 2 0'0 0 
0 1 0 1 1 0'0 0 
0 0'2 1 1 2 2 2 
0 2 0 1 2 0'0'0 
0'0 0 2 0'0'0 0 
0 0'2 1 0 0 0 0 
[END]
XT01-06-PL-01-06-00-SF-00
[MAP]
0 0 0 0'0 0 1 0 
0 0 0'1 0'1 0 0 
1 0 0 1 1 0 0 0 
0 1 0'1 1 0 0 0 
0 0 2 1 1 2 2 2 
0 2 0'1 2 0 0 0 
0 0 0 2 0'0 0 0 
0 0 2 1 0'0 0 0 
[END]
XT01-98-AM-1080
XT01-05-PL-02-03-00-SF-00
XT01-PL-02-1620472936145
XT01-06-PL-02-03-00-SF-00
XT01-PL-01-1620472936392
[MAP]
0 0 0'2 0 0 1 0 
0 0 0'2 0 1 0 0 
1 0 0'2 1 0 0 0 
0 1 0'2 1 0 0 0 
0 0'2 2 1 2 2 2 
0 2 0'2 2 0 0'0 
0'0 0'2 0'0 0 0 
0 0'2 1 0 0 0 0 
[END]
XT01-06-PL-01-02-05-SF-00
[MAP]
0 0 0 2 0 0 1 0 
0 0 0 2 0'1 0 0 
1 0 0 2 1 0'0 0 
0 1 0'2 1 0'0 0 
0 0'2 1 1 2 2 2 
0 2 1 2 2 0'0 0 
0 0 0'2 0 0 0 0 
0 0 2 1 0'0 0 0 
[END]
XT01-98-AM-3316
XT01-05-PL-02-04-07-SF-00
XT01-PL-02-1620472936576
XT01-06-PL-02-04-07-SF-00
XT01-PL-01-1620472936868
[MAP]
0 0 0'2 0 0 1 0 
0 0 0'2 0 1 0 0 
1 0 0'2 1 0 0 0 
0 1 0'2 1 0 0 0 
0 0'2 1 1 2 2 2 
0'2 1 2 2 0'0'0 
0'0 0'2 0'0'0 0 
0 0 2 2 2 0 0 0 
[END]
XT01-06-PL-01-02-02-SF-00
[MAP]
0 0 0 2 0 0 1 0 
0 0 0'2 0'1 0 0 
1 0 1 1 1 0 0 0 
0 1 0'1 1 0'0 0 
0'0'2 1 1 2 2 2 
0 2 1 2 2 0 0 0 
0 0 0'2 0 0 0 0 
0 0 2 2 2 0 0 0 
[END]
XT01-98-AM-2928
XT01-05-PL-02-00-04-SF-00
XT01-PL-02-1620472937038
XT01-06-PL-02-00-04-SF-00
XT01-PL-01-1620472937341
[MAP]
0 0 0'2 0 0 1 0 
0 0'0 2 0 1 0 0 
1 0'2 1 1 0 0 0 
0 2 0'1 1 0 0 0 
2 0'2 1 1 2 2 2 
0'2 1 2 2 0'0'0 
0'0 0'2 0'0'0 0 
0 0 2 2 2 0 0 0 
[END]
XT01-06-PL-01-01-04-SF-00
[MAP]
0 0 0 2 0 0 1 0 
0 0 0'2 0'1 0 0 
1 0 2 1 1 0'0 0 
0'2 0'1 1 0'0 0 
2 1 1 1 1 2 2 2 
0 2 1 2 2 0'0 0 
0 0 0 2 0 0 0 0 
0 0 2 2 2 0 0 0 
[END]
XT01-98-AM-2709
XT01-05-PL-02-04-01-SF-00
XT01-PL-02-1620472937507
XT01-06-PL-02-04-01-SF-00
XT01-PL-01-1620472937826
[MAP]
0 0 0 2 0 0'1 0 
0 0'0'2 2 1 0 0 
1 0'2 1 2 0'0 0 
0 2 0 1 2 0'0 0 
2 1 1 1 2 2 2 2 
0'2 1 2 2 0'0'0 
0'0'0 2 0'0'0 0 
0 0 2 2 2 0 0 0 
[END]
XT01-06-PL-01-05-02-SF-00
[MAP]
0 0 0 2 0 0 1 0 
0 0 0'2 2 1 0'0 
1 0 2 1 1 1 0'0 
0'2 0'1 1 0'0'0 
2 1 1 1 2 2 2 2 
0 2 1 2 2 0 0 0 
0 0 0 2 0 0 0 0 
0 0 2 2 2 0 0 0 
[END]
XT01-98-AM-2690
XT01-05-PL-02-02-03-SF-00
XT01-PL-02-1620472937991
XT01-06-PL-02-02-03-SF-00
XT01-PL-01-1620472938401
[MAP]
0 0 0'2 0'0'1 0 
0 0'0'2 2 1 0 0 
1 0'2 2 1 1 0 0 
0'2 2 1 1 0 0 0 
2 1 1 2 2 2 2 2 
0'2 1 2 2 0'0'0 
0'0'0 2 0'0 0 0 
0 0 2 2 2 0 0 0 
[END]
XT01-06-PL-01-04-06-SF-00
[MAP]
0 0 0 2 0 0 1 0 
0 0 0 2 2 1 0'0 
1 0 2 2 1 1 0'0 
0'2 2 1 1 0'0'0 
2 1 1 2 1 2 2 2 
0'2 1 1 1 0'0 0 
0 0'0'2 1 0'0 0 
0 0 2 2 2 0'0 0 
[END]
XT01-98-AM-5666
XT01-05-PL-02-05-05-SF-00
XT01-PL-02-1620472938615
XT01-06-PL-02-05-05-SF-00
XT01-PL-01-1620472938939
[MAP]
0 0 0'2 0'0'1 0 
0 0 0'2 2 1 0 0 
1 0'2 2 1 1 0 0 
0'2 2 2 1 0 0 0 
2 1 1 2 2 2 2 2 
0 2 2 2 2 2 0'0 
0'0'0'2 2 0 0 0 
0 0 2 2 2 0'0 0 
[END]
XT01-06-PL-01-05-07-SF-00
[MAP]
0 0 0 2 0 0 1 0 
0 0 0 2 2 1 0'0 
1 0 2 2 1 1 0'0 
0'2 2 2 1 0'0'0 
2 1 1 2 2 2 2 2 
0'2 2 1 2 2 0 0 
0 0 0'2 1 0'0 0 
0 0 2 2 2 1 0'0 
[END]
XT01-98-AM-6221
XT01-05-PL-02-06-07-SF-00
XT01-PL-02-1620472939164
XT01-06-PL-02-06-07-SF-00
XT01-PL-01-1620472939529
[MAP]
0 0 0'2 0'0'1 0 
0 0 0'2 2 1 0 0 
1 0'2 2 1 1 0 0 
0'2 2 2 1 0'0 0'
2 1 1 2 2 2 2 2 
0'2 2 1 2 2 0'0 
0'0'0'2 1 0 0 0 
0 0 2 2 2 2 2 0 
[END]
XT01-06-PL-01-05-03-SF-00
[MAP]
0 0 0 2 0 0'1 0 
0 0 0 2 2 1 0'0 
1 0 2 2 1 1 0'0 
0'2 2 2 1 1 0'0 
2 1 1 2 1 2 2 2 
0'2 2 1 2 2 0 0 
0 0 0 2 1 0'0 0 
0 0 2 2 2 2 2 0 
[END]
XT01-98-AM-2652
XT01-05-PL-02-05-00-SF-00
XT01-PL-02-1620472939683
XT01-06-PL-02-05-00-SF-00
XT01-PL-01-1620472940033
[MAP]
0 0 0'2 0'2 1 0 
0 0'0'2 2 2 0'0 
1 0'2 2 1 2 0'0 
0'2 2 2 1 2 0'0'
2 1 1 2 1 2 2 2 
0'2 2 1 2 2 0'0'
0'0'0'2 1 0 0'0 
0 0 2 2 2 2 2 0 
[END]
XT01-06-PL-01-04-00-SF-00
[MAP]
0 0 0 2 1 1 1 0'
0 0 0 2 1 2 0 0 
1 0 2 2 1 2 0 0 
0'2 2 2 1 2 0 0 
2 1 1 2 1 2 2 2 
0'2 2 1 2 2 0 0 
0 0 0'2 1 0'0 0 
0 0 2 2 2 2 2 0 
[END]
XT01-98-AM-939
XT01-05-PL-02-07-00-SF-00
XT01-PL-02-1620472940157
XT01-06-PL-02-07-00-SF-00
XT01-PL-01-1620472940431
[MAP]
0 0 0'2 2 2 2 2 
0 0'0'2 1 2 0'0 
1 0'2 2 1 2 0'0 
0'2 2 2 1 2 0'0'
2 1 1 2 1 2 2 2 
0'2 2 1 2 2 0'0'
0'0'0'2 1 0 0'0 
0 0 2 2 2 2 2 0 
[END]
XT01-06-PL-01-00-03-SF-00
[MAP]
0 0 0 2 2 2 2 2 
0'0 0 2 1 2 0 0 
1 0'2 2 1 2 0 0 
1 1 1 1 1 2 0 0 
2 1 1 2 1 2 2 2 
0'2 2 1 2 2 0 0 
0 0 0'2 1 0'0 0 
0 0 2 2 2 2 2 0 
[END]
XT01-98-AM-1939
XT01-05-PL-02-00-01-SF-00
XT01-PL-02-1620472940575
XT01-06-PL-02-00-01-SF-00
XT01-PL-01-1620472940824
[MAP]
0 0 0'2 2 2 2 2 
2 0'0'2 1 2 0'0 
2 0'2 2 1 2 0'0 
2 1 1 1 1 2 0'0'
2 1 1 2 1 2 2 2 
0'2 2 1 2 2 0'0'
0'0'0'2 1 0'0'0 
0 0 2 2 2 2 2 0 
[END]
XT01-06-PL-01-02-06-SF-00
[MAP]
0 0 0 2 2 2 2 2 
2 0 0 2 1 2 0 0 
2 0'2 2 1 2 0 0 
2 1 1 1 1 2 0 0 
2 1 1 2 1 2 2 2 
0'2 1 1 2 2 0 0 
0 0'1 1 1 0 0 0 
0 0'2 2 2 2 2 0 
[END]
XT01-98-AM-1895
XT01-05-PL-02-01-07-SF-00
XT01-PL-02-1620472940964
XT01-06-PL-02-01-07-SF-00
XT01-PL-01-1620472941200
[MAP]
0 0 0'2 2 2 2 2 
2 0'0'2 1 2 0'0 
2 0'2 2 1 2 0'0 
2 1 1 1 1 2 0'0'
2 1 1 2 2 2 2 2 
0'2 1 2 2 2 0'0'
0'0'2 1 1 0'0'0 
0 2 2 2 2 2 2 0 
[END]
XT01-06-PL-01-01-06-SF-00
[MAP]
0 0 0 2 2 2 2 2 
2 0 0 2 1 2 0 0 
2 0'2 2 1 2 0 0 
2 1 1 1 1 2 0 0 
2 1 1 2 2 2 2 2 
0'1 1 2 2 2 0 0 
0'1 1 1 1 0 0 0 
0'2 2 2 2 2 2 0 
[END]
XT01-98-AM-2115
XT01-05-PL-02-00-07-SF-00
XT01-PL-02-1620472941342
XT01-06-PL-02-00-07-SF-00
XT01-PL-01-1620472941548
[MAP]
0 0 0'2 2 2 2 2 
2 0'0'2 1 2 0'0 
2 0'2 2 1 2 0'0 
2 1 1 1 1 2 0'0'
2 1 1 2 2 2 2 2 
0 1 2 2 2 2 0'0'
0'2 1 1 1 0'0'0 
2 2 2 2 2 2 2 0 
[END]
XT01-06-PL-01-00-06-SF-00
[MAP]
0 0 0 2 2 2 2 2 
2 0 0 2 1 2 0 0 
2 0'2 2 1 2 0 0 
2 1 1 1 1 2 0 0 
2 1 1 2 2 2 2 2 
0'1 2 2 2 2 0 0 
1 1 1 1 1 0 0 0 
2 2 2 2 2 2 2 0 
[END]
XT01-98-AM-806
XT01-05-PL-02-00-05-SF-00
XT01-PL-02-1620472941664
XT01-06-PL-02-00-05-SF-00
XT01-PL-01-1620472941818
[MAP]
0 0 0'2 2 2 2 2 
2 0'0'2 1 2 0'0 
2 0'2 2 1 2 0'0 
2 1 2 1 1 2 0'0'
2 2 1 2 2 2 2 2 
2 2 2 2 2 2 0'0'
2 2 1 1 1 0 0'0 
2 2 2 2 2 2 2 0 
[END]
XT01-06-PL-01-02-00-SF-00
[MAP]
0 0'1 2 2 2 2 2 
2 0 0'1 1 2 0 0 
2 0'2 2 1 2 0 0 
2 1 2 1 1 2 0 0 
2 2 1 2 2 2 2 2 
2 2 2 2 2 2 0 0 
2 2 1 1 1 0'0 0 
2 2 2 2 2 2 2 0 
[END]
XT01-98-AM-394
XT01-05-PL-02-01-00-SF-00
XT01-PL-02-1620472941927
XT01-06-PL-02-01-00-SF-00
XT01-PL-01-1620472942076
[MAP]
0 2 2 2 2 2 2 2 
2 0'0'1 1 2 0'0 
2 0'2 2 1 2 0'0 
2 1 2 1 1 2 0'0'
2 2 1 2 2 2 2 2 
2 2 2 2 2 2 0'0'
2 2 1 1 1 0 0'0 
2 2 2 2 2 2 2 0 
[END]
XT01-06-PL-01-01-01-SF-00
[MAP]
0'2 2 2 2 2 2 2 
2 1 0'1 1 2 0 0 
2 0'1 2 1 2 0 0 
2 1 2 1 1 2 0 0 
2 2 1 2 2 2 2 2 
2 2 2 2 2 2 0 0 
2 2 1 1 1 0'0 0 
2 2 2 2 2 2 2 0 
[END]
XT01-98-AM-374
XT01-05-PL-02-00-00-SF-00
XT01-PL-02-1620472942185
XT01-06-PL-02-00-00-SF-00
XT01-PL-01-1620472942314
[MAP]
2 2 2 2 2 2 2 2 
2 2 0'1 1 2 0'0 
2 0'2 2 1 2 0'0 
2 1 2 2 1 2 0'0'
2 2 1 2 2 2 2 2 
2 2 2 2 2 2 0'0'
2 2 1 1 1 0 0 0 
2 2 2 2 2 2 2 0 
[END]
XT01-06-PL-01-06-05-SF-00
[MAP]
2 2 2 2 2 2 2 2 
2 2 0'1 1 2 0 0 
2 0'2 2 1 2 0 0 
2 1 2 2 1 2 0'0 
2 2 1 2 2 1 2 2 
2 2 2 2 2 2 1 0'
2 2 1 1 1 0'0'0'
2 2 2 2 2 2 2 0 
[END]
XT01-98-AM-542
XT01-05-PL-02-05-06-SF-00
XT01-PL-02-1620472942427
XT01-06-PL-02-05-06-SF-00
XT01-PL-01-1620472942545
[MAP]
2 2 2 2 2 2 2 2 
2 2 0'1 1 2 0'0 
2 0'2 2 1 2 0'0 
2 1 2 2 1 2 0'0 
2 2 1 2 2 1 2 2 
2 2 2 2 2 2 2 0'
2 2 2 2 2 2 0 0'
2 2 2 2 2 2 2 0 
[END]
XT01-06-PL-01-01-02-SF-00
[MAP]
2 2 2 2 2 2 2 2 
2 2 0'1 1 2 0 0 
2 1 1 1 1 2 0 0 
2 1 2 2 1 2 0'0 
2 2 1 2 2 1 2 2 
2 2 2 2 2 2 2 0 
2 2 2 2 2 2 0 0 
2 2 2 2 2 2 2 0 
[END]
XT01-98-AM-66
XT01-05-PL-02-02-01-SF-00
XT01-PL-02-1620472942648
XT01-06-PL-02-02-01-SF-00
XT01-PL-01-1620472942751
[MAP]
2 2 2 2 2 2 2 2 
2 2 2 2 2 2 0 0 
2 2 2 2 1 2 0'0 
2 1 2 2 2 2 0'0 
2 2 1 2 2 2 2 2 
2 2 2 2 2 2 2 0'
2 2 2 2 2 2 0 0 
2 2 2 2 2 2 2 0 
[END]
XT01-06-PL-01-06-03-SF-00
[MAP]
2 2 2 2 2 2 2 2 
2 2 2 2 2 2 0 0 
2 2 2 2 1 2 0'0'
2 1 1 1 1 1 1 0'
2 2 1 2 2 2 2 2 
2 2 2 2 2 2 2 0 
2 2 2 2 2 2 0 0 
2 2 2 2 2 2 2 0 
[END]
XT01-98-AM-113
XT01-05-PL-02-07-03-SF-00
XT01-PL-02-1620472942855
XT01-06-PL-02-07-03-SF-00
XT01-PL-01-1620472942959
[MAP]
2 2 2 2 2 2 2 2 
2 2 2 2 2 2 0 0 
2 2 2 2 1 2 0'0 
2 2 2 2 2 2 2 2 
2 2 1 2 2 2 2 2 
2 2 2 2 2 2 2 0'
2 2 2 2 2 2 0 0 
2 2 2 2 2 2 2 0 
[END]
XT01-06-PL-01-07-05-SF-00
[MAP]
2 2 2 2 2 2 2 2 
2 2 2 2 2 2 0 0 
2 2 2 2 1 2 0'0 
2 2 2 2 2 1 2 2 
2 2 1 2 2 2 1 2 
2 2 2 2 2 2 2 1 
2 2 2 2 2 2 0 0'
2 2 2 2 2 2 2 0 
[END]
XT01-98-AM-36
XT01-05-PL-02-06-02-SF-00
XT01-PL-02-1620472943066
XT01-06-PL-02-06-02-SF-00
XT01-PL-01-1620472943168
[MAP]
2 2 2 2 2 2 2 2 
2 2 2 2 2 2 0'0 
2 2 2 2 1 2 2 0'
2 2 2 2 2 2 2 2 
2 2 1 2 2 2 1 2 
2 2 2 2 2 2 2 1 
2 2 2 2 2 2 0'0 
2 2 2 2 2 2 2 0 
[END]
XT01-06-PL-01-07-02-SF-00
[MAP]
2 2 2 2 2 2 2 2 
2 2 2 2 2 2 0'0'
2 2 2 2 1 1 1 1 
2 2 2 2 2 2 2 1 
2 2 1 2 2 2 1 1 
2 2 2 2 2 2 2 1 
2 2 2 2 2 2 0 0 
2 2 2 2 2 2 2 0 
[END]
XT01-98-AM-10
XT01-05-PL-02-06-01-SF-00
XT01-PL-02-1620472943275
XT01-06-PL-02-06-01-SF-00
XT01-PL-01-1620472943377
[MAP]
2 2 2 2 2 2 2 2 
2 2 2 2 2 2 2 0 
2 2 2 2 1 2 2 1 
2 2 2 2 2 2 2 1 
2 2 1 2 2 2 1 1 
2 2 2 2 2 2 2 1 
2 2 2 2 2 2 0'0 
2 2 2 2 2 2 2 0 
[END]
XT01-06-PL-01-06-06-SF-00
[MAP]
2 2 2 2 2 2 2 2 
2 2 2 2 2 2 2 0 
2 2 2 2 1 2 2 1 
2 2 2 2 2 2 2 1 
2 2 1 2 2 2 1 1 
2 2 2 2 2 2 1 1 
2 2 2 2 2 2 1 0'
2 2 2 2 2 2 2 0'
[END]
XT01-98-AM-5
XT01-05-PL-02-07-06-SF-00
XT01-PL-02-1620472943479
XT01-06-PL-02-07-06-SF-00
XT01-PL-01-1620472943581
[MAP]
2 2 2 2 2 2 2 2 
2 2 2 2 2 2 2 0 
2 2 2 2 1 2 2 1 
2 2 2 2 2 2 2 1 
2 2 1 2 2 2 1 1 
2 2 2 2 2 2 2 1 
2 2 2 2 2 2 2 2 
2 2 2 2 2 2 2 0'
[END]
XT01-06-PL-01-07-07-SF-00
XT01-08
XT01-09
[MAP]
2 2 2 2 2 2 2 2 
2 2 2 2 2 2 2 0 
2 2 2 2 1 2 2 1 
2 2 2 2 2 2 2 1 
2 2 1 2 2 2 1 1 
2 2 2 2 2 2 2 1 
2 2 2 2 2 2 2 1 
2 2 2 2 2 2 2 1 
[END]