XT01-ALPHA-BETA-ON
XT01-02-[50, 10, 51, 10, 48, 32, 48, 10, 50, 54, 32, 50, 51, 10, 48, 32, 48, 32, 48, 32, 48, 32, 48, 32, 48, 32, 48, 32, 48, 32, 48, 32, 48, 32, 48, 32, 48, 32, 48, 32, 48, 32, 48, 32, 48, 32, 48, 32, 48, 32, 48, 32, 48, 32, 48, 32, 48, 32, 48, 32, 10, 48, 32, 48, 32, 48, 32, 48, 32, 48, 32, 48, 32, 48, 32, 45, 32, 45, 32, 45, 32, 45, 32, 48, 32, 48, 32, 48, 32, 48, 32, 48, 32, 48, 32, 48, 32, 48, 32, 48, 32, 48, 32, 48, 32, 48, 32, 10, 48, 32, 48, 32, 48, 32, 48, 32, 48, 32, 45, 32, 45, 32, 48, 32, 48, 32, 48, 32, 48, 32, 45, 32, 45, 32, 48, 32, 48, 32, 48, 32, 48, 32, 48, 32, 48, 32, 48, 32, 48, 32, 48, 32, 48, 32, 10, 48, 32, 48, 32, 48, 32, 48, 32, 45, 32, 48, 32, 48, 32, 48, 32, 48, 32, 98, 32, 48, 32, 48, 32, 48, 32, 45, 32, 48, 32, 48, 32, 48, 32, 48, 32, 48, 32, 48, 32, 48, 32, 48, 32, 48, 32, 10, 48, 32, 48, 32, 48, 32, 48, 32, 45, 32, 48, 32, 48, 32, 48, 32, 48, 32, 48, 32, 48, 32, 48, 32, 48, 32, 48, 32, 45, 32, 48, 32, 48, 32, 48, 32, 48, 32, 48, 32, 48, 32, 48, 32, 48, 32, 10, 48, 32, 48, 32, 48, 32, 45, 32, 48, 32, 48, 32, 48, 32, 48, 32, 48, 32, 48, 32, 48, 32, 45, 32, 48, 32, 48, 32, 48, 32, 45, 32, 48, 32, 48, 32, 48, 32, 48, 32, 48, 32, 48, 32, 48, 32, 10, 48, 32, 48, 32, 48, 32, 45, 32, 48, 32, 49, 32, 50, 32, 48, 32, 48, 32, 48, 32, 48, 32, 45, 32, 48, 32, 48, 32, 48, 32, 45, 32, 48, 32, 48, 32, 48, 32, 48, 32, 48, 32, 48, 32, 48, 32, 10, 48, 32, 48, 32, 48, 32, 45, 32, 48, 32, 50, 32, 49, 32, 48, 32, 48, 32, 48, 32, 45, 32, 48, 32, 48, 32, 48, 32, 48, 32, 45, 32, 48, 32, 48, 32, 48, 32, 48, 32, 48, 32, 48, 32, 48, 32, 10, 48, 32, 48, 32, 45, 32, 48, 32, 48, 32, 48, 32, 48, 32, 48, 32, 48, 32, 48, 32, 45, 32, 48, 32, 48, 32, 48, 32, 45, 32, 48, 32, 48, 32, 48, 32, 48, 32, 48, 32, 48, 32, 48, 32, 48, 32, 10, 48, 32, 45, 32, 45, 32, 48, 32, 48, 32, 48, 32, 48, 32, 48, 32, 48, 32, 45, 32, 48, 32, 48, 32, 48, 32, 48, 32, 45, 32, 48, 32, 48, 32, 48, 32, 48, 32, 48, 32, 48, 32, 48, 32, 48, 32, 10, 48, 32, 45, 32, 45, 32, 48, 32, 48, 32, 48, 32, 48, 32, 48, 32, 48, 32, 45, 32, 48, 32, 48, 32, 48, 32, 45, 32, 45, 32, 48, 32, 48, 32, 48, 32, 48, 32, 48, 32, 48, 32, 48, 32, 48, 32, 10, 48, 32, 45, 32, 48, 32, 48, 32, 48, 32, 48, 32, 48, 32, 48, 32, 48, 32, 45, 32, 48, 32, 48, 32, 48, 32, 45, 32, 48, 32, 45, 32, 48, 32, 48, 32, 48, 32, 48, 32, 48, 32, 48, 32, 48, 32, 10, 48, 32, 48, 32, 45, 32, 48, 32, 48, 32, 48, 32, 48, 32, 45, 32, 48, 32, 48, 32, 45, 32, 45, 32, 45, 32, 48, 32, 48, 32, 45, 32, 48, 32, 48, 32, 48, 32, 48, 32, 48, 32, 48, 32, 48, 32, 10, 48, 32, 48, 32, 48, 32, 45, 32, 45, 32, 45, 32, 45, 32, 48, 32, 45, 32, 48, 32, 48, 32, 48, 32, 48, 32, 48, 32, 48, 32, 48, 32, 45, 32, 45, 32, 48, 32, 48, 32, 48, 32, 48, 32, 48, 32, 10, 48, 32, 48, 32, 48, 32, 48, 32, 48, 32, 48, 32, 48, 32, 48, 32, 45, 32, 48, 32, 48, 32, 48, 32, 48, 32, 48, 32, 48, 32, 48, 32, 48, 32, 48, 32, 45, 32, 48, 32, 48, 32, 48, 32, 48, 32, 10, 48, 32, 48, 32, 48, 32, 48, 32, 48, 32, 48, 32, 48, 32, 45, 32, 48, 32, 48, 32, 48, 32, 120, 32, 48, 32, 48, 32, 48, 32, 48, 32, 48, 32, 48, 32, 48, 32, 45, 32, 48, 32, 48, 32, 48, 32, 10, 48, 32, 48, 32, 48, 32, 48, 32, 48, 32, 48, 32, 48, 32, 45, 32, 48, 32, 48, 32, 48, 32, 48, 32, 48, 32, 48, 32, 48, 32, 48, 32, 48, 32, 48, 32, 48, 32, 45, 32, 48, 32, 48, 32, 48, 32, 10, 48, 32, 48, 32, 48, 32, 48, 32, 48, 32, 48, 32, 48, 32, 45, 32, 48, 32, 48, 32, 48, 32, 48, 32, 48, 32, 48, 32, 48, 32, 99, 32, 48, 32, 48, 32, 48, 32, 48, 32, 45, 32, 48, 32, 48, 32, 10, 48, 32, 48, 32, 48, 32, 48, 32, 48, 32, 48, 32, 48, 32, 45, 32, 48, 32, 48, 32, 48, 32, 48, 32, 48, 32, 48, 32, 48, 32, 48, 32, 48, 32, 48, 32, 48, 32, 48, 32, 45, 32, 48, 32, 48, 32, 10, 48, 32, 48, 32, 48, 32, 48, 32, 48, 32, 48, 32, 48, 32, 48, 32, 45, 32, 48, 32, 48, 32, 48, 32, 48, 32, 48, 32, 48, 32, 48, 32, 48, 32, 48, 32, 48, 32, 48, 32, 48, 32, 45, 32, 48, 32, 10, 48, 32, 48, 32, 48, 32, 48, 32, 48, 32, 48, 32, 48, 32, 48, 32, 45, 32, 48, 32, 48, 32, 48, 32, 45, 32, 48, 32, 48, 32, 48, 32, 48, 32, 48, 32, 48, 32, 48, 32, 48, 32, 45, 32, 48, 32, 10, 48, 32, 48, 32, 48, 32, 48, 32, 48, 32, 48, 32, 48, 32, 48, 32, 45, 32, 48, 32, 48, 32, 48, 32, 45, 32, 45, 32, 48, 32, 48, 32, 48, 32, 48, 32, 45, 32, 48, 32, 48, 32, 45, 32, 48, 32, 10, 48, 32, 48, 32, 48, 32, 48, 32, 48, 32, 48, 32, 48, 32, 45, 32, 48, 32, 48, 32, 48, 32, 45, 32, 45, 32, 48, 32, 45, 32, 45, 32, 45, 32, 45, 32, 48, 32, 48, 32, 48, 32, 45, 32, 48, 32, 10, 48, 32, 48, 32, 48, 32, 48, 32, 48, 32, 48, 32, 45, 32, 105, 32, 48, 32, 48, 32, 45, 32, 48, 32, 48, 32, 45, 32, 48, 32, 48, 32, 48, 32, 48, 32, 48, 32, 48, 32, 45, 32, 48, 32, 48, 32, 10, 48, 32, 48, 32, 48, 32, 48, 32, 48, 32, 48, 32, 45, 32, 45, 32, 45, 32, 45, 32, 48, 32, 45, 32, 45, 32, 45, 32, 45, 32, 45, 32, 45, 32, 45, 32, 45, 32, 45, 32, 48, 32, 48, 32, 48, 32, 10, 48, 32, 48, 32, 48, 32, 48, 32, 48, 32, 48, 32, 48, 32, 48, 32, 48, 32, 48, 32, 48, 32, 48, 32, 48, 32, 48, 32, 48, 32, 48, 32, 48, 32, 48, 32, 48, 32, 48, 32, 48, 32, 48, 32, 48, 32, 10, 50, 32, 49, 49, 32, 54, 32, 60, 45, 62, 32, 49, 52, 32, 50, 51, 32, 54, 10, 49, 57, 32, 50, 51, 32, 50, 32, 60, 45, 62, 32, 49, 57, 32, 50, 51, 32, 52, 10, 57, 32, 55, 32, 50, 32, 60, 45, 62, 32, 49, 49, 32, 55, 32, 54, 10, 49, 48, 32, 54, 32, 50, 32, 60, 45, 62, 32, 49, 50, 32, 54, 32, 54, 10, 49, 48, 32, 53, 32, 50, 32, 60, 45, 62, 32, 49, 50, 32, 53, 32, 54, 10, 56, 32, 57, 32, 50, 32, 60, 45, 62, 32, 49, 48, 32, 57, 32, 54, 10, 56, 32, 49, 48, 32, 50, 32, 60, 45, 62, 32, 49, 48, 32, 49, 48, 32, 54, 10, 56, 32, 49, 49, 32, 50, 32, 60, 45, 62, 32, 49, 48, 32, 49, 49, 32, 54, 10, 49, 48, 32, 49, 49, 32, 52, 32, 60, 45, 62, 32, 49, 48, 32, 49, 51, 32, 48, 10, 49, 49, 32, 49, 49, 32, 52, 32, 60, 45, 62, 32, 49, 49, 32, 49, 51, 32, 48, 10, 49, 50, 32, 49, 49, 32, 52, 32, 60, 45, 62, 32, 49, 50, 32, 49, 51, 32, 48, 10, 49, 49, 32, 50, 51, 32, 54, 32, 60, 45, 62, 32, 57, 32, 50, 51, 32, 50, 10, 49, 50, 32, 50, 51, 32, 53, 32, 60, 45, 62, 32, 49, 57, 32, 49, 55, 32, 48, 10]
XT01-03-PL-02
XT01-PL-01-1621238259802
XT01-06-PL-01-07-06-SF-00
Analyzed Maps: 402
XT01-98-AM-402
XT01-05-PL-02-07-05-SF-00
XT01-PL-02-1621238260082
XT01-06-PL-02-07-05-SF-00
XT01-PL-01-1621238260923
XT01-06-PL-01-04-07-SF-00
Analyzed Maps: 639
XT01-98-AM-639
XT01-05-PL-02-04-08-SF-00
XT01-PL-02-1621238261213
XT01-06-PL-02-04-08-SF-00
XT01-PL-01-1621238262289
XT01-06-PL-01-06-05-SF-00
Analyzed Maps: 521
XT01-98-AM-521
XT01-05-PL-02-05-05-SF-00
XT01-PL-02-1621238262519
XT01-06-PL-02-05-05-SF-00
XT01-PL-01-1621238267042
XT01-06-PL-01-03-09-SF-00
Analyzed Maps: 1135
XT01-98-AM-1135
XT01-05-PL-02-03-08-SF-00
XT01-PL-02-1621238267361
XT01-06-PL-02-03-08-SF-00
XT01-PL-01-1621238270742
XT01-06-PL-01-04-06-SF-00
Analyzed Maps: 1429
XT01-98-AM-1429
XT01-05-PL-02-05-08-SF-00
XT01-PL-02-1621238271152
XT01-06-PL-02-05-08-SF-00
XT01-PL-01-1621238278587
XT01-06-PL-01-04-09-SF-00
Analyzed Maps: 2955
XT01-98-AM-2955
XT01-05-PL-02-06-08-SF-00
XT01-PL-02-1621238279278
XT01-06-PL-02-06-08-SF-00
XT01-PL-01-1621238291325
XT01-06-PL-01-02-07-SF-00
Analyzed Maps: 977
XT01-98-AM-977
XT01-05-PL-02-04-05-SF-00
XT01-PL-02-1621238291614
XT01-06-PL-02-04-05-SF-00
XT01-PL-01-1621238295165
XT01-06-PL-01-08-04-SF-00
Analyzed Maps: 1148
XT01-98-AM-1148
XT01-05-PL-02-07-07-SF-00
XT01-PL-02-1621238295483
XT01-06-PL-02-07-07-SF-00
XT01-PL-01-1621238302976
XT01-06-PL-01-07-04-SF-00
Analyzed Maps: 2315
XT01-98-AM-2315
XT01-05-PL-02-04-10-SF-00
XT01-PL-02-1621238303496
XT01-06-PL-02-04-10-SF-00
XT01-PL-01-1621238324042
XT01-06-PL-01-03-10-SF-00
Analyzed Maps: 1721
XT01-98-AM-1721
XT01-05-PL-02-09-03-SF-21
XT01-PL-02-1621238324466
XT01-06-PL-02-09-03-SF-21
XT01-PL-01-1621238346592
XT01-06-PL-01-03-04-SF-00
Analyzed Maps: 2834
XT01-98-AM-2834
XT01-05-PL-02-08-06-SF-00
XT01-PL-02-1621238347196
XT01-06-PL-02-08-06-SF-00
XT01-PL-01-1621238369655
XT01-06-PL-01-10-02-SF-00
Analyzed Maps: 2735
XT01-98-AM-2735
XT01-05-PL-02-05-09-SF-00
XT01-PL-02-1621238370251
XT01-06-PL-02-05-09-SF-00
XT01-PL-01-1621238396123
XT01-06-PL-01-09-07-SF-00
Analyzed Maps: 5591
XT01-98-AM-5591
XT01-05-PL-02-05-04-SF-00
XT01-PL-02-1621238397243
XT01-06-PL-02-05-04-SF-00
XT01-PL-01-1621238428119
XT01-06-PL-01-08-08-SF-00
Analyzed Maps: 3752
XT01-98-AM-3752
XT01-05-PL-02-07-08-SF-00
XT01-PL-02-1621238428985
XT01-06-PL-02-07-08-SF-00
XT01-PL-01-1621238454009
XT01-06-PL-01-08-09-SF-00
Analyzed Maps: 3293
XT01-98-AM-3293
XT01-05-PL-02-09-08-SF-00
XT01-PL-02-1621238454764
XT01-06-PL-02-09-08-SF-00
XT01-PL-01-1621238490757
XT01-06-PL-01-08-07-SF-00
Analyzed Maps: 3239
XT01-98-AM-3239
XT01-05-PL-02-11-07-SF-00
XT01-PL-02-1621238491482
XT01-06-PL-02-11-07-SF-00
XT01-PL-01-1621238534776
XT01-06-PL-01-10-06-SF-00
Analyzed Maps: 5202
XT01-98-AM-5202
XT01-05-PL-02-09-05-SF-00
XT01-PL-02-1621238535896
XT01-06-PL-02-09-05-SF-00
XT01-PL-01-1621238589553
XT01-06-PL-01-05-03-SF-00
Analyzed Maps: 4583
XT01-98-AM-4583
XT01-05-PL-02-07-09-SF-00
XT01-PL-02-1621238590598
XT01-06-PL-02-07-09-SF-00
XT01-PL-01-1621238624615
XT01-06-PL-01-10-09-SF-00
Analyzed Maps: 3764
XT01-98-AM-3764
XT01-05-PL-02-06-04-SF-00
XT01-PL-02-1621238625413
XT01-06-PL-02-06-04-SF-00
XT01-PL-01-1621238662871
XT01-06-PL-01-08-05-SF-00
Analyzed Maps: 4447
XT01-98-AM-4447
XT01-05-PL-02-09-06-SF-00
XT01-PL-02-1621238663840
XT01-06-PL-02-09-06-SF-00
XT01-PL-01-1621238714575
XT01-06-PL-01-07-10-SF-00
Analyzed Maps: 7789
XT01-98-AM-7789
XT01-05-PL-02-06-09-SF-00
XT01-PL-02-1621238716134
XT01-06-PL-02-06-09-SF-00
XT01-PL-01-1621238793530
XT01-06-PL-01-12-06-SF-00
Analyzed Maps: 9999
XT01-98-AM-9999
XT01-05-PL-02-09-04-SF-00
XT01-PL-02-1621238795500
XT01-06-PL-02-09-04-SF-00
XT01-PL-01-1621238883393
XT01-06-PL-01-10-03-SF-00
Analyzed Maps: 5612
XT01-98-AM-5612
XT01-05-PL-02-09-02-SF-00
XT01-PL-02-1621238884571
XT01-06-PL-02-09-02-SF-00
XT01-PL-01-1621238974821
XT01-06-PL-01-08-02-SF-00
Analyzed Maps: 11017
XT01-98-AM-11017
XT01-05-PL-02-11-03-SF-00
XT01-PL-02-1621238976808
XT01-06-PL-02-11-03-SF-00
XT01-PL-01-1621239064349
XT01-06-PL-01-11-04-SF-00
Analyzed Maps: 12834
XT01-98-AM-12834
XT01-05-PL-02-10-05-SF-00
XT01-PL-02-1621239066645
XT01-06-PL-02-10-05-SF-00
XT01-PL-01-1621239152970
XT01-06-PL-01-08-03-SF-00
Analyzed Maps: 9620
XT01-98-AM-9620
XT01-05-PL-02-12-03-SF-00
XT01-PL-02-1621239154705
XT01-06-PL-02-12-03-SF-00
XT01-PL-01-1621239224906
XT01-06-PL-01-07-03-SF-00
Analyzed Maps: 4193
XT01-98-AM-4193
XT01-05-PL-02-02-11-SF-00
XT01-PL-02-1621239225814
XT01-06-PL-02-02-11-SF-00
XT01-PL-01-1621239284485
XT01-06-PL-01-05-10-SF-00
Analyzed Maps: 4156
XT01-98-AM-4156
XT01-05-PL-02-04-02-SF-00
XT01-PL-02-1621239285397
XT01-06-PL-02-04-02-SF-00
XT01-PL-01-1621239355719
XT01-06-PL-01-06-10-SF-00
Analyzed Maps: 4083
XT01-98-AM-4083
XT01-05-PL-02-06-11-SF-00
XT01-PL-02-1621239356603
XT01-06-PL-02-06-11-SF-00
XT01-PL-01-1621239437918
XT01-06-PL-01-13-02-SF-00
Analyzed Maps: 2810
XT01-98-AM-2810
XT01-05-PL-02-06-03-SF-00
XT01-PL-02-1621239438558
XT01-06-PL-02-06-03-SF-00
XT01-PL-01-1621239485952
XT01-06-PL-01-10-04-SF-00
Analyzed Maps: 3226
XT01-98-AM-3226
XT01-05-PL-02-05-11-SF-00
XT01-PL-02-1621239486660
XT01-06-PL-02-05-11-SF-00
XT01-PL-01-1621239539386
XT01-06-PL-01-07-02-SF-00
Analyzed Maps: 3808
XT01-98-AM-3808
XT01-05-PL-02-14-01-SF-00
XT01-PL-02-1621239540454
XT01-06-PL-02-14-01-SF-00
XT01-PL-01-1621239588822
XT01-06-PL-01-06-12-SF-00
Analyzed Maps: 4869
XT01-98-AM-4869
XT01-05-PL-02-06-01-SF-00
XT01-PL-02-1621239589791
XT01-06-PL-02-06-01-SF-00
XT01-PL-01-1621239619978
XT01-06-PL-01-03-11-SF-00
Analyzed Maps: 4589
XT01-98-AM-4589
XT01-05-PL-02-02-03-SF-00
XT01-PL-02-1621239620900
XT01-06-PL-02-02-03-SF-00
XT01-PL-01-1621239652511
XT01-06-PL-01-04-11-SF-00
Analyzed Maps: 3266
XT01-98-AM-3266
XT01-05-PL-02-04-12-SF-00
XT01-PL-02-1621239653212
XT01-06-PL-02-04-12-SF-00
XT01-PL-01-1621239690813
XT01-06-PL-01-12-05-SF-00
Analyzed Maps: 3731
XT01-98-AM-3731
XT01-05-PL-02-12-04-SF-00
XT01-PL-02-1621239691594
XT01-06-PL-02-12-04-SF-00
XT01-PL-01-1621239742921
XT01-06-PL-01-15-00-SF-00
Analyzed Maps: 3429
XT01-98-AM-3429
XT01-05-PL-02-08-11-SF-00
XT01-PL-02-1621239743659
XT01-06-PL-02-08-11-SF-00
XT01-PL-01-1621239788111
XT01-06-PL-01-08-10-SF-00
Analyzed Maps: 2257
XT01-98-AM-2257
XT01-05-PL-02-07-11-SF-00
XT01-PL-02-1621239788619
XT01-06-PL-02-07-11-SF-00
XT01-PL-01-1621239823368
XT01-06-PL-01-05-00-SF-00
Analyzed Maps: 2945
XT01-98-AM-2945
XT01-05-PL-02-07-13-SF-00
XT01-PL-02-1621239823979
XT01-06-PL-02-07-13-SF-00
XT01-PL-01-1621239847290
XT01-06-PL-01-13-04-SF-00
Analyzed Maps: 2650
XT01-98-AM-2650
XT01-05-PL-02-13-06-SF-00
XT01-PL-02-1621239847822
XT01-06-PL-02-13-06-SF-00
XT01-PL-01-1621239864893
XT01-06-PL-01-14-06-SF-00
Analyzed Maps: 1321
XT01-98-AM-1321
XT01-05-PL-02-13-05-SF-00
XT01-PL-02-1621239865221
XT01-06-PL-02-13-05-SF-00
XT01-PL-01-1621239883275
XT01-06-PL-01-14-05-SF-00
Analyzed Maps: 1603
XT01-98-AM-1603
XT01-05-PL-02-01-06-SF-00
XT01-PL-02-1621239883619
XT01-06-PL-02-01-06-SF-00
XT01-PL-01-1621239891433
XT01-06-PL-01-00-05-SF-00
Analyzed Maps: 1318
XT01-98-AM-1318
XT01-05-PL-02-10-10-SF-00
XT01-PL-02-1621239891733
XT01-06-PL-02-10-10-SF-00
XT01-PL-01-1621239897185
XT01-06-PL-01-03-12-SF-00
Analyzed Maps: 1233
XT01-98-AM-1233
XT01-05-PL-02-11-10-SF-00
XT01-PL-02-1621239897482
XT01-06-PL-02-11-10-SF-00
XT01-PL-01-1621239903162
XT01-06-PL-01-05-12-SF-00
Analyzed Maps: 360
XT01-98-AM-360
XT01-05-PL-02-11-01-SF-00
XT01-PL-02-1621239903324
XT01-06-PL-02-11-01-SF-00
XT01-PL-01-1621239907197
XT01-06-PL-01-12-00-SF-00
XT01-05-PL-02-02-13-SF-00
XT01-PL-02-1621239907300
XT01-06-PL-02-02-13-SF-00
XT01-PL-01-1621239909725
XT01-06-PL-01-08-12-SF-00
Analyzed Maps: 405
XT01-98-AM-405
XT01-05-PL-02-10-11-SF-00
XT01-PL-02-1621239909902
XT01-06-PL-02-10-11-SF-00
XT01-PL-01-1621239913229
XT01-06-PL-01-01-14-SF-00
XT01-05-PL-02-09-13-SF-00
XT01-PL-02-1621239913333
XT01-06-PL-02-09-13-SF-00
XT01-PL-01-1621239915544
XT01-06-PL-01-01-02-SF-00
XT01-05-PL-02-07-03-SF-00
XT01-PL-02-1621239915648
XT01-06-PL-02-07-03-SF-00
XT01-PL-01-1621239920683
XT01-06-PL-01-10-14-SF-00
Analyzed Maps: 804
XT01-98-AM-804
XT01-05-PL-02-00-15-SF-00
XT01-PL-02-1621239920913
XT01-06-PL-02-00-15-SF-00
XT01-PL-01-1621239925508
XT01-06-PL-01-06-14-SF-00
Analyzed Maps: 581
XT01-98-AM-581
XT01-05-PL-02-00-01-SF-00
XT01-PL-02-1621239925704
XT01-06-PL-02-00-01-SF-00
XT01-PL-01-1621239928363
XT01-06-PL-01-12-16-SF-00
XT01-05-PL-02-14-07-SF-00
XT01-PL-02-1621239928470
XT01-06-PL-02-14-07-SF-00
XT01-PL-01-1621239932298
XT01-06-PL-01-15-08-SF-00
XT01-05-PL-02-03-09-SF-00
XT01-PL-02-1621239932401
XT01-06-PL-02-03-09-SF-00
XT01-PL-01-1621239934049
XT01-06-PL-01-01-12-SF-00
Analyzed Maps: 260
XT01-98-AM-260
XT01-05-PL-02-13-17-SF-00
XT01-PL-02-1621239934201
XT01-06-PL-02-13-17-SF-00
XT01-PL-01-1621239936338
XT01-06-PL-01-03-14-SF-00
Analyzed Maps: 173
XT01-98-AM-173
XT01-05-PL-02-14-23-SF-00
XT01-PL-02-1621239936470
XT01-06-PL-02-14-23-SF-00
XT01-PL-01-1621239937476
XT01-06-PL-01-11-09-SF-00
Analyzed Maps: 549
XT01-98-AM-549
XT01-05-PL-02-12-09-SF-00
XT01-PL-02-1621239937670
XT01-06-PL-02-12-09-SF-00
XT01-PL-01-1621239938821
XT01-06-PL-01-13-09-SF-00
Analyzed Maps: 866
XT01-98-AM-866
XT01-05-PL-02-11-08-SF-00
XT01-PL-02-1621239939083
XT01-06-PL-02-11-08-SF-00
XT01-PL-01-1621239940964
XT01-06-PL-01-12-10-SF-00
Analyzed Maps: 641
XT01-98-AM-641
XT01-05-PL-02-05-15-SF-00
XT01-PL-02-1621239941181
XT01-06-PL-02-05-15-SF-00
XT01-PL-01-1621239942524
XT01-06-PL-01-10-13-SF-00
Analyzed Maps: 611
XT01-98-AM-611
XT01-05-PL-02-12-11-SF-00
XT01-PL-02-1621239942733
XT01-06-PL-02-12-11-SF-00
XT01-PL-01-1621239946697
XT01-06-PL-01-13-12-SF-00
Analyzed Maps: 375
XT01-98-AM-375
XT01-05-PL-02-11-11-SF-00
XT01-PL-02-1621239946894
XT01-06-PL-02-11-11-SF-00
XT01-PL-01-1621239948641
XT01-06-PL-01-09-12-SF-00
Analyzed Maps: 270
XT01-98-AM-270
XT01-05-PL-02-11-14-SF-00
XT01-PL-02-1621239948826
XT01-06-PL-02-11-14-SF-00
XT01-PL-01-1621239950591
XT01-06-PL-01-15-23-SF-00
Analyzed Maps: 408
XT01-98-AM-408
XT01-05-PL-02-16-23-SF-00
XT01-PL-02-1621239950798
XT01-06-PL-02-16-23-SF-00
XT01-PL-01-1621239952601
XT01-06-PL-01-11-13-SF-00
Analyzed Maps: 619
XT01-98-AM-619
XT01-05-PL-02-12-13-SF-00
XT01-PL-02-1621239952827
XT01-06-PL-02-12-13-SF-00
XT01-PL-01-1621239957799
XT01-06-PL-01-12-14-SF-00
Analyzed Maps: 1482
XT01-98-AM-1482
XT01-05-PL-02-13-08-SF-00
XT01-PL-02-1621239958158
XT01-06-PL-02-13-08-SF-00
XT01-PL-01-1621239967500
XT01-06-PL-01-12-08-SF-00
Analyzed Maps: 1147
XT01-98-AM-1147
XT01-05-PL-02-14-13-SF-00
XT01-PL-02-1621239967812
XT01-06-PL-02-14-13-SF-00
XT01-PL-01-1621239976870
XT01-06-PL-01-17-23-SF-00
Analyzed Maps: 954
XT01-98-AM-954
XT01-05-PL-02-12-07-SF-00
XT01-PL-02-1621239977139
XT01-06-PL-02-12-07-SF-00
XT01-PL-01-1621239986171
XT01-06-PL-01-12-15-SF-00
Analyzed Maps: 1369
XT01-98-AM-1369
XT01-05-PL-02-13-14-SF-00
XT01-PL-02-1621239986505
XT01-06-PL-02-13-14-SF-00
XT01-PL-01-1621240000418
XT01-06-PL-01-13-07-SF-00
Analyzed Maps: 1210
XT01-98-AM-1210
XT01-05-PL-02-13-13-SF-00
XT01-PL-02-1621240000722
XT01-06-PL-02-13-13-SF-00
XT01-PL-01-1621240009596
XT01-06-PL-01-03-01-SF-00
Analyzed Maps: 560
XT01-98-AM-560
XT01-05-PL-02-18-23-SF-00
XT01-PL-02-1621240009799
XT01-06-PL-02-18-23-SF-00
XT01-PL-01-1621240015795
XT01-06-PL-01-09-14-SF-00
Analyzed Maps: 1456
XT01-98-AM-1456
XT01-05-PL-02-13-16-SF-00
XT01-PL-02-1621240016121
XT01-06-PL-02-13-16-SF-00
XT01-PL-01-1621240022665
XT01-06-PL-01-12-17-SF-00
Analyzed Maps: 1271
XT01-98-AM-1271
XT01-05-PL-02-13-15-SF-00
XT01-PL-02-1621240022980
XT01-06-PL-02-13-15-SF-00
XT01-PL-01-1621240038776
XT01-06-PL-01-19-23-SF-00
Analyzed Maps: 821
XT01-98-AM-821
XT01-05-PL-02-00-13-SF-00
XT01-PL-02-1621240039020
XT01-06-PL-02-00-13-SF-00
XT01-PL-01-1621240056787
XT01-06-PL-01-00-11-SF-00
Analyzed Maps: 503
XT01-98-AM-503
XT01-05-PL-02-11-16-SF-00
XT01-PL-02-1621240057005
XT01-06-PL-02-11-16-SF-00
XT01-PL-01-1621240071150
XT01-06-PL-01-11-17-SF-00
Analyzed Maps: 1233
XT01-98-AM-1233
XT01-05-PL-02-10-15-SF-00
XT01-PL-02-1621240071458
XT01-06-PL-02-10-15-SF-00
XT01-PL-01-1621240090206
XT01-06-PL-01-14-14-SF-00
Analyzed Maps: 2419
XT01-98-AM-2419
XT01-05-PL-02-10-16-SF-00
XT01-PL-02-1621240090673
XT01-06-PL-02-10-16-SF-00
XT01-PL-01-1621240123861
XT01-06-PL-01-14-18-SF-00
Analyzed Maps: 2246
XT01-98-AM-2246
XT01-05-PL-02-15-19-SF-00
XT01-PL-02-1621240124347
XT01-06-PL-02-15-19-SF-00
XT01-PL-01-1621240164993
XT01-06-PL-01-16-20-SF-00
Analyzed Maps: 1603
XT01-98-AM-1603
XT01-05-PL-02-17-21-SF-00
XT01-PL-02-1621240165352
XT01-06-PL-02-17-21-SF-00
XT01-PL-01-1621240205055
XT01-06-PL-01-14-12-SF-00
Analyzed Maps: 2409
XT01-98-AM-2409
XT01-05-PL-02-15-14-SF-00
XT01-PL-02-1621240205564
XT01-06-PL-02-15-14-SF-00
XT01-PL-01-1621240239702
XT01-06-PL-01-15-13-SF-00
Analyzed Maps: 3068
XT01-98-AM-3068
XT01-05-PL-02-14-15-SF-00
XT01-PL-02-1621240240298
XT01-06-PL-02-14-15-SF-00
XT01-PL-01-1621240266045
XT01-06-PL-01-14-16-SF-00
Analyzed Maps: 2448
XT01-98-AM-2448
XT01-05-PL-02-15-16-SF-00
XT01-PL-02-1621240266577
XT01-06-PL-02-15-16-SF-00
XT01-PL-01-1621240292534
XT01-06-PL-01-18-22-SF-00
Analyzed Maps: 1910
XT01-98-AM-1910
XT01-05-PL-02-14-11-SF-00
XT01-PL-02-1621240292955
XT01-06-PL-02-14-11-SF-00
XT01-PL-01-1621240323480
XT01-06-PL-01-09-16-SF-00
Analyzed Maps: 3746
XT01-98-AM-3746
XT01-05-PL-02-08-17-SF-00
XT01-PL-02-1621240324186
XT01-06-PL-02-08-17-SF-00
XT01-PL-01-1621240350213
XT01-06-PL-01-08-16-SF-00
Analyzed Maps: 3157
XT01-98-AM-3157
XT01-05-PL-02-20-24-SF-00
XT01-PL-02-1621240350809
XT01-06-PL-02-20-24-SF-00
XT01-PL-01-1621240395427
XT01-06-PL-01-08-18-SF-00
Analyzed Maps: 2260
XT01-98-AM-2260
XT01-05-PL-02-09-15-SF-00
XT01-PL-02-1621240395891
XT01-06-PL-02-09-15-SF-00
XT01-PL-01-1621240422933
XT01-06-PL-01-19-21-SF-00
Analyzed Maps: 1530
XT01-98-AM-1530
XT01-05-PL-02-13-18-SF-00
XT01-PL-02-1621240423280
XT01-06-PL-02-13-18-SF-00
XT01-PL-01-1621240451305
XT01-06-PL-01-15-10-SF-00
Analyzed Maps: 2169
XT01-98-AM-2169
XT01-05-PL-02-09-17-SF-00
XT01-PL-02-1621240451757
XT01-06-PL-02-09-17-SF-00
XT01-PL-01-1621240510638
XT01-06-PL-01-10-17-SF-00
Analyzed Maps: 2307
XT01-98-AM-2307
XT01-05-PL-02-09-18-SF-00
XT01-PL-02-1621240511103
XT01-06-PL-02-09-18-SF-00
XT01-PL-01-1621240562599
XT01-06-PL-01-08-15-SF-00
Analyzed Maps: 2931
XT01-98-AM-2931
XT01-05-PL-02-07-14-SF-00
XT01-PL-02-1621240563149
XT01-06-PL-02-07-14-SF-00
XT01-PL-01-1621240601626
XT01-06-PL-01-09-19-SF-00
Analyzed Maps: 3277
XT01-98-AM-3277
XT01-05-PL-02-07-19-SF-00
XT01-PL-02-1621240602216
XT01-06-PL-02-07-19-SF-00
XT01-PL-01-1621240642570
XT01-06-PL-01-10-18-SF-00
Analyzed Maps: 3564
XT01-98-AM-3564
XT01-05-PL-02-16-12-SF-00
XT01-PL-02-1621240643225
XT01-06-PL-02-16-12-SF-00
XT01-PL-01-1621240670107
XT01-06-PL-01-19-22-SF-00
Analyzed Maps: 3176
XT01-98-AM-3176
XT01-05-PL-02-10-19-SF-00
XT01-PL-02-1621240670696
XT01-06-PL-02-10-19-SF-00
XT01-PL-01-1621240717961
XT01-06-PL-01-11-20-SF-00
Analyzed Maps: 2768
XT01-98-AM-2768
XT01-05-PL-02-19-20-SF-00
XT01-PL-02-1621240718466
XT01-06-PL-02-19-20-SF-00
XT01-PL-01-1621240766961
XT01-06-PL-01-19-19-SF-00
Analyzed Maps: 2791
XT01-98-AM-2791
XT01-05-PL-02-09-20-SF-00
XT01-PL-02-1621240767543
XT01-06-PL-02-09-20-SF-00
XT01-PL-01-1621240801193
XT01-06-PL-01-09-21-SF-00
Analyzed Maps: 2859
XT01-98-AM-2859
XT01-05-PL-02-10-20-SF-00
XT01-PL-02-1621240801751
XT01-06-PL-02-10-20-SF-00
XT01-PL-01-1621240846052
XT01-06-PL-01-21-25-SF-00
Analyzed Maps: 5643
XT01-98-AM-5643
XT01-05-PL-02-12-18-SF-00
XT01-PL-02-1621240846938
XT01-06-PL-02-12-18-SF-00
XT01-PL-01-1621240878671
XT01-06-PL-01-15-15-SF-00
Analyzed Maps: 4719
XT01-98-AM-4719
XT01-05-PL-02-09-22-SF-00
XT01-PL-02-1621240879478
XT01-06-PL-02-09-22-SF-00
XT01-PL-01-1621240910001
XT01-06-PL-01-16-15-SF-00
Analyzed Maps: 2634
XT01-98-AM-2634
XT01-05-PL-02-16-14-SF-00
XT01-PL-02-1621240910484
XT01-06-PL-02-16-14-SF-00
XT01-PL-01-1621240944379
XT01-06-PL-01-17-14-SF-00
Analyzed Maps: 3373
XT01-98-AM-3373
XT01-05-PL-02-17-15-SF-00
XT01-PL-02-1621240944950
XT01-06-PL-02-17-15-SF-00
XT01-PL-01-1621240971793
XT01-06-PL-01-17-11-SF-00
Analyzed Maps: 2712
XT01-98-AM-2712
XT01-05-PL-02-18-13-SF-00
XT01-PL-02-1621240972273
XT01-06-PL-02-18-13-SF-00
XT01-PL-01-1621240997403
XT01-06-PL-01-06-20-SF-00
Analyzed Maps: 2849
XT01-98-AM-2849
XT01-05-PL-02-05-21-SF-00
XT01-PL-02-1621240997899
XT01-06-PL-02-05-21-SF-00
XT01-PL-01-1621241023057
XT01-06-PL-01-09-23-SF-00
Analyzed Maps: 2469
XT01-98-AM-2469
XT01-05-PL-02-08-22-SF-00
XT01-PL-02-1621241023515
XT01-06-PL-02-08-22-SF-00
XT01-PL-01-1621241066571
XT01-06-PL-01-11-19-SF-00
Analyzed Maps: 3415
XT01-98-AM-3415
XT01-05-PL-02-11-18-SF-00
XT01-PL-02-1621241067198
XT01-06-PL-02-11-18-SF-00
XT01-PL-01-1621241102049
XT01-06-PL-01-11-21-SF-00
Analyzed Maps: 3514
XT01-98-AM-3514
XT01-05-PL-02-10-24-SF-00
XT01-PL-02-1621241102649
XT01-06-PL-02-10-24-SF-00
XT01-PL-01-1621241122140
XT01-06-PL-01-14-19-SF-00
Analyzed Maps: 4606
XT01-98-AM-4606
XT01-05-PL-02-10-22-SF-00
XT01-PL-02-1621241122907
XT01-06-PL-02-10-22-SF-00
XT01-PL-01-1621241143938
XT01-06-PL-01-13-19-SF-00
Analyzed Maps: 2942
XT01-98-AM-2942
XT01-05-PL-02-18-10-SF-00
XT01-PL-02-1621241144457
XT01-06-PL-02-18-10-SF-00
XT01-PL-01-1621241160956
XT01-06-PL-01-19-09-SF-00
Analyzed Maps: 2683
XT01-98-AM-2683
XT01-05-PL-02-13-20-SF-00
XT01-PL-02-1621241161444
XT01-06-PL-02-13-20-SF-00
XT01-PL-01-1621241187689
XT01-06-PL-01-14-20-SF-00
Analyzed Maps: 1838
XT01-98-AM-1838
XT01-05-PL-02-20-08-SF-00
XT01-PL-02-1621241188059
XT01-06-PL-02-20-08-SF-00
XT01-PL-01-1621241212715
XT01-06-PL-01-12-19-SF-00
Analyzed Maps: 2244
XT01-98-AM-2244
XT01-05-PL-02-15-04-SF-00
XT01-PL-02-1621241213135
XT01-06-PL-02-15-04-SF-00
XT01-PL-01-1621241235867
XT01-06-PL-01-16-03-SF-00
Analyzed Maps: 1768
XT01-98-AM-1768
XT01-05-PL-02-15-18-SF-00
XT01-PL-02-1621241236221
XT01-06-PL-02-15-18-SF-00
XT01-PL-01-1621241249281
XT01-06-PL-01-14-21-SF-00
Analyzed Maps: 970
XT01-98-AM-970
XT01-05-PL-02-15-21-SF-00
XT01-PL-02-1621241249521
XT01-06-PL-02-15-21-SF-00
XT01-PL-01-1621241255839
XT01-06-PL-01-16-21-SF-00
Analyzed Maps: 1046
XT01-98-AM-1046
XT01-05-PL-02-10-21-SF-00
XT01-PL-02-1621241256085
XT01-06-PL-02-10-21-SF-00
XT01-PL-01-1621241260722
XT01-06-PL-01-21-07-SF-00
XT01-05-PL-02-19-18-SF-00
XT01-PL-02-1621241260824
XT01-06-PL-02-19-18-SF-00
XT01-PL-01-1621241266840
XT01-06-PL-01-20-20-SF-00
XT01-05-PL-02-12-15-SF-00
XT01-PL-02-1621241266956
XT01-06-PL-02-12-15-SF-00
XT01-PL-01-1621241285938
XT01-06-PL-01-17-19-SF-00
Analyzed Maps: 509
XT01-98-AM-509
XT01-05-PL-02-22-06-SF-00
XT01-PL-02-1621241286139
XT01-06-PL-02-22-06-SF-00
XT01-PL-01-1621241296541
XT01-06-PL-01-18-20-SF-00
Analyzed Maps: 930
XT01-98-AM-930
XT01-05-PL-02-16-09-SF-00
XT01-PL-02-1621241296786
XT01-06-PL-02-16-09-SF-00
XT01-PL-01-1621241305390
XT01-06-PL-01-17-08-SF-00
XT01-05-PL-02-17-02-SF-00
XT01-PL-02-1621241305504
XT01-06-PL-02-17-02-SF-00
XT01-PL-01-1621241312687
XT01-06-PL-01-18-01-SF-00
XT01-05-PL-02-09-18-SF-00
XT01-PL-02-1621241312806
XT01-06-PL-02-09-18-SF-00
XT01-PL-01-1621241317526
XT01-06-PL-01-15-20-SF-00
Analyzed Maps: 700
XT01-98-AM-700
XT01-05-PL-02-14-17-SF-00
XT01-PL-02-1621241317767
XT01-06-PL-02-14-17-SF-00
XT01-PL-01-1621241321625
XT01-06-PL-01-04-22-SF-00
Analyzed Maps: 661
XT01-98-AM-661
XT01-05-PL-02-03-23-SF-00
XT01-PL-02-1621241321854
XT01-06-PL-02-03-23-SF-00
XT01-PL-01-1621241325692
XT01-06-PL-01-02-24-SF-00
Analyzed Maps: 413
XT01-98-AM-413
XT01-05-PL-02-01-25-SF-00
XT01-PL-02-1621241325875
XT01-06-PL-02-01-25-SF-00
XT01-PL-01-1621241329115
XT01-06-PL-01-17-16-SF-00
Analyzed Maps: 738
XT01-98-AM-738
XT01-05-PL-02-18-17-SF-00
XT01-PL-02-1621241329374
XT01-06-PL-02-18-17-SF-00
XT01-PL-01-1621241333113
XT01-06-PL-01-20-19-SF-00
Analyzed Maps: 470
XT01-98-AM-470
XT01-05-PL-02-16-16-SF-00
XT01-PL-02-1621241333296
XT01-06-PL-02-16-16-SF-00
XT01-PL-01-1621241337044
XT01-06-PL-01-18-15-SF-00
Analyzed Maps: 1653
XT01-98-AM-1653
XT01-05-PL-02-17-17-SF-00
XT01-PL-02-1621241337390
XT01-06-PL-02-17-17-SF-00
XT01-PL-01-1621241341884
XT01-06-PL-01-18-19-SF-00
Analyzed Maps: 1435
XT01-98-AM-1435
XT01-05-PL-02-19-14-SF-00
XT01-PL-02-1621241342216
XT01-06-PL-02-19-14-SF-00
XT01-PL-01-1621241345759
XT01-06-PL-01-16-18-SF-00
Analyzed Maps: 2179
XT01-98-AM-2179
XT01-05-PL-02-17-18-SF-00
XT01-PL-02-1621241346172
XT01-06-PL-02-17-18-SF-00
XT01-PL-01-1621241351071
XT01-06-PL-01-20-22-SF-00
Analyzed Maps: 5162
XT01-98-AM-5162
XT01-05-PL-02-18-07-SF-00
XT01-PL-02-1621241351894
XT01-06-PL-02-18-07-SF-00
XT01-PL-01-1621241358030
XT01-06-PL-01-19-12-SF-00
Analyzed Maps: 3982
XT01-98-AM-3982
XT01-05-PL-02-20-11-SF-00
XT01-PL-02-1621241358702
XT01-06-PL-02-20-11-SF-00
XT01-PL-01-1621241362482
XT01-06-PL-01-17-10-SF-00
Analyzed Maps: 6006
XT01-98-AM-6006
XT01-05-PL-02-17-20-SF-00
XT01-PL-02-1621241363403
XT01-06-PL-02-17-20-SF-00
XT01-PL-01-1621241370642
XT01-06-PL-01-19-10-SF-00
Analyzed Maps: 10394
XT01-98-AM-10394
XT01-05-PL-02-17-09-SF-00
XT01-PL-02-1621241372079
XT01-06-PL-02-17-09-SF-00
XT01-PL-01-1621241398557
XT01-06-PL-01-19-06-SF-00
Analyzed Maps: 17125
XT01-98-AM-17125
XT01-05-PL-02-20-05-SF-00
XT01-PL-02-1621241400878
XT01-06-PL-02-20-05-SF-00
XT01-PL-01-1621241421836
XT01-06-PL-01-21-12-SF-00
Analyzed Maps: 8722
XT01-98-AM-8722
XT01-05-PL-02-19-17-SF-00
XT01-PL-02-1621241423093
XT01-06-PL-02-19-17-SF-00
XT01-PL-01-1621241447765
XT01-06-PL-01-18-11-SF-00
Analyzed Maps: 3408
XT01-98-AM-3408
XT01-05-PL-02-19-11-SF-00
XT01-PL-02-1621241448358
XT01-06-PL-02-19-11-SF-00
XT01-PL-01-1621241507093
XT01-06-PL-01-16-11-SF-00
Analyzed Maps: 33852
XT01-98-AM-33852
XT01-05-PL-02-21-18-SF-00
XT01-PL-02-1621241511364
XT01-06-PL-02-21-18-SF-00
XT01-PL-01-1621241590808
XT01-06-PL-01-19-13-SF-00
Analyzed Maps: 50394
XT01-98-AM-50394
XT01-05-PL-02-21-23-SF-00
XT01-PL-02-1621241596698
XT01-06-PL-02-21-23-SF-00
XT01-PL-01-1621241688545
XT01-06-PL-01-20-09-SF-00
Analyzed Maps: 63779
XT01-98-AM-63779
XT01-05-PL-02-21-09-SF-00
XT01-PL-02-1621241696058
XT01-06-PL-02-21-09-SF-00
XT01-PL-01-1621241782980
XT01-06-PL-01-19-08-SF-00
Analyzed Maps: 113645
XT01-98-AM-113645
XT01-05-PL-02-20-10-SF-00
XT01-PL-02-1621241797045
XT01-06-PL-02-20-10-SF-00
XT01-PL-01-1621242056340
XT01-06-PL-01-17-07-SF-00
Analyzed Maps: 106344
XT01-98-AM-106344
XT01-05-PL-02-20-13-SF-00
XT01-PL-02-1621242069479
XT01-06-PL-02-20-13-SF-00
XT01-PL-01-1621242369696
XT01-06-PL-01-22-09-SF-00
Analyzed Maps: 121863
XT01-98-AM-121863
XT01-05-PL-02-22-11-SF-00
XT01-PL-02-1621242384771
XT01-06-PL-02-22-11-SF-00
XT01-PL-01-1621242642538
XT01-06-PL-01-21-14-SF-00
Analyzed Maps: 131421
XT01-98-AM-131421
XT01-05-PL-02-20-21-SF-00
XT01-PL-02-1621242658941
XT01-06-PL-02-20-21-SF-00
XT01-PL-01-1621242859910
XT01-06-PL-01-22-22-SF-00
Analyzed Maps: 70777
XT01-98-AM-70777
XT01-05-PL-02-20-12-SF-00
XT01-PL-02-1621242868715
XT01-06-PL-02-20-12-SF-00
XT01-PL-01-1621243069305
XT01-06-PL-01-21-04-SF-00
Analyzed Maps: 73230
XT01-98-AM-73230
XT01-05-PL-02-16-08-SF-00
XT01-PL-02-1621243078369
XT01-06-PL-02-16-08-SF-00
XT01-PL-01-1621243286195
XT01-06-PL-01-21-08-SF-00
Analyzed Maps: 123793
XT01-98-AM-123793
XT01-05-PL-02-17-06-SF-00
XT01-PL-02-1621243301992
XT01-06-PL-02-17-06-SF-00
XT01-PL-01-1621243505805
XT01-06-PL-01-16-05-SF-00
Analyzed Maps: 121933
XT01-98-AM-121933
XT01-05-PL-02-21-10-SF-00
XT01-PL-02-1621243520888
XT01-06-PL-02-21-10-SF-00
XT01-PL-01-1621243709655
XT01-06-PL-01-20-07-SF-00
Analyzed Maps: 83169
XT01-98-AM-83169
XT01-05-PL-02-17-05-SF-00
XT01-PL-02-1621243720134
XT01-06-PL-02-17-05-SF-00
XT01-PL-01-1621243921095
XT01-06-PL-01-21-06-SF-00
Analyzed Maps: 141791
XT01-98-AM-141791
XT01-05-PL-02-21-05-SF-00
XT01-PL-02-1621243938447
XT01-06-PL-02-21-05-SF-00
XT01-PL-01-1621244272009
XT01-06-PL-01-22-12-SF-00
Analyzed Maps: 185541
XT01-98-AM-185541
XT01-05-PL-02-22-03-SF-00
XT01-PL-02-1621244295102
XT01-06-PL-02-22-03-SF-00
XT01-PL-01-1621244516780
XT01-06-PL-01-22-07-SF-00
Analyzed Maps: 167992
XT01-98-AM-167992
XT01-05-PL-02-18-12-SF-00
XT01-PL-02-1621244536728
XT01-06-PL-02-18-12-SF-00
XT01-PL-01-1621244814884
XT01-06-PL-01-18-05-SF-00
Analyzed Maps: 189618
XT01-98-AM-189618
XT01-05-PL-02-20-14-SF-00
XT01-PL-02-1621244838509
XT01-06-PL-02-20-14-SF-00
XT01-PL-01-1621245102206
XT01-06-PL-01-21-03-SF-00
Analyzed Maps: 228745
XT01-98-AM-228745
XT01-05-PL-02-20-03-SF-00
XT01-PL-02-1621245132136
XT01-06-PL-02-20-03-SF-00
XT01-PL-01-1621245528016
XT01-06-PL-01-19-02-SF-00
Analyzed Maps: 281109
XT01-98-AM-281109
XT01-05-PL-02-19-07-SF-00
XT01-PL-02-1621245560526
XT01-06-PL-02-19-07-SF-00
XT01-PL-01-1621245904830
XT01-06-PL-01-19-04-SF-00
Analyzed Maps: 190727
XT01-98-AM-190727
XT01-05-PL-02-21-02-SF-00
XT01-PL-02-1621245930163
XT01-06-PL-02-21-02-SF-00
XT01-PL-01-1621246359408
XT01-06-PL-01-21-01-SF-00
Analyzed Maps: 320841
XT01-98-AM-320841
XT01-05-PL-02-20-01-SF-00
XT01-PL-02-1621246397073
XT01-06-PL-02-20-01-SF-00
XT01-PL-01-1621246996068
XT01-06-PL-01-17-04-SF-00
Analyzed Maps: 342892
XT01-98-AM-342892
XT01-05-PL-02-22-14-SF-00
XT01-PL-02-1621247040757
XT01-06-PL-02-22-14-SF-00
XT01-PL-01-1621247541402
XT01-06-PL-01-22-15-SF-00
Analyzed Maps: 407301
XT01-98-AM-407301
XT01-05-PL-02-17-00-SF-00
XT01-PL-02-1621247598962
XT01-06-PL-02-17-00-SF-00
XT01-PL-01-1621248119074
XT01-06-PL-01-22-01-SF-00
Analyzed Maps: 255911
XT01-98-AM-255911
XT01-05-PL-02-22-05-SF-00
XT01-PL-02-1621248151177
XT01-06-PL-02-22-05-SF-00
XT01-PL-01-1621248558550
XT01-06-PL-01-19-01-SF-00
Analyzed Maps: 322247
XT01-98-AM-322247
XT01-05-PL-02-15-02-SF-00
XT01-PL-02-1621248599898
XT01-06-PL-02-15-02-SF-00
XT01-PL-01-1621249164565
XT01-06-PL-01-17-01-SF-00
Analyzed Maps: 334225
XT01-98-AM-334225
XT01-05-PL-02-16-10-SF-00
XT01-PL-02-1621249203044
XT01-06-PL-02-16-10-SF-00
XT01-PL-01-1621249527222
XT01-06-PL-01-16-07-SF-00
Analyzed Maps: 264993
XT01-98-AM-264993
XT01-05-PL-02-18-03-SF-00
XT01-PL-02-1621249557027
XT01-06-PL-02-18-03-SF-00
XT01-PL-01-1621249847985
XT01-06-PL-01-18-09-SF-00
Analyzed Maps: 221435
XT01-98-AM-221435
XT01-05-PL-02-16-01-SF-00
XT01-PL-02-1621249875490
XT01-06-PL-02-16-01-SF-00
XT01-PL-01-1621250109925
XT01-06-PL-01-19-05-SF-00
Analyzed Maps: 171150
XT01-98-AM-171150
XT01-05-PL-02-21-00-SF-00
XT01-PL-02-1621250128874
XT01-06-PL-02-21-00-SF-00
XT01-PL-01-1621250308256
XT01-06-PL-01-19-03-SF-00
Analyzed Maps: 137837
XT01-98-AM-137837
XT01-05-PL-02-21-13-SF-00
XT01-PL-02-1621250323877
XT01-06-PL-02-21-13-SF-00
XT01-PL-01-1621250481186
XT01-06-PL-01-21-11-SF-00
Analyzed Maps: 115960
XT01-98-AM-115960
XT01-05-PL-02-21-15-SF-00
XT01-PL-02-1621250495014
XT01-06-PL-02-21-15-SF-00
XT01-PL-01-1621250625254
XT01-06-PL-01-21-16-SF-00
Analyzed Maps: 115954
XT01-98-AM-115954
XT01-05-PL-02-21-17-SF-00
XT01-PL-02-1621250637983
XT01-06-PL-02-21-17-SF-00
XT01-PL-01-1621250745605
XT01-06-PL-01-20-15-SF-00
Analyzed Maps: 96970
XT01-98-AM-96970
XT01-05-PL-02-20-04-SF-00
XT01-PL-02-1621250756058
XT01-06-PL-02-20-04-SF-00
XT01-PL-01-1621250940518
XT01-06-PL-01-17-03-SF-00
Analyzed Maps: 71127
XT01-98-AM-71127
XT01-05-PL-02-20-06-SF-00
XT01-PL-02-1621250948417
XT01-06-PL-02-20-06-SF-00
XT01-PL-01-1621251101359
XT01-06-PL-01-22-17-SF-00
Analyzed Maps: 94426
XT01-98-AM-94426
XT01-05-PL-02-19-00-SF-00
XT01-PL-02-1621251111469
XT01-06-PL-02-19-00-SF-00
XT01-PL-01-1621251195936
XT01-06-PL-01-15-03-SF-00
Analyzed Maps: 64473
XT01-98-AM-64473
XT01-05-PL-02-13-00-SF-00
XT01-PL-02-1621251202716
XT01-06-PL-02-13-00-SF-00
XT01-PL-01-1621251282334
XT01-06-PL-01-15-01-SF-00
Analyzed Maps: 70074
XT01-98-AM-70074
XT01-05-PL-02-22-13-SF-00
XT01-PL-02-1621251289605
XT01-06-PL-02-22-13-SF-00
XT01-PL-01-1621251348234
XT01-06-PL-01-14-00-SF-00
Analyzed Maps: 45269
XT01-98-AM-45269
XT01-05-PL-02-18-08-SF-00
XT01-PL-02-1621251352964
XT01-06-PL-02-18-08-SF-00
XT01-PL-01-1621251389624
XT01-06-PL-01-14-02-SF-00
Analyzed Maps: 36273
XT01-98-AM-36273
XT01-05-PL-02-13-01-SF-00
XT01-PL-02-1621251393417
XT01-06-PL-02-13-01-SF-00
XT01-PL-01-1621251445498
XT01-06-PL-01-16-00-SF-00
Analyzed Maps: 68691
XT01-98-AM-68691
XT01-05-PL-02-22-24-SF-00
XT01-PL-02-1621251452328
XT01-06-PL-02-22-24-SF-00
XT01-PL-01-1621251521973
XT01-06-PL-01-16-02-SF-00
Analyzed Maps: 69413
XT01-98-AM-69413
XT01-05-PL-02-19-25-SF-00
XT01-PL-02-1621251528787
XT01-06-PL-02-19-25-SF-00
XT01-PL-01-1621251579167
XT01-06-PL-01-12-01-SF-00
Analyzed Maps: 35151
XT01-98-AM-35151
XT01-05-PL-02-14-03-SF-00
XT01-PL-02-1621251582652
XT01-06-PL-02-14-03-SF-00
XT01-PL-01-1621251617476
XT01-06-PL-01-18-04-SF-00
Analyzed Maps: 37134
XT01-98-AM-37134
XT01-05-PL-02-18-06-SF-00
XT01-PL-02-1621251621072
XT01-06-PL-02-18-06-SF-00
XT01-PL-01-1621251652502
XT01-06-PL-01-22-04-SF-00
Analyzed Maps: 11209
XT01-98-AM-11209
XT01-05-PL-02-16-19-SF-00
XT01-PL-02-1621251653735
XT01-06-PL-02-16-19-SF-00
XT01-PL-01-1621251678855
XT01-06-PL-01-16-06-SF-00
Analyzed Maps: 1727
XT01-98-AM-1727
XT01-05-PL-02-22-08-SF-00
XT01-PL-02-1621251679164
XT01-06-PL-02-22-08-SF-00
XT01-PL-01-1621251692240
XT01-06-PL-01-16-04-SF-00
Analyzed Maps: 1520
XT01-98-AM-1520
XT01-05-PL-02-22-10-SF-00
XT01-PL-02-1621251692550
XT01-06-PL-02-22-10-SF-00
XT01-PL-01-1621251697687
XT01-06-PL-01-17-12-SF-00
Analyzed Maps: 1071
XT01-98-AM-1071
XT01-05-PL-02-11-00-SF-00
XT01-PL-02-1621251697911
XT01-06-PL-02-11-00-SF-00
XT01-PL-01-1621251700718
XT01-06-PL-01-12-23-SF-00
Analyzed Maps: 1352
XT01-98-AM-1352
XT01-05-PL-02-13-22-SF-00
XT01-PL-02-1621251700970
XT01-06-PL-02-13-22-SF-00
XT01-PL-01-1621251702674
XT01-06-PL-01-18-02-SF-00
Analyzed Maps: 760
XT01-98-AM-760
XT01-05-PL-02-20-16-SF-00
XT01-PL-02-1621251702862
XT01-06-PL-02-20-16-SF-00
XT01-PL-01-1621251703791
XT01-06-PL-01-20-02-SF-00
Analyzed Maps: 315
XT01-98-AM-315
XT01-05-PL-02-22-16-SF-00
XT01-PL-02-1621251703981
XT01-06-PL-02-22-16-SF-00
XT01-PL-01-1621251704724
XT01-06-PL-01-22-02-SF-00
XT01-05-PL-02-18-18-SF-00
XT01-PL-02-1621251704836
XT01-06-PL-02-18-18-SF-00
XT01-PL-01-1621251705207
XT01-06-PL-01-15-09-SF-00
XT01-PL-01-1621251705504
XT01-06-PL-01-18-00-SF-00
XT01-PL-01-1621251705774
XT01-06-PL-01-22-00-SF-00
XT01-PL-01-1621251705979
XT01-06-PL-01-10-00-SF-00
XT01-05-PL-02-09-00-SF-00
XT01-PL-02-1621251706086
XT01-06-PL-02-09-00-SF-00
XT01-PL-01-1621251706260
XT01-06-PL-01-20-00-SF-00
XT01-PL-01-1621251706453
XT01-06-PL-01-08-00-SF-00
XT01-PL-01-1621251706621
XT01-06-PL-01-18-16-SF-00
Analyzed Maps: 11
XT01-98-AM-11
XT01-05-PL-02-16-17-SF-00
XT01-PL-02-1621251706740
XT01-06-PL-02-16-17-SF-00
XT01-PL-01-1621251706851
XT01-06-PL-01-08-23-SF-00
Analyzed Maps: 3
XT01-98-AM-3
XT01-05-PL-02-07-23-SF-00
XT01-PL-02-1621251706988
XT01-06-PL-02-07-23-SF-00
XT01-PL-01-1621251707095
XT01-06-PL-01-15-17-SF-01
XT01-PL-01-1621251707241
XT01-06-PL-01-12-11-SF-00
XT01-PL-01-1621251707351
XT01-06-PL-01-16-11-SF-00
XT01-PL-01-1621251707493
XT01-06-PL-01-21-01-SF-00
XT01-08
XT01-09